Using pre-set license
Built from '2021.3/release' branch; Version is '2021.3.27f1 (ca3ffb99bcc6) revision 13254651'; Using compiler version '192829333'; Build Type 'Release'
OS: 'Windows 10  (10.0.19045) 64bit Core' Language: 'ko' Physical Memory: 16075 MB
BatchMode: 1, IsHumanControllingUs: 0, StartBugReporterOnCrash: 0, Is64bit: 1, IsPro: 1

COMMAND LINE ARGUMENTS:
C:\Program Files\Unity\Hub\Editor\2021.3.27f1\Editor\Unity.exe
-adb2
-batchMode
-noUpm
-name
AssetImportWorker0
-projectPath
C:/github/car_ml-agent/car_ml
-logFile
Logs/AssetImportWorker0.log
-srvPort
64708
Successfully changed project path to: C:/github/car_ml-agent/car_ml
C:/github/car_ml-agent/car_ml
[UnityMemory] Configuration Parameters - Can be set up in boot.config
    "memorysetup-bucket-allocator-granularity=16"
    "memorysetup-bucket-allocator-bucket-count=8"
    "memorysetup-bucket-allocator-block-size=33554432"
    "memorysetup-bucket-allocator-block-count=8"
    "memorysetup-main-allocator-block-size=16777216"
    "memorysetup-thread-allocator-block-size=16777216"
    "memorysetup-gfx-main-allocator-block-size=16777216"
    "memorysetup-gfx-thread-allocator-block-size=16777216"
    "memorysetup-cache-allocator-block-size=4194304"
    "memorysetup-typetree-allocator-block-size=2097152"
    "memorysetup-profiler-bucket-allocator-granularity=16"
    "memorysetup-profiler-bucket-allocator-bucket-count=8"
    "memorysetup-profiler-bucket-allocator-block-size=33554432"
    "memorysetup-profiler-bucket-allocator-block-count=8"
    "memorysetup-profiler-allocator-block-size=16777216"
    "memorysetup-profiler-editor-allocator-block-size=1048576"
    "memorysetup-temp-allocator-size-main=16777216"
    "memorysetup-job-temp-allocator-block-size=2097152"
    "memorysetup-job-temp-allocator-block-size-background=1048576"
    "memorysetup-job-temp-allocator-reduction-small-platforms=262144"
    "memorysetup-temp-allocator-size-background-worker=32768"
    "memorysetup-temp-allocator-size-job-worker=262144"
    "memorysetup-temp-allocator-size-preload-manager=33554432"
    "memorysetup-temp-allocator-size-nav-mesh-worker=65536"
    "memorysetup-temp-allocator-size-audio-worker=65536"
    "memorysetup-temp-allocator-size-cloud-worker=32768"
    "memorysetup-temp-allocator-size-gi-baking-worker=262144"
    "memorysetup-temp-allocator-size-gfx=262144"
Player connection [31824] Host "[IP] 172.29.0.1 [Port] 0 [Flags] 2 [Guid] 3574415309 [EditorId] 3574415309 [Version] 1048832 [Id] WindowsEditor(7,DESKTOP-8G58738) [Debug] 1 [PackageName] WindowsEditor [ProjectName] Editor" joined multi-casting on [225.0.0.222:54997]...

Player connection [31824] Host "[IP] 172.29.0.1 [Port] 0 [Flags] 2 [Guid] 3574415309 [EditorId] 3574415309 [Version] 1048832 [Id] WindowsEditor(7,DESKTOP-8G58738) [Debug] 1 [PackageName] WindowsEditor [ProjectName] Editor" joined alternative multi-casting on [225.0.0.222:34997]...

Refreshing native plugins compatible for Editor in 84.77 ms, found 4 plugins.
Preloading 0 native plugins for Editor in 0.00 ms.
Initialize engine version: 2021.3.27f1 (ca3ffb99bcc6)
[Subsystems] Discovering subsystems at path C:/Program Files/Unity/Hub/Editor/2021.3.27f1/Editor/Data/Resources/UnitySubsystems
[Subsystems] Discovering subsystems at path C:/github/car_ml-agent/car_ml/Assets
GfxDevice: creating device client; threaded=0; jobified=0
Direct3D:
    Version:  Direct3D 11.0 [level 11.1]
    Renderer: Intel(R) Iris(R) Xe Graphics (ID=0x9a49)
    Vendor:   Intel
    VRAM:     8037 MB
    Driver:   30.0.101.1404
Initialize mono
Mono path[0] = 'C:/Program Files/Unity/Hub/Editor/2021.3.27f1/Editor/Data/Managed'
Mono path[1] = 'C:/Program Files/Unity/Hub/Editor/2021.3.27f1/Editor/Data/MonoBleedingEdge/lib/mono/unityjit-win32'
Mono config path = 'C:/Program Files/Unity/Hub/Editor/2021.3.27f1/Editor/Data/MonoBleedingEdge/etc'
Using monoOptions --debugger-agent=transport=dt_socket,embedding=1,server=y,suspend=n,address=127.0.0.1:56424
Begin MonoManager ReloadAssembly
Registering precompiled unity dll's ...
Register platform support module: C:/Program Files/Unity/Hub/Editor/2021.3.27f1/Editor/Data/PlaybackEngines/WindowsStandaloneSupport/UnityEditor.WindowsStandalone.Extensions.dll
Registered in 0.010744 seconds.
Native extension for WindowsStandalone target not found
Refreshing native plugins compatible for Editor in 102.55 ms, found 4 plugins.
Preloading 0 native plugins for Editor in 0.00 ms.
Mono: successfully reloaded assembly
- Completed reload, in  0.668 seconds
Domain Reload Profiling:
	ReloadAssembly (668ms)
		BeginReloadAssembly (102ms)
			ExecutionOrderSort (0ms)
			DisableScriptedObjects (0ms)
			BackupInstance (0ms)
			ReleaseScriptingObjects (0ms)
			CreateAndSetChildDomain (1ms)
		EndReloadAssembly (458ms)
			LoadAssemblies (96ms)
			RebuildTransferFunctionScriptingTraits (0ms)
			SetupTypeCache (103ms)
			ReleaseScriptCaches (0ms)
			RebuildScriptCaches (26ms)
			SetupLoadedEditorAssemblies (271ms)
				LogAssemblyErrors (0ms)
				InitializePlatformSupportModulesInManaged (9ms)
				SetLoadedEditorAssemblies (0ms)
				RefreshPlugins (103ms)
				BeforeProcessingInitializeOnLoad (1ms)
				ProcessInitializeOnLoadAttributes (104ms)
				ProcessInitializeOnLoadMethodAttributes (54ms)
				AfterProcessingInitializeOnLoad (0ms)
				EditorAssembliesLoaded (0ms)
			ExecutionOrderSort2 (0ms)
			AwakeInstancesAfterBackupRestoration (0ms)
Platform modules already initialized, skipping
Registering precompiled user dll's ...
Registered in 0.017590 seconds.
Begin MonoManager ReloadAssembly
Symbol file LoadedFromMemory doesn't match image C:\github\car_ml-agent\car_ml\Library\PackageCache\com.unity.visualscripting@1.8.0\Editor\VisualScripting.Core\Dependencies\YamlDotNet\Unity.VisualScripting.YamlDotNet.dll
Symbol file LoadedFromMemory doesn't match image C:\github\car_ml-agent\car_ml\Library\PackageCache\com.unity.visualscripting@1.8.0\Editor\VisualScripting.Core\Dependencies\DotNetZip\Unity.VisualScripting.IonicZip.dll
Native extension for WindowsStandalone target not found
Refreshing native plugins compatible for Editor in 79.33 ms, found 4 plugins.
Preloading 0 native plugins for Editor in 0.00 ms.
Mono: successfully reloaded assembly
- Completed reload, in  1.212 seconds
Domain Reload Profiling:
	ReloadAssembly (1213ms)
		BeginReloadAssembly (136ms)
			ExecutionOrderSort (0ms)
			DisableScriptedObjects (6ms)
			BackupInstance (0ms)
			ReleaseScriptingObjects (0ms)
			CreateAndSetChildDomain (20ms)
		EndReloadAssembly (943ms)
			LoadAssemblies (120ms)
			RebuildTransferFunctionScriptingTraits (0ms)
			SetupTypeCache (287ms)
			ReleaseScriptCaches (1ms)
			RebuildScriptCaches (52ms)
			SetupLoadedEditorAssemblies (446ms)
				LogAssemblyErrors (0ms)
				InitializePlatformSupportModulesInManaged (6ms)
				SetLoadedEditorAssemblies (0ms)
				RefreshPlugins (79ms)
				BeforeProcessingInitializeOnLoad (98ms)
				ProcessInitializeOnLoadAttributes (228ms)
				ProcessInitializeOnLoadMethodAttributes (19ms)
				AfterProcessingInitializeOnLoad (16ms)
				EditorAssembliesLoaded (0ms)
			ExecutionOrderSort2 (0ms)
			AwakeInstancesAfterBackupRestoration (15ms)
Platform modules already initialized, skipping
========================================================================
Worker process is ready to serve import requests
Launched and connected shader compiler UnityShaderCompiler.exe after 0.07 seconds
Refreshing native plugins compatible for Editor in 1.21 ms, found 4 plugins.
Preloading 0 native plugins for Editor in 0.00 ms.
Unloading 3747 Unused Serialized files (Serialized files now loaded: 0)
Unloading 62 unused Assets / (21.0 MB). Loaded Objects now: 4171.
Memory consumption went from 180.0 MB to 159.0 MB.
Total: 6.140400 ms (FindLiveObjects: 0.324100 ms CreateObjectMapping: 0.156800 ms MarkObjects: 2.947400 ms  DeleteObjects: 2.710200 ms)

AssetImportParameters requested are different than current active one (requested -> active):
  custom:video-decoder-ogg-theora: a1e56fd34408186e4bbccfd4996cb3dc -> 
  custom:container-muxer-webm: aa71ff27fc2769a1b78a27578f13a17b -> 
  custom:container-demuxer-webm: 4f35f7cbe854078d1ac9338744f61a02 -> 
  custom:video-encoder-webm-vp8: eb34c28f22e8b96e1ab97ce403110664 -> 
  custom:audio-encoder-webm-vorbis: bf7c407c2cedff20999df2af8eb42d56 -> 
  custom:framework-win-MediaFoundation: 216162199b28c13a410421893ffa2e32 -> 
  custom:container-demuxer-ogg: 62fdf1f143b41e24485cea50d1cbac27 -> 
  custom:video-decoder-webm-vp8: 9c59270c3fd7afecdb556c50c9e8de78 -> 
  custom:audio-decoder-ogg-vorbis: bf7c407c2cedff20999df2af8eb42d56 -> 
========================================================================
Received Import Request.
  Time since last request: 572453.114923 seconds.
  path: Assets/HTS/HTS_SCENE/HTS_VR 3.unity
  artifactKey: Guid(f67e559e9dddda04cb069524a74ae71a) Importer(815301076,1909f56bfc062723c751e8b465ee728b)
Start importing Assets/HTS/HTS_SCENE/HTS_VR 3.unity using Guid(f67e559e9dddda04cb069524a74ae71a) Importer(815301076,1909f56bfc062723c751e8b465ee728b)  -> (artifact id: 'e3095fe375ec2df7cd949d61066950c1') in 0.023013 seconds 
========================================================================
Received Prepare
Registering precompiled user dll's ...
Registered in 0.016048 seconds.
Begin MonoManager ReloadAssembly
Symbol file LoadedFromMemory doesn't match image C:\github\car_ml-agent\car_ml\Library\PackageCache\com.unity.visualscripting@1.8.0\Editor\VisualScripting.Core\Dependencies\YamlDotNet\Unity.VisualScripting.YamlDotNet.dll
Symbol file LoadedFromMemory doesn't match image C:\github\car_ml-agent\car_ml\Library\PackageCache\com.unity.visualscripting@1.8.0\Editor\VisualScripting.Core\Dependencies\DotNetZip\Unity.VisualScripting.IonicZip.dll
Native extension for WindowsStandalone target not found
Refreshing native plugins compatible for Editor in 0.75 ms, found 4 plugins.
Preloading 0 native plugins for Editor in 0.00 ms.
Mono: successfully reloaded assembly
- Completed reload, in  1.288 seconds
Domain Reload Profiling:
	ReloadAssembly (1289ms)
		BeginReloadAssembly (204ms)
			ExecutionOrderSort (0ms)
			DisableScriptedObjects (7ms)
			BackupInstance (0ms)
			ReleaseScriptingObjects (0ms)
			CreateAndSetChildDomain (48ms)
		EndReloadAssembly (945ms)
			LoadAssemblies (145ms)
			RebuildTransferFunctionScriptingTraits (0ms)
			SetupTypeCache (336ms)
			ReleaseScriptCaches (1ms)
			RebuildScriptCaches (48ms)
			SetupLoadedEditorAssemblies (375ms)
				LogAssemblyErrors (0ms)
				InitializePlatformSupportModulesInManaged (8ms)
				SetLoadedEditorAssemblies (1ms)
				RefreshPlugins (1ms)
				BeforeProcessingInitializeOnLoad (96ms)
				ProcessInitializeOnLoadAttributes (229ms)
				ProcessInitializeOnLoadMethodAttributes (23ms)
				AfterProcessingInitializeOnLoad (18ms)
				EditorAssembliesLoaded (0ms)
			ExecutionOrderSort2 (0ms)
			AwakeInstancesAfterBackupRestoration (17ms)
Platform modules already initialized, skipping
Refreshing native plugins compatible for Editor in 4.62 ms, found 4 plugins.
Preloading 0 native plugins for Editor in 0.00 ms.
Unloading 3740 Unused Serialized files (Serialized files now loaded: 0)
Unloading 54 unused Assets / (21.0 MB). Loaded Objects now: 4175.
Memory consumption went from 179.5 MB to 158.5 MB.
Total: 6.081700 ms (FindLiveObjects: 0.275300 ms CreateObjectMapping: 0.150700 ms MarkObjects: 3.024400 ms  DeleteObjects: 2.628000 ms)

AssetImportParameters requested are different than current active one (requested -> active):
  custom:video-decoder-ogg-theora: a1e56fd34408186e4bbccfd4996cb3dc -> 
  custom:container-muxer-webm: aa71ff27fc2769a1b78a27578f13a17b -> 
  custom:container-demuxer-webm: 4f35f7cbe854078d1ac9338744f61a02 -> 
  custom:video-encoder-webm-vp8: eb34c28f22e8b96e1ab97ce403110664 -> 
  custom:audio-encoder-webm-vorbis: bf7c407c2cedff20999df2af8eb42d56 -> 
  custom:framework-win-MediaFoundation: 216162199b28c13a410421893ffa2e32 -> 
  custom:container-demuxer-ogg: 62fdf1f143b41e24485cea50d1cbac27 -> 
  custom:video-decoder-webm-vp8: 9c59270c3fd7afecdb556c50c9e8de78 -> 
  custom:audio-decoder-ogg-vorbis: bf7c407c2cedff20999df2af8eb42d56 -> 
========================================================================
Received Import Request.
  Time since last request: 281.446766 seconds.
  path: Assets/Low Poly City Asset/Material/City_Color_map.mat
  artifactKey: Guid(14a1a7d8e75042e49b9c79853b65f46d) Importer(815301076,1909f56bfc062723c751e8b465ee728b)
Start importing Assets/Low Poly City Asset/Material/City_Color_map.mat using Guid(14a1a7d8e75042e49b9c79853b65f46d) Importer(815301076,1909f56bfc062723c751e8b465ee728b)  -> (artifact id: '9869b96663e08176e04ec629fb59cdd5') in 0.175704 seconds 
========================================================================
Received Import Request.
  Time since last request: 0.000033 seconds.
  path: Assets/Low Poly City Asset/Material/City_color_map_copy.png
  artifactKey: Guid(b4dd28e4d8393de4f93777ea51922270) Importer(815301076,1909f56bfc062723c751e8b465ee728b)
Start importing Assets/Low Poly City Asset/Material/City_color_map_copy.png using Guid(b4dd28e4d8393de4f93777ea51922270) Importer(815301076,1909f56bfc062723c751e8b465ee728b)  -> (artifact id: 'ac0510110b0b9df0769b307885cadd5c') in 0.048051 seconds 
========================================================================
Received Import Request.
  Time since last request: 18.123769 seconds.
  path: Assets/HTS/HTS_Material/New Material.mat
  artifactKey: Guid(2fc36fbc654ade548aef6204f8c5014d) Importer(815301076,1909f56bfc062723c751e8b465ee728b)
Start importing Assets/HTS/HTS_Material/New Material.mat using Guid(2fc36fbc654ade548aef6204f8c5014d) Importer(815301076,1909f56bfc062723c751e8b465ee728b)  -> (artifact id: '591bc4495069a66ec3fedc6d45b3369c') in 0.021114 seconds 
========================================================================
Received Import Request.
  Time since last request: 1.091755 seconds.
  path: Assets/HTS/HTS_SC/car_ppo.onnx
  artifactKey: Guid(f7ac3a1e657789247963c727bd692278) Importer(815301076,1909f56bfc062723c751e8b465ee728b)
Start importing Assets/HTS/HTS_SC/car_ppo.onnx using Guid(f7ac3a1e657789247963c727bd692278) Importer(815301076,1909f56bfc062723c751e8b465ee728b)  -> (artifact id: '208e5591b5caad36fdec99dbf5d5c8a3') in 0.055230 seconds 
========================================================================
Received Import Request.
  Time since last request: 0.415887 seconds.
  path: Assets/HTS/HTS_PreFab/cross_Line.prefab
  artifactKey: Guid(50b618132576cf24580db0209f193769) Importer(815301076,1909f56bfc062723c751e8b465ee728b)
Start importing Assets/HTS/HTS_PreFab/cross_Line.prefab using Guid(50b618132576cf24580db0209f193769) Importer(815301076,1909f56bfc062723c751e8b465ee728b)  -> (artifact id: '34b1aed79da15dba4757f6ddd443345f') in 0.035680 seconds 
========================================================================
Received Import Request.
  Time since last request: 0.872621 seconds.
  path: Assets/HTS/HTS_PreFab/Traffic
  artifactKey: Guid(0ac11937d84bfaa489588150e6689d84) Importer(815301076,1909f56bfc062723c751e8b465ee728b)
Start importing Assets/HTS/HTS_PreFab/Traffic using Guid(0ac11937d84bfaa489588150e6689d84) Importer(815301076,1909f56bfc062723c751e8b465ee728b)  -> (artifact id: '1a54bf95c3f85ab355290bc6c63096c2') in 0.015327 seconds 
========================================================================
Received Import Request.
  Time since last request: 2.325445 seconds.
  path: Assets/HTS/HTS_PreFab/Traffic/TrafficLight_1.prefab
  artifactKey: Guid(93474bd78ba8fe444a5a426538249451) Importer(815301076,1909f56bfc062723c751e8b465ee728b)
Start importing Assets/HTS/HTS_PreFab/Traffic/TrafficLight_1.prefab using Guid(93474bd78ba8fe444a5a426538249451) Importer(815301076,1909f56bfc062723c751e8b465ee728b)  -> (artifact id: '6843f1c11fd32b378ac78e27964ee831') in 0.024119 seconds 
========================================================================
Received Import Request.
  Time since last request: 0.000023 seconds.
  path: Assets/HTS/HTS_PreFab/Traffic/Wall.prefab
  artifactKey: Guid(bd294ebc4d1240c4780ae7533840328f) Importer(815301076,1909f56bfc062723c751e8b465ee728b)
Start importing Assets/HTS/HTS_PreFab/Traffic/Wall.prefab using Guid(bd294ebc4d1240c4780ae7533840328f) Importer(815301076,1909f56bfc062723c751e8b465ee728b)  -> (artifact id: 'ae8f294d1f3ecea3a3dd0f4e2e5572ad') in 0.027022 seconds 
========================================================================
Received Import Request.
  Time since last request: 3.354310 seconds.
  path: Assets/HTS/HTS_PreFab
  artifactKey: Guid(d62a980160b55f14abe3e29c606ef361) Importer(815301076,1909f56bfc062723c751e8b465ee728b)
Start importing Assets/HTS/HTS_PreFab using Guid(d62a980160b55f14abe3e29c606ef361) Importer(815301076,1909f56bfc062723c751e8b465ee728b)  -> (artifact id: '25bd2cbd0bc9f18c9ab0a59588f730b3') in 0.015104 seconds 
========================================================================
Received Import Request.
  Time since last request: 4.784564 seconds.
  path: Assets/HTS/HTS_PreFab/Building
  artifactKey: Guid(f817fd09d33aa8945b4f551afa256b9a) Importer(815301076,1909f56bfc062723c751e8b465ee728b)
Start importing Assets/HTS/HTS_PreFab/Building using Guid(f817fd09d33aa8945b4f551afa256b9a) Importer(815301076,1909f56bfc062723c751e8b465ee728b)  -> (artifact id: '4ec3d8cd145c59b5e90bcf5381c41d9a') in 0.013511 seconds 
========================================================================
Received Import Request.
  Time since last request: 10.912373 seconds.
  path: Assets/HTS/HTS_PreFab/Building/Building2_4.prefab
  artifactKey: Guid(20b0be719b976294091f213c8a8f01b0) Importer(815301076,1909f56bfc062723c751e8b465ee728b)
Start importing Assets/HTS/HTS_PreFab/Building/Building2_4.prefab using Guid(20b0be719b976294091f213c8a8f01b0) Importer(815301076,1909f56bfc062723c751e8b465ee728b)  -> (artifact id: 'a57c9b9272c30d54f1043cfa69877b72') in 0.024465 seconds 
========================================================================
Received Import Request.
  Time since last request: 48.570469 seconds.
  path: Assets/HTS/HTS_PreFab/Building/Building1_3.prefab
  artifactKey: Guid(7d4c07e0f174dda45b1882a59918ecb5) Importer(815301076,1909f56bfc062723c751e8b465ee728b)
Start importing Assets/HTS/HTS_PreFab/Building/Building1_3.prefab using Guid(7d4c07e0f174dda45b1882a59918ecb5) Importer(815301076,1909f56bfc062723c751e8b465ee728b)  -> (artifact id: 'fbddaccc4a2d49e2dd47807061a3eb26') in 0.023018 seconds 
========================================================================
Received Import Request.
  Time since last request: 0.006741 seconds.
  path: Assets/HTS/HTS_PreFab/Building/Building1_1.prefab
  artifactKey: Guid(f648ab7a7c922d645b67ab1ebc354f57) Importer(815301076,1909f56bfc062723c751e8b465ee728b)
Start importing Assets/HTS/HTS_PreFab/Building/Building1_1.prefab using Guid(f648ab7a7c922d645b67ab1ebc354f57) Importer(815301076,1909f56bfc062723c751e8b465ee728b)  -> (artifact id: '9333adf10fbb23e79623f8c6b8352b38') in 0.037456 seconds 
========================================================================
Received Import Request.
  Time since last request: 75.935858 seconds.
  path: Assets/Low Poly City Asset/Prefabs/Buildings/Building1_1.prefab
  artifactKey: Guid(53ef0e9e414e7604b928e23fb637ecd5) Importer(815301076,1909f56bfc062723c751e8b465ee728b)
Start importing Assets/Low Poly City Asset/Prefabs/Buildings/Building1_1.prefab using Guid(53ef0e9e414e7604b928e23fb637ecd5) Importer(815301076,1909f56bfc062723c751e8b465ee728b)  -> (artifact id: 'afa035135e10f2f4c1f3985b32534e2b') in 0.106405 seconds 
========================================================================
Received Import Request.
  Time since last request: 0.000104 seconds.
  path: Assets/Low Poly City Asset/Prefabs/Buildings/Building2_1.prefab
  artifactKey: Guid(0460ed1881bf9094d8043ab09d737584) Importer(815301076,1909f56bfc062723c751e8b465ee728b)
Start importing Assets/Low Poly City Asset/Prefabs/Buildings/Building2_1.prefab using Guid(0460ed1881bf9094d8043ab09d737584) Importer(815301076,1909f56bfc062723c751e8b465ee728b)  -> (artifact id: '8a6f63855928ab66dc0013520384213e') in 0.049021 seconds 
========================================================================
Received Import Request.
  Time since last request: 0.000069 seconds.
  path: Assets/Low Poly City Asset/Prefabs/Buildings/Building3_2.prefab
  artifactKey: Guid(f8c663a2c4fdbbd46b3c4a0d5ed06a59) Importer(815301076,1909f56bfc062723c751e8b465ee728b)
Start importing Assets/Low Poly City Asset/Prefabs/Buildings/Building3_2.prefab using Guid(f8c663a2c4fdbbd46b3c4a0d5ed06a59) Importer(815301076,1909f56bfc062723c751e8b465ee728b)  -> (artifact id: 'f862e05bb6c10596d6533091dda8a26f') in 0.043511 seconds 
========================================================================
Received Import Request.
  Time since last request: 0.000043 seconds.
  path: Assets/Low Poly City Asset/Prefabs/Buildings/Building7_1.prefab
  artifactKey: Guid(c22308bc7883a0c48b06e78d31dbc7ef) Importer(815301076,1909f56bfc062723c751e8b465ee728b)
Start importing Assets/Low Poly City Asset/Prefabs/Buildings/Building7_1.prefab using Guid(c22308bc7883a0c48b06e78d31dbc7ef) Importer(815301076,1909f56bfc062723c751e8b465ee728b)  -> (artifact id: '887c532f63ad5aae4f0f654c894342c3') in 0.037250 seconds 
========================================================================
Received Import Request.
  Time since last request: 0.000035 seconds.
  path: Assets/Low Poly City Asset/Prefabs/Buildings/Building1_3.prefab
  artifactKey: Guid(dd414c52658212a40808e7c88b90109c) Importer(815301076,1909f56bfc062723c751e8b465ee728b)
Start importing Assets/Low Poly City Asset/Prefabs/Buildings/Building1_3.prefab using Guid(dd414c52658212a40808e7c88b90109c) Importer(815301076,1909f56bfc062723c751e8b465ee728b)  -> (artifact id: '59021c251488224f0f34c071a4c3644c') in 0.042778 seconds 
========================================================================
Received Import Request.
  Time since last request: 0.000032 seconds.
  path: Assets/Low Poly City Asset/Prefabs/Buildings/Building5_4.prefab
  artifactKey: Guid(610eb2e3a42593f4091e1728337f9e1a) Importer(815301076,1909f56bfc062723c751e8b465ee728b)
Start importing Assets/Low Poly City Asset/Prefabs/Buildings/Building5_4.prefab using Guid(610eb2e3a42593f4091e1728337f9e1a) Importer(815301076,1909f56bfc062723c751e8b465ee728b)  -> (artifact id: '75adbe9447c4769933084a74222cb584') in 0.045102 seconds 
========================================================================
Received Import Request.
  Time since last request: 0.000022 seconds.
  path: Assets/Low Poly City Asset/Prefabs/Buildings/Building1_4.prefab
  artifactKey: Guid(2fb0da2cc5b461a46a3b9c22c77e6762) Importer(815301076,1909f56bfc062723c751e8b465ee728b)
Start importing Assets/Low Poly City Asset/Prefabs/Buildings/Building1_4.prefab using Guid(2fb0da2cc5b461a46a3b9c22c77e6762) Importer(815301076,1909f56bfc062723c751e8b465ee728b)  -> (artifact id: '6b7bfb08abcba4b855f71be16e6c45ef') in 0.037562 seconds 
========================================================================
Received Import Request.
  Time since last request: 0.000026 seconds.
  path: Assets/Low Poly City Asset/Prefabs/Buildings/Building2_3.prefab
  artifactKey: Guid(d88bbb1395927fe44990b6c34d64e3cb) Importer(815301076,1909f56bfc062723c751e8b465ee728b)
Start importing Assets/Low Poly City Asset/Prefabs/Buildings/Building2_3.prefab using Guid(d88bbb1395927fe44990b6c34d64e3cb) Importer(815301076,1909f56bfc062723c751e8b465ee728b)  -> (artifact id: 'c922b5bee993d38ebd3da9477bfe1f6c') in 0.034870 seconds 
========================================================================
Received Import Request.
  Time since last request: 0.000043 seconds.
  path: Assets/Low Poly City Asset/Prefabs/Buildings/Building2_2.prefab
  artifactKey: Guid(499c19dfb1f031f40996aab7a7a867fe) Importer(815301076,1909f56bfc062723c751e8b465ee728b)
Start importing Assets/Low Poly City Asset/Prefabs/Buildings/Building2_2.prefab using Guid(499c19dfb1f031f40996aab7a7a867fe) Importer(815301076,1909f56bfc062723c751e8b465ee728b)  -> (artifact id: '1856d8ec82e06ef6ac17ef68fd068c16') in 0.037156 seconds 
========================================================================
Received Import Request.
  Time since last request: 0.000045 seconds.
  path: Assets/Low Poly City Asset/Prefabs/Buildings/Building6_4.prefab
  artifactKey: Guid(0f8a28aeffc186b4bbc58be4a8a20bda) Importer(815301076,1909f56bfc062723c751e8b465ee728b)
Start importing Assets/Low Poly City Asset/Prefabs/Buildings/Building6_4.prefab using Guid(0f8a28aeffc186b4bbc58be4a8a20bda) Importer(815301076,1909f56bfc062723c751e8b465ee728b)  -> (artifact id: '92c7cc2d788595940f497a04d2e84874') in 0.037442 seconds 
========================================================================
Received Import Request.
  Time since last request: 0.000032 seconds.
  path: Assets/Low Poly City Asset/Prefabs/Buildings/Building5_1.prefab
  artifactKey: Guid(64507796a9e111748831859c08ce4e05) Importer(815301076,1909f56bfc062723c751e8b465ee728b)
Start importing Assets/Low Poly City Asset/Prefabs/Buildings/Building5_1.prefab using Guid(64507796a9e111748831859c08ce4e05) Importer(815301076,1909f56bfc062723c751e8b465ee728b)  -> (artifact id: '84fb2ba98e1b4b7fba8e143666dd9738') in 0.038000 seconds 
========================================================================
Received Import Request.
  Time since last request: 0.000036 seconds.
  path: Assets/Low Poly City Asset/Prefabs/Buildings/Building5_2.prefab
  artifactKey: Guid(331ea3d02ea4b8a45ac32243d67fa062) Importer(815301076,1909f56bfc062723c751e8b465ee728b)
Start importing Assets/Low Poly City Asset/Prefabs/Buildings/Building5_2.prefab using Guid(331ea3d02ea4b8a45ac32243d67fa062) Importer(815301076,1909f56bfc062723c751e8b465ee728b)  -> (artifact id: '1d69b79031b2011f23001b93f8f0a405') in 0.040109 seconds 
========================================================================
Received Import Request.
  Time since last request: 0.000033 seconds.
  path: Assets/Low Poly City Asset/Prefabs/Buildings/Building6_2.prefab
  artifactKey: Guid(fdc2e1cfdea743b43a406543908c0c84) Importer(815301076,1909f56bfc062723c751e8b465ee728b)
Start importing Assets/Low Poly City Asset/Prefabs/Buildings/Building6_2.prefab using Guid(fdc2e1cfdea743b43a406543908c0c84) Importer(815301076,1909f56bfc062723c751e8b465ee728b)  -> (artifact id: 'e99f96cd8683d983a03c2e6daf6d7e66') in 0.044232 seconds 
========================================================================
Received Import Request.
  Time since last request: 1.288744 seconds.
  path: Assets/Low Poly City Asset/Prefabs/Buildings/Building7_2.prefab
  artifactKey: Guid(e4c99135711c2854ea22928760ba3a4d) Importer(815301076,1909f56bfc062723c751e8b465ee728b)
Start importing Assets/Low Poly City Asset/Prefabs/Buildings/Building7_2.prefab using Guid(e4c99135711c2854ea22928760ba3a4d) Importer(815301076,1909f56bfc062723c751e8b465ee728b)  -> (artifact id: '96d86900ad504827e5c67bb9acc3d3dc') in 0.031171 seconds 
========================================================================
Received Import Request.
  Time since last request: 0.000025 seconds.
  path: Assets/Low Poly City Asset/Prefabs/Buildings/Building8_1.prefab
  artifactKey: Guid(faf2bad4129e21648b5c69b082d04f87) Importer(815301076,1909f56bfc062723c751e8b465ee728b)
Start importing Assets/Low Poly City Asset/Prefabs/Buildings/Building8_1.prefab using Guid(faf2bad4129e21648b5c69b082d04f87) Importer(815301076,1909f56bfc062723c751e8b465ee728b)  -> (artifact id: '0265f765b2259b020ecefda7bc7f8ba9') in 0.043646 seconds 
========================================================================
Received Import Request.
  Time since last request: 0.000030 seconds.
  path: Assets/Low Poly City Asset/Prefabs/Buildings/Building7_4.prefab
  artifactKey: Guid(1f9d513a72258bf409afc56526136123) Importer(815301076,1909f56bfc062723c751e8b465ee728b)
Start importing Assets/Low Poly City Asset/Prefabs/Buildings/Building7_4.prefab using Guid(1f9d513a72258bf409afc56526136123) Importer(815301076,1909f56bfc062723c751e8b465ee728b)  -> (artifact id: '20a20746ce109a0e4bf4444f3de23386') in 0.038203 seconds 
========================================================================
Received Import Request.
  Time since last request: 0.000029 seconds.
  path: Assets/Low Poly City Asset/Prefabs/Buildings/Building10_1.prefab
  artifactKey: Guid(3d17a8ee83ea1814992413e7faf7bcea) Importer(815301076,1909f56bfc062723c751e8b465ee728b)
Start importing Assets/Low Poly City Asset/Prefabs/Buildings/Building10_1.prefab using Guid(3d17a8ee83ea1814992413e7faf7bcea) Importer(815301076,1909f56bfc062723c751e8b465ee728b)  -> (artifact id: '87aa0d8c2db8b871f775dd3afe34a2fa') in 0.034728 seconds 
========================================================================
Received Import Request.
  Time since last request: 0.000031 seconds.
  path: Assets/Low Poly City Asset/Prefabs/Buildings/Building9_3.prefab
  artifactKey: Guid(d89b9c76df187f147bae7b19e770c0cb) Importer(815301076,1909f56bfc062723c751e8b465ee728b)
Start importing Assets/Low Poly City Asset/Prefabs/Buildings/Building9_3.prefab using Guid(d89b9c76df187f147bae7b19e770c0cb) Importer(815301076,1909f56bfc062723c751e8b465ee728b)  -> (artifact id: '803e85dd11f82d2b47dc508d44659c6b') in 0.033911 seconds 
========================================================================
Received Import Request.
  Time since last request: 0.000028 seconds.
  path: Assets/Low Poly City Asset/Prefabs/Buildings/Building9_4.prefab
  artifactKey: Guid(8927502d45826624ea1fb118eb5a6882) Importer(815301076,1909f56bfc062723c751e8b465ee728b)
Start importing Assets/Low Poly City Asset/Prefabs/Buildings/Building9_4.prefab using Guid(8927502d45826624ea1fb118eb5a6882) Importer(815301076,1909f56bfc062723c751e8b465ee728b)  -> (artifact id: '9238b9efd24b534bb18c6bdac23c342b') in 0.042416 seconds 
========================================================================
Received Import Request.
  Time since last request: 0.309050 seconds.
  path: Assets/Low Poly City Asset/Prefabs/Buildings/Building10_2.prefab
  artifactKey: Guid(3f8f9e83ed248a046aa976772c6a86bb) Importer(815301076,1909f56bfc062723c751e8b465ee728b)
Start importing Assets/Low Poly City Asset/Prefabs/Buildings/Building10_2.prefab using Guid(3f8f9e83ed248a046aa976772c6a86bb) Importer(815301076,1909f56bfc062723c751e8b465ee728b)  -> (artifact id: 'b9b78ac9cac3b8955efc157140ae04c7') in 0.028376 seconds 
========================================================================
Received Import Request.
  Time since last request: 0.000025 seconds.
  path: Assets/Low Poly City Asset/Prefabs/Buildings/Building10_4.prefab
  artifactKey: Guid(c06c77b94de245e4ca96827f678f70f2) Importer(815301076,1909f56bfc062723c751e8b465ee728b)
Start importing Assets/Low Poly City Asset/Prefabs/Buildings/Building10_4.prefab using Guid(c06c77b94de245e4ca96827f678f70f2) Importer(815301076,1909f56bfc062723c751e8b465ee728b)  -> (artifact id: '305e6ae85d79e5f7648177fdf9c1d2af') in 0.037830 seconds 
========================================================================
Received Import Request.
  Time since last request: 0.000030 seconds.
  path: Assets/Low Poly City Asset/Prefabs/Buildings/Building12_4.prefab
  artifactKey: Guid(873b96e1543d8fd4d8217ad8cb2a69c5) Importer(815301076,1909f56bfc062723c751e8b465ee728b)
Start importing Assets/Low Poly City Asset/Prefabs/Buildings/Building12_4.prefab using Guid(873b96e1543d8fd4d8217ad8cb2a69c5) Importer(815301076,1909f56bfc062723c751e8b465ee728b)  -> (artifact id: 'a3bbbfcb7205696028ee754555fbe9c5') in 0.043028 seconds 
========================================================================
Received Import Request.
  Time since last request: 0.000032 seconds.
  path: Assets/Low Poly City Asset/Prefabs/Buildings/Building11_3.prefab
  artifactKey: Guid(79974cd4270bb9644900566feddc1b8b) Importer(815301076,1909f56bfc062723c751e8b465ee728b)
Start importing Assets/Low Poly City Asset/Prefabs/Buildings/Building11_3.prefab using Guid(79974cd4270bb9644900566feddc1b8b) Importer(815301076,1909f56bfc062723c751e8b465ee728b)  -> (artifact id: 'a0e8037e85ec26bdb1d6a41211adb62c') in 0.037975 seconds 
========================================================================
Received Import Request.
  Time since last request: 0.000078 seconds.
  path: Assets/Low Poly City Asset/Prefabs/Buildings/Building11_4.prefab
  artifactKey: Guid(a9f5c8d905bd47b4283a146ba0b4f899) Importer(815301076,1909f56bfc062723c751e8b465ee728b)
Start importing Assets/Low Poly City Asset/Prefabs/Buildings/Building11_4.prefab using Guid(a9f5c8d905bd47b4283a146ba0b4f899) Importer(815301076,1909f56bfc062723c751e8b465ee728b)  -> (artifact id: '057270b827c3a9dd2029f6dd70ce0865') in 0.044650 seconds 
========================================================================
Received Import Request.
  Time since last request: 0.000030 seconds.
  path: Assets/Low Poly City Asset/Prefabs/Buildings/Building12_3.prefab
  artifactKey: Guid(d8473cb61d96c1643a54eb32f7084fe2) Importer(815301076,1909f56bfc062723c751e8b465ee728b)
Start importing Assets/Low Poly City Asset/Prefabs/Buildings/Building12_3.prefab using Guid(d8473cb61d96c1643a54eb32f7084fe2) Importer(815301076,1909f56bfc062723c751e8b465ee728b)  -> (artifact id: 'edfa889c11ec139b514bc44d15db77f9') in 0.033922 seconds 
========================================================================
Received Import Request.
  Time since last request: 0.095142 seconds.
  path: Assets/Low Poly City Asset/Prefabs/Buildings/City_Hall_2.prefab
  artifactKey: Guid(6fc55e0d2e25f814092901f9dbe30125) Importer(815301076,1909f56bfc062723c751e8b465ee728b)
Start importing Assets/Low Poly City Asset/Prefabs/Buildings/City_Hall_2.prefab using Guid(6fc55e0d2e25f814092901f9dbe30125) Importer(815301076,1909f56bfc062723c751e8b465ee728b)  -> (artifact id: '560953e837a18cc74e2b8472489e0e10') in 0.028091 seconds 
========================================================================
Received Import Request.
  Time since last request: 0.000025 seconds.
  path: Assets/Low Poly City Asset/Prefabs/Buildings/Factory1_2.prefab
  artifactKey: Guid(518ef993c81a65a4c84012d711c07382) Importer(815301076,1909f56bfc062723c751e8b465ee728b)
Start importing Assets/Low Poly City Asset/Prefabs/Buildings/Factory1_2.prefab using Guid(518ef993c81a65a4c84012d711c07382) Importer(815301076,1909f56bfc062723c751e8b465ee728b)  -> (artifact id: 'deafebb8cb5ab58ad5af53de15b1f50d') in 0.035250 seconds 
========================================================================
Received Import Request.
  Time since last request: 0.000039 seconds.
  path: Assets/Low Poly City Asset/Prefabs/Buildings/Factory1_4.prefab
  artifactKey: Guid(12c37e7e443174f468f19fb939d3eb29) Importer(815301076,1909f56bfc062723c751e8b465ee728b)
Start importing Assets/Low Poly City Asset/Prefabs/Buildings/Factory1_4.prefab using Guid(12c37e7e443174f468f19fb939d3eb29) Importer(815301076,1909f56bfc062723c751e8b465ee728b)  -> (artifact id: 'b96d061360b2e099d056297027b0eeef') in 0.034524 seconds 
========================================================================
Received Import Request.
  Time since last request: 0.113879 seconds.
  path: Assets/Low Poly City Asset/Prefabs/Buildings/Factory2_2.prefab
  artifactKey: Guid(21304a5dab008fa45ba020d0d0cb374e) Importer(815301076,1909f56bfc062723c751e8b465ee728b)
Start importing Assets/Low Poly City Asset/Prefabs/Buildings/Factory2_2.prefab using Guid(21304a5dab008fa45ba020d0d0cb374e) Importer(815301076,1909f56bfc062723c751e8b465ee728b)  -> (artifact id: '487387b01141a8b13b582aed6918f23a') in 0.029580 seconds 
========================================================================
Received Import Request.
  Time since last request: 0.000023 seconds.
  path: Assets/Low Poly City Asset/Prefabs/Buildings/Factory4_3.prefab
  artifactKey: Guid(d759d99ea8214354a98a30f63bd74668) Importer(815301076,1909f56bfc062723c751e8b465ee728b)
Start importing Assets/Low Poly City Asset/Prefabs/Buildings/Factory4_3.prefab using Guid(d759d99ea8214354a98a30f63bd74668) Importer(815301076,1909f56bfc062723c751e8b465ee728b)  -> (artifact id: '14f5cd5d8c1a7fdf0d0110b528035063') in 0.033573 seconds 
========================================================================
Received Import Request.
  Time since last request: 0.000036 seconds.
  path: Assets/Low Poly City Asset/Prefabs/Buildings/Factory3_4.prefab
  artifactKey: Guid(2c36fa4f5bf9738429b028b32e79d5db) Importer(815301076,1909f56bfc062723c751e8b465ee728b)
Start importing Assets/Low Poly City Asset/Prefabs/Buildings/Factory3_4.prefab using Guid(2c36fa4f5bf9738429b028b32e79d5db) Importer(815301076,1909f56bfc062723c751e8b465ee728b)  -> (artifact id: 'efd786a40b9c29cdc5c728f8b4fd5321') in 0.034283 seconds 
========================================================================
Received Import Request.
  Time since last request: 0.000044 seconds.
  path: Assets/Low Poly City Asset/Prefabs/Buildings/Factory4_1.prefab
  artifactKey: Guid(cb3f83a3c1fff6b4396c35aa94b9a430) Importer(815301076,1909f56bfc062723c751e8b465ee728b)
Start importing Assets/Low Poly City Asset/Prefabs/Buildings/Factory4_1.prefab using Guid(cb3f83a3c1fff6b4396c35aa94b9a430) Importer(815301076,1909f56bfc062723c751e8b465ee728b)  -> (artifact id: '590f6bf9cd368ed5b9bb30b81aad793d') in 0.037464 seconds 
========================================================================
Received Import Request.
  Time since last request: 0.000029 seconds.
  path: Assets/Low Poly City Asset/Prefabs/Buildings/Factory2_4.prefab
  artifactKey: Guid(5a86416864c5305439a351605c006032) Importer(815301076,1909f56bfc062723c751e8b465ee728b)
Start importing Assets/Low Poly City Asset/Prefabs/Buildings/Factory2_4.prefab using Guid(5a86416864c5305439a351605c006032) Importer(815301076,1909f56bfc062723c751e8b465ee728b)  -> (artifact id: '01b532ccb1385b51968b514050bec9ec') in 0.032844 seconds 
========================================================================
Received Import Request.
  Time since last request: 0.000030 seconds.
  path: Assets/Low Poly City Asset/Prefabs/Buildings/Factory3_2.prefab
  artifactKey: Guid(57571c07fcb5efd4c89aafa1150c5e78) Importer(815301076,1909f56bfc062723c751e8b465ee728b)
Start importing Assets/Low Poly City Asset/Prefabs/Buildings/Factory3_2.prefab using Guid(57571c07fcb5efd4c89aafa1150c5e78) Importer(815301076,1909f56bfc062723c751e8b465ee728b)  -> (artifact id: '1dc602f1b2768c52175f3cd4ad1bd741') in 0.047062 seconds 
========================================================================
Received Import Request.
  Time since last request: 0.066112 seconds.
  path: Assets/Low Poly City Asset/Prefabs/Buildings/Factory5_2.prefab
  artifactKey: Guid(53e0905da4f2dd041bca3ec2094f4c17) Importer(815301076,1909f56bfc062723c751e8b465ee728b)
Start importing Assets/Low Poly City Asset/Prefabs/Buildings/Factory5_2.prefab using Guid(53e0905da4f2dd041bca3ec2094f4c17) Importer(815301076,1909f56bfc062723c751e8b465ee728b)  -> (artifact id: 'b2a647ed3689e159ab5cfb6b37a5ee3a') in 0.026166 seconds 
========================================================================
Received Import Request.
  Time since last request: 0.000025 seconds.
  path: Assets/Low Poly City Asset/Prefabs/Buildings/Skyscraper1_2.prefab
  artifactKey: Guid(b833ab5c78c467f43844ed9e86306c1a) Importer(815301076,1909f56bfc062723c751e8b465ee728b)
Start importing Assets/Low Poly City Asset/Prefabs/Buildings/Skyscraper1_2.prefab using Guid(b833ab5c78c467f43844ed9e86306c1a) Importer(815301076,1909f56bfc062723c751e8b465ee728b)  -> (artifact id: '4d60f44fe0ee6d366fa334d0a89004a3') in 0.035912 seconds 
========================================================================
Received Import Request.
  Time since last request: 0.000027 seconds.
  path: Assets/Low Poly City Asset/Prefabs/Buildings/Skyscraper5_3.prefab
  artifactKey: Guid(30c0eb0ecd8987946bd176a2e155b866) Importer(815301076,1909f56bfc062723c751e8b465ee728b)
Start importing Assets/Low Poly City Asset/Prefabs/Buildings/Skyscraper5_3.prefab using Guid(30c0eb0ecd8987946bd176a2e155b866) Importer(815301076,1909f56bfc062723c751e8b465ee728b)  -> (artifact id: '3c02e5a87f7d1cd20bf966ad0d162b71') in 0.036948 seconds 
========================================================================
Received Import Request.
  Time since last request: 0.000026 seconds.
  path: Assets/Low Poly City Asset/Prefabs/Buildings/Skyscraper2_3.prefab
  artifactKey: Guid(2fb62c610aeedc4458a4d0808ff02bb1) Importer(815301076,1909f56bfc062723c751e8b465ee728b)
Start importing Assets/Low Poly City Asset/Prefabs/Buildings/Skyscraper2_3.prefab using Guid(2fb62c610aeedc4458a4d0808ff02bb1) Importer(815301076,1909f56bfc062723c751e8b465ee728b)  -> (artifact id: '6100bf3ae95a640f841e97e9acdab3a1') in 0.040562 seconds 
========================================================================
Received Import Request.
  Time since last request: 0.000038 seconds.
  path: Assets/Low Poly City Asset/Prefabs/Buildings/Skyscraper4_3.prefab
  artifactKey: Guid(efba1b8a30c66c94ebf03f4c424b3d44) Importer(815301076,1909f56bfc062723c751e8b465ee728b)
Start importing Assets/Low Poly City Asset/Prefabs/Buildings/Skyscraper4_3.prefab using Guid(efba1b8a30c66c94ebf03f4c424b3d44) Importer(815301076,1909f56bfc062723c751e8b465ee728b)  -> (artifact id: '8a11a6ee2a394534e9eacd4fff685a60') in 0.036712 seconds 
========================================================================
Received Import Request.
  Time since last request: 0.000032 seconds.
  path: Assets/Low Poly City Asset/Prefabs/Buildings/Skyscraper4_1.prefab
  artifactKey: Guid(1fd044b5d1a726e42a64693cac18d795) Importer(815301076,1909f56bfc062723c751e8b465ee728b)
Start importing Assets/Low Poly City Asset/Prefabs/Buildings/Skyscraper4_1.prefab using Guid(1fd044b5d1a726e42a64693cac18d795) Importer(815301076,1909f56bfc062723c751e8b465ee728b)  -> (artifact id: 'f6674ad89e2a6c9032c6f119d1e71d99') in 0.036372 seconds 
========================================================================
Received Import Request.
  Time since last request: 0.000067 seconds.
  path: Assets/Low Poly City Asset/Prefabs/Buildings/Skyscraper4_2.prefab
  artifactKey: Guid(ba5ae975d72f0044c9183132ed90b3e6) Importer(815301076,1909f56bfc062723c751e8b465ee728b)
Start importing Assets/Low Poly City Asset/Prefabs/Buildings/Skyscraper4_2.prefab using Guid(ba5ae975d72f0044c9183132ed90b3e6) Importer(815301076,1909f56bfc062723c751e8b465ee728b)  -> (artifact id: '138c155b0d5a3a69ebffe545c016d838') in 0.035092 seconds 
========================================================================
Received Import Request.
  Time since last request: 0.000028 seconds.
  path: Assets/Low Poly City Asset/Prefabs/Buildings/Skyscraper2_2.prefab
  artifactKey: Guid(306a85011bd56dc419ea7f095d02196e) Importer(815301076,1909f56bfc062723c751e8b465ee728b)
Start importing Assets/Low Poly City Asset/Prefabs/Buildings/Skyscraper2_2.prefab using Guid(306a85011bd56dc419ea7f095d02196e) Importer(815301076,1909f56bfc062723c751e8b465ee728b)  -> (artifact id: 'b149166a0b59060fed1a443a077b439a') in 0.036433 seconds 
========================================================================
Received Import Request.
  Time since last request: 45.809239 seconds.
  path: Assets/HTS/HTS_PreFab/Building/Skyscraper1_1.prefab
  artifactKey: Guid(6ee3598568baa97418732c14596a81a8) Importer(815301076,1909f56bfc062723c751e8b465ee728b)
Start importing Assets/HTS/HTS_PreFab/Building/Skyscraper1_1.prefab using Guid(6ee3598568baa97418732c14596a81a8) Importer(815301076,1909f56bfc062723c751e8b465ee728b)  -> (artifact id: 'c6135b9540b11037350a0b5e3db4af0a') in 0.030199 seconds 
========================================================================
Received Import Request.
  Time since last request: 0.000025 seconds.
  path: Assets/HTS/HTS_PreFab/Building/Skyscraper4_3.prefab
  artifactKey: Guid(268db7071757b954aa7b433094ef33db) Importer(815301076,1909f56bfc062723c751e8b465ee728b)
Start importing Assets/HTS/HTS_PreFab/Building/Skyscraper4_3.prefab using Guid(268db7071757b954aa7b433094ef33db) Importer(815301076,1909f56bfc062723c751e8b465ee728b)  -> (artifact id: '57cb41154620362ad2b8ddab5716da07') in 0.028849 seconds 
========================================================================
Received Import Request.
  Time since last request: 0.000032 seconds.
  path: Assets/HTS/HTS_PreFab/Building/Skyscraper3_2.prefab
  artifactKey: Guid(1d11b3f999ed76147b8da21e813193f8) Importer(815301076,1909f56bfc062723c751e8b465ee728b)
Start importing Assets/HTS/HTS_PreFab/Building/Skyscraper3_2.prefab using Guid(1d11b3f999ed76147b8da21e813193f8) Importer(815301076,1909f56bfc062723c751e8b465ee728b)  -> (artifact id: '9e5258e02503d289caaff52695c0b1ac') in 0.030331 seconds 
========================================================================
Received Import Request.
  Time since last request: 0.000033 seconds.
  path: Assets/HTS/HTS_PreFab/Building/Skyscraper2_2.prefab
  artifactKey: Guid(f1f8b9cf223bd554e9b26aa54830fd04) Importer(815301076,1909f56bfc062723c751e8b465ee728b)
Start importing Assets/HTS/HTS_PreFab/Building/Skyscraper2_2.prefab using Guid(f1f8b9cf223bd554e9b26aa54830fd04) Importer(815301076,1909f56bfc062723c751e8b465ee728b)  -> (artifact id: '6c9ba93dd5141935f64ccb231d782a47') in 0.031980 seconds 
========================================================================
Received Import Request.
  Time since last request: 0.000050 seconds.
  path: Assets/HTS/HTS_PreFab/Building/Skyscraper5_3.prefab
  artifactKey: Guid(f7bea592916d822469f6bc393c8677fe) Importer(815301076,1909f56bfc062723c751e8b465ee728b)
Start importing Assets/HTS/HTS_PreFab/Building/Skyscraper5_3.prefab using Guid(f7bea592916d822469f6bc393c8677fe) Importer(815301076,1909f56bfc062723c751e8b465ee728b)  -> (artifact id: '1b7ecd0b72338b948ea7d1fd0a207a48') in 0.016340 seconds 
========================================================================
Received Import Request.
  Time since last request: 0.000043 seconds.
  path: Assets/HTS/HTS_PreFab/Building/Skyscraper2_1.prefab
  artifactKey: Guid(df185bf4f82591145af0c527ebf4fe8b) Importer(815301076,1909f56bfc062723c751e8b465ee728b)
Start importing Assets/HTS/HTS_PreFab/Building/Skyscraper2_1.prefab using Guid(df185bf4f82591145af0c527ebf4fe8b) Importer(815301076,1909f56bfc062723c751e8b465ee728b)  -> (artifact id: '24dd94e39d365c360d00fd3a3101773e') in 0.015618 seconds 
========================================================================
Received Import Request.
  Time since last request: 0.786116 seconds.
  path: Assets/HTS/HTS_PreFab/Building/Factory4_3.prefab
  artifactKey: Guid(d558e9edeffaaf146ae994ecf8f06f4a) Importer(815301076,1909f56bfc062723c751e8b465ee728b)
Start importing Assets/HTS/HTS_PreFab/Building/Factory4_3.prefab using Guid(d558e9edeffaaf146ae994ecf8f06f4a) Importer(815301076,1909f56bfc062723c751e8b465ee728b)  -> (artifact id: '9f68ccbae82baaa4315596999400eb42') in 0.014849 seconds 
========================================================================
Received Import Request.
  Time since last request: 0.000037 seconds.
  path: Assets/HTS/HTS_PreFab/Building/Factory3_2.prefab
  artifactKey: Guid(1a721b52e4519ce4aad47aacb3857467) Importer(815301076,1909f56bfc062723c751e8b465ee728b)
Start importing Assets/HTS/HTS_PreFab/Building/Factory3_2.prefab using Guid(1a721b52e4519ce4aad47aacb3857467) Importer(815301076,1909f56bfc062723c751e8b465ee728b)  -> (artifact id: '8646fea12a7bf9632048357472a5c666') in 0.027222 seconds 
========================================================================
Received Import Request.
  Time since last request: 0.000028 seconds.
  path: Assets/HTS/HTS_PreFab/Building/Football_Peach.prefab
  artifactKey: Guid(3dfc59cbdc27fd34893162707c9a3ba0) Importer(815301076,1909f56bfc062723c751e8b465ee728b)
Start importing Assets/HTS/HTS_PreFab/Building/Football_Peach.prefab using Guid(3dfc59cbdc27fd34893162707c9a3ba0) Importer(815301076,1909f56bfc062723c751e8b465ee728b)  -> (artifact id: '2fd93150f20819665d0da630fff334b7') in 0.023597 seconds 
========================================================================
Received Import Request.
  Time since last request: 0.054645 seconds.
  path: Assets/HTS/HTS_PreFab/Building/Factory1_3.prefab
  artifactKey: Guid(4b13e2b72db3c94468871c399d11402a) Importer(815301076,1909f56bfc062723c751e8b465ee728b)
Start importing Assets/HTS/HTS_PreFab/Building/Factory1_3.prefab using Guid(4b13e2b72db3c94468871c399d11402a) Importer(815301076,1909f56bfc062723c751e8b465ee728b)  -> (artifact id: 'cf4ce9c71b51af519bd25ff39588d554') in 0.022962 seconds 
========================================================================
Received Import Request.
  Time since last request: 0.000022 seconds.
  path: Assets/HTS/HTS_PreFab/Building/Factory2_3.prefab
  artifactKey: Guid(a01b33b431be03845b0e1c90da83c428) Importer(815301076,1909f56bfc062723c751e8b465ee728b)
Start importing Assets/HTS/HTS_PreFab/Building/Factory2_3.prefab using Guid(a01b33b431be03845b0e1c90da83c428) Importer(815301076,1909f56bfc062723c751e8b465ee728b)  -> (artifact id: 'e1533d0ee35ec959e7ca89313301e58b') in 0.025603 seconds 
========================================================================
Received Import Request.
  Time since last request: 0.116857 seconds.
  path: Assets/HTS/HTS_PreFab/Building/Building12_3.prefab
  artifactKey: Guid(2a765fc439801a74f9640dedb6752292) Importer(815301076,1909f56bfc062723c751e8b465ee728b)
Start importing Assets/HTS/HTS_PreFab/Building/Building12_3.prefab using Guid(2a765fc439801a74f9640dedb6752292) Importer(815301076,1909f56bfc062723c751e8b465ee728b)  -> (artifact id: '1857122fe5a02d68aa58ea36e84cc2a6') in 0.031379 seconds 
========================================================================
Received Import Request.
  Time since last request: 0.000029 seconds.
  path: Assets/HTS/HTS_PreFab/Building/Building11_3.prefab
  artifactKey: Guid(2447ed954da50344da83c8592d81f51a) Importer(815301076,1909f56bfc062723c751e8b465ee728b)
Start importing Assets/HTS/HTS_PreFab/Building/Building11_3.prefab using Guid(2447ed954da50344da83c8592d81f51a) Importer(815301076,1909f56bfc062723c751e8b465ee728b)  -> (artifact id: '49947659397dbcf7f28b8147fad9c8c1') in 0.016674 seconds 
========================================================================
Received Import Request.
  Time since last request: 0.000028 seconds.
  path: Assets/HTS/HTS_PreFab/Building/Building11_4.prefab
  artifactKey: Guid(4dc2b8395b18c3842bce6c55c1d1ce54) Importer(815301076,1909f56bfc062723c751e8b465ee728b)
Start importing Assets/HTS/HTS_PreFab/Building/Building11_4.prefab using Guid(4dc2b8395b18c3842bce6c55c1d1ce54) Importer(815301076,1909f56bfc062723c751e8b465ee728b)  -> (artifact id: '4f5eab042846c079a2dfb3d89a60443a') in 0.015620 seconds 
========================================================================
Received Import Request.
  Time since last request: 0.018027 seconds.
  path: Assets/HTS/HTS_PreFab/Building/Building9_3.prefab
  artifactKey: Guid(135e1f900b13cd641990e6828663a59e) Importer(815301076,1909f56bfc062723c751e8b465ee728b)
Start importing Assets/HTS/HTS_PreFab/Building/Building9_3.prefab using Guid(135e1f900b13cd641990e6828663a59e) Importer(815301076,1909f56bfc062723c751e8b465ee728b)  -> (artifact id: '4c2a178117eb911916b0178979a41d3a') in 0.035665 seconds 
========================================================================
Received Import Request.
  Time since last request: 0.027963 seconds.
  path: Assets/HTS/HTS_PreFab/Building/Building8_1.prefab
  artifactKey: Guid(2be8a99334f360144954468b0d0033eb) Importer(815301076,1909f56bfc062723c751e8b465ee728b)
Start importing Assets/HTS/HTS_PreFab/Building/Building8_1.prefab using Guid(2be8a99334f360144954468b0d0033eb) Importer(815301076,1909f56bfc062723c751e8b465ee728b)  -> (artifact id: '3d22c38ebe0972677dcd0bdd5d38d283') in 0.020291 seconds 
========================================================================
Received Import Request.
  Time since last request: 0.000029 seconds.
  path: Assets/HTS/HTS_PreFab/Building/Building8_4.prefab
  artifactKey: Guid(e0ca271bc5619bf4a9860b25fe603a75) Importer(815301076,1909f56bfc062723c751e8b465ee728b)
Start importing Assets/HTS/HTS_PreFab/Building/Building8_4.prefab using Guid(e0ca271bc5619bf4a9860b25fe603a75) Importer(815301076,1909f56bfc062723c751e8b465ee728b)  -> (artifact id: 'a70554aa87fa3ebe80da11058d7ea985') in 0.023584 seconds 
========================================================================
Received Import Request.
  Time since last request: 0.106302 seconds.
  path: Assets/HTS/HTS_PreFab/Building/Building6_3.prefab
  artifactKey: Guid(67327d66cdf295f43bd9ed89f63906d6) Importer(815301076,1909f56bfc062723c751e8b465ee728b)
Start importing Assets/HTS/HTS_PreFab/Building/Building6_3.prefab using Guid(67327d66cdf295f43bd9ed89f63906d6) Importer(815301076,1909f56bfc062723c751e8b465ee728b)  -> (artifact id: '96adb1dfc40ad7533bad6efa5c1fc9e4') in 0.017401 seconds 
========================================================================
Received Import Request.
  Time since last request: 0.000027 seconds.
  path: Assets/HTS/HTS_PreFab/Building/Building6_1.prefab
  artifactKey: Guid(b28647c48db16d042b770c8713df2f8b) Importer(815301076,1909f56bfc062723c751e8b465ee728b)
Start importing Assets/HTS/HTS_PreFab/Building/Building6_1.prefab using Guid(b28647c48db16d042b770c8713df2f8b) Importer(815301076,1909f56bfc062723c751e8b465ee728b)  -> (artifact id: '13f9d8edfbcc6a81278059294bf4f653') in 0.015689 seconds 
========================================================================
Received Import Request.
  Time since last request: 0.000029 seconds.
  path: Assets/HTS/HTS_PreFab/Building/Building5_2.prefab
  artifactKey: Guid(2e97492e8bb2cd844a87aeabefead17f) Importer(815301076,1909f56bfc062723c751e8b465ee728b)
Start importing Assets/HTS/HTS_PreFab/Building/Building5_2.prefab using Guid(2e97492e8bb2cd844a87aeabefead17f) Importer(815301076,1909f56bfc062723c751e8b465ee728b)  -> (artifact id: '370bd4c3b44740bc19643150f968922b') in 0.018903 seconds 
========================================================================
Received Import Request.
  Time since last request: 0.070288 seconds.
  path: Assets/HTS/HTS_PreFab/Building/Building2_2.prefab
  artifactKey: Guid(3657498ae6c592e4ab7bafb9928df1a5) Importer(815301076,1909f56bfc062723c751e8b465ee728b)
Start importing Assets/HTS/HTS_PreFab/Building/Building2_2.prefab using Guid(3657498ae6c592e4ab7bafb9928df1a5) Importer(815301076,1909f56bfc062723c751e8b465ee728b)  -> (artifact id: 'd3aba3386fd254e41944a08ee5d8745b') in 0.030705 seconds 
========================================================================
Received Import Request.
  Time since last request: 0.000039 seconds.
  path: Assets/HTS/HTS_PreFab/Building/Building3_2.prefab
  artifactKey: Guid(948947b35561b3e42bf1c284ba479d02) Importer(815301076,1909f56bfc062723c751e8b465ee728b)
Start importing Assets/HTS/HTS_PreFab/Building/Building3_2.prefab using Guid(948947b35561b3e42bf1c284ba479d02) Importer(815301076,1909f56bfc062723c751e8b465ee728b)  -> (artifact id: '5dc124b972b69277b75471b7d4ab0b59') in 0.029800 seconds 
========================================================================
Received Import Request.
  Time since last request: 0.124314 seconds.
  path: Assets/HTS/HTS_PreFab/Building/Building1_3 1.prefab
  artifactKey: Guid(04256ac7e747fbb49ae4f251ebdbc2fc) Importer(815301076,1909f56bfc062723c751e8b465ee728b)
Start importing Assets/HTS/HTS_PreFab/Building/Building1_3 1.prefab using Guid(04256ac7e747fbb49ae4f251ebdbc2fc) Importer(815301076,1909f56bfc062723c751e8b465ee728b)  -> (artifact id: 'b9130de7d816fb22f048e76f51fccae0') in 0.026341 seconds 
========================================================================
Received Import Request.
  Time since last request: 56.750554 seconds.
  path: Assets/HTS/HTS_PreFab/Building/Building1_2.prefab
  artifactKey: Guid(91d9371cd0e1266408b5743544e90b1e) Importer(815301076,1909f56bfc062723c751e8b465ee728b)
Start importing Assets/HTS/HTS_PreFab/Building/Building1_2.prefab using Guid(91d9371cd0e1266408b5743544e90b1e) Importer(815301076,1909f56bfc062723c751e8b465ee728b)  -> (artifact id: '746b722473c21885cf5c05c50aa2bff7') in 0.035416 seconds 
========================================================================
Received Prepare
Registering precompiled user dll's ...
Registered in 0.024162 seconds.
Begin MonoManager ReloadAssembly
Symbol file LoadedFromMemory doesn't match image C:\github\car_ml-agent\car_ml\Library\PackageCache\com.unity.visualscripting@1.8.0\Editor\VisualScripting.Core\Dependencies\YamlDotNet\Unity.VisualScripting.YamlDotNet.dll
Symbol file LoadedFromMemory doesn't match image C:\github\car_ml-agent\car_ml\Library\PackageCache\com.unity.visualscripting@1.8.0\Editor\VisualScripting.Core\Dependencies\DotNetZip\Unity.VisualScripting.IonicZip.dll
Native extension for WindowsStandalone target not found
Refreshing native plugins compatible for Editor in 0.67 ms, found 4 plugins.
Preloading 0 native plugins for Editor in 0.00 ms.
Mono: successfully reloaded assembly
- Completed reload, in  1.175 seconds
Domain Reload Profiling:
	ReloadAssembly (1176ms)
		BeginReloadAssembly (180ms)
			ExecutionOrderSort (0ms)
			DisableScriptedObjects (4ms)
			BackupInstance (0ms)
			ReleaseScriptingObjects (0ms)
			CreateAndSetChildDomain (45ms)
		EndReloadAssembly (869ms)
			LoadAssemblies (136ms)
			RebuildTransferFunctionScriptingTraits (0ms)
			SetupTypeCache (340ms)
			ReleaseScriptCaches (1ms)
			RebuildScriptCaches (43ms)
			SetupLoadedEditorAssemblies (318ms)
				LogAssemblyErrors (0ms)
				InitializePlatformSupportModulesInManaged (7ms)
				SetLoadedEditorAssemblies (0ms)
				RefreshPlugins (1ms)
				BeforeProcessingInitializeOnLoad (75ms)
				ProcessInitializeOnLoadAttributes (203ms)
				ProcessInitializeOnLoadMethodAttributes (20ms)
				AfterProcessingInitializeOnLoad (12ms)
				EditorAssembliesLoaded (0ms)
			ExecutionOrderSort2 (0ms)
			AwakeInstancesAfterBackupRestoration (17ms)
Platform modules already initialized, skipping
Refreshing native plugins compatible for Editor in 3.30 ms, found 4 plugins.
Preloading 0 native plugins for Editor in 0.00 ms.
Unloading 3740 Unused Serialized files (Serialized files now loaded: 0)
Unloading 54 unused Assets / (21.0 MB). Loaded Objects now: 4225.
Memory consumption went from 184.7 MB to 163.7 MB.
Total: 4.760100 ms (FindLiveObjects: 0.241500 ms CreateObjectMapping: 0.113200 ms MarkObjects: 2.208300 ms  DeleteObjects: 2.195800 ms)

AssetImportParameters requested are different than current active one (requested -> active):
  custom:video-decoder-ogg-theora: a1e56fd34408186e4bbccfd4996cb3dc -> 
  custom:container-muxer-webm: aa71ff27fc2769a1b78a27578f13a17b -> 
  custom:container-demuxer-webm: 4f35f7cbe854078d1ac9338744f61a02 -> 
  custom:video-encoder-webm-vp8: eb34c28f22e8b96e1ab97ce403110664 -> 
  custom:audio-encoder-webm-vorbis: bf7c407c2cedff20999df2af8eb42d56 -> 
  custom:framework-win-MediaFoundation: 216162199b28c13a410421893ffa2e32 -> 
  custom:container-demuxer-ogg: 62fdf1f143b41e24485cea50d1cbac27 -> 
  custom:video-decoder-webm-vp8: 9c59270c3fd7afecdb556c50c9e8de78 -> 
  custom:audio-decoder-ogg-vorbis: bf7c407c2cedff20999df2af8eb42d56 -> 
========================================================================
Received Import Request.
  Time since last request: 36.454872 seconds.
  path: Assets/HTS/HTS_PreFab/Building/Building2_3.prefab
  artifactKey: Guid(92e79aa4478b02142b3f6a52424cc9d8) Importer(815301076,1909f56bfc062723c751e8b465ee728b)
Start importing Assets/HTS/HTS_PreFab/Building/Building2_3.prefab using Guid(92e79aa4478b02142b3f6a52424cc9d8) Importer(815301076,1909f56bfc062723c751e8b465ee728b)  -> (artifact id: 'd8794d94cbccf66679b5404397292c30') in 0.092543 seconds 
========================================================================
Received Import Request.
  Time since last request: 5.167872 seconds.
  path: Assets/HTS/HTS_PreFab/Building/Building2_3.prefab
  artifactKey: Guid(92e79aa4478b02142b3f6a52424cc9d8) Importer(815301076,1909f56bfc062723c751e8b465ee728b)
Start importing Assets/HTS/HTS_PreFab/Building/Building2_3.prefab using Guid(92e79aa4478b02142b3f6a52424cc9d8) Importer(815301076,1909f56bfc062723c751e8b465ee728b)  -> (artifact id: '0d4048f1d1b6e034e8c7b31a8085ddee') in 0.029220 seconds 
========================================================================
Received Import Request.
  Time since last request: 0.000037 seconds.
  path: Assets/HTS/HTS_PreFab/Building/Building3_4.prefab
  artifactKey: Guid(43bd9cc79f4c8ca4f9b71f27f58265ff) Importer(815301076,1909f56bfc062723c751e8b465ee728b)
Start importing Assets/HTS/HTS_PreFab/Building/Building3_4.prefab using Guid(43bd9cc79f4c8ca4f9b71f27f58265ff) Importer(815301076,1909f56bfc062723c751e8b465ee728b)  -> (artifact id: '706f927ddc8473d448da00af219e7b07') in 0.041544 seconds 
========================================================================
Received Import Request.
  Time since last request: 10.315820 seconds.
  path: Assets/HTS/HTS_PreFab/Building/Building3_2.prefab
  artifactKey: Guid(948947b35561b3e42bf1c284ba479d02) Importer(815301076,1909f56bfc062723c751e8b465ee728b)
Start importing Assets/HTS/HTS_PreFab/Building/Building3_2.prefab using Guid(948947b35561b3e42bf1c284ba479d02) Importer(815301076,1909f56bfc062723c751e8b465ee728b)  -> (artifact id: '50a903a4b91e663cb80b4cfece5b9032') in 0.030846 seconds 
========================================================================
Received Import Request.
  Time since last request: 0.000040 seconds.
  path: Assets/HTS/HTS_PreFab/Building/Building5_1.prefab
  artifactKey: Guid(45ac9dcc798f2ed41b0fa1410e164d1b) Importer(815301076,1909f56bfc062723c751e8b465ee728b)
Start importing Assets/HTS/HTS_PreFab/Building/Building5_1.prefab using Guid(45ac9dcc798f2ed41b0fa1410e164d1b) Importer(815301076,1909f56bfc062723c751e8b465ee728b)  -> (artifact id: '474284c223b6bc03861c175191242ff2') in 0.040819 seconds 
========================================================================
Received Import Request.
  Time since last request: 8.324162 seconds.
  path: Assets/HTS/HTS_PreFab/Building/Building6_1.prefab
  artifactKey: Guid(b28647c48db16d042b770c8713df2f8b) Importer(815301076,1909f56bfc062723c751e8b465ee728b)
Start importing Assets/HTS/HTS_PreFab/Building/Building6_1.prefab using Guid(b28647c48db16d042b770c8713df2f8b) Importer(815301076,1909f56bfc062723c751e8b465ee728b)  -> (artifact id: 'c08b4ea37354b26ca75d5867f57f581b') in 0.032939 seconds 
========================================================================
Received Import Request.
  Time since last request: 5.966178 seconds.
  path: Assets/HTS/HTS_PreFab/Building/Building7_3.prefab
  artifactKey: Guid(f085e05600cbaa041aa85168edc1c672) Importer(815301076,1909f56bfc062723c751e8b465ee728b)
Start importing Assets/HTS/HTS_PreFab/Building/Building7_3.prefab using Guid(f085e05600cbaa041aa85168edc1c672) Importer(815301076,1909f56bfc062723c751e8b465ee728b)  -> (artifact id: '79ee2dfae201f04c01ec9de2a1deedef') in 0.031553 seconds 
========================================================================
Received Import Request.
  Time since last request: 25.131963 seconds.
  path: Assets/HTS/HTS_PreFab/Building/Building9_1.prefab
  artifactKey: Guid(c7cf7785186399940a4c106c151f8b00) Importer(815301076,1909f56bfc062723c751e8b465ee728b)
Start importing Assets/HTS/HTS_PreFab/Building/Building9_1.prefab using Guid(c7cf7785186399940a4c106c151f8b00) Importer(815301076,1909f56bfc062723c751e8b465ee728b)  -> (artifact id: 'aac917a670adef7278a697f09f369e78') in 0.021691 seconds 
========================================================================
Received Import Request.
  Time since last request: 0.000024 seconds.
  path: Assets/HTS/HTS_PreFab/Building/Building11_1.prefab
  artifactKey: Guid(6c21e1fcf1302a74e81aaf95e765a6af) Importer(815301076,1909f56bfc062723c751e8b465ee728b)
Start importing Assets/HTS/HTS_PreFab/Building/Building11_1.prefab using Guid(6c21e1fcf1302a74e81aaf95e765a6af) Importer(815301076,1909f56bfc062723c751e8b465ee728b)  -> (artifact id: '699f5aa576df27c572bb1e33361d66d9') in 0.023336 seconds 
========================================================================
Received Import Request.
  Time since last request: 0.000048 seconds.
  path: Assets/HTS/HTS_PreFab/Building/Building10_4.prefab
  artifactKey: Guid(7d99013002a811047a08d454d506e2f4) Importer(815301076,1909f56bfc062723c751e8b465ee728b)
Start importing Assets/HTS/HTS_PreFab/Building/Building10_4.prefab using Guid(7d99013002a811047a08d454d506e2f4) Importer(815301076,1909f56bfc062723c751e8b465ee728b)  -> (artifact id: '02a1e5e042414c9c99bd0aa96d6d8dff') in 0.031439 seconds 
========================================================================
Received Import Request.
  Time since last request: 12.726529 seconds.
  path: Assets/HTS/HTS_PreFab/Building/Building11_4.prefab
  artifactKey: Guid(4dc2b8395b18c3842bce6c55c1d1ce54) Importer(815301076,1909f56bfc062723c751e8b465ee728b)
Start importing Assets/HTS/HTS_PreFab/Building/Building11_4.prefab using Guid(4dc2b8395b18c3842bce6c55c1d1ce54) Importer(815301076,1909f56bfc062723c751e8b465ee728b)  -> (artifact id: '626eb2c90b389acb5f69b92c636b5c0b') in 0.036500 seconds 
========================================================================
Received Import Request.
  Time since last request: 5.257596 seconds.
  path: Assets/HTS/HTS_PreFab/Building/Building12_3.prefab
  artifactKey: Guid(2a765fc439801a74f9640dedb6752292) Importer(815301076,1909f56bfc062723c751e8b465ee728b)
Start importing Assets/HTS/HTS_PreFab/Building/Building12_3.prefab using Guid(2a765fc439801a74f9640dedb6752292) Importer(815301076,1909f56bfc062723c751e8b465ee728b)  -> (artifact id: 'e6517749a8b140b0e664afea98d5a3e2') in 0.038650 seconds 
========================================================================
Received Import Request.
  Time since last request: 6.435664 seconds.
  path: Assets/HTS/HTS_PreFab/Building/Factory2_2.prefab
  artifactKey: Guid(7a4930f2e4411834db449aa75f1f3c09) Importer(815301076,1909f56bfc062723c751e8b465ee728b)
Start importing Assets/HTS/HTS_PreFab/Building/Factory2_2.prefab using Guid(7a4930f2e4411834db449aa75f1f3c09) Importer(815301076,1909f56bfc062723c751e8b465ee728b)  -> (artifact id: '0541830ca0375c11cb98bab34c6183e0') in 0.040324 seconds 
========================================================================
Received Import Request.
  Time since last request: 0.000040 seconds.
  path: Assets/HTS/HTS_PreFab/Building/Factory4_1.prefab
  artifactKey: Guid(43f073db8cf77ef4689b71edd0f81fc7) Importer(815301076,1909f56bfc062723c751e8b465ee728b)
Start importing Assets/HTS/HTS_PreFab/Building/Factory4_1.prefab using Guid(43f073db8cf77ef4689b71edd0f81fc7) Importer(815301076,1909f56bfc062723c751e8b465ee728b)  -> (artifact id: '66b9683d4662e898db626968072ce3fc') in 0.018057 seconds 
========================================================================
Received Import Request.
  Time since last request: 0.000040 seconds.
  path: Assets/HTS/HTS_PreFab/Building/Factory3_4.prefab
  artifactKey: Guid(8facbff7f006b794983b5f46ad4e91f6) Importer(815301076,1909f56bfc062723c751e8b465ee728b)
Start importing Assets/HTS/HTS_PreFab/Building/Factory3_4.prefab using Guid(8facbff7f006b794983b5f46ad4e91f6) Importer(815301076,1909f56bfc062723c751e8b465ee728b)  -> (artifact id: '1d9527e27cb0b41a1b4ce86d545a94b9') in 0.031929 seconds 
========================================================================
Received Import Request.
  Time since last request: 12.703509 seconds.
  path: Assets/HTS/HTS_PreFab/Building/Skyscraper1_2.prefab
  artifactKey: Guid(7a316b53568788e4284962cbe0387c75) Importer(815301076,1909f56bfc062723c751e8b465ee728b)
Start importing Assets/HTS/HTS_PreFab/Building/Skyscraper1_2.prefab using Guid(7a316b53568788e4284962cbe0387c75) Importer(815301076,1909f56bfc062723c751e8b465ee728b)  -> (artifact id: '1995fb6877ad809604492b144fb3dbce') in 0.042548 seconds 
========================================================================
Received Import Request.
  Time since last request: 0.000029 seconds.
  path: Assets/HTS/HTS_PreFab/Building/Skyscraper3_1.prefab
  artifactKey: Guid(c8bb12a3bdbe7a6468bf265f0ef0c2bd) Importer(815301076,1909f56bfc062723c751e8b465ee728b)
Start importing Assets/HTS/HTS_PreFab/Building/Skyscraper3_1.prefab using Guid(c8bb12a3bdbe7a6468bf265f0ef0c2bd) Importer(815301076,1909f56bfc062723c751e8b465ee728b)  -> (artifact id: '659e09658c2ce56235e6176774af99f3') in 0.013926 seconds 
========================================================================
Received Import Request.
  Time since last request: 5.632175 seconds.
  path: Assets/HTS/HTS_PreFab/Building/Factory5_2.prefab
  artifactKey: Guid(dc6a89dc2082f4d4c87bb5e178e68527) Importer(815301076,1909f56bfc062723c751e8b465ee728b)
Start importing Assets/HTS/HTS_PreFab/Building/Factory5_2.prefab using Guid(dc6a89dc2082f4d4c87bb5e178e68527) Importer(815301076,1909f56bfc062723c751e8b465ee728b)  -> (artifact id: 'd3a61072787450b1e46df509358dea4b') in 0.042068 seconds 
========================================================================
Received Import Request.
  Time since last request: 9.059078 seconds.
  path: Assets/HTS/HTS_PreFab/Building/Factory1_1.prefab
  artifactKey: Guid(a02ea7b4c8111c8489b3cf3b348f9176) Importer(815301076,1909f56bfc062723c751e8b465ee728b)
Start importing Assets/HTS/HTS_PreFab/Building/Factory1_1.prefab using Guid(a02ea7b4c8111c8489b3cf3b348f9176) Importer(815301076,1909f56bfc062723c751e8b465ee728b)  -> (artifact id: '0ff6b2859b4847db6600995d11c22c6f') in 0.026483 seconds 
========================================================================
Received Import Request.
  Time since last request: 21.163285 seconds.
  path: Assets/HTS/HTS_PreFab/Building/Skyscraper4_1.prefab
  artifactKey: Guid(46425211599149f488c803ba78754b0f) Importer(815301076,1909f56bfc062723c751e8b465ee728b)
Start importing Assets/HTS/HTS_PreFab/Building/Skyscraper4_1.prefab using Guid(46425211599149f488c803ba78754b0f) Importer(815301076,1909f56bfc062723c751e8b465ee728b)  -> (artifact id: '1d970a8721d326370c79ec77db21e4d7') in 0.040359 seconds 
========================================================================
Received Import Request.
  Time since last request: 7.025150 seconds.
  path: Assets/HTS/HTS_PreFab/Building/Skyscraper5_3.prefab
  artifactKey: Guid(f7bea592916d822469f6bc393c8677fe) Importer(815301076,1909f56bfc062723c751e8b465ee728b)
Start importing Assets/HTS/HTS_PreFab/Building/Skyscraper5_3.prefab using Guid(f7bea592916d822469f6bc393c8677fe) Importer(815301076,1909f56bfc062723c751e8b465ee728b)  -> (artifact id: '0a22bed613b14fb89626e231527c6c97') in 0.025622 seconds 
========================================================================
Received Import Request.
  Time since last request: 6961.189869 seconds.
  path: Assets/ARCADE - FREE Racing Car/Textures/Color Variations/AFRC_Tex_Col1.png
  artifactKey: Guid(8c508eea1762dd44cbf66593e03a6b04) Importer(815301076,1909f56bfc062723c751e8b465ee728b)
Start importing Assets/ARCADE - FREE Racing Car/Textures/Color Variations/AFRC_Tex_Col1.png using Guid(8c508eea1762dd44cbf66593e03a6b04) Importer(815301076,1909f56bfc062723c751e8b465ee728b)  -> (artifact id: '0f5daf5b3b727f0463c850c0355cc07d') in 0.270616 seconds 
========================================================================
Received Import Request.
  Time since last request: 0.000097 seconds.
  path: Packages/com.unity.textmeshpro/Editor Resources/Textures/btn_AlignBaseLine_Light.psd
  artifactKey: Guid(18775b51e3bd42299fd30bd036ea982f) Importer(815301076,1909f56bfc062723c751e8b465ee728b)
Start importing Packages/com.unity.textmeshpro/Editor Resources/Textures/btn_AlignBaseLine_Light.psd using Guid(18775b51e3bd42299fd30bd036ea982f) Importer(815301076,1909f56bfc062723c751e8b465ee728b)  -> (artifact id: '858fa929eee77d4404e29212bb4e7a71') in 0.075470 seconds 
========================================================================
Received Import Request.
  Time since last request: 0.000079 seconds.
  path: Packages/com.unity.textmeshpro/Editor Resources/Textures/btn_AlignLeft.psd
  artifactKey: Guid(9288066c33474b94b6ee5465f4df1cc0) Importer(815301076,1909f56bfc062723c751e8b465ee728b)
Start importing Packages/com.unity.textmeshpro/Editor Resources/Textures/btn_AlignLeft.psd using Guid(9288066c33474b94b6ee5465f4df1cc0) Importer(815301076,1909f56bfc062723c751e8b465ee728b)  -> (artifact id: '6a6f7b3fc9b21a43edfb748a43413728') in 0.034726 seconds 
========================================================================
Received Import Request.
  Time since last request: 0.000025 seconds.
  path: Packages/com.unity.textmeshpro/Editor Resources/Textures/btn_AlignCapLine.psd
  artifactKey: Guid(0d9a36012a224080966c7b55896aa0f9) Importer(815301076,1909f56bfc062723c751e8b465ee728b)
Start importing Packages/com.unity.textmeshpro/Editor Resources/Textures/btn_AlignCapLine.psd using Guid(0d9a36012a224080966c7b55896aa0f9) Importer(815301076,1909f56bfc062723c751e8b465ee728b)  -> (artifact id: '9b7b853c8b3e469674eaa8d375d85cbf') in 0.051902 seconds 
========================================================================
Received Import Request.
  Time since last request: 0.000034 seconds.
  path: Assets/ARCADE - FREE Racing Car/Textures/Color Variations/AFRC_Tex_Col5.png
  artifactKey: Guid(ee5f07cb504e5b04dbdd32ef7d265c72) Importer(815301076,1909f56bfc062723c751e8b465ee728b)
Start importing Assets/ARCADE - FREE Racing Car/Textures/Color Variations/AFRC_Tex_Col5.png using Guid(ee5f07cb504e5b04dbdd32ef7d265c72) Importer(815301076,1909f56bfc062723c751e8b465ee728b)  -> (artifact id: '67c1abcb7af96459308cced99388a410') in 0.046053 seconds 
========================================================================
Received Import Request.
  Time since last request: 0.000021 seconds.
  path: Packages/com.unity.textmeshpro/Editor Resources/Textures/btn_AlignRight_Light.psd
  artifactKey: Guid(e05ace3bd15740cda0bad60d89092a5b) Importer(815301076,1909f56bfc062723c751e8b465ee728b)
Start importing Packages/com.unity.textmeshpro/Editor Resources/Textures/btn_AlignRight_Light.psd using Guid(e05ace3bd15740cda0bad60d89092a5b) Importer(815301076,1909f56bfc062723c751e8b465ee728b)  -> (artifact id: '4f20b12c13cda636815d08af54a8953a') in 0.036210 seconds 
========================================================================
Received Import Request.
  Time since last request: 0.000029 seconds.
  path: Packages/com.unity.visualscripting/Editor/VisualScripting.Core/IconMap/AnimatorMessageListener@32x.png
  artifactKey: Guid(9059e055aa673b3469a5c2896c0b8fb5) Importer(815301076,1909f56bfc062723c751e8b465ee728b)
Start importing Packages/com.unity.visualscripting/Editor/VisualScripting.Core/IconMap/AnimatorMessageListener@32x.png using Guid(9059e055aa673b3469a5c2896c0b8fb5) Importer(815301076,1909f56bfc062723c751e8b465ee728b)  -> (artifact id: 'f29b1b80e4e96505e34f825d5d141a95') in 0.037359 seconds 
========================================================================
Received Import Request.
  Time since last request: 0.000042 seconds.
  path: Packages/com.unity.textmeshpro/Editor Resources/Textures/btn_AlignFlush_Light.psd
  artifactKey: Guid(64b9fad609434c489c32b1cdf2004a1c) Importer(815301076,1909f56bfc062723c751e8b465ee728b)
Start importing Packages/com.unity.textmeshpro/Editor Resources/Textures/btn_AlignFlush_Light.psd using Guid(64b9fad609434c489c32b1cdf2004a1c) Importer(815301076,1909f56bfc062723c751e8b465ee728b)  -> (artifact id: '100bbe8e2bb08b632a80d6c5a71895c5') in 0.038836 seconds 
========================================================================
Received Import Request.
  Time since last request: 0.000028 seconds.
  path: Packages/com.unity.textmeshpro/Editor Resources/Textures/btn_AlignCenterGeo.psd
  artifactKey: Guid(c76700ea0062413d9f69409b4e9e151b) Importer(815301076,1909f56bfc062723c751e8b465ee728b)
Start importing Packages/com.unity.textmeshpro/Editor Resources/Textures/btn_AlignCenterGeo.psd using Guid(c76700ea0062413d9f69409b4e9e151b) Importer(815301076,1909f56bfc062723c751e8b465ee728b)  -> (artifact id: 'a938fdf489fbb048a3f3c5183a336bc2') in 0.040195 seconds 
========================================================================
Received Import Request.
  Time since last request: 0.000035 seconds.
  path: Packages/com.unity.textmeshpro/Editor Resources/Textures/btn_AlignFlush.psd
  artifactKey: Guid(691475c57a824010be0c6f474caeb7e1) Importer(815301076,1909f56bfc062723c751e8b465ee728b)
Start importing Packages/com.unity.textmeshpro/Editor Resources/Textures/btn_AlignFlush.psd using Guid(691475c57a824010be0c6f474caeb7e1) Importer(815301076,1909f56bfc062723c751e8b465ee728b)  -> (artifact id: 'd25b26045d443a8812ad7700cb2677da') in 0.039744 seconds 
========================================================================
Received Import Request.
  Time since last request: 0.000027 seconds.
  path: Packages/com.unity.textmeshpro/Editor Resources/Textures/btn_AlignLeft_Light.psd
  artifactKey: Guid(12736c98af174f91827a26b66d2b01b9) Importer(815301076,1909f56bfc062723c751e8b465ee728b)
Start importing Packages/com.unity.textmeshpro/Editor Resources/Textures/btn_AlignLeft_Light.psd using Guid(12736c98af174f91827a26b66d2b01b9) Importer(815301076,1909f56bfc062723c751e8b465ee728b)  -> (artifact id: '350b254a2f528c8a0e27d157b38c5d67') in 0.049853 seconds 
========================================================================
Received Import Request.
  Time since last request: 0.000026 seconds.
  path: Packages/com.unity.textmeshpro/Editor Resources/Textures/btn_AlignCenterGeo_Light.psd
  artifactKey: Guid(35ff0937876540d3bd4b6a941df62a92) Importer(815301076,1909f56bfc062723c751e8b465ee728b)
Start importing Packages/com.unity.textmeshpro/Editor Resources/Textures/btn_AlignCenterGeo_Light.psd using Guid(35ff0937876540d3bd4b6a941df62a92) Importer(815301076,1909f56bfc062723c751e8b465ee728b)  -> (artifact id: 'e984122c8dc8e5ac488e48554c413426') in 0.039744 seconds 
========================================================================
Received Import Request.
  Time since last request: 0.000030 seconds.
  path: Packages/com.unity.textmeshpro/Editor Resources/Textures/btn_AlignCenter_Light.psd
  artifactKey: Guid(6ace62d30f494c948b71d5594afce11d) Importer(815301076,1909f56bfc062723c751e8b465ee728b)
Start importing Packages/com.unity.textmeshpro/Editor Resources/Textures/btn_AlignCenter_Light.psd using Guid(6ace62d30f494c948b71d5594afce11d) Importer(815301076,1909f56bfc062723c751e8b465ee728b)  -> (artifact id: 'e8c97cbed9f8eeaeefca81734948e9a0') in 0.042001 seconds 
========================================================================
Received Import Request.
  Time since last request: 0.000043 seconds.
  path: Packages/com.unity.collab-proxy/Editor/PlasticSCM/Assets/Images/buttonssosigninemail.png
  artifactKey: Guid(d24e7e0b75e1a244bb9687d6fd4315ef) Importer(815301076,1909f56bfc062723c751e8b465ee728b)
Start importing Packages/com.unity.collab-proxy/Editor/PlasticSCM/Assets/Images/buttonssosigninemail.png using Guid(d24e7e0b75e1a244bb9687d6fd4315ef) Importer(815301076,1909f56bfc062723c751e8b465ee728b)  -> (artifact id: '675ea4b189593ec7a31430dd8988692c') in 0.041274 seconds 
========================================================================
Received Import Request.
  Time since last request: 0.000034 seconds.
  path: Packages/com.unity.textmeshpro/Editor Resources/Textures/btn_AlignMidLine.psd
  artifactKey: Guid(c2f7f6a88b4c4f20a53deb72f3d9144c) Importer(815301076,1909f56bfc062723c751e8b465ee728b)
Start importing Packages/com.unity.textmeshpro/Editor Resources/Textures/btn_AlignMidLine.psd using Guid(c2f7f6a88b4c4f20a53deb72f3d9144c) Importer(815301076,1909f56bfc062723c751e8b465ee728b)  -> (artifact id: '38fa804ae98b20241fcb0932c3cb8d67') in 0.044224 seconds 
========================================================================
Received Import Request.
  Time since last request: 0.000038 seconds.
  path: Packages/com.unity.collab-proxy/Editor/PlasticSCM/Assets/Images/buttonssosigninemail@2x.png
  artifactKey: Guid(ddf2e76e8a1f88f46ae1e42277850b48) Importer(815301076,1909f56bfc062723c751e8b465ee728b)
Start importing Packages/com.unity.collab-proxy/Editor/PlasticSCM/Assets/Images/buttonssosigninemail@2x.png using Guid(ddf2e76e8a1f88f46ae1e42277850b48) Importer(815301076,1909f56bfc062723c751e8b465ee728b)  -> (artifact id: '18400364b2a239970fe3490d2f5f28c3') in 0.040792 seconds 
========================================================================
Received Import Request.
  Time since last request: 0.000032 seconds.
  path: Packages/com.unity.textmeshpro/Editor Resources/Textures/btn_AlignMiddle_Light.psd
  artifactKey: Guid(066619c9c9c84f89acb1b48c11a7efe2) Importer(815301076,1909f56bfc062723c751e8b465ee728b)
Start importing Packages/com.unity.textmeshpro/Editor Resources/Textures/btn_AlignMiddle_Light.psd using Guid(066619c9c9c84f89acb1b48c11a7efe2) Importer(815301076,1909f56bfc062723c751e8b465ee728b)  -> (artifact id: '5c69b56652fb0232e1de54cff2c623c5') in 0.035921 seconds 
========================================================================
Received Import Request.
  Time since last request: 0.000027 seconds.
  path: Packages/com.unity.textmeshpro/Editor Resources/Textures/btn_AlignBaseLine.psd
  artifactKey: Guid(8bc445bb79654bf496c92d0407840a92) Importer(815301076,1909f56bfc062723c751e8b465ee728b)
Start importing Packages/com.unity.textmeshpro/Editor Resources/Textures/btn_AlignBaseLine.psd using Guid(8bc445bb79654bf496c92d0407840a92) Importer(815301076,1909f56bfc062723c751e8b465ee728b)  -> (artifact id: '9710bc9e223e79a594d4fb47e62c38c3') in 0.037584 seconds 
========================================================================
Received Import Request.
  Time since last request: 0.000036 seconds.
  path: Packages/com.unity.textmeshpro/Editor Resources/Textures/btn_AlignCapLine_Light.psd
  artifactKey: Guid(49679f302ac6408697f6b9314a38985c) Importer(815301076,1909f56bfc062723c751e8b465ee728b)
Start importing Packages/com.unity.textmeshpro/Editor Resources/Textures/btn_AlignCapLine_Light.psd using Guid(49679f302ac6408697f6b9314a38985c) Importer(815301076,1909f56bfc062723c751e8b465ee728b)  -> (artifact id: 'aee9c8de9c7b656dc14dd23cad911352') in 0.037890 seconds 
