Using pre-set license
Built from '2021.3/release' branch; Version is '2021.3.27f1 (ca3ffb99bcc6) revision 13254651'; Using compiler version '192829333'; Build Type 'Release'
OS: 'Windows 10  (10.0.19045) 64bit Core' Language: 'ko' Physical Memory: 16075 MB
BatchMode: 1, IsHumanControllingUs: 0, StartBugReporterOnCrash: 0, Is64bit: 1, IsPro: 1

COMMAND LINE ARGUMENTS:
C:\Program Files\Unity\Hub\Editor\2021.3.27f1\Editor\Unity.exe
-adb2
-batchMode
-noUpm
-name
AssetImportWorker6
-projectPath
C:/Users/zachp/Desktop/car_ml
-logFile
Logs/AssetImportWorker6.log
-srvPort
53866
Successfully changed project path to: C:/Users/zachp/Desktop/car_ml
C:/Users/zachp/Desktop/car_ml
[UnityMemory] Configuration Parameters - Can be set up in boot.config
    "memorysetup-bucket-allocator-granularity=16"
    "memorysetup-bucket-allocator-bucket-count=8"
    "memorysetup-bucket-allocator-block-size=33554432"
    "memorysetup-bucket-allocator-block-count=8"
    "memorysetup-main-allocator-block-size=16777216"
    "memorysetup-thread-allocator-block-size=16777216"
    "memorysetup-gfx-main-allocator-block-size=16777216"
    "memorysetup-gfx-thread-allocator-block-size=16777216"
    "memorysetup-cache-allocator-block-size=4194304"
    "memorysetup-typetree-allocator-block-size=2097152"
    "memorysetup-profiler-bucket-allocator-granularity=16"
    "memorysetup-profiler-bucket-allocator-bucket-count=8"
    "memorysetup-profiler-bucket-allocator-block-size=33554432"
    "memorysetup-profiler-bucket-allocator-block-count=8"
    "memorysetup-profiler-allocator-block-size=16777216"
    "memorysetup-profiler-editor-allocator-block-size=1048576"
    "memorysetup-temp-allocator-size-main=16777216"
    "memorysetup-job-temp-allocator-block-size=2097152"
    "memorysetup-job-temp-allocator-block-size-background=1048576"
    "memorysetup-job-temp-allocator-reduction-small-platforms=262144"
    "memorysetup-temp-allocator-size-background-worker=32768"
    "memorysetup-temp-allocator-size-job-worker=262144"
    "memorysetup-temp-allocator-size-preload-manager=33554432"
    "memorysetup-temp-allocator-size-nav-mesh-worker=65536"
    "memorysetup-temp-allocator-size-audio-worker=65536"
    "memorysetup-temp-allocator-size-cloud-worker=32768"
    "memorysetup-temp-allocator-size-gi-baking-worker=262144"
    "memorysetup-temp-allocator-size-gfx=262144"
Player connection [9532] Host "[IP] 172.29.0.1 [Port] 0 [Flags] 2 [Guid] 453166323 [EditorId] 453166323 [Version] 1048832 [Id] WindowsEditor(7,DESKTOP-8G58738) [Debug] 1 [PackageName] WindowsEditor [ProjectName] Editor" joined multi-casting on [225.0.0.222:54997]...

Player connection [9532] Host "[IP] 172.29.0.1 [Port] 0 [Flags] 2 [Guid] 453166323 [EditorId] 453166323 [Version] 1048832 [Id] WindowsEditor(7,DESKTOP-8G58738) [Debug] 1 [PackageName] WindowsEditor [ProjectName] Editor" joined alternative multi-casting on [225.0.0.222:34997]...

Refreshing native plugins compatible for Editor in 180.28 ms, found 4 plugins.
Preloading 0 native plugins for Editor in 0.00 ms.
Initialize engine version: 2021.3.27f1 (ca3ffb99bcc6)
[Subsystems] Discovering subsystems at path C:/Program Files/Unity/Hub/Editor/2021.3.27f1/Editor/Data/Resources/UnitySubsystems
[Subsystems] Discovering subsystems at path C:/Users/zachp/Desktop/car_ml/Assets
GfxDevice: creating device client; threaded=0; jobified=0
Direct3D:
    Version:  Direct3D 11.0 [level 11.1]
    Renderer: Intel(R) Iris(R) Xe Graphics (ID=0x9a49)
    Vendor:   Intel
    VRAM:     8037 MB
    Driver:   30.0.101.1404
Initialize mono
Mono path[0] = 'C:/Program Files/Unity/Hub/Editor/2021.3.27f1/Editor/Data/Managed'
Mono path[1] = 'C:/Program Files/Unity/Hub/Editor/2021.3.27f1/Editor/Data/MonoBleedingEdge/lib/mono/unityjit-win32'
Mono config path = 'C:/Program Files/Unity/Hub/Editor/2021.3.27f1/Editor/Data/MonoBleedingEdge/etc'
Using monoOptions --debugger-agent=transport=dt_socket,embedding=1,server=y,suspend=n,address=127.0.0.1:56712
Begin MonoManager ReloadAssembly
Registering precompiled unity dll's ...
Register platform support module: C:/Program Files/Unity/Hub/Editor/2021.3.27f1/Editor/Data/PlaybackEngines/WindowsStandaloneSupport/UnityEditor.WindowsStandalone.Extensions.dll
Registered in 0.010102 seconds.
Native extension for WindowsStandalone target not found
Refreshing native plugins compatible for Editor in 73.48 ms, found 4 plugins.
Preloading 0 native plugins for Editor in 0.00 ms.
Mono: successfully reloaded assembly
- Completed reload, in  0.647 seconds
Domain Reload Profiling:
	ReloadAssembly (648ms)
		BeginReloadAssembly (109ms)
			ExecutionOrderSort (0ms)
			DisableScriptedObjects (0ms)
			BackupInstance (0ms)
			ReleaseScriptingObjects (0ms)
			CreateAndSetChildDomain (1ms)
		EndReloadAssembly (429ms)
			LoadAssemblies (103ms)
			RebuildTransferFunctionScriptingTraits (0ms)
			SetupTypeCache (97ms)
			ReleaseScriptCaches (0ms)
			RebuildScriptCaches (27ms)
			SetupLoadedEditorAssemblies (249ms)
				LogAssemblyErrors (0ms)
				InitializePlatformSupportModulesInManaged (8ms)
				SetLoadedEditorAssemblies (0ms)
				RefreshPlugins (74ms)
				BeforeProcessingInitializeOnLoad (1ms)
				ProcessInitializeOnLoadAttributes (108ms)
				ProcessInitializeOnLoadMethodAttributes (58ms)
				AfterProcessingInitializeOnLoad (0ms)
				EditorAssembliesLoaded (0ms)
			ExecutionOrderSort2 (0ms)
			AwakeInstancesAfterBackupRestoration (0ms)
Platform modules already initialized, skipping
Registering precompiled user dll's ...
Registered in 0.014205 seconds.
Begin MonoManager ReloadAssembly
Symbol file LoadedFromMemory doesn't match image C:\Users\zachp\Desktop\car_ml\Library\PackageCache\com.unity.visualscripting@1.8.0\Editor\VisualScripting.Core\Dependencies\YamlDotNet\Unity.VisualScripting.YamlDotNet.dll
Symbol file LoadedFromMemory doesn't match image C:\Users\zachp\Desktop\car_ml\Library\PackageCache\com.unity.visualscripting@1.8.0\Editor\VisualScripting.Core\Dependencies\DotNetZip\Unity.VisualScripting.IonicZip.dll
Native extension for WindowsStandalone target not found
Refreshing native plugins compatible for Editor in 88.09 ms, found 4 plugins.
Preloading 0 native plugins for Editor in 0.00 ms.
Mono: successfully reloaded assembly
- Completed reload, in  1.195 seconds
Domain Reload Profiling:
	ReloadAssembly (1196ms)
		BeginReloadAssembly (129ms)
			ExecutionOrderSort (0ms)
			DisableScriptedObjects (7ms)
			BackupInstance (0ms)
			ReleaseScriptingObjects (0ms)
			CreateAndSetChildDomain (18ms)
		EndReloadAssembly (937ms)
			LoadAssemblies (114ms)
			RebuildTransferFunctionScriptingTraits (0ms)
			SetupTypeCache (289ms)
			ReleaseScriptCaches (1ms)
			RebuildScriptCaches (50ms)
			SetupLoadedEditorAssemblies (445ms)
				LogAssemblyErrors (0ms)
				InitializePlatformSupportModulesInManaged (5ms)
				SetLoadedEditorAssemblies (0ms)
				RefreshPlugins (88ms)
				BeforeProcessingInitializeOnLoad (103ms)
				ProcessInitializeOnLoadAttributes (221ms)
				ProcessInitializeOnLoadMethodAttributes (16ms)
				AfterProcessingInitializeOnLoad (12ms)
				EditorAssembliesLoaded (0ms)
			ExecutionOrderSort2 (0ms)
			AwakeInstancesAfterBackupRestoration (13ms)
Platform modules already initialized, skipping
========================================================================
Worker process is ready to serve import requests
Launched and connected shader compiler UnityShaderCompiler.exe after 0.05 seconds
Refreshing native plugins compatible for Editor in 0.62 ms, found 4 plugins.
Preloading 0 native plugins for Editor in 0.00 ms.
Unloading 3750 Unused Serialized files (Serialized files now loaded: 0)
Unloading 62 unused Assets / (21.0 MB). Loaded Objects now: 4174.
Memory consumption went from 180.2 MB to 159.2 MB.
Total: 5.050900 ms (FindLiveObjects: 0.250500 ms CreateObjectMapping: 0.136300 ms MarkObjects: 2.356300 ms  DeleteObjects: 2.306700 ms)

AssetImportParameters requested are different than current active one (requested -> active):
  custom:video-decoder-ogg-theora: a1e56fd34408186e4bbccfd4996cb3dc -> 
  custom:container-muxer-webm: aa71ff27fc2769a1b78a27578f13a17b -> 
  custom:container-demuxer-webm: 4f35f7cbe854078d1ac9338744f61a02 -> 
  custom:video-encoder-webm-vp8: eb34c28f22e8b96e1ab97ce403110664 -> 
  custom:audio-encoder-webm-vorbis: bf7c407c2cedff20999df2af8eb42d56 -> 
  custom:framework-win-MediaFoundation: 216162199b28c13a410421893ffa2e32 -> 
  custom:container-demuxer-ogg: 62fdf1f143b41e24485cea50d1cbac27 -> 
  custom:video-decoder-webm-vp8: 9c59270c3fd7afecdb556c50c9e8de78 -> 
  custom:audio-decoder-ogg-vorbis: bf7c407c2cedff20999df2af8eb42d56 -> 
========================================================================
Received Import Request.
  Time since last request: 1096852.133749 seconds.
  path: Assets/HTS/HTS_PreFab/Road/Street_Big_Crossing.prefab
  artifactKey: Guid(e16232221deaf5049a221a9f5a393177) Importer(815301076,1909f56bfc062723c751e8b465ee728b)
Start importing Assets/HTS/HTS_PreFab/Road/Street_Big_Crossing.prefab using Guid(e16232221deaf5049a221a9f5a393177) Importer(815301076,1909f56bfc062723c751e8b465ee728b)  -> (artifact id: '05e18724b462b881758852df9375ebb9') in 0.128836 seconds 
========================================================================
Received Import Request.
  Time since last request: 21.882332 seconds.
  path: Assets/HTS/HTS_PreFab/Road/S_4_Cross.prefab
  artifactKey: Guid(e16232221deaf5049a221a9f5a393177) Importer(815301076,1909f56bfc062723c751e8b465ee728b)
Start importing Assets/HTS/HTS_PreFab/Road/S_4_Cross.prefab using Guid(e16232221deaf5049a221a9f5a393177) Importer(815301076,1909f56bfc062723c751e8b465ee728b)  -> (artifact id: '3d3f25ed8de0b7a0faec06e058cb9f97') in 0.022745 seconds 
========================================================================
Received Import Request.
  Time since last request: 20.475415 seconds.
  path: Assets/test_space/RollerBall.onnx
  artifactKey: Guid(d54b9a87a456e7a4b8b9fd97c0ae9a04) Importer(815301076,1909f56bfc062723c751e8b465ee728b)
Start importing Assets/test_space/RollerBall.onnx using Guid(d54b9a87a456e7a4b8b9fd97c0ae9a04) Importer(815301076,1909f56bfc062723c751e8b465ee728b)  -> (artifact id: '371d38214b3b80457d9156c6c6448899') in 0.051564 seconds 
========================================================================
Received Import Request.
  Time since last request: 101.487287 seconds.
  path: Assets/HTS/HTS_PreFab/Road/S_3_Cross.prefab
  artifactKey: Guid(a627799bc88b4de4a9652cb38b7e196d) Importer(815301076,1909f56bfc062723c751e8b465ee728b)
Start importing Assets/HTS/HTS_PreFab/Road/S_3_Cross.prefab using Guid(a627799bc88b4de4a9652cb38b7e196d) Importer(815301076,1909f56bfc062723c751e8b465ee728b)  -> (artifact id: '44a399fde480700de901408b920e44af') in 0.024754 seconds 
========================================================================
Received Import Request.
  Time since last request: 159.182806 seconds.
  path: Assets/HTS/HTS_PreFab/Road/S_Straight_7m.prefab
  artifactKey: Guid(9b12969deeb1b664cbb7beb0a92b9a92) Importer(815301076,1909f56bfc062723c751e8b465ee728b)
Start importing Assets/HTS/HTS_PreFab/Road/S_Straight_7m.prefab using Guid(9b12969deeb1b664cbb7beb0a92b9a92) Importer(815301076,1909f56bfc062723c751e8b465ee728b)  -> (artifact id: '257b11dafd412e3e187927718e478b6f') in 0.024786 seconds 
========================================================================
Received Import Request.
  Time since last request: 21.371598 seconds.
  path: Assets/HTS/HTS_PreFab/Road/S_Straight_5m.prefab
  artifactKey: Guid(7edcf89c946180f4996df8aacc58b100) Importer(815301076,1909f56bfc062723c751e8b465ee728b)
Start importing Assets/HTS/HTS_PreFab/Road/S_Straight_5m.prefab using Guid(7edcf89c946180f4996df8aacc58b100) Importer(815301076,1909f56bfc062723c751e8b465ee728b)  -> (artifact id: 'f46f305437364ec66485870b7c1198e8') in 0.022189 seconds 
========================================================================
Received Import Request.
  Time since last request: 25.296417 seconds.
  path: Assets/HTS/HTS_PreFab/Road/S_Straight_3m.prefab
  artifactKey: Guid(3d8cc0e0ada63d046ac5674b5f40c54b) Importer(815301076,1909f56bfc062723c751e8b465ee728b)
Start importing Assets/HTS/HTS_PreFab/Road/S_Straight_3m.prefab using Guid(3d8cc0e0ada63d046ac5674b5f40c54b) Importer(815301076,1909f56bfc062723c751e8b465ee728b)  -> (artifact id: '44abb7bf14f4fc7e70b401ffa9decd97') in 0.023071 seconds 
========================================================================
Received Import Request.
  Time since last request: 77.966745 seconds.
  path: Assets/HTS/HTS_PreFab/Road/S_Straight_10m.prefab
  artifactKey: Guid(60c3156729430fa4e99aa1f4cf159dd4) Importer(815301076,1909f56bfc062723c751e8b465ee728b)
Start importing Assets/HTS/HTS_PreFab/Road/S_Straight_10m.prefab using Guid(60c3156729430fa4e99aa1f4cf159dd4) Importer(815301076,1909f56bfc062723c751e8b465ee728b)  -> (artifact id: 'e40ee263723f88d404991949221fd5ee') in 0.023332 seconds 
========================================================================
Received Import Request.
  Time since last request: 81.981534 seconds.
  path: Assets/HTS/HTS_PreFab/Road/S_Turn.prefab
  artifactKey: Guid(cc07a3fa2bec58f4bae95b243f72fab7) Importer(815301076,1909f56bfc062723c751e8b465ee728b)
Start importing Assets/HTS/HTS_PreFab/Road/S_Turn.prefab using Guid(cc07a3fa2bec58f4bae95b243f72fab7) Importer(815301076,1909f56bfc062723c751e8b465ee728b)  -> (artifact id: 'e5ef81b66ef0e5bab96b1dbeef2d4064') in 0.020649 seconds 
========================================================================
Received Import Request.
  Time since last request: 649.007806 seconds.
  path: Assets/HTS/HTS_PreFab/Road/S_Straight_3m.prefab
  artifactKey: Guid(3d8cc0e0ada63d046ac5674b5f40c54b) Importer(815301076,1909f56bfc062723c751e8b465ee728b)
Start importing Assets/HTS/HTS_PreFab/Road/S_Straight_3m.prefab using Guid(3d8cc0e0ada63d046ac5674b5f40c54b) Importer(815301076,1909f56bfc062723c751e8b465ee728b)  -> (artifact id: 'b407f70f7e0656563edcd0d172cac154') in 0.021100 seconds 
========================================================================
Received Import Request.
  Time since last request: 111.151956 seconds.
  path: Assets/HTS/HTS_PreFab/Road/S_Straight_3m.prefab
  artifactKey: Guid(3d8cc0e0ada63d046ac5674b5f40c54b) Importer(815301076,1909f56bfc062723c751e8b465ee728b)
Start importing Assets/HTS/HTS_PreFab/Road/S_Straight_3m.prefab using Guid(3d8cc0e0ada63d046ac5674b5f40c54b) Importer(815301076,1909f56bfc062723c751e8b465ee728b)  -> (artifact id: '1dfd878a1e7cb9289f5d3a0e06f3fec6') in 0.020130 seconds 
