Using pre-set license
Built from '2021.3/release' branch; Version is '2021.3.27f1 (ca3ffb99bcc6) revision 13254651'; Using compiler version '192829333'; Build Type 'Release'
OS: 'Windows 10  (10.0.19045) 64bit Core' Language: 'ko' Physical Memory: 16075 MB
BatchMode: 1, IsHumanControllingUs: 0, StartBugReporterOnCrash: 0, Is64bit: 1, IsPro: 1

COMMAND LINE ARGUMENTS:
C:\Program Files\Unity\Hub\Editor\2021.3.27f1\Editor\Unity.exe
-adb2
-batchMode
-noUpm
-name
AssetImportWorker2
-projectPath
C:/github/car_ml-agent/car_ml
-logFile
Logs/AssetImportWorker2.log
-srvPort
64708
Successfully changed project path to: C:/github/car_ml-agent/car_ml
C:/github/car_ml-agent/car_ml
[UnityMemory] Configuration Parameters - Can be set up in boot.config
    "memorysetup-bucket-allocator-granularity=16"
    "memorysetup-bucket-allocator-bucket-count=8"
    "memorysetup-bucket-allocator-block-size=33554432"
    "memorysetup-bucket-allocator-block-count=8"
    "memorysetup-main-allocator-block-size=16777216"
    "memorysetup-thread-allocator-block-size=16777216"
    "memorysetup-gfx-main-allocator-block-size=16777216"
    "memorysetup-gfx-thread-allocator-block-size=16777216"
    "memorysetup-cache-allocator-block-size=4194304"
    "memorysetup-typetree-allocator-block-size=2097152"
    "memorysetup-profiler-bucket-allocator-granularity=16"
    "memorysetup-profiler-bucket-allocator-bucket-count=8"
    "memorysetup-profiler-bucket-allocator-block-size=33554432"
    "memorysetup-profiler-bucket-allocator-block-count=8"
    "memorysetup-profiler-allocator-block-size=16777216"
    "memorysetup-profiler-editor-allocator-block-size=1048576"
    "memorysetup-temp-allocator-size-main=16777216"
    "memorysetup-job-temp-allocator-block-size=2097152"
    "memorysetup-job-temp-allocator-block-size-background=1048576"
    "memorysetup-job-temp-allocator-reduction-small-platforms=262144"
    "memorysetup-temp-allocator-size-background-worker=32768"
    "memorysetup-temp-allocator-size-job-worker=262144"
    "memorysetup-temp-allocator-size-preload-manager=33554432"
    "memorysetup-temp-allocator-size-nav-mesh-worker=65536"
    "memorysetup-temp-allocator-size-audio-worker=65536"
    "memorysetup-temp-allocator-size-cloud-worker=32768"
    "memorysetup-temp-allocator-size-gi-baking-worker=262144"
    "memorysetup-temp-allocator-size-gfx=262144"
Player connection [18236] Host "[IP] 172.29.0.1 [Port] 0 [Flags] 2 [Guid] 1674346153 [EditorId] 1674346153 [Version] 1048832 [Id] WindowsEditor(7,DESKTOP-8G58738) [Debug] 1 [PackageName] WindowsEditor [ProjectName] Editor" joined multi-casting on [225.0.0.222:54997]...

Player connection [18236] Host "[IP] 172.29.0.1 [Port] 0 [Flags] 2 [Guid] 1674346153 [EditorId] 1674346153 [Version] 1048832 [Id] WindowsEditor(7,DESKTOP-8G58738) [Debug] 1 [PackageName] WindowsEditor [ProjectName] Editor" joined alternative multi-casting on [225.0.0.222:34997]...

Refreshing native plugins compatible for Editor in 178.01 ms, found 4 plugins.
Preloading 0 native plugins for Editor in 0.00 ms.
Initialize engine version: 2021.3.27f1 (ca3ffb99bcc6)
[Subsystems] Discovering subsystems at path C:/Program Files/Unity/Hub/Editor/2021.3.27f1/Editor/Data/Resources/UnitySubsystems
[Subsystems] Discovering subsystems at path C:/github/car_ml-agent/car_ml/Assets
GfxDevice: creating device client; threaded=0; jobified=0
Direct3D:
    Version:  Direct3D 11.0 [level 11.1]
    Renderer: Intel(R) Iris(R) Xe Graphics (ID=0x9a49)
    Vendor:   Intel
    VRAM:     8037 MB
    Driver:   30.0.101.1404
Initialize mono
Mono path[0] = 'C:/Program Files/Unity/Hub/Editor/2021.3.27f1/Editor/Data/Managed'
Mono path[1] = 'C:/Program Files/Unity/Hub/Editor/2021.3.27f1/Editor/Data/MonoBleedingEdge/lib/mono/unityjit-win32'
Mono config path = 'C:/Program Files/Unity/Hub/Editor/2021.3.27f1/Editor/Data/MonoBleedingEdge/etc'
Using monoOptions --debugger-agent=transport=dt_socket,embedding=1,server=y,suspend=n,address=127.0.0.1:56500
Begin MonoManager ReloadAssembly
Registering precompiled unity dll's ...
Register platform support module: C:/Program Files/Unity/Hub/Editor/2021.3.27f1/Editor/Data/PlaybackEngines/WindowsStandaloneSupport/UnityEditor.WindowsStandalone.Extensions.dll
Registered in 0.010011 seconds.
Native extension for WindowsStandalone target not found
Refreshing native plugins compatible for Editor in 85.21 ms, found 4 plugins.
Preloading 0 native plugins for Editor in 0.00 ms.
Mono: successfully reloaded assembly
- Completed reload, in  0.651 seconds
Domain Reload Profiling:
	ReloadAssembly (652ms)
		BeginReloadAssembly (101ms)
			ExecutionOrderSort (0ms)
			DisableScriptedObjects (0ms)
			BackupInstance (0ms)
			ReleaseScriptingObjects (0ms)
			CreateAndSetChildDomain (1ms)
		EndReloadAssembly (444ms)
			LoadAssemblies (96ms)
			RebuildTransferFunctionScriptingTraits (0ms)
			SetupTypeCache (97ms)
			ReleaseScriptCaches (0ms)
			RebuildScriptCaches (29ms)
			SetupLoadedEditorAssemblies (260ms)
				LogAssemblyErrors (0ms)
				InitializePlatformSupportModulesInManaged (8ms)
				SetLoadedEditorAssemblies (0ms)
				RefreshPlugins (85ms)
				BeforeProcessingInitializeOnLoad (1ms)
				ProcessInitializeOnLoadAttributes (111ms)
				ProcessInitializeOnLoadMethodAttributes (55ms)
				AfterProcessingInitializeOnLoad (0ms)
				EditorAssembliesLoaded (0ms)
			ExecutionOrderSort2 (0ms)
			AwakeInstancesAfterBackupRestoration (0ms)
Platform modules already initialized, skipping
Registering precompiled user dll's ...
Registered in 0.015544 seconds.
Begin MonoManager ReloadAssembly
Symbol file LoadedFromMemory doesn't match image C:\github\car_ml-agent\car_ml\Library\PackageCache\com.unity.visualscripting@1.8.0\Editor\VisualScripting.Core\Dependencies\YamlDotNet\Unity.VisualScripting.YamlDotNet.dll
Symbol file LoadedFromMemory doesn't match image C:\github\car_ml-agent\car_ml\Library\PackageCache\com.unity.visualscripting@1.8.0\Editor\VisualScripting.Core\Dependencies\DotNetZip\Unity.VisualScripting.IonicZip.dll
Native extension for WindowsStandalone target not found
Refreshing native plugins compatible for Editor in 72.22 ms, found 4 plugins.
Preloading 0 native plugins for Editor in 0.00 ms.
Mono: successfully reloaded assembly
- Completed reload, in  1.311 seconds
Domain Reload Profiling:
	ReloadAssembly (1312ms)
		BeginReloadAssembly (259ms)
			ExecutionOrderSort (0ms)
			DisableScriptedObjects (10ms)
			BackupInstance (0ms)
			ReleaseScriptingObjects (0ms)
			CreateAndSetChildDomain (36ms)
		EndReloadAssembly (922ms)
			LoadAssemblies (188ms)
			RebuildTransferFunctionScriptingTraits (0ms)
			SetupTypeCache (293ms)
			ReleaseScriptCaches (1ms)
			RebuildScriptCaches (46ms)
			SetupLoadedEditorAssemblies (433ms)
				LogAssemblyErrors (0ms)
				InitializePlatformSupportModulesInManaged (6ms)
				SetLoadedEditorAssemblies (0ms)
				RefreshPlugins (72ms)
				BeforeProcessingInitializeOnLoad (97ms)
				ProcessInitializeOnLoadAttributes (230ms)
				ProcessInitializeOnLoadMethodAttributes (16ms)
				AfterProcessingInitializeOnLoad (11ms)
				EditorAssembliesLoaded (0ms)
			ExecutionOrderSort2 (0ms)
			AwakeInstancesAfterBackupRestoration (12ms)
Platform modules already initialized, skipping
========================================================================
Worker process is ready to serve import requests
Launched and connected shader compiler UnityShaderCompiler.exe after 0.06 seconds
Refreshing native plugins compatible for Editor in 0.67 ms, found 4 plugins.
Preloading 0 native plugins for Editor in 0.00 ms.
Unloading 3747 Unused Serialized files (Serialized files now loaded: 0)
Unloading 62 unused Assets / (21.0 MB). Loaded Objects now: 4171.
Memory consumption went from 180.1 MB to 159.1 MB.
Total: 5.155300 ms (FindLiveObjects: 0.263900 ms CreateObjectMapping: 0.133000 ms MarkObjects: 2.352000 ms  DeleteObjects: 2.405100 ms)

AssetImportParameters requested are different than current active one (requested -> active):
  custom:video-decoder-ogg-theora: a1e56fd34408186e4bbccfd4996cb3dc -> 
  custom:container-muxer-webm: aa71ff27fc2769a1b78a27578f13a17b -> 
  custom:container-demuxer-webm: 4f35f7cbe854078d1ac9338744f61a02 -> 
  custom:video-encoder-webm-vp8: eb34c28f22e8b96e1ab97ce403110664 -> 
  custom:audio-encoder-webm-vorbis: bf7c407c2cedff20999df2af8eb42d56 -> 
  custom:framework-win-MediaFoundation: 216162199b28c13a410421893ffa2e32 -> 
  custom:container-demuxer-ogg: 62fdf1f143b41e24485cea50d1cbac27 -> 
  custom:video-decoder-webm-vp8: 9c59270c3fd7afecdb556c50c9e8de78 -> 
  custom:audio-decoder-ogg-vorbis: bf7c407c2cedff20999df2af8eb42d56 -> 
========================================================================
Received Import Request.
  Time since last request: 572951.166141 seconds.
  path: Assets/HTS/HTS_PreFab/Building/Building1_1 1.prefab
  artifactKey: Guid(8cab1f8ee84a0944d973f2be9c0e6e1c) Importer(815301076,1909f56bfc062723c751e8b465ee728b)
Start importing Assets/HTS/HTS_PreFab/Building/Building1_1 1.prefab using Guid(8cab1f8ee84a0944d973f2be9c0e6e1c) Importer(815301076,1909f56bfc062723c751e8b465ee728b)  -> (artifact id: '56264abbaa6f6f9956e5e41c90587e53') in 0.170010 seconds 
========================================================================
Received Import Request.
  Time since last request: 0.000059 seconds.
  path: Assets/HTS/HTS_PreFab/Building/Skyscraper3_1.prefab
  artifactKey: Guid(c8bb12a3bdbe7a6468bf265f0ef0c2bd) Importer(815301076,1909f56bfc062723c751e8b465ee728b)
Start importing Assets/HTS/HTS_PreFab/Building/Skyscraper3_1.prefab using Guid(c8bb12a3bdbe7a6468bf265f0ef0c2bd) Importer(815301076,1909f56bfc062723c751e8b465ee728b)  -> (artifact id: '86d84096368c53f86e350ce99558397c') in 0.030983 seconds 
========================================================================
Received Import Request.
  Time since last request: 0.000060 seconds.
  path: Assets/HTS/HTS_PreFab/Building/Skyscraper3_3.prefab
  artifactKey: Guid(a39fd2faa340b5c469a3ba181d04d73c) Importer(815301076,1909f56bfc062723c751e8b465ee728b)
Start importing Assets/HTS/HTS_PreFab/Building/Skyscraper3_3.prefab using Guid(a39fd2faa340b5c469a3ba181d04d73c) Importer(815301076,1909f56bfc062723c751e8b465ee728b)  -> (artifact id: '92a9932eb8a858b8594bb7730adde871') in 0.017801 seconds 
========================================================================
Received Import Request.
  Time since last request: 0.000031 seconds.
  path: Assets/HTS/HTS_PreFab/Building/Skyscraper4_2.prefab
  artifactKey: Guid(8991ba02264a66c49981f6650189ee11) Importer(815301076,1909f56bfc062723c751e8b465ee728b)
Start importing Assets/HTS/HTS_PreFab/Building/Skyscraper4_2.prefab using Guid(8991ba02264a66c49981f6650189ee11) Importer(815301076,1909f56bfc062723c751e8b465ee728b)  -> (artifact id: 'b32d66ebb7d7e93a8584edce32ed0b8a') in 0.030360 seconds 
========================================================================
Received Import Request.
  Time since last request: 0.793628 seconds.
  path: Assets/HTS/HTS_PreFab/Building/Factory4_2.prefab
  artifactKey: Guid(93073c804a674ce47a469325164b0652) Importer(815301076,1909f56bfc062723c751e8b465ee728b)
Start importing Assets/HTS/HTS_PreFab/Building/Factory4_2.prefab using Guid(93073c804a674ce47a469325164b0652) Importer(815301076,1909f56bfc062723c751e8b465ee728b)  -> (artifact id: 'eaab21a4503d7ceed9dc9b87f21d75c2') in 0.022889 seconds 
========================================================================
Received Import Request.
  Time since last request: 0.000023 seconds.
  path: Assets/HTS/HTS_PreFab/Building/Factory4_1.prefab
  artifactKey: Guid(43f073db8cf77ef4689b71edd0f81fc7) Importer(815301076,1909f56bfc062723c751e8b465ee728b)
Start importing Assets/HTS/HTS_PreFab/Building/Factory4_1.prefab using Guid(43f073db8cf77ef4689b71edd0f81fc7) Importer(815301076,1909f56bfc062723c751e8b465ee728b)  -> (artifact id: '615ec5bf53c517c95ebadafba33eca85') in 0.016214 seconds 
========================================================================
Received Import Request.
  Time since last request: 0.000030 seconds.
  path: Assets/HTS/HTS_PreFab/Building/Factory5_2.prefab
  artifactKey: Guid(dc6a89dc2082f4d4c87bb5e178e68527) Importer(815301076,1909f56bfc062723c751e8b465ee728b)
Start importing Assets/HTS/HTS_PreFab/Building/Factory5_2.prefab using Guid(dc6a89dc2082f4d4c87bb5e178e68527) Importer(815301076,1909f56bfc062723c751e8b465ee728b)  -> (artifact id: '5d29af1183ad1602b7661bcc96deae55') in 0.028254 seconds 
========================================================================
Received Import Request.
  Time since last request: 0.053002 seconds.
  path: Assets/HTS/HTS_PreFab/Building/Factory1_2.prefab
  artifactKey: Guid(31d4a0d12557db94b86a51a684c5ec06) Importer(815301076,1909f56bfc062723c751e8b465ee728b)
Start importing Assets/HTS/HTS_PreFab/Building/Factory1_2.prefab using Guid(31d4a0d12557db94b86a51a684c5ec06) Importer(815301076,1909f56bfc062723c751e8b465ee728b)  -> (artifact id: 'acaa1e0088231b331877f3826a28dc80') in 0.033255 seconds 
========================================================================
Received Import Request.
  Time since last request: 0.136741 seconds.
  path: Assets/HTS/HTS_PreFab/Building/Building12_2.prefab
  artifactKey: Guid(7cf4aee054f893a46a82f8b2fa153517) Importer(815301076,1909f56bfc062723c751e8b465ee728b)
Start importing Assets/HTS/HTS_PreFab/Building/Building12_2.prefab using Guid(7cf4aee054f893a46a82f8b2fa153517) Importer(815301076,1909f56bfc062723c751e8b465ee728b)  -> (artifact id: '4b3b4ad7f0733662db1a011e744ff392') in 0.017340 seconds 
========================================================================
Received Import Request.
  Time since last request: 0.000037 seconds.
  path: Assets/HTS/HTS_PreFab/Building/Factory1_1.prefab
  artifactKey: Guid(a02ea7b4c8111c8489b3cf3b348f9176) Importer(815301076,1909f56bfc062723c751e8b465ee728b)
Start importing Assets/HTS/HTS_PreFab/Building/Factory1_1.prefab using Guid(a02ea7b4c8111c8489b3cf3b348f9176) Importer(815301076,1909f56bfc062723c751e8b465ee728b)  -> (artifact id: '39305c7193db465441bf5f886369d421') in 0.014928 seconds 
========================================================================
Received Import Request.
  Time since last request: 0.000034 seconds.
  path: Assets/HTS/HTS_PreFab/Building/Building11_2.prefab
  artifactKey: Guid(8a6e6baefaba45f4699162567718885f) Importer(815301076,1909f56bfc062723c751e8b465ee728b)
Start importing Assets/HTS/HTS_PreFab/Building/Building11_2.prefab using Guid(8a6e6baefaba45f4699162567718885f) Importer(815301076,1909f56bfc062723c751e8b465ee728b)  -> (artifact id: 'c63e6b104ef6c45f7dcee5af9ece557f') in 0.027619 seconds 
========================================================================
Received Import Request.
  Time since last request: 0.021374 seconds.
  path: Assets/HTS/HTS_PreFab/Building/Building9_2.prefab
  artifactKey: Guid(0472e2456eff1cf4bbbcb9015f7048ee) Importer(815301076,1909f56bfc062723c751e8b465ee728b)
Start importing Assets/HTS/HTS_PreFab/Building/Building9_2.prefab using Guid(0472e2456eff1cf4bbbcb9015f7048ee) Importer(815301076,1909f56bfc062723c751e8b465ee728b)  -> (artifact id: '09ed2dc68aac2ebee8350bead1fe1c26') in 0.024463 seconds 
========================================================================
Received Import Request.
  Time since last request: 0.040820 seconds.
  path: Assets/HTS/HTS_PreFab/Building/Building7_4.prefab
  artifactKey: Guid(3d37e60188a3d104491a5334c5bc07d5) Importer(815301076,1909f56bfc062723c751e8b465ee728b)
Start importing Assets/HTS/HTS_PreFab/Building/Building7_4.prefab using Guid(3d37e60188a3d104491a5334c5bc07d5) Importer(815301076,1909f56bfc062723c751e8b465ee728b)  -> (artifact id: 'a58304d08d46b7ac1e5c885b5154035b') in 0.027408 seconds 
========================================================================
Received Import Request.
  Time since last request: 0.126811 seconds.
  path: Assets/HTS/HTS_PreFab/Building/Building6_2.prefab
  artifactKey: Guid(b58a994bc29abb4428703471e60e4146) Importer(815301076,1909f56bfc062723c751e8b465ee728b)
Start importing Assets/HTS/HTS_PreFab/Building/Building6_2.prefab using Guid(b58a994bc29abb4428703471e60e4146) Importer(815301076,1909f56bfc062723c751e8b465ee728b)  -> (artifact id: '573a097b444998cdbac27578a3e1cb9e') in 0.026218 seconds 
========================================================================
Received Import Request.
  Time since last request: 0.000035 seconds.
  path: Assets/HTS/HTS_PreFab/Building/Building4_4.prefab
  artifactKey: Guid(960698ea4b63a5b47bfdcc489a787580) Importer(815301076,1909f56bfc062723c751e8b465ee728b)
Start importing Assets/HTS/HTS_PreFab/Building/Building4_4.prefab using Guid(960698ea4b63a5b47bfdcc489a787580) Importer(815301076,1909f56bfc062723c751e8b465ee728b)  -> (artifact id: '03d9e5b4523e032fc34d84d4c13c1ef0') in 0.025316 seconds 
========================================================================
Received Import Request.
  Time since last request: 0.000040 seconds.
  path: Assets/HTS/HTS_PreFab/Building/Building5_4.prefab
  artifactKey: Guid(2ac0998d06b23e64eb579c09a5b3f866) Importer(815301076,1909f56bfc062723c751e8b465ee728b)
Start importing Assets/HTS/HTS_PreFab/Building/Building5_4.prefab using Guid(2ac0998d06b23e64eb579c09a5b3f866) Importer(815301076,1909f56bfc062723c751e8b465ee728b)  -> (artifact id: 'd71df326d416ab79532fbdf57d6b90a1') in 0.026059 seconds 
========================================================================
Received Import Request.
  Time since last request: 0.043374 seconds.
  path: Assets/HTS/HTS_PreFab/Building/Building2_1.prefab
  artifactKey: Guid(cac2a5bbf7438164186e9769b60bbb76) Importer(815301076,1909f56bfc062723c751e8b465ee728b)
Start importing Assets/HTS/HTS_PreFab/Building/Building2_1.prefab using Guid(cac2a5bbf7438164186e9769b60bbb76) Importer(815301076,1909f56bfc062723c751e8b465ee728b)  -> (artifact id: 'ce7f522edb31c103a566b349710aa354') in 0.029258 seconds 
========================================================================
Received Import Request.
  Time since last request: 0.000041 seconds.
  path: Assets/HTS/HTS_PreFab/Building/Building3_3.prefab
  artifactKey: Guid(765e01ef80da98c48b1a3af4bd59e5ce) Importer(815301076,1909f56bfc062723c751e8b465ee728b)
Start importing Assets/HTS/HTS_PreFab/Building/Building3_3.prefab using Guid(765e01ef80da98c48b1a3af4bd59e5ce) Importer(815301076,1909f56bfc062723c751e8b465ee728b)  -> (artifact id: 'de7f58f6e18152c90b41cc8021b7fa8d') in 0.029534 seconds 
========================================================================
Received Import Request.
  Time since last request: 0.000049 seconds.
  path: Assets/HTS/HTS_PreFab/Building/Building4_1.prefab
  artifactKey: Guid(620c6cd2a1dee06479803b034eba0fe5) Importer(815301076,1909f56bfc062723c751e8b465ee728b)
Start importing Assets/HTS/HTS_PreFab/Building/Building4_1.prefab using Guid(620c6cd2a1dee06479803b034eba0fe5) Importer(815301076,1909f56bfc062723c751e8b465ee728b)  -> (artifact id: '53ddb235c8590a6d42ca8038cdd057cd') in 0.036868 seconds 
========================================================================
Received Import Request.
  Time since last request: 0.084490 seconds.
  path: Assets/HTS/HTS_PreFab/Building/Building1_2.prefab
  artifactKey: Guid(91d9371cd0e1266408b5743544e90b1e) Importer(815301076,1909f56bfc062723c751e8b465ee728b)
Start importing Assets/HTS/HTS_PreFab/Building/Building1_2.prefab using Guid(91d9371cd0e1266408b5743544e90b1e) Importer(815301076,1909f56bfc062723c751e8b465ee728b)  -> (artifact id: 'db316e6dbee6fbd38f84c2cfb9608a54') in 0.026010 seconds 
========================================================================
Received Import Request.
  Time since last request: 56.719265 seconds.
  path: Assets/HTS/HTS_PreFab/Building/Building1_3.prefab
  artifactKey: Guid(7d4c07e0f174dda45b1882a59918ecb5) Importer(815301076,1909f56bfc062723c751e8b465ee728b)
Start importing Assets/HTS/HTS_PreFab/Building/Building1_3.prefab using Guid(7d4c07e0f174dda45b1882a59918ecb5) Importer(815301076,1909f56bfc062723c751e8b465ee728b)  -> (artifact id: '8eb9bcec54b8933408ee96c2c9071ad4') in 0.021715 seconds 
========================================================================
Received Import Request.
  Time since last request: 0.003554 seconds.
  path: Assets/HTS/HTS_PreFab/Building/Building1_1.prefab
  artifactKey: Guid(f648ab7a7c922d645b67ab1ebc354f57) Importer(815301076,1909f56bfc062723c751e8b465ee728b)
Start importing Assets/HTS/HTS_PreFab/Building/Building1_1.prefab using Guid(f648ab7a7c922d645b67ab1ebc354f57) Importer(815301076,1909f56bfc062723c751e8b465ee728b)  -> (artifact id: '015b90ad225d551a5622aef34175e38d') in 0.030156 seconds 
========================================================================
Received Import Request.
  Time since last request: 0.000024 seconds.
  path: Assets/HTS/HTS_PreFab/Building/Building2_2.prefab
  artifactKey: Guid(3657498ae6c592e4ab7bafb9928df1a5) Importer(815301076,1909f56bfc062723c751e8b465ee728b)
Start importing Assets/HTS/HTS_PreFab/Building/Building2_2.prefab using Guid(3657498ae6c592e4ab7bafb9928df1a5) Importer(815301076,1909f56bfc062723c751e8b465ee728b)  -> (artifact id: 'efef288517306e3eb60eb9021f652984') in 0.016807 seconds 
========================================================================
Received Prepare
Registering precompiled user dll's ...
Registered in 0.023793 seconds.
Begin MonoManager ReloadAssembly
Symbol file LoadedFromMemory doesn't match image C:\github\car_ml-agent\car_ml\Library\PackageCache\com.unity.visualscripting@1.8.0\Editor\VisualScripting.Core\Dependencies\YamlDotNet\Unity.VisualScripting.YamlDotNet.dll
Symbol file LoadedFromMemory doesn't match image C:\github\car_ml-agent\car_ml\Library\PackageCache\com.unity.visualscripting@1.8.0\Editor\VisualScripting.Core\Dependencies\DotNetZip\Unity.VisualScripting.IonicZip.dll
Native extension for WindowsStandalone target not found
Refreshing native plugins compatible for Editor in 0.66 ms, found 4 plugins.
Preloading 0 native plugins for Editor in 0.00 ms.
Mono: successfully reloaded assembly
- Completed reload, in  1.145 seconds
Domain Reload Profiling:
	ReloadAssembly (1146ms)
		BeginReloadAssembly (169ms)
			ExecutionOrderSort (0ms)
			DisableScriptedObjects (6ms)
			BackupInstance (0ms)
			ReleaseScriptingObjects (0ms)
			CreateAndSetChildDomain (40ms)
		EndReloadAssembly (851ms)
			LoadAssemblies (130ms)
			RebuildTransferFunctionScriptingTraits (0ms)
			SetupTypeCache (311ms)
			ReleaseScriptCaches (2ms)
			RebuildScriptCaches (44ms)
			SetupLoadedEditorAssemblies (313ms)
				LogAssemblyErrors (0ms)
				InitializePlatformSupportModulesInManaged (7ms)
				SetLoadedEditorAssemblies (1ms)
				RefreshPlugins (1ms)
				BeforeProcessingInitializeOnLoad (75ms)
				ProcessInitializeOnLoadAttributes (195ms)
				ProcessInitializeOnLoadMethodAttributes (21ms)
				AfterProcessingInitializeOnLoad (14ms)
				EditorAssembliesLoaded (0ms)
			ExecutionOrderSort2 (0ms)
			AwakeInstancesAfterBackupRestoration (14ms)
Platform modules already initialized, skipping
Refreshing native plugins compatible for Editor in 4.88 ms, found 4 plugins.
Preloading 0 native plugins for Editor in 0.00 ms.
Unloading 3740 Unused Serialized files (Serialized files now loaded: 0)
Unloading 54 unused Assets / (21.0 MB). Loaded Objects now: 4183.
Memory consumption went from 183.9 MB to 163.0 MB.
Total: 4.776600 ms (FindLiveObjects: 0.273400 ms CreateObjectMapping: 0.136800 ms MarkObjects: 2.063400 ms  DeleteObjects: 2.301700 ms)

AssetImportParameters requested are different than current active one (requested -> active):
  custom:video-decoder-ogg-theora: a1e56fd34408186e4bbccfd4996cb3dc -> 
  custom:container-muxer-webm: aa71ff27fc2769a1b78a27578f13a17b -> 
  custom:container-demuxer-webm: 4f35f7cbe854078d1ac9338744f61a02 -> 
  custom:video-encoder-webm-vp8: eb34c28f22e8b96e1ab97ce403110664 -> 
  custom:audio-encoder-webm-vorbis: bf7c407c2cedff20999df2af8eb42d56 -> 
  custom:framework-win-MediaFoundation: 216162199b28c13a410421893ffa2e32 -> 
  custom:container-demuxer-ogg: 62fdf1f143b41e24485cea50d1cbac27 -> 
  custom:video-decoder-webm-vp8: 9c59270c3fd7afecdb556c50c9e8de78 -> 
  custom:audio-decoder-ogg-vorbis: bf7c407c2cedff20999df2af8eb42d56 -> 
========================================================================
Received Import Request.
  Time since last request: 36.406635 seconds.
  path: Assets/HTS/HTS_PreFab/Building/Building2_4.prefab
  artifactKey: Guid(20b0be719b976294091f213c8a8f01b0) Importer(815301076,1909f56bfc062723c751e8b465ee728b)
Start importing Assets/HTS/HTS_PreFab/Building/Building2_4.prefab using Guid(20b0be719b976294091f213c8a8f01b0) Importer(815301076,1909f56bfc062723c751e8b465ee728b)  -> (artifact id: '7091ef057258a6c540abe89d590e85a8') in 0.099557 seconds 
========================================================================
Received Import Request.
  Time since last request: 5.167307 seconds.
  path: Assets/HTS/HTS_PreFab/Building/Building3_1.prefab
  artifactKey: Guid(df2fc5b83c1bb1142809c1df2d67443d) Importer(815301076,1909f56bfc062723c751e8b465ee728b)
Start importing Assets/HTS/HTS_PreFab/Building/Building3_1.prefab using Guid(df2fc5b83c1bb1142809c1df2d67443d) Importer(815301076,1909f56bfc062723c751e8b465ee728b)  -> (artifact id: 'dd2c9cb823b3d6b42648f313a96b08ac') in 0.021665 seconds 
========================================================================
Received Import Request.
  Time since last request: 0.000026 seconds.
  path: Assets/HTS/HTS_PreFab/Building/Building3_3.prefab
  artifactKey: Guid(765e01ef80da98c48b1a3af4bd59e5ce) Importer(815301076,1909f56bfc062723c751e8b465ee728b)
Start importing Assets/HTS/HTS_PreFab/Building/Building3_3.prefab using Guid(765e01ef80da98c48b1a3af4bd59e5ce) Importer(815301076,1909f56bfc062723c751e8b465ee728b)  -> (artifact id: '7af899306e2ce4191066f440f94ab0d0') in 0.035531 seconds 
========================================================================
Received Import Request.
  Time since last request: 10.328603 seconds.
  path: Assets/HTS/HTS_PreFab/Building/Building4_1.prefab
  artifactKey: Guid(620c6cd2a1dee06479803b034eba0fe5) Importer(815301076,1909f56bfc062723c751e8b465ee728b)
Start importing Assets/HTS/HTS_PreFab/Building/Building4_1.prefab using Guid(620c6cd2a1dee06479803b034eba0fe5) Importer(815301076,1909f56bfc062723c751e8b465ee728b)  -> (artifact id: '894676f7f18ed6c4597ffb04bc2a98e8') in 0.021989 seconds 
========================================================================
Received Import Request.
  Time since last request: 0.000018 seconds.
  path: Assets/HTS/HTS_PreFab/Building/Building2_4.prefab
  artifactKey: Guid(20b0be719b976294091f213c8a8f01b0) Importer(815301076,1909f56bfc062723c751e8b465ee728b)
Start importing Assets/HTS/HTS_PreFab/Building/Building2_4.prefab using Guid(20b0be719b976294091f213c8a8f01b0) Importer(815301076,1909f56bfc062723c751e8b465ee728b)  -> (artifact id: 'f94d80b3536d619c94d16079521be26c') in 0.017312 seconds 
========================================================================
Received Import Request.
  Time since last request: 0.000042 seconds.
  path: Assets/HTS/HTS_PreFab/Building/Building4_4.prefab
  artifactKey: Guid(960698ea4b63a5b47bfdcc489a787580) Importer(815301076,1909f56bfc062723c751e8b465ee728b)
Start importing Assets/HTS/HTS_PreFab/Building/Building4_4.prefab using Guid(960698ea4b63a5b47bfdcc489a787580) Importer(815301076,1909f56bfc062723c751e8b465ee728b)  -> (artifact id: '15ecca5bb8903d1aedf981544ebc120c') in 0.033342 seconds 
========================================================================
Received Import Request.
  Time since last request: 8.318467 seconds.
  path: Assets/HTS/HTS_PreFab/Building/Building5_3.prefab
  artifactKey: Guid(2d988ef7bf62bfe42a9489f7451bdd94) Importer(815301076,1909f56bfc062723c751e8b465ee728b)
Start importing Assets/HTS/HTS_PreFab/Building/Building5_3.prefab using Guid(2d988ef7bf62bfe42a9489f7451bdd94) Importer(815301076,1909f56bfc062723c751e8b465ee728b)  -> (artifact id: 'e2778388620d2b51affdba89e16a7581') in 0.014648 seconds 
========================================================================
Received Import Request.
  Time since last request: 0.006202 seconds.
  path: Assets/HTS/HTS_PreFab/Building/Building5_4.prefab
  artifactKey: Guid(2ac0998d06b23e64eb579c09a5b3f866) Importer(815301076,1909f56bfc062723c751e8b465ee728b)
Start importing Assets/HTS/HTS_PreFab/Building/Building5_4.prefab using Guid(2ac0998d06b23e64eb579c09a5b3f866) Importer(815301076,1909f56bfc062723c751e8b465ee728b)  -> (artifact id: '7201771c2d0dab95b344b235326e894b') in 0.041812 seconds 
========================================================================
Received Import Request.
  Time since last request: 5.930633 seconds.
  path: Assets/HTS/HTS_PreFab/Building/Building7_1.prefab
  artifactKey: Guid(5607a6c38732f5e4a83e3fa8daa33f49) Importer(815301076,1909f56bfc062723c751e8b465ee728b)
Start importing Assets/HTS/HTS_PreFab/Building/Building7_1.prefab using Guid(5607a6c38732f5e4a83e3fa8daa33f49) Importer(815301076,1909f56bfc062723c751e8b465ee728b)  -> (artifact id: '85f13c35b7038260f863e799a1abc6d0') in 0.013171 seconds 
========================================================================
Received Import Request.
  Time since last request: 0.007173 seconds.
  path: Assets/HTS/HTS_PreFab/Building/Building7_2.prefab
  artifactKey: Guid(8dff737590a8c5f49b0ee97370466a0f) Importer(815301076,1909f56bfc062723c751e8b465ee728b)
Start importing Assets/HTS/HTS_PreFab/Building/Building7_2.prefab using Guid(8dff737590a8c5f49b0ee97370466a0f) Importer(815301076,1909f56bfc062723c751e8b465ee728b)  -> (artifact id: '615de8460424a3001b9a5e08bf12091e') in 0.033125 seconds 
========================================================================
Received Import Request.
  Time since last request: 25.103320 seconds.
  path: Assets/HTS/HTS_PreFab/Building/Building8_3.prefab
  artifactKey: Guid(1c869c0c93f193f4a8999c0033dc32a5) Importer(815301076,1909f56bfc062723c751e8b465ee728b)
Start importing Assets/HTS/HTS_PreFab/Building/Building8_3.prefab using Guid(1c869c0c93f193f4a8999c0033dc32a5) Importer(815301076,1909f56bfc062723c751e8b465ee728b)  -> (artifact id: '01b8a72947377158a9e5c57e3717ae45') in 0.012766 seconds 
========================================================================
Received Import Request.
  Time since last request: 0.008545 seconds.
  path: Assets/HTS/HTS_PreFab/Building/Building8_4.prefab
  artifactKey: Guid(e0ca271bc5619bf4a9860b25fe603a75) Importer(815301076,1909f56bfc062723c751e8b465ee728b)
Start importing Assets/HTS/HTS_PreFab/Building/Building8_4.prefab using Guid(e0ca271bc5619bf4a9860b25fe603a75) Importer(815301076,1909f56bfc062723c751e8b465ee728b)  -> (artifact id: 'eb6f5b68a1ee986865dcf551909450f1') in 0.020303 seconds 
========================================================================
Received Import Request.
  Time since last request: 0.000043 seconds.
  path: Assets/HTS/HTS_PreFab/Building/Building10_1.prefab
  artifactKey: Guid(00e26283894204d468d7cbeaaa47596c) Importer(815301076,1909f56bfc062723c751e8b465ee728b)
Start importing Assets/HTS/HTS_PreFab/Building/Building10_1.prefab using Guid(00e26283894204d468d7cbeaaa47596c) Importer(815301076,1909f56bfc062723c751e8b465ee728b)  -> (artifact id: '2c05374e12bcbefe7d4c0451fc79c018') in 0.020715 seconds 
========================================================================
Received Import Request.
  Time since last request: 0.000032 seconds.
  path: Assets/HTS/HTS_PreFab/Building/Building10_3.prefab
  artifactKey: Guid(3cd5861169ff35647886276f18e9d497) Importer(815301076,1909f56bfc062723c751e8b465ee728b)
Start importing Assets/HTS/HTS_PreFab/Building/Building10_3.prefab using Guid(3cd5861169ff35647886276f18e9d497) Importer(815301076,1909f56bfc062723c751e8b465ee728b)  -> (artifact id: '52cbeff86a619e95a042cf990e8b4879') in 0.020733 seconds 
========================================================================
Received Import Request.
  Time since last request: 12.718037 seconds.
  path: Assets/HTS/HTS_PreFab/Building/Building11_3.prefab
  artifactKey: Guid(2447ed954da50344da83c8592d81f51a) Importer(815301076,1909f56bfc062723c751e8b465ee728b)
Start importing Assets/HTS/HTS_PreFab/Building/Building11_3.prefab using Guid(2447ed954da50344da83c8592d81f51a) Importer(815301076,1909f56bfc062723c751e8b465ee728b)  -> (artifact id: 'c1aa94b0016a1ad496fc6d9e2bc5ceb2') in 0.027923 seconds 
========================================================================
Received Import Request.
  Time since last request: 5.263268 seconds.
  path: Assets/HTS/HTS_PreFab/Building/Building12_1.prefab
  artifactKey: Guid(b63b6014edb611e48a3ac1d418fd6b4f) Importer(815301076,1909f56bfc062723c751e8b465ee728b)
Start importing Assets/HTS/HTS_PreFab/Building/Building12_1.prefab using Guid(b63b6014edb611e48a3ac1d418fd6b4f) Importer(815301076,1909f56bfc062723c751e8b465ee728b)  -> (artifact id: '4eff26b5a514a47b844a89a56fabf37e') in 0.013224 seconds 
========================================================================
Received Import Request.
  Time since last request: 0.004641 seconds.
  path: Assets/HTS/HTS_PreFab/Building/Building12_2.prefab
  artifactKey: Guid(7cf4aee054f893a46a82f8b2fa153517) Importer(815301076,1909f56bfc062723c751e8b465ee728b)
Start importing Assets/HTS/HTS_PreFab/Building/Building12_2.prefab using Guid(7cf4aee054f893a46a82f8b2fa153517) Importer(815301076,1909f56bfc062723c751e8b465ee728b)  -> (artifact id: '3effc180f81836c42f6f1dd933c63167') in 0.037223 seconds 
========================================================================
Received Import Request.
  Time since last request: 6.404708 seconds.
  path: Assets/HTS/HTS_PreFab/Building/City_Hall_1.prefab
  artifactKey: Guid(39c60761f8cb8a94db89c90e72d396ee) Importer(815301076,1909f56bfc062723c751e8b465ee728b)
Start importing Assets/HTS/HTS_PreFab/Building/City_Hall_1.prefab using Guid(39c60761f8cb8a94db89c90e72d396ee) Importer(815301076,1909f56bfc062723c751e8b465ee728b)  -> (artifact id: 'a642232e3941d412195ef01551f97bec') in 0.022731 seconds 
========================================================================
Received Import Request.
  Time since last request: 0.004965 seconds.
  path: Assets/HTS/HTS_PreFab/Building/Factory2_1.prefab
  artifactKey: Guid(b387cb942ee864d4f8fb787fb1e01c05) Importer(815301076,1909f56bfc062723c751e8b465ee728b)
Start importing Assets/HTS/HTS_PreFab/Building/Factory2_1.prefab using Guid(b387cb942ee864d4f8fb787fb1e01c05) Importer(815301076,1909f56bfc062723c751e8b465ee728b)  -> (artifact id: 'c1bf427e14ede0023dbda8043d44fcb6') in 0.032498 seconds 
========================================================================
Received Import Request.
  Time since last request: 0.000056 seconds.
  path: Assets/HTS/HTS_PreFab/Building/Factory3_3.prefab
  artifactKey: Guid(cb2dc85e5ec49be4aa8b62313afa13c3) Importer(815301076,1909f56bfc062723c751e8b465ee728b)
Start importing Assets/HTS/HTS_PreFab/Building/Factory3_3.prefab using Guid(cb2dc85e5ec49be4aa8b62313afa13c3) Importer(815301076,1909f56bfc062723c751e8b465ee728b)  -> (artifact id: 'd28f10f6767e3c3ace5aeecd279028c5') in 0.036042 seconds 
========================================================================
Received Import Request.
  Time since last request: 12.704348 seconds.
  path: Assets/HTS/HTS_PreFab/Building/Skyscraper1_1.prefab
  artifactKey: Guid(6ee3598568baa97418732c14596a81a8) Importer(815301076,1909f56bfc062723c751e8b465ee728b)
Start importing Assets/HTS/HTS_PreFab/Building/Skyscraper1_1.prefab using Guid(6ee3598568baa97418732c14596a81a8) Importer(815301076,1909f56bfc062723c751e8b465ee728b)  -> (artifact id: '6ab2ccd487f4e13af498a2c3fb768818') in 0.025771 seconds 
========================================================================
Received Import Request.
  Time since last request: 0.000022 seconds.
  path: Assets/HTS/HTS_PreFab/Building/Skyscraper2_3.prefab
  artifactKey: Guid(ef6be6c285534b5488b65f7a251e6952) Importer(815301076,1909f56bfc062723c751e8b465ee728b)
Start importing Assets/HTS/HTS_PreFab/Building/Skyscraper2_3.prefab using Guid(ef6be6c285534b5488b65f7a251e6952) Importer(815301076,1909f56bfc062723c751e8b465ee728b)  -> (artifact id: '9b938e0abdaafc93d0ae2cfa8ae84cbc') in 0.039648 seconds 
========================================================================
Received Import Request.
  Time since last request: 5.630397 seconds.
  path: Assets/HTS/HTS_PreFab/Building/Factory5_1.prefab
  artifactKey: Guid(554a6088f926847438cd1d511678a6fd) Importer(815301076,1909f56bfc062723c751e8b465ee728b)
Start importing Assets/HTS/HTS_PreFab/Building/Factory5_1.prefab using Guid(554a6088f926847438cd1d511678a6fd) Importer(815301076,1909f56bfc062723c751e8b465ee728b)  -> (artifact id: '3ccf476253d7f0423e257b1675ef8dac') in 0.025218 seconds 
========================================================================
Received Import Request.
  Time since last request: 9.098054 seconds.
  path: Assets/HTS/HTS_PreFab/Building/City_Hall_2.prefab
  artifactKey: Guid(c42d7649a8648694da57abc9730db5c2) Importer(815301076,1909f56bfc062723c751e8b465ee728b)
Start importing Assets/HTS/HTS_PreFab/Building/City_Hall_2.prefab using Guid(c42d7649a8648694da57abc9730db5c2) Importer(815301076,1909f56bfc062723c751e8b465ee728b)  -> (artifact id: 'c29b1048642beb93a02c285ca9b17b42') in 0.026857 seconds 
========================================================================
Received Import Request.
  Time since last request: 21.138804 seconds.
  path: Assets/HTS/HTS_PreFab/Building/Skyscraper3_2.prefab
  artifactKey: Guid(1d11b3f999ed76147b8da21e813193f8) Importer(815301076,1909f56bfc062723c751e8b465ee728b)
Start importing Assets/HTS/HTS_PreFab/Building/Skyscraper3_2.prefab using Guid(1d11b3f999ed76147b8da21e813193f8) Importer(815301076,1909f56bfc062723c751e8b465ee728b)  -> (artifact id: 'f79a613e4756051370d7da9997790be1') in 0.015600 seconds 
========================================================================
Received Import Request.
  Time since last request: 0.004626 seconds.
  path: Assets/HTS/HTS_PreFab/Building/Skyscraper3_3.prefab
  artifactKey: Guid(a39fd2faa340b5c469a3ba181d04d73c) Importer(815301076,1909f56bfc062723c751e8b465ee728b)
Start importing Assets/HTS/HTS_PreFab/Building/Skyscraper3_3.prefab using Guid(a39fd2faa340b5c469a3ba181d04d73c) Importer(815301076,1909f56bfc062723c751e8b465ee728b)  -> (artifact id: 'ddd4f5fe36619309d7a7f3562e916692') in 0.048201 seconds 
========================================================================
Received Import Request.
  Time since last request: 6.993928 seconds.
  path: Assets/HTS/HTS_PreFab/Building/Skyscraper5_1.prefab
  artifactKey: Guid(8205b8cd635de3f45b4db9e4f6b8952a) Importer(815301076,1909f56bfc062723c751e8b465ee728b)
Start importing Assets/HTS/HTS_PreFab/Building/Skyscraper5_1.prefab using Guid(8205b8cd635de3f45b4db9e4f6b8952a) Importer(815301076,1909f56bfc062723c751e8b465ee728b)  -> (artifact id: '6c4cea5ee3d8985bfca50996bc5e59f7') in 0.013470 seconds 
========================================================================
Received Import Request.
  Time since last request: 0.003825 seconds.
  path: Assets/HTS/HTS_PreFab/Building/Skyscraper5_2.prefab
  artifactKey: Guid(28de6d639a805754c83395b254ec07e8) Importer(815301076,1909f56bfc062723c751e8b465ee728b)
Start importing Assets/HTS/HTS_PreFab/Building/Skyscraper5_2.prefab using Guid(28de6d639a805754c83395b254ec07e8) Importer(815301076,1909f56bfc062723c751e8b465ee728b)  -> (artifact id: 'f247d2dfec3e66f179af22aec1d09b82') in 0.038964 seconds 
========================================================================
Received Import Request.
  Time since last request: 107.324496 seconds.
  path: Assets/HTS/HTS_PreFab/Street
  artifactKey: Guid(8259bca5c019d804c918da8f046d002e) Importer(815301076,1909f56bfc062723c751e8b465ee728b)
Start importing Assets/HTS/HTS_PreFab/Street using Guid(8259bca5c019d804c918da8f046d002e) Importer(815301076,1909f56bfc062723c751e8b465ee728b)  -> (artifact id: '5c8d20a456c61ab687e6a21daf9e66b7') in 0.014251 seconds 
========================================================================
Received Import Request.
  Time since last request: 2.927904 seconds.
  path: Assets/HTS/HTS_PreFab/Street/Street_Big_Straight.prefab
  artifactKey: Guid(df9ad3f85b56aef44a2b7ad49111796b) Importer(815301076,1909f56bfc062723c751e8b465ee728b)
Start importing Assets/HTS/HTS_PreFab/Street/Street_Big_Straight.prefab using Guid(df9ad3f85b56aef44a2b7ad49111796b) Importer(815301076,1909f56bfc062723c751e8b465ee728b)  -> (artifact id: '9d72733aa5333ad2e5dde66b6e94ec50') in 0.025080 seconds 
========================================================================
Received Import Request.
  Time since last request: 9.839217 seconds.
  path: Assets/HTS/HTS_PreFab/Street/Street_Big_Straight.prefab
  artifactKey: Guid(df9ad3f85b56aef44a2b7ad49111796b) Importer(815301076,1909f56bfc062723c751e8b465ee728b)
Start importing Assets/HTS/HTS_PreFab/Street/Street_Big_Straight.prefab using Guid(df9ad3f85b56aef44a2b7ad49111796b) Importer(815301076,1909f56bfc062723c751e8b465ee728b)  -> (artifact id: '4386d6a320b41fd387b64e41ee1cf1b0') in 0.017803 seconds 
========================================================================
Received Import Request.
  Time since last request: 2.981661 seconds.
  path: Assets/HTS/HTS_PreFab/Street/Street_Big_Straight.prefab
  artifactKey: Guid(df9ad3f85b56aef44a2b7ad49111796b) Importer(815301076,1909f56bfc062723c751e8b465ee728b)
Start importing Assets/HTS/HTS_PreFab/Street/Street_Big_Straight.prefab using Guid(df9ad3f85b56aef44a2b7ad49111796b) Importer(815301076,1909f56bfc062723c751e8b465ee728b)  -> (artifact id: 'cfb192a1500dac1c12cebceabb98c0a3') in 0.017801 seconds 
========================================================================
Received Import Request.
  Time since last request: 73.241455 seconds.
  path: Assets/HTS/HTS_PreFab/Street/Street_Big_Straight.prefab
  artifactKey: Guid(df9ad3f85b56aef44a2b7ad49111796b) Importer(815301076,1909f56bfc062723c751e8b465ee728b)
Start importing Assets/HTS/HTS_PreFab/Street/Street_Big_Straight.prefab using Guid(df9ad3f85b56aef44a2b7ad49111796b) Importer(815301076,1909f56bfc062723c751e8b465ee728b)  -> (artifact id: '4957cce88d3483676dd7a2d5774c5dd1') in 0.013160 seconds 
========================================================================
Received Import Request.
  Time since last request: 38.759748 seconds.
  path: Assets/HTS/HTS_PreFab/Street/Street_Big_Straight.prefab
  artifactKey: Guid(df9ad3f85b56aef44a2b7ad49111796b) Importer(815301076,1909f56bfc062723c751e8b465ee728b)
Start importing Assets/HTS/HTS_PreFab/Street/Street_Big_Straight.prefab using Guid(df9ad3f85b56aef44a2b7ad49111796b) Importer(815301076,1909f56bfc062723c751e8b465ee728b)  -> (artifact id: '09636524ae41040520785da76a3fc636') in 0.016955 seconds 
========================================================================
Received Import Request.
  Time since last request: 146.984857 seconds.
  path: Assets/HTS/HTS_PreFab/Street/Street_Big_Straight.prefab
  artifactKey: Guid(df9ad3f85b56aef44a2b7ad49111796b) Importer(815301076,1909f56bfc062723c751e8b465ee728b)
Start importing Assets/HTS/HTS_PreFab/Street/Street_Big_Straight.prefab using Guid(df9ad3f85b56aef44a2b7ad49111796b) Importer(815301076,1909f56bfc062723c751e8b465ee728b)  -> (artifact id: 'c5f7a6e91e24e5ffcc88769e363271d4') in 0.014415 seconds 
========================================================================
Received Import Request.
  Time since last request: 13.505677 seconds.
  path: Assets/HTS/HTS_PreFab/Street/Street_Big_Straight.prefab
  artifactKey: Guid(df9ad3f85b56aef44a2b7ad49111796b) Importer(815301076,1909f56bfc062723c751e8b465ee728b)
Start importing Assets/HTS/HTS_PreFab/Street/Street_Big_Straight.prefab using Guid(df9ad3f85b56aef44a2b7ad49111796b) Importer(815301076,1909f56bfc062723c751e8b465ee728b)  -> (artifact id: '7667b6a1a3807f69eabf2708a443b0c7') in 0.013428 seconds 
========================================================================
Received Import Request.
  Time since last request: 5.015586 seconds.
  path: Assets/HTS/HTS_PreFab/Street/Street_Big_Straight.prefab
  artifactKey: Guid(df9ad3f85b56aef44a2b7ad49111796b) Importer(815301076,1909f56bfc062723c751e8b465ee728b)
Start importing Assets/HTS/HTS_PreFab/Street/Street_Big_Straight.prefab using Guid(df9ad3f85b56aef44a2b7ad49111796b) Importer(815301076,1909f56bfc062723c751e8b465ee728b)  -> (artifact id: '8576870e77fb09161a33c489f906d8ab') in 0.013835 seconds 
========================================================================
Received Import Request.
  Time since last request: 18.941006 seconds.
  path: Assets/HTS/HTS_PreFab/Street/Street_Big_Straight.prefab
  artifactKey: Guid(df9ad3f85b56aef44a2b7ad49111796b) Importer(815301076,1909f56bfc062723c751e8b465ee728b)
Start importing Assets/HTS/HTS_PreFab/Street/Street_Big_Straight.prefab using Guid(df9ad3f85b56aef44a2b7ad49111796b) Importer(815301076,1909f56bfc062723c751e8b465ee728b)  -> (artifact id: '74ac7c62568b9566020e583b0f7f8122') in 0.015558 seconds 
========================================================================
Received Import Request.
  Time since last request: 3.779429 seconds.
  path: Assets/HTS/HTS_PreFab/Street/Street_Big_Straight.prefab
  artifactKey: Guid(df9ad3f85b56aef44a2b7ad49111796b) Importer(815301076,1909f56bfc062723c751e8b465ee728b)
Start importing Assets/HTS/HTS_PreFab/Street/Street_Big_Straight.prefab using Guid(df9ad3f85b56aef44a2b7ad49111796b) Importer(815301076,1909f56bfc062723c751e8b465ee728b)  -> (artifact id: '9c135d8f215a418a2e96d81ab6a39d8c') in 0.013666 seconds 
========================================================================
Received Import Request.
  Time since last request: 5.873307 seconds.
  path: Assets/HTS/HTS_PreFab/Street/Street_Big_Straight.prefab
  artifactKey: Guid(df9ad3f85b56aef44a2b7ad49111796b) Importer(815301076,1909f56bfc062723c751e8b465ee728b)
Start importing Assets/HTS/HTS_PreFab/Street/Street_Big_Straight.prefab using Guid(df9ad3f85b56aef44a2b7ad49111796b) Importer(815301076,1909f56bfc062723c751e8b465ee728b)  -> (artifact id: 'f466940ee2055bb90044ad6790bf4ff7') in 0.017916 seconds 
========================================================================
Received Import Request.
  Time since last request: 890.374725 seconds.
  path: Assets/HTS/HTS_PreFab/Street/Street_Big_Straightangle_.prefab
  artifactKey: Guid(f1c3c7f48f4e302408b05953464a26f8) Importer(815301076,1909f56bfc062723c751e8b465ee728b)
Start importing Assets/HTS/HTS_PreFab/Street/Street_Big_Straightangle_.prefab using Guid(f1c3c7f48f4e302408b05953464a26f8) Importer(815301076,1909f56bfc062723c751e8b465ee728b)  -> (artifact id: '694df358fbbebfeca81f045ff71638e1') in 0.059532 seconds 
========================================================================
Received Import Request.
  Time since last request: 26.716455 seconds.
  path: Assets/HTS/HTS_PreFab/Street/Street_Big_Straightangle_.prefab
  artifactKey: Guid(f1c3c7f48f4e302408b05953464a26f8) Importer(815301076,1909f56bfc062723c751e8b465ee728b)
Start importing Assets/HTS/HTS_PreFab/Street/Street_Big_Straightangle_.prefab using Guid(f1c3c7f48f4e302408b05953464a26f8) Importer(815301076,1909f56bfc062723c751e8b465ee728b)  -> (artifact id: 'cfc49d0b95c4ca4362b78a82b28ed255') in 0.013255 seconds 
========================================================================
Received Import Request.
  Time since last request: 16.813529 seconds.
  path: Assets/HTS/HTS_PreFab/Street/Street_Big_Straightangle_.prefab
  artifactKey: Guid(f1c3c7f48f4e302408b05953464a26f8) Importer(815301076,1909f56bfc062723c751e8b465ee728b)
Start importing Assets/HTS/HTS_PreFab/Street/Street_Big_Straightangle_.prefab using Guid(f1c3c7f48f4e302408b05953464a26f8) Importer(815301076,1909f56bfc062723c751e8b465ee728b)  -> (artifact id: '3bef0ce7999b596d822d121579d00fd1') in 0.014709 seconds 
========================================================================
Received Import Request.
  Time since last request: 2.589386 seconds.
  path: Assets/HTS/HTS_PreFab/Street/Street_Big_Straightangle_.prefab
  artifactKey: Guid(f1c3c7f48f4e302408b05953464a26f8) Importer(815301076,1909f56bfc062723c751e8b465ee728b)
Start importing Assets/HTS/HTS_PreFab/Street/Street_Big_Straightangle_.prefab using Guid(f1c3c7f48f4e302408b05953464a26f8) Importer(815301076,1909f56bfc062723c751e8b465ee728b)  -> (artifact id: 'f6d85f798d532c9f2968b3aa74cff360') in 0.017756 seconds 
========================================================================
Received Import Request.
  Time since last request: 8.865896 seconds.
  path: Assets/HTS/HTS_PreFab/Street/Street_Big_Straightangle_.prefab
  artifactKey: Guid(f1c3c7f48f4e302408b05953464a26f8) Importer(815301076,1909f56bfc062723c751e8b465ee728b)
Start importing Assets/HTS/HTS_PreFab/Street/Street_Big_Straightangle_.prefab using Guid(f1c3c7f48f4e302408b05953464a26f8) Importer(815301076,1909f56bfc062723c751e8b465ee728b)  -> (artifact id: '7b0f5fc37448007edaf1b168f4cf3931') in 0.018237 seconds 
========================================================================
Received Import Request.
  Time since last request: 7.017678 seconds.
  path: Assets/HTS/HTS_PreFab/Street/Street_Big_Straightangle_.prefab
  artifactKey: Guid(f1c3c7f48f4e302408b05953464a26f8) Importer(815301076,1909f56bfc062723c751e8b465ee728b)
Start importing Assets/HTS/HTS_PreFab/Street/Street_Big_Straightangle_.prefab using Guid(f1c3c7f48f4e302408b05953464a26f8) Importer(815301076,1909f56bfc062723c751e8b465ee728b)  -> (artifact id: '69081b19ea389efb2776e2ebf435b504') in 0.013815 seconds 
========================================================================
Received Import Request.
  Time since last request: 6.847057 seconds.
  path: Assets/HTS/HTS_PreFab/Street/Street_Big_Straightangle_.prefab
  artifactKey: Guid(f1c3c7f48f4e302408b05953464a26f8) Importer(815301076,1909f56bfc062723c751e8b465ee728b)
Start importing Assets/HTS/HTS_PreFab/Street/Street_Big_Straightangle_.prefab using Guid(f1c3c7f48f4e302408b05953464a26f8) Importer(815301076,1909f56bfc062723c751e8b465ee728b)  -> (artifact id: 'b09ae58dfd42394f566adebad4631d01') in 0.011662 seconds 
========================================================================
Received Import Request.
  Time since last request: 2.826139 seconds.
  path: Assets/HTS/HTS_PreFab/Street/Street_Big_Straightangle_.prefab
  artifactKey: Guid(f1c3c7f48f4e302408b05953464a26f8) Importer(815301076,1909f56bfc062723c751e8b465ee728b)
Start importing Assets/HTS/HTS_PreFab/Street/Street_Big_Straightangle_.prefab using Guid(f1c3c7f48f4e302408b05953464a26f8) Importer(815301076,1909f56bfc062723c751e8b465ee728b)  -> (artifact id: 'fd9e33bfb539de0d5ef7768eb36466d4') in 0.016629 seconds 
========================================================================
Received Import Request.
  Time since last request: 0.772663 seconds.
  path: Assets/HTS/HTS_PreFab/Street/Street_Big_Straightangle_.prefab
  artifactKey: Guid(f1c3c7f48f4e302408b05953464a26f8) Importer(815301076,1909f56bfc062723c751e8b465ee728b)
Start importing Assets/HTS/HTS_PreFab/Street/Street_Big_Straightangle_.prefab using Guid(f1c3c7f48f4e302408b05953464a26f8) Importer(815301076,1909f56bfc062723c751e8b465ee728b)  -> (artifact id: '5eaa7f1f8de092529d4f3a17df4bdcc5') in 0.012688 seconds 
========================================================================
Received Import Request.
  Time since last request: 258.214054 seconds.
  path: Assets/HTS/HTS_PreFab/Street/Street_Big_Straight.prefab
  artifactKey: Guid(df9ad3f85b56aef44a2b7ad49111796b) Importer(815301076,1909f56bfc062723c751e8b465ee728b)
Start importing Assets/HTS/HTS_PreFab/Street/Street_Big_Straight.prefab using Guid(df9ad3f85b56aef44a2b7ad49111796b) Importer(815301076,1909f56bfc062723c751e8b465ee728b)  -> (artifact id: 'd80f59e1a552ace372c62270125ba859') in 0.025352 seconds 
========================================================================
Received Import Request.
  Time since last request: 13.444419 seconds.
  path: Assets/HTS/HTS_PreFab/Street/Street_Big_Straight.prefab
  artifactKey: Guid(df9ad3f85b56aef44a2b7ad49111796b) Importer(815301076,1909f56bfc062723c751e8b465ee728b)
Start importing Assets/HTS/HTS_PreFab/Street/Street_Big_Straight.prefab using Guid(df9ad3f85b56aef44a2b7ad49111796b) Importer(815301076,1909f56bfc062723c751e8b465ee728b)  -> (artifact id: 'b9a88ffe38bfe959662e9587a11876cf') in 0.015627 seconds 
========================================================================
Received Import Request.
  Time since last request: 2.789038 seconds.
  path: Assets/HTS/HTS_PreFab/Street/Street_Big_Straight.prefab
  artifactKey: Guid(df9ad3f85b56aef44a2b7ad49111796b) Importer(815301076,1909f56bfc062723c751e8b465ee728b)
Start importing Assets/HTS/HTS_PreFab/Street/Street_Big_Straight.prefab using Guid(df9ad3f85b56aef44a2b7ad49111796b) Importer(815301076,1909f56bfc062723c751e8b465ee728b)  -> (artifact id: 'f081aa0bb1628abe2c5c036c70771fa7') in 0.011542 seconds 
========================================================================
Received Import Request.
  Time since last request: 2.807120 seconds.
  path: Assets/HTS/HTS_PreFab/Street/Street_Big_Straight.prefab
  artifactKey: Guid(df9ad3f85b56aef44a2b7ad49111796b) Importer(815301076,1909f56bfc062723c751e8b465ee728b)
Start importing Assets/HTS/HTS_PreFab/Street/Street_Big_Straight.prefab using Guid(df9ad3f85b56aef44a2b7ad49111796b) Importer(815301076,1909f56bfc062723c751e8b465ee728b)  -> (artifact id: 'e93fc8a6cabadf96595b7e8faca2a841') in 0.018029 seconds 
========================================================================
Received Import Request.
  Time since last request: 3.608597 seconds.
  path: Assets/HTS/HTS_PreFab/Street/Street_Big_Straight.prefab
  artifactKey: Guid(df9ad3f85b56aef44a2b7ad49111796b) Importer(815301076,1909f56bfc062723c751e8b465ee728b)
Start importing Assets/HTS/HTS_PreFab/Street/Street_Big_Straight.prefab using Guid(df9ad3f85b56aef44a2b7ad49111796b) Importer(815301076,1909f56bfc062723c751e8b465ee728b)  -> (artifact id: '6596592ae6f0988e49f8c7311ea762b5') in 0.017642 seconds 
========================================================================
Received Import Request.
  Time since last request: 2.804483 seconds.
  path: Assets/HTS/HTS_PreFab/Street/Street_Big_Straight.prefab
  artifactKey: Guid(df9ad3f85b56aef44a2b7ad49111796b) Importer(815301076,1909f56bfc062723c751e8b465ee728b)
Start importing Assets/HTS/HTS_PreFab/Street/Street_Big_Straight.prefab using Guid(df9ad3f85b56aef44a2b7ad49111796b) Importer(815301076,1909f56bfc062723c751e8b465ee728b)  -> (artifact id: '6bec72ecf8a475d6ff676e3f71e7f515') in 0.013913 seconds 
========================================================================
Received Import Request.
  Time since last request: 3.637941 seconds.
  path: Assets/HTS/HTS_PreFab/Street/Street_Big_Straight.prefab
  artifactKey: Guid(df9ad3f85b56aef44a2b7ad49111796b) Importer(815301076,1909f56bfc062723c751e8b465ee728b)
Start importing Assets/HTS/HTS_PreFab/Street/Street_Big_Straight.prefab using Guid(df9ad3f85b56aef44a2b7ad49111796b) Importer(815301076,1909f56bfc062723c751e8b465ee728b)  -> (artifact id: 'd29a4cab9c43055206cdf6b1336d42e3') in 0.012023 seconds 
========================================================================
Received Import Request.
  Time since last request: 6.811037 seconds.
  path: Assets/HTS/HTS_PreFab/Street/Street_Big_Straight.prefab
  artifactKey: Guid(df9ad3f85b56aef44a2b7ad49111796b) Importer(815301076,1909f56bfc062723c751e8b465ee728b)
Start importing Assets/HTS/HTS_PreFab/Street/Street_Big_Straight.prefab using Guid(df9ad3f85b56aef44a2b7ad49111796b) Importer(815301076,1909f56bfc062723c751e8b465ee728b)  -> (artifact id: '463c8ae1961fbfc242203d688d780ee5') in 0.015738 seconds 
========================================================================
Received Import Request.
  Time since last request: 137.483357 seconds.
  path: Assets/HTS/HTS_PreFab/Street/Street_Big_Straightangle_.prefab
  artifactKey: Guid(f1c3c7f48f4e302408b05953464a26f8) Importer(815301076,1909f56bfc062723c751e8b465ee728b)
Start importing Assets/HTS/HTS_PreFab/Street/Street_Big_Straightangle_.prefab using Guid(f1c3c7f48f4e302408b05953464a26f8) Importer(815301076,1909f56bfc062723c751e8b465ee728b)  -> (artifact id: 'f91a6eebe65d192838f07e116478766f') in 0.018372 seconds 
========================================================================
Received Import Request.
  Time since last request: 237.073998 seconds.
  path: Assets/HTS/HTS_PreFab/Street/Street_Big_Straight.prefab
  artifactKey: Guid(df9ad3f85b56aef44a2b7ad49111796b) Importer(815301076,1909f56bfc062723c751e8b465ee728b)
Start importing Assets/HTS/HTS_PreFab/Street/Street_Big_Straight.prefab using Guid(df9ad3f85b56aef44a2b7ad49111796b) Importer(815301076,1909f56bfc062723c751e8b465ee728b)  -> (artifact id: '95b748e14d5214b1afc92efdf1bb79f8') in 0.025152 seconds 
========================================================================
Received Import Request.
  Time since last request: 1276.965152 seconds.
  path: Assets/HTS/HTS_PreFab/Street/Street_Big_Straight.prefab
  artifactKey: Guid(df9ad3f85b56aef44a2b7ad49111796b) Importer(815301076,1909f56bfc062723c751e8b465ee728b)
Start importing Assets/HTS/HTS_PreFab/Street/Street_Big_Straight.prefab using Guid(df9ad3f85b56aef44a2b7ad49111796b) Importer(815301076,1909f56bfc062723c751e8b465ee728b)  -> (artifact id: 'b9bc1a62cf46cb803ade704e2a62e58d') in 0.026194 seconds 
========================================================================
Received Import Request.
  Time since last request: 1173.136658 seconds.
  path: Assets/HTS/HTS_PreFab/Street/Street_Big_Straightangle_ 1.prefab
  artifactKey: Guid(e3ade20ab9d193442b8d0958e00f9b7a) Importer(815301076,1909f56bfc062723c751e8b465ee728b)
Start importing Assets/HTS/HTS_PreFab/Street/Street_Big_Straightangle_ 1.prefab using Guid(e3ade20ab9d193442b8d0958e00f9b7a) Importer(815301076,1909f56bfc062723c751e8b465ee728b)  -> (artifact id: 'ab83b2a6a190e1e41e3ee7c8cdd58b68') in 0.027173 seconds 
========================================================================
Received Import Request.
  Time since last request: 32.436265 seconds.
  path: Assets/HTS/HTS_PreFab/Street/Street_Big_Straightangle_.prefab
  artifactKey: Guid(f1c3c7f48f4e302408b05953464a26f8) Importer(815301076,1909f56bfc062723c751e8b465ee728b)
Start importing Assets/HTS/HTS_PreFab/Street/Street_Big_Straightangle_.prefab using Guid(f1c3c7f48f4e302408b05953464a26f8) Importer(815301076,1909f56bfc062723c751e8b465ee728b)  -> (artifact id: 'a113b4a245baf6d7f677c50eafef2d21') in 0.024262 seconds 
========================================================================
Received Import Request.
  Time since last request: 8.839236 seconds.
  path: Assets/HTS/HTS_PreFab/Street/Street_1.prefab
  artifactKey: Guid(f1c3c7f48f4e302408b05953464a26f8) Importer(815301076,1909f56bfc062723c751e8b465ee728b)
Start importing Assets/HTS/HTS_PreFab/Street/Street_1.prefab using Guid(f1c3c7f48f4e302408b05953464a26f8) Importer(815301076,1909f56bfc062723c751e8b465ee728b)  -> (artifact id: '13a32633dc224a160787d15407694b0b') in 0.024074 seconds 
========================================================================
Received Import Request.
  Time since last request: 51.474950 seconds.
  path: Assets/HTS/HTS_PreFab/Street/Street_1.prefab
  artifactKey: Guid(f1c3c7f48f4e302408b05953464a26f8) Importer(815301076,1909f56bfc062723c751e8b465ee728b)
Start importing Assets/HTS/HTS_PreFab/Street/Street_1.prefab using Guid(f1c3c7f48f4e302408b05953464a26f8) Importer(815301076,1909f56bfc062723c751e8b465ee728b)  -> (artifact id: '50b440c9785c0aadfe15a9bb148f3d80') in 0.020771 seconds 
========================================================================
Received Import Request.
  Time since last request: 2356.782451 seconds.
  path: Assets/ARCADE - FREE Racing Car/Textures/AFRC_Env_Mat.png
  artifactKey: Guid(34a74330fac842a4f97649ddf77d6d50) Importer(815301076,1909f56bfc062723c751e8b465ee728b)
Start importing Assets/ARCADE - FREE Racing Car/Textures/AFRC_Env_Mat.png using Guid(34a74330fac842a4f97649ddf77d6d50) Importer(815301076,1909f56bfc062723c751e8b465ee728b)  -> (artifact id: '23f0b64c7b1ab66db9efdb41a9138cfb') in 0.307084 seconds 
========================================================================
Received Import Request.
  Time since last request: 0.000047 seconds.
  path: Packages/com.unity.collab-proxy/Editor/PlasticSCM/Assets/Images/buttonssosigningoogle.png
  artifactKey: Guid(f09eae8c0ea04254b90c5386a034a225) Importer(815301076,1909f56bfc062723c751e8b465ee728b)
Start importing Packages/com.unity.collab-proxy/Editor/PlasticSCM/Assets/Images/buttonssosigningoogle.png using Guid(f09eae8c0ea04254b90c5386a034a225) Importer(815301076,1909f56bfc062723c751e8b465ee728b)  -> (artifact id: '3d6026eb20031274705a023241ea5372') in 0.042421 seconds 
========================================================================
Received Import Request.
  Time since last request: 0.000037 seconds.
  path: Packages/com.unity.textmeshpro/Editor Resources/Textures/btn_AlignMidline_Light.psd
  artifactKey: Guid(bb42b2d967d6427983c901a4ffc8ecd9) Importer(815301076,1909f56bfc062723c751e8b465ee728b)
Start importing Packages/com.unity.textmeshpro/Editor Resources/Textures/btn_AlignMidline_Light.psd using Guid(bb42b2d967d6427983c901a4ffc8ecd9) Importer(815301076,1909f56bfc062723c751e8b465ee728b)  -> (artifact id: '73ad7dbde3cb10bbfd832a281630511a') in 0.077401 seconds 
========================================================================
Received Import Request.
  Time since last request: 0.000027 seconds.
  path: Assets/ARCADE - FREE Racing Car/Skybox/Day/Textures/Bottom.png
  artifactKey: Guid(d09270a5be941b14e8cd76b7d0347e0b) Importer(815301076,1909f56bfc062723c751e8b465ee728b)
Start importing Assets/ARCADE - FREE Racing Car/Skybox/Day/Textures/Bottom.png using Guid(d09270a5be941b14e8cd76b7d0347e0b) Importer(815301076,1909f56bfc062723c751e8b465ee728b)  -> (artifact id: 'd8e1ee203f6d486ad8e54921078d80fa') in 0.048509 seconds 
========================================================================
Received Import Request.
  Time since last request: 0.000027 seconds.
  path: Assets/ARCADE - FREE Racing Car/Skybox/Night/Textures/Bottom.png
  artifactKey: Guid(e5ebd597679525a438f3f1e01f33e8e1) Importer(815301076,1909f56bfc062723c751e8b465ee728b)
Start importing Assets/ARCADE - FREE Racing Car/Skybox/Night/Textures/Bottom.png using Guid(e5ebd597679525a438f3f1e01f33e8e1) Importer(815301076,1909f56bfc062723c751e8b465ee728b)  -> (artifact id: '3dcae5e42cc00ae9b5594a04f3911a21') in 0.042994 seconds 
========================================================================
Received Import Request.
  Time since last request: 0.000025 seconds.
  path: Assets/ARCADE - FREE Racing Car/Textures/Color Variations/AFRC_Tex_Col4.png
  artifactKey: Guid(1732d531203aec748bc591f92d780684) Importer(815301076,1909f56bfc062723c751e8b465ee728b)
Start importing Assets/ARCADE - FREE Racing Car/Textures/Color Variations/AFRC_Tex_Col4.png using Guid(1732d531203aec748bc591f92d780684) Importer(815301076,1909f56bfc062723c751e8b465ee728b)  -> (artifact id: 'c1e0a46db402a47effa401fd56e992aa') in 0.050461 seconds 
========================================================================
Received Import Request.
  Time since last request: 0.000033 seconds.
  path: Packages/com.unity.collab-proxy/Editor/PlasticSCM/Assets/Images/buttonssosigninunity.png
  artifactKey: Guid(f9161c6c9e06dc445ada3ee16d991f90) Importer(815301076,1909f56bfc062723c751e8b465ee728b)
Start importing Packages/com.unity.collab-proxy/Editor/PlasticSCM/Assets/Images/buttonssosigninunity.png using Guid(f9161c6c9e06dc445ada3ee16d991f90) Importer(815301076,1909f56bfc062723c751e8b465ee728b)  -> (artifact id: '63d4810fa7379bbb43b7151cb294ac79') in 0.041023 seconds 
========================================================================
Received Import Request.
  Time since last request: 0.000049 seconds.
  path: Packages/com.unity.textmeshpro/Editor Resources/Textures/btn_AlignJustified.psd
  artifactKey: Guid(92027f7f8cfc4feaa477da0dc38d3d46) Importer(815301076,1909f56bfc062723c751e8b465ee728b)
Start importing Packages/com.unity.textmeshpro/Editor Resources/Textures/btn_AlignJustified.psd using Guid(92027f7f8cfc4feaa477da0dc38d3d46) Importer(815301076,1909f56bfc062723c751e8b465ee728b)  -> (artifact id: '0c045906b66be8ad666cd54e64505652') in 0.041276 seconds 
========================================================================
Received Import Request.
  Time since last request: 0.000025 seconds.
  path: Assets/ARCADE - FREE Racing Car/Textures/Color Variations/AFRC_Tex_Col2.png
  artifactKey: Guid(6242e2ca19f64494ba8e4ae07a3a2c39) Importer(815301076,1909f56bfc062723c751e8b465ee728b)
Start importing Assets/ARCADE - FREE Racing Car/Textures/Color Variations/AFRC_Tex_Col2.png using Guid(6242e2ca19f64494ba8e4ae07a3a2c39) Importer(815301076,1909f56bfc062723c751e8b465ee728b)  -> (artifact id: '6c9bd87a1f9d4b23450af4f04eb6a5e6') in 0.042947 seconds 
========================================================================
Received Import Request.
  Time since last request: 0.000033 seconds.
  path: Packages/com.unity.textmeshpro/Editor Resources/Textures/btn_AlignBottom.psd
  artifactKey: Guid(ca51b19024094d1b87f3e07edb0a75fb) Importer(815301076,1909f56bfc062723c751e8b465ee728b)
Start importing Packages/com.unity.textmeshpro/Editor Resources/Textures/btn_AlignBottom.psd using Guid(ca51b19024094d1b87f3e07edb0a75fb) Importer(815301076,1909f56bfc062723c751e8b465ee728b)  -> (artifact id: 'bde14437245fc1f9bda86e782426d89e') in 0.043771 seconds 
========================================================================
Received Import Request.
  Time since last request: 0.000040 seconds.
  path: Assets/ARCADE - FREE Racing Car/Textures/AFRC_Tex_Emission.png
  artifactKey: Guid(573a5992a1e562d45a64f56dabbe47ea) Importer(815301076,1909f56bfc062723c751e8b465ee728b)
Start importing Assets/ARCADE - FREE Racing Car/Textures/AFRC_Tex_Emission.png using Guid(573a5992a1e562d45a64f56dabbe47ea) Importer(815301076,1909f56bfc062723c751e8b465ee728b)  -> (artifact id: 'affbf4106b14349988b666504fad1e6e') in 0.035223 seconds 
========================================================================
Received Import Request.
  Time since last request: 0.000027 seconds.
  path: Packages/com.unity.textmeshpro/Editor Resources/Textures/btn_AlignCenter.psd
  artifactKey: Guid(81ed8c76d2bc4a4c95d092c98af4e58f) Importer(815301076,1909f56bfc062723c751e8b465ee728b)
Start importing Packages/com.unity.textmeshpro/Editor Resources/Textures/btn_AlignCenter.psd using Guid(81ed8c76d2bc4a4c95d092c98af4e58f) Importer(815301076,1909f56bfc062723c751e8b465ee728b)  -> (artifact id: '976f88811aa86f5c4fd00f485c8282ab') in 0.044549 seconds 
========================================================================
Received Import Request.
  Time since last request: 0.000058 seconds.
  path: Packages/com.unity.textmeshpro/Editor Resources/Textures/btn_AlignTop_Light.psd
  artifactKey: Guid(ed041e68439749a69d0efa0e3d896c2e) Importer(815301076,1909f56bfc062723c751e8b465ee728b)
Start importing Packages/com.unity.textmeshpro/Editor Resources/Textures/btn_AlignTop_Light.psd using Guid(ed041e68439749a69d0efa0e3d896c2e) Importer(815301076,1909f56bfc062723c751e8b465ee728b)  -> (artifact id: '19256d11dcd2f54f42294c1798666f48') in 0.038835 seconds 
========================================================================
Received Import Request.
  Time since last request: 0.000056 seconds.
  path: Packages/com.unity.textmeshpro/Editor Resources/Textures/btn_AlignBottom_Light.psd
  artifactKey: Guid(585b70cb75dd43efbfead809c30a1731) Importer(815301076,1909f56bfc062723c751e8b465ee728b)
Start importing Packages/com.unity.textmeshpro/Editor Resources/Textures/btn_AlignBottom_Light.psd using Guid(585b70cb75dd43efbfead809c30a1731) Importer(815301076,1909f56bfc062723c751e8b465ee728b)  -> (artifact id: 'c574cc15ae51c10292022939d86ecf1d') in 0.037871 seconds 
========================================================================
Received Import Request.
  Time since last request: 0.000024 seconds.
  path: Packages/com.unity.textmeshpro/Editor Resources/Textures/btn_AlignRight.psd
  artifactKey: Guid(342a0f8aca7f4f0691338912faec0494) Importer(815301076,1909f56bfc062723c751e8b465ee728b)
Start importing Packages/com.unity.textmeshpro/Editor Resources/Textures/btn_AlignRight.psd using Guid(342a0f8aca7f4f0691338912faec0494) Importer(815301076,1909f56bfc062723c751e8b465ee728b)  -> (artifact id: '4d8dbfb011705902cc6ff07d71778436') in 0.041231 seconds 
========================================================================
Received Import Request.
  Time since last request: 0.000031 seconds.
  path: Packages/com.unity.textmeshpro/Editor Resources/Textures/btn_AlignTop.psd
  artifactKey: Guid(48d034c499ee4697af9dd6e327110249) Importer(815301076,1909f56bfc062723c751e8b465ee728b)
Start importing Packages/com.unity.textmeshpro/Editor Resources/Textures/btn_AlignTop.psd using Guid(48d034c499ee4697af9dd6e327110249) Importer(815301076,1909f56bfc062723c751e8b465ee728b)  -> (artifact id: '0c93c64a38ab3c1cf10873547c999b06') in 0.042598 seconds 
========================================================================
Received Import Request.
  Time since last request: 0.000027 seconds.
  path: Packages/com.unity.testtools.codecoverage/Editor/Icons/CodeCoverage.png
  artifactKey: Guid(5e4d1277a09266944b3431a0a44d0862) Importer(815301076,1909f56bfc062723c751e8b465ee728b)
Start importing Packages/com.unity.testtools.codecoverage/Editor/Icons/CodeCoverage.png using Guid(5e4d1277a09266944b3431a0a44d0862) Importer(815301076,1909f56bfc062723c751e8b465ee728b)  -> (artifact id: '58c96d8b6dd621e819aac6d0ec0d75bd') in 0.045650 seconds 
========================================================================
Received Import Request.
  Time since last request: 0.000030 seconds.
  path: Assets/ARCADE - FREE Racing Car/Textures/Color Variations/AFRC_Tex_Col3.png
  artifactKey: Guid(f5339e3a5ecdae64aa3afa490a1d892e) Importer(815301076,1909f56bfc062723c751e8b465ee728b)
Start importing Assets/ARCADE - FREE Racing Car/Textures/Color Variations/AFRC_Tex_Col3.png using Guid(f5339e3a5ecdae64aa3afa490a1d892e) Importer(815301076,1909f56bfc062723c751e8b465ee728b)  -> (artifact id: 'ef5daba55ad9f17870afc4395267cf5a') in 0.040010 seconds 
========================================================================
Received Import Request.
  Time since last request: 0.000035 seconds.
  path: Packages/com.unity.textmeshpro/Editor Resources/Textures/btn_AlignJustified_Light.psd
  artifactKey: Guid(fa6bd40a216346b783a4cce741d277a5) Importer(815301076,1909f56bfc062723c751e8b465ee728b)
Start importing Packages/com.unity.textmeshpro/Editor Resources/Textures/btn_AlignJustified_Light.psd using Guid(fa6bd40a216346b783a4cce741d277a5) Importer(815301076,1909f56bfc062723c751e8b465ee728b)  -> (artifact id: '6fe30005f94995b588dfe6406902e2df') in 0.038448 seconds 
========================================================================
Received Import Request.
  Time since last request: 0.000046 seconds.
  path: Packages/com.unity.textmeshpro/Editor Resources/Textures/btn_AlignMiddle.psd
  artifactKey: Guid(41b96614b2e6494ba995ddcd252d11ae) Importer(815301076,1909f56bfc062723c751e8b465ee728b)
Start importing Packages/com.unity.textmeshpro/Editor Resources/Textures/btn_AlignMiddle.psd using Guid(41b96614b2e6494ba995ddcd252d11ae) Importer(815301076,1909f56bfc062723c751e8b465ee728b)  -> (artifact id: 'c2f0b9c8e08a8f29da0fadda4d99c4b7') in 0.041599 seconds 
========================================================================
Received Import Request.
  Time since last request: 1653.892253 seconds.
  path: Assets/HTS/HTS_SCENE/HTS_VR 3.unity
  artifactKey: Guid(f67e559e9dddda04cb069524a74ae71a) Importer(815301076,1909f56bfc062723c751e8b465ee728b)
Start importing Assets/HTS/HTS_SCENE/HTS_VR 3.unity using Guid(f67e559e9dddda04cb069524a74ae71a) Importer(815301076,1909f56bfc062723c751e8b465ee728b)  -> (artifact id: 'd379f294d9cc8b224f5791f23b729f58') in 0.017684 seconds 
========================================================================
Received Import Request.
  Time since last request: 7.097592 seconds.
  path: Assets/HTS/HTS_SCENE/HTS_VR 4.unity
  artifactKey: Guid(f67e559e9dddda04cb069524a74ae71a) Importer(815301076,1909f56bfc062723c751e8b465ee728b)
Start importing Assets/HTS/HTS_SCENE/HTS_VR 4.unity using Guid(f67e559e9dddda04cb069524a74ae71a) Importer(815301076,1909f56bfc062723c751e8b465ee728b)  -> (artifact id: '5316152b7fe2ae1053ff7e1ceb7bcb89') in 0.014877 seconds 
