Using pre-set license
Built from '2021.3/release' branch; Version is '2021.3.27f1 (ca3ffb99bcc6) revision 13254651'; Using compiler version '192829333'; Build Type 'Release'
OS: 'Windows 10  (10.0.19045) 64bit Core' Language: 'ko' Physical Memory: 16075 MB
BatchMode: 1, IsHumanControllingUs: 0, StartBugReporterOnCrash: 0, Is64bit: 1, IsPro: 1

COMMAND LINE ARGUMENTS:
C:\Program Files\Unity\Hub\Editor\2021.3.27f1\Editor\Unity.exe
-adb2
-batchMode
-noUpm
-name
AssetImportWorker1
-projectPath
C:/github/car_ml-agent/car_ml
-logFile
Logs/AssetImportWorker1.log
-srvPort
64708
Successfully changed project path to: C:/github/car_ml-agent/car_ml
C:/github/car_ml-agent/car_ml
[UnityMemory] Configuration Parameters - Can be set up in boot.config
    "memorysetup-bucket-allocator-granularity=16"
    "memorysetup-bucket-allocator-bucket-count=8"
    "memorysetup-bucket-allocator-block-size=33554432"
    "memorysetup-bucket-allocator-block-count=8"
    "memorysetup-main-allocator-block-size=16777216"
    "memorysetup-thread-allocator-block-size=16777216"
    "memorysetup-gfx-main-allocator-block-size=16777216"
    "memorysetup-gfx-thread-allocator-block-size=16777216"
    "memorysetup-cache-allocator-block-size=4194304"
    "memorysetup-typetree-allocator-block-size=2097152"
    "memorysetup-profiler-bucket-allocator-granularity=16"
    "memorysetup-profiler-bucket-allocator-bucket-count=8"
    "memorysetup-profiler-bucket-allocator-block-size=33554432"
    "memorysetup-profiler-bucket-allocator-block-count=8"
    "memorysetup-profiler-allocator-block-size=16777216"
    "memorysetup-profiler-editor-allocator-block-size=1048576"
    "memorysetup-temp-allocator-size-main=16777216"
    "memorysetup-job-temp-allocator-block-size=2097152"
    "memorysetup-job-temp-allocator-block-size-background=1048576"
    "memorysetup-job-temp-allocator-reduction-small-platforms=262144"
    "memorysetup-temp-allocator-size-background-worker=32768"
    "memorysetup-temp-allocator-size-job-worker=262144"
    "memorysetup-temp-allocator-size-preload-manager=33554432"
    "memorysetup-temp-allocator-size-nav-mesh-worker=65536"
    "memorysetup-temp-allocator-size-audio-worker=65536"
    "memorysetup-temp-allocator-size-cloud-worker=32768"
    "memorysetup-temp-allocator-size-gi-baking-worker=262144"
    "memorysetup-temp-allocator-size-gfx=262144"
Player connection [26068] Host "[IP] 172.29.0.1 [Port] 0 [Flags] 2 [Guid] 4227974192 [EditorId] 4227974192 [Version] 1048832 [Id] WindowsEditor(7,DESKTOP-8G58738) [Debug] 1 [PackageName] WindowsEditor [ProjectName] Editor" joined multi-casting on [225.0.0.222:54997]...

Player connection [26068] Host "[IP] 172.29.0.1 [Port] 0 [Flags] 2 [Guid] 4227974192 [EditorId] 4227974192 [Version] 1048832 [Id] WindowsEditor(7,DESKTOP-8G58738) [Debug] 1 [PackageName] WindowsEditor [ProjectName] Editor" joined alternative multi-casting on [225.0.0.222:34997]...

Refreshing native plugins compatible for Editor in 85.81 ms, found 4 plugins.
Preloading 0 native plugins for Editor in 0.00 ms.
Initialize engine version: 2021.3.27f1 (ca3ffb99bcc6)
[Subsystems] Discovering subsystems at path C:/Program Files/Unity/Hub/Editor/2021.3.27f1/Editor/Data/Resources/UnitySubsystems
[Subsystems] Discovering subsystems at path C:/github/car_ml-agent/car_ml/Assets
GfxDevice: creating device client; threaded=0; jobified=0
Direct3D:
    Version:  Direct3D 11.0 [level 11.1]
    Renderer: Intel(R) Iris(R) Xe Graphics (ID=0x9a49)
    Vendor:   Intel
    VRAM:     8037 MB
    Driver:   30.0.101.1404
Initialize mono
Mono path[0] = 'C:/Program Files/Unity/Hub/Editor/2021.3.27f1/Editor/Data/Managed'
Mono path[1] = 'C:/Program Files/Unity/Hub/Editor/2021.3.27f1/Editor/Data/MonoBleedingEdge/lib/mono/unityjit-win32'
Mono config path = 'C:/Program Files/Unity/Hub/Editor/2021.3.27f1/Editor/Data/MonoBleedingEdge/etc'
Using monoOptions --debugger-agent=transport=dt_socket,embedding=1,server=y,suspend=n,address=127.0.0.1:56768
Begin MonoManager ReloadAssembly
Registering precompiled unity dll's ...
Register platform support module: C:/Program Files/Unity/Hub/Editor/2021.3.27f1/Editor/Data/PlaybackEngines/WindowsStandaloneSupport/UnityEditor.WindowsStandalone.Extensions.dll
Registered in 0.010320 seconds.
Native extension for WindowsStandalone target not found
Refreshing native plugins compatible for Editor in 100.13 ms, found 4 plugins.
Preloading 0 native plugins for Editor in 0.00 ms.
Mono: successfully reloaded assembly
- Completed reload, in  0.667 seconds
Domain Reload Profiling:
	ReloadAssembly (667ms)
		BeginReloadAssembly (101ms)
			ExecutionOrderSort (0ms)
			DisableScriptedObjects (0ms)
			BackupInstance (0ms)
			ReleaseScriptingObjects (0ms)
			CreateAndSetChildDomain (1ms)
		EndReloadAssembly (459ms)
			LoadAssemblies (95ms)
			RebuildTransferFunctionScriptingTraits (0ms)
			SetupTypeCache (99ms)
			ReleaseScriptCaches (0ms)
			RebuildScriptCaches (29ms)
			SetupLoadedEditorAssemblies (274ms)
				LogAssemblyErrors (0ms)
				InitializePlatformSupportModulesInManaged (9ms)
				SetLoadedEditorAssemblies (0ms)
				RefreshPlugins (100ms)
				BeforeProcessingInitializeOnLoad (2ms)
				ProcessInitializeOnLoadAttributes (109ms)
				ProcessInitializeOnLoadMethodAttributes (54ms)
				AfterProcessingInitializeOnLoad (0ms)
				EditorAssembliesLoaded (0ms)
			ExecutionOrderSort2 (0ms)
			AwakeInstancesAfterBackupRestoration (0ms)
Platform modules already initialized, skipping
Registering precompiled user dll's ...
Registered in 0.017605 seconds.
Begin MonoManager ReloadAssembly
Symbol file LoadedFromMemory doesn't match image C:\github\car_ml-agent\car_ml\Library\PackageCache\com.unity.visualscripting@1.8.0\Editor\VisualScripting.Core\Dependencies\YamlDotNet\Unity.VisualScripting.YamlDotNet.dll
Symbol file LoadedFromMemory doesn't match image C:\github\car_ml-agent\car_ml\Library\PackageCache\com.unity.visualscripting@1.8.0\Editor\VisualScripting.Core\Dependencies\DotNetZip\Unity.VisualScripting.IonicZip.dll
Native extension for WindowsStandalone target not found
Refreshing native plugins compatible for Editor in 78.44 ms, found 4 plugins.
Preloading 0 native plugins for Editor in 0.00 ms.
Mono: successfully reloaded assembly
- Completed reload, in  1.212 seconds
Domain Reload Profiling:
	ReloadAssembly (1213ms)
		BeginReloadAssembly (139ms)
			ExecutionOrderSort (0ms)
			DisableScriptedObjects (5ms)
			BackupInstance (0ms)
			ReleaseScriptingObjects (0ms)
			CreateAndSetChildDomain (20ms)
		EndReloadAssembly (939ms)
			LoadAssemblies (122ms)
			RebuildTransferFunctionScriptingTraits (0ms)
			SetupTypeCache (286ms)
			ReleaseScriptCaches (1ms)
			RebuildScriptCaches (52ms)
			SetupLoadedEditorAssemblies (441ms)
				LogAssemblyErrors (0ms)
				InitializePlatformSupportModulesInManaged (5ms)
				SetLoadedEditorAssemblies (0ms)
				RefreshPlugins (79ms)
				BeforeProcessingInitializeOnLoad (99ms)
				ProcessInitializeOnLoadAttributes (224ms)
				ProcessInitializeOnLoadMethodAttributes (19ms)
				AfterProcessingInitializeOnLoad (15ms)
				EditorAssembliesLoaded (0ms)
			ExecutionOrderSort2 (0ms)
			AwakeInstancesAfterBackupRestoration (16ms)
Platform modules already initialized, skipping
========================================================================
Worker process is ready to serve import requests
Launched and connected shader compiler UnityShaderCompiler.exe after 0.07 seconds
Refreshing native plugins compatible for Editor in 1.22 ms, found 4 plugins.
Preloading 0 native plugins for Editor in 0.00 ms.
Unloading 3747 Unused Serialized files (Serialized files now loaded: 0)
Unloading 62 unused Assets / (21.0 MB). Loaded Objects now: 4171.
Memory consumption went from 180.0 MB to 159.0 MB.
Total: 6.350000 ms (FindLiveObjects: 0.311600 ms CreateObjectMapping: 0.154900 ms MarkObjects: 3.224400 ms  DeleteObjects: 2.657900 ms)

AssetImportParameters requested are different than current active one (requested -> active):
  custom:video-decoder-ogg-theora: a1e56fd34408186e4bbccfd4996cb3dc -> 
  custom:container-muxer-webm: aa71ff27fc2769a1b78a27578f13a17b -> 
  custom:container-demuxer-webm: 4f35f7cbe854078d1ac9338744f61a02 -> 
  custom:video-encoder-webm-vp8: eb34c28f22e8b96e1ab97ce403110664 -> 
  custom:audio-encoder-webm-vorbis: bf7c407c2cedff20999df2af8eb42d56 -> 
  custom:framework-win-MediaFoundation: 216162199b28c13a410421893ffa2e32 -> 
  custom:container-demuxer-ogg: 62fdf1f143b41e24485cea50d1cbac27 -> 
  custom:video-decoder-webm-vp8: 9c59270c3fd7afecdb556c50c9e8de78 -> 
  custom:audio-decoder-ogg-vorbis: bf7c407c2cedff20999df2af8eb42d56 -> 
========================================================================
Received Prepare
Registering precompiled user dll's ...
Registered in 0.016288 seconds.
Begin MonoManager ReloadAssembly
Symbol file LoadedFromMemory doesn't match image C:\github\car_ml-agent\car_ml\Library\PackageCache\com.unity.visualscripting@1.8.0\Editor\VisualScripting.Core\Dependencies\YamlDotNet\Unity.VisualScripting.YamlDotNet.dll
Symbol file LoadedFromMemory doesn't match image C:\github\car_ml-agent\car_ml\Library\PackageCache\com.unity.visualscripting@1.8.0\Editor\VisualScripting.Core\Dependencies\DotNetZip\Unity.VisualScripting.IonicZip.dll
Native extension for WindowsStandalone target not found
Refreshing native plugins compatible for Editor in 0.72 ms, found 4 plugins.
Preloading 0 native plugins for Editor in 0.00 ms.
Mono: successfully reloaded assembly
- Completed reload, in  1.292 seconds
Domain Reload Profiling:
	ReloadAssembly (1293ms)
		BeginReloadAssembly (204ms)
			ExecutionOrderSort (0ms)
			DisableScriptedObjects (7ms)
			BackupInstance (0ms)
			ReleaseScriptingObjects (0ms)
			CreateAndSetChildDomain (47ms)
		EndReloadAssembly (949ms)
			LoadAssemblies (144ms)
			RebuildTransferFunctionScriptingTraits (0ms)
			SetupTypeCache (343ms)
			ReleaseScriptCaches (1ms)
			RebuildScriptCaches (48ms)
			SetupLoadedEditorAssemblies (373ms)
				LogAssemblyErrors (0ms)
				InitializePlatformSupportModulesInManaged (8ms)
				SetLoadedEditorAssemblies (1ms)
				RefreshPlugins (1ms)
				BeforeProcessingInitializeOnLoad (96ms)
				ProcessInitializeOnLoadAttributes (228ms)
				ProcessInitializeOnLoadMethodAttributes (22ms)
				AfterProcessingInitializeOnLoad (17ms)
				EditorAssembliesLoaded (0ms)
			ExecutionOrderSort2 (0ms)
			AwakeInstancesAfterBackupRestoration (16ms)
Platform modules already initialized, skipping
Refreshing native plugins compatible for Editor in 4.64 ms, found 4 plugins.
Preloading 0 native plugins for Editor in 0.00 ms.
Unloading 3740 Unused Serialized files (Serialized files now loaded: 0)
Unloading 54 unused Assets / (21.0 MB). Loaded Objects now: 4175.
Memory consumption went from 179.5 MB to 158.5 MB.
Total: 5.451100 ms (FindLiveObjects: 0.265800 ms CreateObjectMapping: 0.140900 ms MarkObjects: 2.660900 ms  DeleteObjects: 2.382000 ms)

AssetImportParameters requested are different than current active one (requested -> active):
  custom:video-decoder-ogg-theora: a1e56fd34408186e4bbccfd4996cb3dc -> 
  custom:container-muxer-webm: aa71ff27fc2769a1b78a27578f13a17b -> 
  custom:container-demuxer-webm: 4f35f7cbe854078d1ac9338744f61a02 -> 
  custom:video-encoder-webm-vp8: eb34c28f22e8b96e1ab97ce403110664 -> 
  custom:audio-encoder-webm-vorbis: bf7c407c2cedff20999df2af8eb42d56 -> 
  custom:framework-win-MediaFoundation: 216162199b28c13a410421893ffa2e32 -> 
  custom:container-demuxer-ogg: 62fdf1f143b41e24485cea50d1cbac27 -> 
  custom:video-decoder-webm-vp8: 9c59270c3fd7afecdb556c50c9e8de78 -> 
  custom:audio-decoder-ogg-vorbis: bf7c407c2cedff20999df2af8eb42d56 -> 
========================================================================
Received Import Request.
  Time since last request: 572734.593915 seconds.
  path: Assets/Low Poly City Asset/Material/City_color_map_copy (1).mat
  artifactKey: Guid(2337424b10872204f9fea9c02ca9fa3d) Importer(815301076,1909f56bfc062723c751e8b465ee728b)
Start importing Assets/Low Poly City Asset/Material/City_color_map_copy (1).mat using Guid(2337424b10872204f9fea9c02ca9fa3d) Importer(815301076,1909f56bfc062723c751e8b465ee728b)  -> (artifact id: '316d679a64e25ac9cf32d4758deef368') in 0.171664 seconds 
========================================================================
Received Import Request.
  Time since last request: 0.000040 seconds.
  path: Assets/Low Poly City Asset/Material/Map.mat
  artifactKey: Guid(fe30dc63660ba5143929f5e42e63432c) Importer(815301076,1909f56bfc062723c751e8b465ee728b)
Start importing Assets/Low Poly City Asset/Material/Map.mat using Guid(fe30dc63660ba5143929f5e42e63432c) Importer(815301076,1909f56bfc062723c751e8b465ee728b)  -> (artifact id: '747f1aacea833cb79cf8caf178334406') in 0.030178 seconds 
========================================================================
Received Import Request.
  Time since last request: 22.993837 seconds.
  path: Assets/HTS/HTS_PreFab/Traffic/TrafficLight_3.prefab
  artifactKey: Guid(bdf5bbb8b047525498badf32b2688ea5) Importer(815301076,1909f56bfc062723c751e8b465ee728b)
Start importing Assets/HTS/HTS_PreFab/Traffic/TrafficLight_3.prefab using Guid(bdf5bbb8b047525498badf32b2688ea5) Importer(815301076,1909f56bfc062723c751e8b465ee728b)  -> (artifact id: 'cbd83200bc4c0ba4beb8cdd848d3d5b8') in 0.045466 seconds 
========================================================================
Received Import Request.
  Time since last request: 143.712676 seconds.
  path: Assets/Low Poly City Asset/Prefabs/Buildings/Building1_2.prefab
  artifactKey: Guid(cf72362c6dbda5b4fbe1bb8f75103b0f) Importer(815301076,1909f56bfc062723c751e8b465ee728b)
Start importing Assets/Low Poly City Asset/Prefabs/Buildings/Building1_2.prefab using Guid(cf72362c6dbda5b4fbe1bb8f75103b0f) Importer(815301076,1909f56bfc062723c751e8b465ee728b)  -> (artifact id: '84cae8c1850caf7bf7c88d9fcf6dfd7a') in 0.125857 seconds 
========================================================================
Received Import Request.
  Time since last request: 0.000046 seconds.
  path: Assets/Low Poly City Asset/Prefabs/Buildings/Building3_3.prefab
  artifactKey: Guid(df8bdef0c3262844da6eb9b1a21beaba) Importer(815301076,1909f56bfc062723c751e8b465ee728b)
Start importing Assets/Low Poly City Asset/Prefabs/Buildings/Building3_3.prefab using Guid(df8bdef0c3262844da6eb9b1a21beaba) Importer(815301076,1909f56bfc062723c751e8b465ee728b)  -> (artifact id: '7a9b3e6bee1b21134f9c14c55513d7f4') in 0.074084 seconds 
========================================================================
Received Import Request.
  Time since last request: 0.000044 seconds.
  path: Assets/Low Poly City Asset/Prefabs/Buildings/Building6_1.prefab
  artifactKey: Guid(b4f52411b7fba524e92d4e0980b4def7) Importer(815301076,1909f56bfc062723c751e8b465ee728b)
Start importing Assets/Low Poly City Asset/Prefabs/Buildings/Building6_1.prefab using Guid(b4f52411b7fba524e92d4e0980b4def7) Importer(815301076,1909f56bfc062723c751e8b465ee728b)  -> (artifact id: 'aa7b611452a4f52265ecc3aea683f3c9') in 0.036161 seconds 
========================================================================
Received Import Request.
  Time since last request: 0.000036 seconds.
  path: Assets/Low Poly City Asset/Prefabs/Buildings/Building5_3.prefab
  artifactKey: Guid(8c2c1545fa43bd543a5a9d79accd810e) Importer(815301076,1909f56bfc062723c751e8b465ee728b)
Start importing Assets/Low Poly City Asset/Prefabs/Buildings/Building5_3.prefab using Guid(8c2c1545fa43bd543a5a9d79accd810e) Importer(815301076,1909f56bfc062723c751e8b465ee728b)  -> (artifact id: 'c46558b0a12424b5d85d6db81f9e28d5') in 0.044291 seconds 
========================================================================
Received Import Request.
  Time since last request: 0.000036 seconds.
  path: Assets/Low Poly City Asset/Prefabs/Buildings/Building4_4.prefab
  artifactKey: Guid(e82485e79d41d134b8aee84258536044) Importer(815301076,1909f56bfc062723c751e8b465ee728b)
Start importing Assets/Low Poly City Asset/Prefabs/Buildings/Building4_4.prefab using Guid(e82485e79d41d134b8aee84258536044) Importer(815301076,1909f56bfc062723c751e8b465ee728b)  -> (artifact id: 'b5e0bd8ded54d6ad9e543f8442b66599') in 0.038918 seconds 
========================================================================
Received Import Request.
  Time since last request: 0.000027 seconds.
  path: Assets/Low Poly City Asset/Prefabs/Buildings/Building2_4.prefab
  artifactKey: Guid(c9204c9bd86c06c409c9c6f291a95eb0) Importer(815301076,1909f56bfc062723c751e8b465ee728b)
Start importing Assets/Low Poly City Asset/Prefabs/Buildings/Building2_4.prefab using Guid(c9204c9bd86c06c409c9c6f291a95eb0) Importer(815301076,1909f56bfc062723c751e8b465ee728b)  -> (artifact id: '05ccca6ab6bad1f9cf44bf6f40327622') in 0.029480 seconds 
========================================================================
Received Import Request.
  Time since last request: 0.000030 seconds.
  path: Assets/Low Poly City Asset/Prefabs/Buildings/Building3_1.prefab
  artifactKey: Guid(f5698f8389b73484daee347f96f65746) Importer(815301076,1909f56bfc062723c751e8b465ee728b)
Start importing Assets/Low Poly City Asset/Prefabs/Buildings/Building3_1.prefab using Guid(f5698f8389b73484daee347f96f65746) Importer(815301076,1909f56bfc062723c751e8b465ee728b)  -> (artifact id: '71ccb62b998ead1db2e2142f6958a69e') in 0.039948 seconds 
========================================================================
Received Import Request.
  Time since last request: 0.000037 seconds.
  path: Assets/Low Poly City Asset/Prefabs/Buildings/Building4_3.prefab
  artifactKey: Guid(bbfb1fdd8f353114a8ffe5400fe22fe4) Importer(815301076,1909f56bfc062723c751e8b465ee728b)
Start importing Assets/Low Poly City Asset/Prefabs/Buildings/Building4_3.prefab using Guid(bbfb1fdd8f353114a8ffe5400fe22fe4) Importer(815301076,1909f56bfc062723c751e8b465ee728b)  -> (artifact id: 'bd943df0b7757b270be5924889e1fab6') in 0.035560 seconds 
========================================================================
Received Import Request.
  Time since last request: 0.000047 seconds.
  path: Assets/Low Poly City Asset/Prefabs/Buildings/Building4_2.prefab
  artifactKey: Guid(ac4f77050c3d81e44a68f7075cbdf5ee) Importer(815301076,1909f56bfc062723c751e8b465ee728b)
Start importing Assets/Low Poly City Asset/Prefabs/Buildings/Building4_2.prefab using Guid(ac4f77050c3d81e44a68f7075cbdf5ee) Importer(815301076,1909f56bfc062723c751e8b465ee728b)  -> (artifact id: 'dd026301d19926d29410d4fadbc3fb05') in 0.036840 seconds 
========================================================================
Received Import Request.
  Time since last request: 0.000026 seconds.
  path: Assets/Low Poly City Asset/Prefabs/Buildings/Building4_1.prefab
  artifactKey: Guid(e8f968e54d6d6e44abad24e29d0bb20a) Importer(815301076,1909f56bfc062723c751e8b465ee728b)
Start importing Assets/Low Poly City Asset/Prefabs/Buildings/Building4_1.prefab using Guid(e8f968e54d6d6e44abad24e29d0bb20a) Importer(815301076,1909f56bfc062723c751e8b465ee728b)  -> (artifact id: 'e6219c84a2b17c2096da385654dbd1be') in 0.035852 seconds 
========================================================================
Received Import Request.
  Time since last request: 0.000033 seconds.
  path: Assets/Low Poly City Asset/Prefabs/Buildings/Building6_3.prefab
  artifactKey: Guid(d15d1cb7102f6754b8c4de214e3ddf05) Importer(815301076,1909f56bfc062723c751e8b465ee728b)
Start importing Assets/Low Poly City Asset/Prefabs/Buildings/Building6_3.prefab using Guid(d15d1cb7102f6754b8c4de214e3ddf05) Importer(815301076,1909f56bfc062723c751e8b465ee728b)  -> (artifact id: '0658f191fcb17ef7640ff45237082812') in 0.036797 seconds 
========================================================================
Received Import Request.
  Time since last request: 0.000032 seconds.
  path: Assets/Low Poly City Asset/Prefabs/Buildings/Building3_4.prefab
  artifactKey: Guid(870f69a3a417ec34292d88012ac2d0fd) Importer(815301076,1909f56bfc062723c751e8b465ee728b)
Start importing Assets/Low Poly City Asset/Prefabs/Buildings/Building3_4.prefab using Guid(870f69a3a417ec34292d88012ac2d0fd) Importer(815301076,1909f56bfc062723c751e8b465ee728b)  -> (artifact id: '4920dfbd55be05ed861f46cf9e18a58b') in 0.044270 seconds 
========================================================================
Received Import Request.
  Time since last request: 1.310432 seconds.
  path: Assets/Low Poly City Asset/Prefabs/Buildings/Building7_3.prefab
  artifactKey: Guid(b104b0a1585a7744f978d727c0de2f3d) Importer(815301076,1909f56bfc062723c751e8b465ee728b)
Start importing Assets/Low Poly City Asset/Prefabs/Buildings/Building7_3.prefab using Guid(b104b0a1585a7744f978d727c0de2f3d) Importer(815301076,1909f56bfc062723c751e8b465ee728b)  -> (artifact id: '6776cddacffe3687422ca8ceae811a35') in 0.030482 seconds 
========================================================================
Received Import Request.
  Time since last request: 0.000035 seconds.
  path: Assets/Low Poly City Asset/Prefabs/Buildings/Building8_3.prefab
  artifactKey: Guid(90824424531d21840b0245fa99c26d9c) Importer(815301076,1909f56bfc062723c751e8b465ee728b)
Start importing Assets/Low Poly City Asset/Prefabs/Buildings/Building8_3.prefab using Guid(90824424531d21840b0245fa99c26d9c) Importer(815301076,1909f56bfc062723c751e8b465ee728b)  -> (artifact id: 'a37be8c936897a80623ee791da12801f') in 0.044379 seconds 
========================================================================
Received Import Request.
  Time since last request: 0.000031 seconds.
  path: Assets/Low Poly City Asset/Prefabs/Buildings/Building8_2.prefab
  artifactKey: Guid(b3c1ea141cbbbe04d9c1cedb6b11dd77) Importer(815301076,1909f56bfc062723c751e8b465ee728b)
Start importing Assets/Low Poly City Asset/Prefabs/Buildings/Building8_2.prefab using Guid(b3c1ea141cbbbe04d9c1cedb6b11dd77) Importer(815301076,1909f56bfc062723c751e8b465ee728b)  -> (artifact id: 'd50186696942007c99eca703e5b11575') in 0.035081 seconds 
========================================================================
Received Import Request.
  Time since last request: 0.000029 seconds.
  path: Assets/Low Poly City Asset/Prefabs/Buildings/Building9_2.prefab
  artifactKey: Guid(e76ee6643c2510f4da1641aebbb9cee8) Importer(815301076,1909f56bfc062723c751e8b465ee728b)
Start importing Assets/Low Poly City Asset/Prefabs/Buildings/Building9_2.prefab using Guid(e76ee6643c2510f4da1641aebbb9cee8) Importer(815301076,1909f56bfc062723c751e8b465ee728b)  -> (artifact id: '2d121f9578b4011fc384786f5dcecb30') in 0.037906 seconds 
========================================================================
Received Import Request.
  Time since last request: 0.000030 seconds.
  path: Assets/Low Poly City Asset/Prefabs/Buildings/Building9_1.prefab
  artifactKey: Guid(f0cefe7f4d2bd4d48bdddcf042f8b548) Importer(815301076,1909f56bfc062723c751e8b465ee728b)
Start importing Assets/Low Poly City Asset/Prefabs/Buildings/Building9_1.prefab using Guid(f0cefe7f4d2bd4d48bdddcf042f8b548) Importer(815301076,1909f56bfc062723c751e8b465ee728b)  -> (artifact id: '0936e217c945b328b4b3d57aad03e496') in 0.035197 seconds 
========================================================================
Received Import Request.
  Time since last request: 0.000044 seconds.
  path: Assets/Low Poly City Asset/Prefabs/Buildings/Building8_4.prefab
  artifactKey: Guid(65c00bbcd81f55a418ebc97c3638cc42) Importer(815301076,1909f56bfc062723c751e8b465ee728b)
Start importing Assets/Low Poly City Asset/Prefabs/Buildings/Building8_4.prefab using Guid(65c00bbcd81f55a418ebc97c3638cc42) Importer(815301076,1909f56bfc062723c751e8b465ee728b)  -> (artifact id: 'b356dfddfb13d578aef0fd1fd3c6b1c5') in 0.039894 seconds 
========================================================================
Received Import Request.
  Time since last request: 0.311502 seconds.
  path: Assets/Low Poly City Asset/Prefabs/Buildings/Building10_3.prefab
  artifactKey: Guid(b967a00a976fed5458ea1fedcd0bacf7) Importer(815301076,1909f56bfc062723c751e8b465ee728b)
Start importing Assets/Low Poly City Asset/Prefabs/Buildings/Building10_3.prefab using Guid(b967a00a976fed5458ea1fedcd0bacf7) Importer(815301076,1909f56bfc062723c751e8b465ee728b)  -> (artifact id: '46d3f2bdbe8390877046090eaeb34a06') in 0.027793 seconds 
========================================================================
Received Import Request.
  Time since last request: 0.000021 seconds.
  path: Assets/Low Poly City Asset/Prefabs/Buildings/Building11_2.prefab
  artifactKey: Guid(94f38fb81376907459e28fa2394feb5c) Importer(815301076,1909f56bfc062723c751e8b465ee728b)
Start importing Assets/Low Poly City Asset/Prefabs/Buildings/Building11_2.prefab using Guid(94f38fb81376907459e28fa2394feb5c) Importer(815301076,1909f56bfc062723c751e8b465ee728b)  -> (artifact id: 'edd4186f8e510ac827ba5433d04824d2') in 0.038405 seconds 
========================================================================
Received Import Request.
  Time since last request: 0.000032 seconds.
  path: Assets/Low Poly City Asset/Prefabs/Buildings/City_Hall_1.prefab
  artifactKey: Guid(221e54ded32735d4d817901fa7e91bcd) Importer(815301076,1909f56bfc062723c751e8b465ee728b)
Start importing Assets/Low Poly City Asset/Prefabs/Buildings/City_Hall_1.prefab using Guid(221e54ded32735d4d817901fa7e91bcd) Importer(815301076,1909f56bfc062723c751e8b465ee728b)  -> (artifact id: '1139d7adc95d15c483a15306212bcead') in 0.047444 seconds 
========================================================================
Received Import Request.
  Time since last request: 0.000056 seconds.
  path: Assets/Low Poly City Asset/Prefabs/Buildings/Building12_1.prefab
  artifactKey: Guid(dd92f72c2ab704e41952bb625704553b) Importer(815301076,1909f56bfc062723c751e8b465ee728b)
Start importing Assets/Low Poly City Asset/Prefabs/Buildings/Building12_1.prefab using Guid(dd92f72c2ab704e41952bb625704553b) Importer(815301076,1909f56bfc062723c751e8b465ee728b)  -> (artifact id: '080bb1b7b1bffcb09060c5631d91215c') in 0.037603 seconds 
========================================================================
Received Import Request.
  Time since last request: 0.000029 seconds.
  path: Assets/Low Poly City Asset/Prefabs/Buildings/Building11_1.prefab
  artifactKey: Guid(56938552f5c31d84682415a57505df76) Importer(815301076,1909f56bfc062723c751e8b465ee728b)
Start importing Assets/Low Poly City Asset/Prefabs/Buildings/Building11_1.prefab using Guid(56938552f5c31d84682415a57505df76) Importer(815301076,1909f56bfc062723c751e8b465ee728b)  -> (artifact id: '55971121e3afcb4921a21293ba146567') in 0.039429 seconds 
========================================================================
Received Import Request.
  Time since last request: 0.000029 seconds.
  path: Assets/Low Poly City Asset/Prefabs/Buildings/Building12_2.prefab
  artifactKey: Guid(14675014a27385848847d2f666986763) Importer(815301076,1909f56bfc062723c751e8b465ee728b)
Start importing Assets/Low Poly City Asset/Prefabs/Buildings/Building12_2.prefab using Guid(14675014a27385848847d2f666986763) Importer(815301076,1909f56bfc062723c751e8b465ee728b)  -> (artifact id: '9e5e1e1bb0b7d993485012e09d3ce083') in 0.033882 seconds 
========================================================================
Received Import Request.
  Time since last request: 0.095778 seconds.
  path: Assets/Low Poly City Asset/Prefabs/Buildings/Factory1_1.prefab
  artifactKey: Guid(1e5cbcec440d2a047aa976c72244377d) Importer(815301076,1909f56bfc062723c751e8b465ee728b)
Start importing Assets/Low Poly City Asset/Prefabs/Buildings/Factory1_1.prefab using Guid(1e5cbcec440d2a047aa976c72244377d) Importer(815301076,1909f56bfc062723c751e8b465ee728b)  -> (artifact id: '74cbeb9f9f9642394b85602454d6a463') in 0.027654 seconds 
========================================================================
Received Import Request.
  Time since last request: 0.000027 seconds.
  path: Assets/Low Poly City Asset/Prefabs/Buildings/Factory2_1.prefab
  artifactKey: Guid(db84318c923905c4ea4792de21477c94) Importer(815301076,1909f56bfc062723c751e8b465ee728b)
Start importing Assets/Low Poly City Asset/Prefabs/Buildings/Factory2_1.prefab using Guid(db84318c923905c4ea4792de21477c94) Importer(815301076,1909f56bfc062723c751e8b465ee728b)  -> (artifact id: '5a464cf5ebf3060e04c95edbe4891b23') in 0.039136 seconds 
========================================================================
Received Import Request.
  Time since last request: 0.000028 seconds.
  path: Assets/Low Poly City Asset/Prefabs/Buildings/Factory1_3.prefab
  artifactKey: Guid(5ffcdb462d5470a409bf77cb54d3c986) Importer(815301076,1909f56bfc062723c751e8b465ee728b)
Start importing Assets/Low Poly City Asset/Prefabs/Buildings/Factory1_3.prefab using Guid(5ffcdb462d5470a409bf77cb54d3c986) Importer(815301076,1909f56bfc062723c751e8b465ee728b)  -> (artifact id: '0e9761bce00e598459d545a59e77b3a0') in 0.036664 seconds 
========================================================================
Received Import Request.
  Time since last request: 0.110246 seconds.
  path: Assets/Low Poly City Asset/Prefabs/Buildings/Factory2_3.prefab
  artifactKey: Guid(cec3282b9c1569944bf4d09a60c52703) Importer(815301076,1909f56bfc062723c751e8b465ee728b)
Start importing Assets/Low Poly City Asset/Prefabs/Buildings/Factory2_3.prefab using Guid(cec3282b9c1569944bf4d09a60c52703) Importer(815301076,1909f56bfc062723c751e8b465ee728b)  -> (artifact id: 'c6129d64492ca3571f639fe434d994a4') in 0.029673 seconds 
========================================================================
Received Import Request.
  Time since last request: 0.000022 seconds.
  path: Assets/Low Poly City Asset/Prefabs/Buildings/Factory5_1.prefab
  artifactKey: Guid(e8a4bbf6d8561094abde8e28c3e91cc4) Importer(815301076,1909f56bfc062723c751e8b465ee728b)
Start importing Assets/Low Poly City Asset/Prefabs/Buildings/Factory5_1.prefab using Guid(e8a4bbf6d8561094abde8e28c3e91cc4) Importer(815301076,1909f56bfc062723c751e8b465ee728b)  -> (artifact id: '26a35563f8510478a5202feeedcb5942') in 0.033245 seconds 
========================================================================
Received Import Request.
  Time since last request: 0.000033 seconds.
  path: Assets/Low Poly City Asset/Prefabs/Buildings/Factory3_3.prefab
  artifactKey: Guid(36d0803d945fc6d4196d57ea417727f5) Importer(815301076,1909f56bfc062723c751e8b465ee728b)
Start importing Assets/Low Poly City Asset/Prefabs/Buildings/Factory3_3.prefab using Guid(36d0803d945fc6d4196d57ea417727f5) Importer(815301076,1909f56bfc062723c751e8b465ee728b)  -> (artifact id: '7120d750a5488d4633ec457509a92931') in 0.039351 seconds 
========================================================================
Received Import Request.
  Time since last request: 0.000030 seconds.
  path: Assets/Low Poly City Asset/Prefabs/Buildings/Factory3_1.prefab
  artifactKey: Guid(1baf784451a71924790d4ffee132ac1c) Importer(815301076,1909f56bfc062723c751e8b465ee728b)
Start importing Assets/Low Poly City Asset/Prefabs/Buildings/Factory3_1.prefab using Guid(1baf784451a71924790d4ffee132ac1c) Importer(815301076,1909f56bfc062723c751e8b465ee728b)  -> (artifact id: '8b3b95eb9d6811569be4db87e85e85ff') in 0.039533 seconds 
========================================================================
Received Import Request.
  Time since last request: 0.000032 seconds.
  path: Assets/Low Poly City Asset/Prefabs/Buildings/Factory4_4.prefab
  artifactKey: Guid(5ea7572b75e712c4abd539ab5a1a28a4) Importer(815301076,1909f56bfc062723c751e8b465ee728b)
Start importing Assets/Low Poly City Asset/Prefabs/Buildings/Factory4_4.prefab using Guid(5ea7572b75e712c4abd539ab5a1a28a4) Importer(815301076,1909f56bfc062723c751e8b465ee728b)  -> (artifact id: 'c0dc5f539f6b611d9c3e65e2e68a916c') in 0.034315 seconds 
========================================================================
Received Import Request.
  Time since last request: 0.000043 seconds.
  path: Assets/Low Poly City Asset/Prefabs/Buildings/Factory4_2.prefab
  artifactKey: Guid(66ac97c6e662aa646af210de03239f8f) Importer(815301076,1909f56bfc062723c751e8b465ee728b)
Start importing Assets/Low Poly City Asset/Prefabs/Buildings/Factory4_2.prefab using Guid(66ac97c6e662aa646af210de03239f8f) Importer(815301076,1909f56bfc062723c751e8b465ee728b)  -> (artifact id: 'b69ae733a2845f68e2ef19063a7eeaaf') in 0.063541 seconds 
========================================================================
Received Import Request.
  Time since last request: 0.050917 seconds.
  path: Assets/Low Poly City Asset/Prefabs/Buildings/Football_Peach.prefab
  artifactKey: Guid(2d6dbf4e360e15141a534358c4c3d1fb) Importer(815301076,1909f56bfc062723c751e8b465ee728b)
Start importing Assets/Low Poly City Asset/Prefabs/Buildings/Football_Peach.prefab using Guid(2d6dbf4e360e15141a534358c4c3d1fb) Importer(815301076,1909f56bfc062723c751e8b465ee728b)  -> (artifact id: 'dba37b5cf59632e1b5681e72d721bc02') in 0.026376 seconds 
========================================================================
Received Import Request.
  Time since last request: 0.000023 seconds.
  path: Assets/Low Poly City Asset/Prefabs/Buildings/Skyscraper3_3.prefab
  artifactKey: Guid(c707c19eb21282047913be387e956c9b) Importer(815301076,1909f56bfc062723c751e8b465ee728b)
Start importing Assets/Low Poly City Asset/Prefabs/Buildings/Skyscraper3_3.prefab using Guid(c707c19eb21282047913be387e956c9b) Importer(815301076,1909f56bfc062723c751e8b465ee728b)  -> (artifact id: '9706b3f965199c3ce6f2c102d1b787ee') in 0.031653 seconds 
========================================================================
Received Import Request.
  Time since last request: 0.000027 seconds.
  path: Assets/Low Poly City Asset/Prefabs/Buildings/Skyscraper1_1.prefab
  artifactKey: Guid(f732fda027cda2a47ab832d94c394cd9) Importer(815301076,1909f56bfc062723c751e8b465ee728b)
Start importing Assets/Low Poly City Asset/Prefabs/Buildings/Skyscraper1_1.prefab using Guid(f732fda027cda2a47ab832d94c394cd9) Importer(815301076,1909f56bfc062723c751e8b465ee728b)  -> (artifact id: 'd67cc3c05d688e0460b4f6857852f65e') in 0.033485 seconds 
========================================================================
Received Import Request.
  Time since last request: 0.000033 seconds.
  path: Assets/Low Poly City Asset/Prefabs/Buildings/Skyscraper3_1.prefab
  artifactKey: Guid(63f379f76f2a6d74a835d596ec65a7b9) Importer(815301076,1909f56bfc062723c751e8b465ee728b)
Start importing Assets/Low Poly City Asset/Prefabs/Buildings/Skyscraper3_1.prefab using Guid(63f379f76f2a6d74a835d596ec65a7b9) Importer(815301076,1909f56bfc062723c751e8b465ee728b)  -> (artifact id: 'd083d0d21f43c97f4584b2edbe683348') in 0.034283 seconds 
========================================================================
Received Import Request.
  Time since last request: 0.000052 seconds.
  path: Assets/Low Poly City Asset/Prefabs/Buildings/Skyscraper5_2.prefab
  artifactKey: Guid(b5469b0116bfd4b438e367b2717acdde) Importer(815301076,1909f56bfc062723c751e8b465ee728b)
Start importing Assets/Low Poly City Asset/Prefabs/Buildings/Skyscraper5_2.prefab using Guid(b5469b0116bfd4b438e367b2717acdde) Importer(815301076,1909f56bfc062723c751e8b465ee728b)  -> (artifact id: '0d2adb844ce16010e3da3b9fb447be75') in 0.040824 seconds 
========================================================================
Received Import Request.
  Time since last request: 0.000039 seconds.
  path: Assets/Low Poly City Asset/Prefabs/Buildings/Skyscraper5_1.prefab
  artifactKey: Guid(5e0a463f8e283854cb0c338ec7b3af7b) Importer(815301076,1909f56bfc062723c751e8b465ee728b)
Start importing Assets/Low Poly City Asset/Prefabs/Buildings/Skyscraper5_1.prefab using Guid(5e0a463f8e283854cb0c338ec7b3af7b) Importer(815301076,1909f56bfc062723c751e8b465ee728b)  -> (artifact id: '95ae6a47b7bf20b4a630d082d75b8bab') in 0.035070 seconds 
========================================================================
Received Import Request.
  Time since last request: 0.000025 seconds.
  path: Assets/Low Poly City Asset/Prefabs/Buildings/Skyscraper3_2.prefab
  artifactKey: Guid(7fc4490f0a1b22a4e9d9ae177d4febe4) Importer(815301076,1909f56bfc062723c751e8b465ee728b)
Start importing Assets/Low Poly City Asset/Prefabs/Buildings/Skyscraper3_2.prefab using Guid(7fc4490f0a1b22a4e9d9ae177d4febe4) Importer(815301076,1909f56bfc062723c751e8b465ee728b)  -> (artifact id: 'a40501ff007121e7f4eba8ed91a83f3e') in 0.034420 seconds 
========================================================================
Received Import Request.
  Time since last request: 0.000032 seconds.
  path: Assets/Low Poly City Asset/Prefabs/Buildings/Skyscraper2_1.prefab
  artifactKey: Guid(4445451d8240ced4caedf6b01591ff3d) Importer(815301076,1909f56bfc062723c751e8b465ee728b)
Start importing Assets/Low Poly City Asset/Prefabs/Buildings/Skyscraper2_1.prefab using Guid(4445451d8240ced4caedf6b01591ff3d) Importer(815301076,1909f56bfc062723c751e8b465ee728b)  -> (artifact id: 'db24036db71622b54bcc31fc6b0ab887') in 0.039992 seconds 
========================================================================
Received Import Request.
  Time since last request: 0.000034 seconds.
  path: Assets/Low Poly City Asset/Prefabs/Buildings/Skyscraper1_3.prefab
  artifactKey: Guid(fda779f8c0dc521469d570ab30fb1b61) Importer(815301076,1909f56bfc062723c751e8b465ee728b)
Start importing Assets/Low Poly City Asset/Prefabs/Buildings/Skyscraper1_3.prefab using Guid(fda779f8c0dc521469d570ab30fb1b61) Importer(815301076,1909f56bfc062723c751e8b465ee728b)  -> (artifact id: '50812cecd18a09b3d9d68f7413602131') in 0.034662 seconds 
========================================================================
Received Import Request.
  Time since last request: 45.774677 seconds.
  path: Assets/HTS/HTS_PreFab/Building/Skyscraper1_2.prefab
  artifactKey: Guid(7a316b53568788e4284962cbe0387c75) Importer(815301076,1909f56bfc062723c751e8b465ee728b)
Start importing Assets/HTS/HTS_PreFab/Building/Skyscraper1_2.prefab using Guid(7a316b53568788e4284962cbe0387c75) Importer(815301076,1909f56bfc062723c751e8b465ee728b)  -> (artifact id: '1d4a98b1ee7a715b71b872d53f8966f7') in 0.028846 seconds 
========================================================================
Received Import Request.
  Time since last request: 0.000024 seconds.
  path: Assets/HTS/HTS_PreFab/Building/Skyscraper4_1.prefab
  artifactKey: Guid(46425211599149f488c803ba78754b0f) Importer(815301076,1909f56bfc062723c751e8b465ee728b)
Start importing Assets/HTS/HTS_PreFab/Building/Skyscraper4_1.prefab using Guid(46425211599149f488c803ba78754b0f) Importer(815301076,1909f56bfc062723c751e8b465ee728b)  -> (artifact id: '74c7cbc52c761f90f2ff812e75357813') in 0.025093 seconds 
========================================================================
Received Import Request.
  Time since last request: 0.000047 seconds.
  path: Assets/HTS/HTS_PreFab/Building/Skyscraper2_3.prefab
  artifactKey: Guid(ef6be6c285534b5488b65f7a251e6952) Importer(815301076,1909f56bfc062723c751e8b465ee728b)
Start importing Assets/HTS/HTS_PreFab/Building/Skyscraper2_3.prefab using Guid(ef6be6c285534b5488b65f7a251e6952) Importer(815301076,1909f56bfc062723c751e8b465ee728b)  -> (artifact id: '848c18c1892934f6b223f837a31fe32b') in 0.026997 seconds 
========================================================================
Received Import Request.
  Time since last request: 0.000049 seconds.
  path: Assets/HTS/HTS_PreFab/Building/Skyscraper5_1.prefab
  artifactKey: Guid(8205b8cd635de3f45b4db9e4f6b8952a) Importer(815301076,1909f56bfc062723c751e8b465ee728b)
Start importing Assets/HTS/HTS_PreFab/Building/Skyscraper5_1.prefab using Guid(8205b8cd635de3f45b4db9e4f6b8952a) Importer(815301076,1909f56bfc062723c751e8b465ee728b)  -> (artifact id: 'b0e67d87c780a992b333447c926d7379') in 0.035941 seconds 
========================================================================
Received Import Request.
  Time since last request: 0.000043 seconds.
  path: Assets/HTS/HTS_PreFab/Building/Skyscraper5_2.prefab
  artifactKey: Guid(28de6d639a805754c83395b254ec07e8) Importer(815301076,1909f56bfc062723c751e8b465ee728b)
Start importing Assets/HTS/HTS_PreFab/Building/Skyscraper5_2.prefab using Guid(28de6d639a805754c83395b254ec07e8) Importer(815301076,1909f56bfc062723c751e8b465ee728b)  -> (artifact id: 'fd7b079accf5c3b942eb02fd18b9aa44') in 0.025832 seconds 
========================================================================
Received Import Request.
  Time since last request: 0.800022 seconds.
  path: Assets/HTS/HTS_PreFab/Building/Factory4_4.prefab
  artifactKey: Guid(0a980b65de590e14bb8fcf049d67f4a1) Importer(815301076,1909f56bfc062723c751e8b465ee728b)
Start importing Assets/HTS/HTS_PreFab/Building/Factory4_4.prefab using Guid(0a980b65de590e14bb8fcf049d67f4a1) Importer(815301076,1909f56bfc062723c751e8b465ee728b)  -> (artifact id: '5e79cb717fa40e5ba57310298ab79876') in 0.014931 seconds 
========================================================================
Received Import Request.
  Time since last request: 0.000032 seconds.
  path: Assets/HTS/HTS_PreFab/Building/Factory3_3.prefab
  artifactKey: Guid(cb2dc85e5ec49be4aa8b62313afa13c3) Importer(815301076,1909f56bfc062723c751e8b465ee728b)
Start importing Assets/HTS/HTS_PreFab/Building/Factory3_3.prefab using Guid(cb2dc85e5ec49be4aa8b62313afa13c3) Importer(815301076,1909f56bfc062723c751e8b465ee728b)  -> (artifact id: 'f7522cb3cc23b8ebd37ecbecbeaa9b6f') in 0.016029 seconds 
========================================================================
Received Import Request.
  Time since last request: 0.000023 seconds.
  path: Assets/HTS/HTS_PreFab/Building/Factory3_4.prefab
  artifactKey: Guid(8facbff7f006b794983b5f46ad4e91f6) Importer(815301076,1909f56bfc062723c751e8b465ee728b)
Start importing Assets/HTS/HTS_PreFab/Building/Factory3_4.prefab using Guid(8facbff7f006b794983b5f46ad4e91f6) Importer(815301076,1909f56bfc062723c751e8b465ee728b)  -> (artifact id: '45ca3ae76687e306181f7849187c3cdd') in 0.028752 seconds 
========================================================================
Received Import Request.
  Time since last request: 0.061187 seconds.
  path: Assets/HTS/HTS_PreFab/Building/Factory1_4.prefab
  artifactKey: Guid(55d95856b87578c45859353537534672) Importer(815301076,1909f56bfc062723c751e8b465ee728b)
Start importing Assets/HTS/HTS_PreFab/Building/Factory1_4.prefab using Guid(55d95856b87578c45859353537534672) Importer(815301076,1909f56bfc062723c751e8b465ee728b)  -> (artifact id: '343d91f2161a66cfa58a34b99836fa6b') in 0.028829 seconds 
========================================================================
Received Import Request.
  Time since last request: 0.000023 seconds.
  path: Assets/HTS/HTS_PreFab/Building/Factory2_2.prefab
  artifactKey: Guid(7a4930f2e4411834db449aa75f1f3c09) Importer(815301076,1909f56bfc062723c751e8b465ee728b)
Start importing Assets/HTS/HTS_PreFab/Building/Factory2_2.prefab using Guid(7a4930f2e4411834db449aa75f1f3c09) Importer(815301076,1909f56bfc062723c751e8b465ee728b)  -> (artifact id: 'cd362066c8bc85be7cca1f9c7187990b') in 0.011690 seconds 
========================================================================
Received Import Request.
  Time since last request: 0.121380 seconds.
  path: Assets/HTS/HTS_PreFab/Building/Building12_4.prefab
  artifactKey: Guid(a418b1f44083807488249666922c7d33) Importer(815301076,1909f56bfc062723c751e8b465ee728b)
Start importing Assets/HTS/HTS_PreFab/Building/Building12_4.prefab using Guid(a418b1f44083807488249666922c7d33) Importer(815301076,1909f56bfc062723c751e8b465ee728b)  -> (artifact id: 'c92b9a68f09625f133aed29e181d788a') in 0.033529 seconds 
========================================================================
Received Import Request.
  Time since last request: 0.000026 seconds.
  path: Assets/HTS/HTS_PreFab/Building/City_Hall_2.prefab
  artifactKey: Guid(c42d7649a8648694da57abc9730db5c2) Importer(815301076,1909f56bfc062723c751e8b465ee728b)
Start importing Assets/HTS/HTS_PreFab/Building/City_Hall_2.prefab using Guid(c42d7649a8648694da57abc9730db5c2) Importer(815301076,1909f56bfc062723c751e8b465ee728b)  -> (artifact id: 'a80afad3d83a1f62d67c2d1e4775989f') in 0.026799 seconds 
========================================================================
Received Import Request.
  Time since last request: 0.000036 seconds.
  path: Assets/HTS/HTS_PreFab/Building/Building10_4.prefab
  artifactKey: Guid(7d99013002a811047a08d454d506e2f4) Importer(815301076,1909f56bfc062723c751e8b465ee728b)
Start importing Assets/HTS/HTS_PreFab/Building/Building10_4.prefab using Guid(7d99013002a811047a08d454d506e2f4) Importer(815301076,1909f56bfc062723c751e8b465ee728b)  -> (artifact id: '8aabc2abbebd55e32c554c2595ab388f') in 0.014417 seconds 
========================================================================
Received Import Request.
  Time since last request: 0.009855 seconds.
  path: Assets/HTS/HTS_PreFab/Building/Building9_4.prefab
  artifactKey: Guid(308da8ed708144742b77b43d911a0982) Importer(815301076,1909f56bfc062723c751e8b465ee728b)
Start importing Assets/HTS/HTS_PreFab/Building/Building9_4.prefab using Guid(308da8ed708144742b77b43d911a0982) Importer(815301076,1909f56bfc062723c751e8b465ee728b)  -> (artifact id: '98519aedb385972db2c55be1c2fd2143') in 0.022885 seconds 
========================================================================
Received Import Request.
  Time since last request: 0.000033 seconds.
  path: Assets/HTS/HTS_PreFab/Building/Building10_2.prefab
  artifactKey: Guid(6e595a1364e97ac4ba507157c47265db) Importer(815301076,1909f56bfc062723c751e8b465ee728b)
Start importing Assets/HTS/HTS_PreFab/Building/Building10_2.prefab using Guid(6e595a1364e97ac4ba507157c47265db) Importer(815301076,1909f56bfc062723c751e8b465ee728b)  -> (artifact id: '18a7e37de3149298d97a80e14fc5b4ac') in 0.014927 seconds 
========================================================================
Received Import Request.
  Time since last request: 0.020966 seconds.
  path: Assets/HTS/HTS_PreFab/Building/Building8_2.prefab
  artifactKey: Guid(9a2dfd3fb2afb0f408e2e5b25426ec85) Importer(815301076,1909f56bfc062723c751e8b465ee728b)
Start importing Assets/HTS/HTS_PreFab/Building/Building8_2.prefab using Guid(9a2dfd3fb2afb0f408e2e5b25426ec85) Importer(815301076,1909f56bfc062723c751e8b465ee728b)  -> (artifact id: '9b1a853dc46df3c19acfd2aab1a2a1a0') in 0.019228 seconds 
========================================================================
Received Import Request.
  Time since last request: 0.000022 seconds.
  path: Assets/HTS/HTS_PreFab/Building/Building9_1.prefab
  artifactKey: Guid(c7cf7785186399940a4c106c151f8b00) Importer(815301076,1909f56bfc062723c751e8b465ee728b)
Start importing Assets/HTS/HTS_PreFab/Building/Building9_1.prefab using Guid(c7cf7785186399940a4c106c151f8b00) Importer(815301076,1909f56bfc062723c751e8b465ee728b)  -> (artifact id: '31c51399fedd84038fcae8510561ff0d') in 0.013747 seconds 
========================================================================
Received Import Request.
  Time since last request: 0.115772 seconds.
  path: Assets/HTS/HTS_PreFab/Building/Building6_4.prefab
  artifactKey: Guid(b0d8671576ded7e41a0f241f1d132576) Importer(815301076,1909f56bfc062723c751e8b465ee728b)
Start importing Assets/HTS/HTS_PreFab/Building/Building6_4.prefab using Guid(b0d8671576ded7e41a0f241f1d132576) Importer(815301076,1909f56bfc062723c751e8b465ee728b)  -> (artifact id: '7c22ef9bec7c9471ba6ea4943dc680dc') in 0.016002 seconds 
========================================================================
Received Import Request.
  Time since last request: 0.000022 seconds.
  path: Assets/HTS/HTS_PreFab/Building/Building5_3.prefab
  artifactKey: Guid(2d988ef7bf62bfe42a9489f7451bdd94) Importer(815301076,1909f56bfc062723c751e8b465ee728b)
Start importing Assets/HTS/HTS_PreFab/Building/Building5_3.prefab using Guid(2d988ef7bf62bfe42a9489f7451bdd94) Importer(815301076,1909f56bfc062723c751e8b465ee728b)  -> (artifact id: '2baa8da683a710bed72709e3f8f1a42c') in 0.029131 seconds 
========================================================================
Received Import Request.
  Time since last request: 0.000032 seconds.
  path: Assets/HTS/HTS_PreFab/Building/Building7_2.prefab
  artifactKey: Guid(8dff737590a8c5f49b0ee97370466a0f) Importer(815301076,1909f56bfc062723c751e8b465ee728b)
Start importing Assets/HTS/HTS_PreFab/Building/Building7_2.prefab using Guid(8dff737590a8c5f49b0ee97370466a0f) Importer(815301076,1909f56bfc062723c751e8b465ee728b)  -> (artifact id: 'a794e5c74d5af44fa6fe259ba026a506') in 0.015855 seconds 
========================================================================
Received Import Request.
  Time since last request: 0.060711 seconds.
  path: Assets/HTS/HTS_PreFab/Building/Building2_3.prefab
  artifactKey: Guid(92e79aa4478b02142b3f6a52424cc9d8) Importer(815301076,1909f56bfc062723c751e8b465ee728b)
Start importing Assets/HTS/HTS_PreFab/Building/Building2_3.prefab using Guid(92e79aa4478b02142b3f6a52424cc9d8) Importer(815301076,1909f56bfc062723c751e8b465ee728b)  -> (artifact id: 'a9312b008b72bb55200b4f15892917c0') in 0.019530 seconds 
========================================================================
Received Import Request.
  Time since last request: 0.000033 seconds.
  path: Assets/HTS/HTS_PreFab/Building/Building3_1.prefab
  artifactKey: Guid(df2fc5b83c1bb1142809c1df2d67443d) Importer(815301076,1909f56bfc062723c751e8b465ee728b)
Start importing Assets/HTS/HTS_PreFab/Building/Building3_1.prefab using Guid(df2fc5b83c1bb1142809c1df2d67443d) Importer(815301076,1909f56bfc062723c751e8b465ee728b)  -> (artifact id: 'a9854cf21fb643569fe03a950c9aed0c') in 0.029636 seconds 
========================================================================
Received Import Request.
  Time since last request: 0.000059 seconds.
  path: Assets/HTS/HTS_PreFab/Building/Building4_2.prefab
  artifactKey: Guid(dd83f4f901a052e489577d875c8bc953) Importer(815301076,1909f56bfc062723c751e8b465ee728b)
Start importing Assets/HTS/HTS_PreFab/Building/Building4_2.prefab using Guid(dd83f4f901a052e489577d875c8bc953) Importer(815301076,1909f56bfc062723c751e8b465ee728b)  -> (artifact id: 'dec2a82a4d1a5ee068d7f313e812858e') in 0.033145 seconds 
========================================================================
Received Import Request.
  Time since last request: 0.098316 seconds.
  path: Assets/HTS/HTS_PreFab/Building/Building1_4.prefab
  artifactKey: Guid(bd4f77888887df34eae37a8545781535) Importer(815301076,1909f56bfc062723c751e8b465ee728b)
Start importing Assets/HTS/HTS_PreFab/Building/Building1_4.prefab using Guid(bd4f77888887df34eae37a8545781535) Importer(815301076,1909f56bfc062723c751e8b465ee728b)  -> (artifact id: '07bc69c6b5d164c045eb356278bd9d0d') in 0.025351 seconds 
========================================================================
Received Import Request.
  Time since last request: 56.751070 seconds.
  path: Assets/HTS/HTS_PreFab/Building/Building1_4.prefab
  artifactKey: Guid(bd4f77888887df34eae37a8545781535) Importer(815301076,1909f56bfc062723c751e8b465ee728b)
Start importing Assets/HTS/HTS_PreFab/Building/Building1_4.prefab using Guid(bd4f77888887df34eae37a8545781535) Importer(815301076,1909f56bfc062723c751e8b465ee728b)  -> (artifact id: '0ca9a4012f4adf465ebc8e57bb4cf3e2') in 0.036834 seconds 
========================================================================
Received Prepare
Registering precompiled user dll's ...
Registered in 0.023643 seconds.
Begin MonoManager ReloadAssembly
Symbol file LoadedFromMemory doesn't match image C:\github\car_ml-agent\car_ml\Library\PackageCache\com.unity.visualscripting@1.8.0\Editor\VisualScripting.Core\Dependencies\YamlDotNet\Unity.VisualScripting.YamlDotNet.dll
Symbol file LoadedFromMemory doesn't match image C:\github\car_ml-agent\car_ml\Library\PackageCache\com.unity.visualscripting@1.8.0\Editor\VisualScripting.Core\Dependencies\DotNetZip\Unity.VisualScripting.IonicZip.dll
Native extension for WindowsStandalone target not found
Refreshing native plugins compatible for Editor in 0.70 ms, found 4 plugins.
Preloading 0 native plugins for Editor in 0.00 ms.
Mono: successfully reloaded assembly
- Completed reload, in  1.168 seconds
Domain Reload Profiling:
	ReloadAssembly (1169ms)
		BeginReloadAssembly (170ms)
			ExecutionOrderSort (0ms)
			DisableScriptedObjects (4ms)
			BackupInstance (0ms)
			ReleaseScriptingObjects (0ms)
			CreateAndSetChildDomain (36ms)
		EndReloadAssembly (868ms)
			LoadAssemblies (140ms)
			RebuildTransferFunctionScriptingTraits (0ms)
			SetupTypeCache (318ms)
			ReleaseScriptCaches (2ms)
			RebuildScriptCaches (45ms)
			SetupLoadedEditorAssemblies (324ms)
				LogAssemblyErrors (0ms)
				InitializePlatformSupportModulesInManaged (6ms)
				SetLoadedEditorAssemblies (0ms)
				RefreshPlugins (1ms)
				BeforeProcessingInitializeOnLoad (89ms)
				ProcessInitializeOnLoadAttributes (197ms)
				ProcessInitializeOnLoadMethodAttributes (18ms)
				AfterProcessingInitializeOnLoad (12ms)
				EditorAssembliesLoaded (0ms)
			ExecutionOrderSort2 (0ms)
			AwakeInstancesAfterBackupRestoration (14ms)
Platform modules already initialized, skipping
Refreshing native plugins compatible for Editor in 3.49 ms, found 4 plugins.
Preloading 0 native plugins for Editor in 0.00 ms.
Unloading 3740 Unused Serialized files (Serialized files now loaded: 0)
Unloading 54 unused Assets / (21.0 MB). Loaded Objects now: 4222.
Memory consumption went from 184.6 MB to 163.7 MB.
Total: 4.746600 ms (FindLiveObjects: 0.252600 ms CreateObjectMapping: 0.120100 ms MarkObjects: 2.032100 ms  DeleteObjects: 2.340600 ms)

AssetImportParameters requested are different than current active one (requested -> active):
  custom:video-decoder-ogg-theora: a1e56fd34408186e4bbccfd4996cb3dc -> 
  custom:container-muxer-webm: aa71ff27fc2769a1b78a27578f13a17b -> 
  custom:container-demuxer-webm: 4f35f7cbe854078d1ac9338744f61a02 -> 
  custom:video-encoder-webm-vp8: eb34c28f22e8b96e1ab97ce403110664 -> 
  custom:audio-encoder-webm-vorbis: bf7c407c2cedff20999df2af8eb42d56 -> 
  custom:framework-win-MediaFoundation: 216162199b28c13a410421893ffa2e32 -> 
  custom:container-demuxer-ogg: 62fdf1f143b41e24485cea50d1cbac27 -> 
  custom:video-decoder-webm-vp8: 9c59270c3fd7afecdb556c50c9e8de78 -> 
  custom:audio-decoder-ogg-vorbis: bf7c407c2cedff20999df2af8eb42d56 -> 
========================================================================
Received Import Request.
  Time since last request: 41.719958 seconds.
  path: Assets/HTS/HTS_PreFab/Building/Building2_4.prefab
  artifactKey: Guid(20b0be719b976294091f213c8a8f01b0) Importer(815301076,1909f56bfc062723c751e8b465ee728b)
Start importing Assets/HTS/HTS_PreFab/Building/Building2_4.prefab using Guid(20b0be719b976294091f213c8a8f01b0) Importer(815301076,1909f56bfc062723c751e8b465ee728b)  -> (artifact id: '7091ef057258a6c540abe89d590e85a8') in 0.136093 seconds 
========================================================================
Received Import Request.
  Time since last request: 10.260727 seconds.
  path: Assets/HTS/HTS_PreFab/Building/Building4_2.prefab
  artifactKey: Guid(dd83f4f901a052e489577d875c8bc953) Importer(815301076,1909f56bfc062723c751e8b465ee728b)
Start importing Assets/HTS/HTS_PreFab/Building/Building4_2.prefab using Guid(dd83f4f901a052e489577d875c8bc953) Importer(815301076,1909f56bfc062723c751e8b465ee728b)  -> (artifact id: '5ac13020bd2b7cc246eed2ff95c97e6b') in 0.041553 seconds 
========================================================================
Received Import Request.
  Time since last request: 0.000034 seconds.
  path: Assets/HTS/HTS_PreFab/Building/Building5_2.prefab
  artifactKey: Guid(2e97492e8bb2cd844a87aeabefead17f) Importer(815301076,1909f56bfc062723c751e8b465ee728b)
Start importing Assets/HTS/HTS_PreFab/Building/Building5_2.prefab using Guid(2e97492e8bb2cd844a87aeabefead17f) Importer(815301076,1909f56bfc062723c751e8b465ee728b)  -> (artifact id: 'd66ae1ec333b5fc00ebb0364a44a8da2') in 0.017500 seconds 
========================================================================
Received Import Request.
  Time since last request: 8.335135 seconds.
  path: Assets/HTS/HTS_PreFab/Building/Building6_2.prefab
  artifactKey: Guid(b58a994bc29abb4428703471e60e4146) Importer(815301076,1909f56bfc062723c751e8b465ee728b)
Start importing Assets/HTS/HTS_PreFab/Building/Building6_2.prefab using Guid(b58a994bc29abb4428703471e60e4146) Importer(815301076,1909f56bfc062723c751e8b465ee728b)  -> (artifact id: 'c5bf90aa854dbf1401418bfb2cb7019a') in 0.028676 seconds 
========================================================================
Received Import Request.
  Time since last request: 0.000033 seconds.
  path: Assets/HTS/HTS_PreFab/Building/Building6_4.prefab
  artifactKey: Guid(b0d8671576ded7e41a0f241f1d132576) Importer(815301076,1909f56bfc062723c751e8b465ee728b)
Start importing Assets/HTS/HTS_PreFab/Building/Building6_4.prefab using Guid(b0d8671576ded7e41a0f241f1d132576) Importer(815301076,1909f56bfc062723c751e8b465ee728b)  -> (artifact id: 'a128e3ccb4e21df4fd730639471be963') in 0.020253 seconds 
========================================================================
Received Import Request.
  Time since last request: 5.941589 seconds.
  path: Assets/HTS/HTS_PreFab/Building/Building7_4.prefab
  artifactKey: Guid(3d37e60188a3d104491a5334c5bc07d5) Importer(815301076,1909f56bfc062723c751e8b465ee728b)
Start importing Assets/HTS/HTS_PreFab/Building/Building7_4.prefab using Guid(3d37e60188a3d104491a5334c5bc07d5) Importer(815301076,1909f56bfc062723c751e8b465ee728b)  -> (artifact id: '272794bf1bff7cda50a413d6bf3aad99') in 0.029368 seconds 
========================================================================
Received Import Request.
  Time since last request: 0.000038 seconds.
  path: Assets/HTS/HTS_PreFab/Building/Building8_2.prefab
  artifactKey: Guid(9a2dfd3fb2afb0f408e2e5b25426ec85) Importer(815301076,1909f56bfc062723c751e8b465ee728b)
Start importing Assets/HTS/HTS_PreFab/Building/Building8_2.prefab using Guid(9a2dfd3fb2afb0f408e2e5b25426ec85) Importer(815301076,1909f56bfc062723c751e8b465ee728b)  -> (artifact id: 'cf0115817453bedef1a416dd92315a71') in 0.020876 seconds 
========================================================================
Received Import Request.
  Time since last request: 25.107369 seconds.
  path: Assets/HTS/HTS_PreFab/Building/Building9_2.prefab
  artifactKey: Guid(0472e2456eff1cf4bbbcb9015f7048ee) Importer(815301076,1909f56bfc062723c751e8b465ee728b)
Start importing Assets/HTS/HTS_PreFab/Building/Building9_2.prefab using Guid(0472e2456eff1cf4bbbcb9015f7048ee) Importer(815301076,1909f56bfc062723c751e8b465ee728b)  -> (artifact id: '01a9d26fa273a598b48f641acdace85b') in 0.036395 seconds 
========================================================================
Received Import Request.
  Time since last request: 0.000037 seconds.
  path: Assets/HTS/HTS_PreFab/Building/Building10_2.prefab
  artifactKey: Guid(6e595a1364e97ac4ba507157c47265db) Importer(815301076,1909f56bfc062723c751e8b465ee728b)
Start importing Assets/HTS/HTS_PreFab/Building/Building10_2.prefab using Guid(6e595a1364e97ac4ba507157c47265db) Importer(815301076,1909f56bfc062723c751e8b465ee728b)  -> (artifact id: 'a23bf0517e284f8fcf8c99b30c780da0') in 0.041921 seconds 
========================================================================
Received Import Request.
  Time since last request: 18.032366 seconds.
  path: Assets/HTS/HTS_PreFab/Building/Building12_4.prefab
  artifactKey: Guid(a418b1f44083807488249666922c7d33) Importer(815301076,1909f56bfc062723c751e8b465ee728b)
Start importing Assets/HTS/HTS_PreFab/Building/Building12_4.prefab using Guid(a418b1f44083807488249666922c7d33) Importer(815301076,1909f56bfc062723c751e8b465ee728b)  -> (artifact id: '56ff77c32c8ed27155cc0288ea1cc0be') in 0.013988 seconds 
========================================================================
Received Import Request.
  Time since last request: 6.462059 seconds.
  path: Assets/HTS/HTS_PreFab/Building/Factory2_3.prefab
  artifactKey: Guid(a01b33b431be03845b0e1c90da83c428) Importer(815301076,1909f56bfc062723c751e8b465ee728b)
Start importing Assets/HTS/HTS_PreFab/Building/Factory2_3.prefab using Guid(a01b33b431be03845b0e1c90da83c428) Importer(815301076,1909f56bfc062723c751e8b465ee728b)  -> (artifact id: 'e27ffca3997ba38ede2bd29ed1c4f920') in 0.015967 seconds 
========================================================================
Received Import Request.
  Time since last request: 0.000021 seconds.
  path: Assets/HTS/HTS_PreFab/Building/Factory3_2.prefab
  artifactKey: Guid(1a721b52e4519ce4aad47aacb3857467) Importer(815301076,1909f56bfc062723c751e8b465ee728b)
Start importing Assets/HTS/HTS_PreFab/Building/Factory3_2.prefab using Guid(1a721b52e4519ce4aad47aacb3857467) Importer(815301076,1909f56bfc062723c751e8b465ee728b)  -> (artifact id: 'e40333e921589d42bf680adbe5ea47b3') in 0.023116 seconds 
========================================================================
Received Import Request.
  Time since last request: 0.000036 seconds.
  path: Assets/HTS/HTS_PreFab/Building/Factory4_3.prefab
  artifactKey: Guid(d558e9edeffaaf146ae994ecf8f06f4a) Importer(815301076,1909f56bfc062723c751e8b465ee728b)
Start importing Assets/HTS/HTS_PreFab/Building/Factory4_3.prefab using Guid(d558e9edeffaaf146ae994ecf8f06f4a) Importer(815301076,1909f56bfc062723c751e8b465ee728b)  -> (artifact id: 'a372704a33b0767b5c9c4ee7c5b150de') in 0.026382 seconds 
========================================================================
Received Import Request.
  Time since last request: 0.000044 seconds.
  path: Assets/HTS/HTS_PreFab/Building/Factory4_4.prefab
  artifactKey: Guid(0a980b65de590e14bb8fcf049d67f4a1) Importer(815301076,1909f56bfc062723c751e8b465ee728b)
Start importing Assets/HTS/HTS_PreFab/Building/Factory4_4.prefab using Guid(0a980b65de590e14bb8fcf049d67f4a1) Importer(815301076,1909f56bfc062723c751e8b465ee728b)  -> (artifact id: 'd0702bce95b07e02094047b7d524458a') in 0.018038 seconds 
========================================================================
Received Import Request.
  Time since last request: 12.707284 seconds.
  path: Assets/HTS/HTS_PreFab/Building/Skyscraper1_3.prefab
  artifactKey: Guid(ec00455e0f20c2547956adf254f8d750) Importer(815301076,1909f56bfc062723c751e8b465ee728b)
Start importing Assets/HTS/HTS_PreFab/Building/Skyscraper1_3.prefab using Guid(ec00455e0f20c2547956adf254f8d750) Importer(815301076,1909f56bfc062723c751e8b465ee728b)  -> (artifact id: '76990dfc72ab2fda562347f6490a38b8') in 0.046367 seconds 
========================================================================
Received Import Request.
  Time since last request: 5.650001 seconds.
  path: Assets/HTS/HTS_PreFab/Building/Football_Peach.prefab
  artifactKey: Guid(3dfc59cbdc27fd34893162707c9a3ba0) Importer(815301076,1909f56bfc062723c751e8b465ee728b)
Start importing Assets/HTS/HTS_PreFab/Building/Football_Peach.prefab using Guid(3dfc59cbdc27fd34893162707c9a3ba0) Importer(815301076,1909f56bfc062723c751e8b465ee728b)  -> (artifact id: 'd87b25c9decb5aebe29b819c90d67bb2') in 0.029575 seconds 
========================================================================
Received Import Request.
  Time since last request: 9.072468 seconds.
  path: Assets/HTS/HTS_PreFab/Building/Factory1_2.prefab
  artifactKey: Guid(31d4a0d12557db94b86a51a684c5ec06) Importer(815301076,1909f56bfc062723c751e8b465ee728b)
Start importing Assets/HTS/HTS_PreFab/Building/Factory1_2.prefab using Guid(31d4a0d12557db94b86a51a684c5ec06) Importer(815301076,1909f56bfc062723c751e8b465ee728b)  -> (artifact id: '10b62aa1407c632f88a02aaae4400d28') in 0.036097 seconds 
Editor requested this worker to shutdown with reason: Scaling down because of idle timeout
AssetImportWorker is now disconnected from the server
Process exiting
Exiting without the bug reporter. Application will terminate with return code 0