Using pre-set license
Built from '2021.3/release' branch; Version is '2021.3.27f1 (ca3ffb99bcc6) revision 13254651'; Using compiler version '192829333'; Build Type 'Release'
OS: 'Windows 10  (10.0.19045) 64bit Core' Language: 'ko' Physical Memory: 16075 MB
BatchMode: 1, IsHumanControllingUs: 0, StartBugReporterOnCrash: 0, Is64bit: 1, IsPro: 1

COMMAND LINE ARGUMENTS:
C:\Program Files\Unity\Hub\Editor\2021.3.27f1\Editor\Unity.exe
-adb2
-batchMode
-noUpm
-name
AssetImportWorker3
-projectPath
C:/github/car_ml-agent/car_ml
-logFile
Logs/AssetImportWorker3.log
-srvPort
64708
Successfully changed project path to: C:/github/car_ml-agent/car_ml
C:/github/car_ml-agent/car_ml
[UnityMemory] Configuration Parameters - Can be set up in boot.config
    "memorysetup-bucket-allocator-granularity=16"
    "memorysetup-bucket-allocator-bucket-count=8"
    "memorysetup-bucket-allocator-block-size=33554432"
    "memorysetup-bucket-allocator-block-count=8"
    "memorysetup-main-allocator-block-size=16777216"
    "memorysetup-thread-allocator-block-size=16777216"
    "memorysetup-gfx-main-allocator-block-size=16777216"
    "memorysetup-gfx-thread-allocator-block-size=16777216"
    "memorysetup-cache-allocator-block-size=4194304"
    "memorysetup-typetree-allocator-block-size=2097152"
    "memorysetup-profiler-bucket-allocator-granularity=16"
    "memorysetup-profiler-bucket-allocator-bucket-count=8"
    "memorysetup-profiler-bucket-allocator-block-size=33554432"
    "memorysetup-profiler-bucket-allocator-block-count=8"
    "memorysetup-profiler-allocator-block-size=16777216"
    "memorysetup-profiler-editor-allocator-block-size=1048576"
    "memorysetup-temp-allocator-size-main=16777216"
    "memorysetup-job-temp-allocator-block-size=2097152"
    "memorysetup-job-temp-allocator-block-size-background=1048576"
    "memorysetup-job-temp-allocator-reduction-small-platforms=262144"
    "memorysetup-temp-allocator-size-background-worker=32768"
    "memorysetup-temp-allocator-size-job-worker=262144"
    "memorysetup-temp-allocator-size-preload-manager=33554432"
    "memorysetup-temp-allocator-size-nav-mesh-worker=65536"
    "memorysetup-temp-allocator-size-audio-worker=65536"
    "memorysetup-temp-allocator-size-cloud-worker=32768"
    "memorysetup-temp-allocator-size-gi-baking-worker=262144"
    "memorysetup-temp-allocator-size-gfx=262144"
Player connection [22556] Host "[IP] 172.29.0.1 [Port] 0 [Flags] 2 [Guid] 2312298238 [EditorId] 2312298238 [Version] 1048832 [Id] WindowsEditor(7,DESKTOP-8G58738) [Debug] 1 [PackageName] WindowsEditor [ProjectName] Editor" joined multi-casting on [225.0.0.222:54997]...

Player connection [22556] Host "[IP] 172.29.0.1 [Port] 0 [Flags] 2 [Guid] 2312298238 [EditorId] 2312298238 [Version] 1048832 [Id] WindowsEditor(7,DESKTOP-8G58738) [Debug] 1 [PackageName] WindowsEditor [ProjectName] Editor" joined alternative multi-casting on [225.0.0.222:34997]...

Refreshing native plugins compatible for Editor in 186.18 ms, found 4 plugins.
Preloading 0 native plugins for Editor in 0.00 ms.
Initialize engine version: 2021.3.27f1 (ca3ffb99bcc6)
[Subsystems] Discovering subsystems at path C:/Program Files/Unity/Hub/Editor/2021.3.27f1/Editor/Data/Resources/UnitySubsystems
[Subsystems] Discovering subsystems at path C:/github/car_ml-agent/car_ml/Assets
GfxDevice: creating device client; threaded=0; jobified=0
Direct3D:
    Version:  Direct3D 11.0 [level 11.1]
    Renderer: Intel(R) Iris(R) Xe Graphics (ID=0x9a49)
    Vendor:   Intel
    VRAM:     8037 MB
    Driver:   30.0.101.1404
Initialize mono
Mono path[0] = 'C:/Program Files/Unity/Hub/Editor/2021.3.27f1/Editor/Data/Managed'
Mono path[1] = 'C:/Program Files/Unity/Hub/Editor/2021.3.27f1/Editor/Data/MonoBleedingEdge/lib/mono/unityjit-win32'
Mono config path = 'C:/Program Files/Unity/Hub/Editor/2021.3.27f1/Editor/Data/MonoBleedingEdge/etc'
Using monoOptions --debugger-agent=transport=dt_socket,embedding=1,server=y,suspend=n,address=127.0.0.1:56816
Begin MonoManager ReloadAssembly
Registering precompiled unity dll's ...
Register platform support module: C:/Program Files/Unity/Hub/Editor/2021.3.27f1/Editor/Data/PlaybackEngines/WindowsStandaloneSupport/UnityEditor.WindowsStandalone.Extensions.dll
Registered in 0.010617 seconds.
Native extension for WindowsStandalone target not found
Refreshing native plugins compatible for Editor in 93.56 ms, found 4 plugins.
Preloading 0 native plugins for Editor in 0.00 ms.
Mono: successfully reloaded assembly
- Completed reload, in  0.664 seconds
Domain Reload Profiling:
	ReloadAssembly (665ms)
		BeginReloadAssembly (100ms)
			ExecutionOrderSort (0ms)
			DisableScriptedObjects (0ms)
			BackupInstance (0ms)
			ReleaseScriptingObjects (0ms)
			CreateAndSetChildDomain (1ms)
		EndReloadAssembly (457ms)
			LoadAssemblies (96ms)
			RebuildTransferFunctionScriptingTraits (0ms)
			SetupTypeCache (100ms)
			ReleaseScriptCaches (0ms)
			RebuildScriptCaches (29ms)
			SetupLoadedEditorAssemblies (274ms)
				LogAssemblyErrors (0ms)
				InitializePlatformSupportModulesInManaged (8ms)
				SetLoadedEditorAssemblies (0ms)
				RefreshPlugins (94ms)
				BeforeProcessingInitializeOnLoad (2ms)
				ProcessInitializeOnLoadAttributes (112ms)
				ProcessInitializeOnLoadMethodAttributes (58ms)
				AfterProcessingInitializeOnLoad (0ms)
				EditorAssembliesLoaded (0ms)
			ExecutionOrderSort2 (0ms)
			AwakeInstancesAfterBackupRestoration (0ms)
Platform modules already initialized, skipping
Registering precompiled user dll's ...
Registered in 0.017228 seconds.
Begin MonoManager ReloadAssembly
Symbol file LoadedFromMemory doesn't match image C:\github\car_ml-agent\car_ml\Library\PackageCache\com.unity.visualscripting@1.8.0\Editor\VisualScripting.Core\Dependencies\YamlDotNet\Unity.VisualScripting.YamlDotNet.dll
Symbol file LoadedFromMemory doesn't match image C:\github\car_ml-agent\car_ml\Library\PackageCache\com.unity.visualscripting@1.8.0\Editor\VisualScripting.Core\Dependencies\DotNetZip\Unity.VisualScripting.IonicZip.dll
Native extension for WindowsStandalone target not found
Refreshing native plugins compatible for Editor in 70.98 ms, found 4 plugins.
Preloading 0 native plugins for Editor in 0.00 ms.
Mono: successfully reloaded assembly
- Completed reload, in  1.276 seconds
Domain Reload Profiling:
	ReloadAssembly (1277ms)
		BeginReloadAssembly (240ms)
			ExecutionOrderSort (0ms)
			DisableScriptedObjects (13ms)
			BackupInstance (0ms)
			ReleaseScriptingObjects (0ms)
			CreateAndSetChildDomain (38ms)
		EndReloadAssembly (910ms)
			LoadAssemblies (166ms)
			RebuildTransferFunctionScriptingTraits (0ms)
			SetupTypeCache (291ms)
			ReleaseScriptCaches (1ms)
			RebuildScriptCaches (48ms)
			SetupLoadedEditorAssemblies (425ms)
				LogAssemblyErrors (0ms)
				InitializePlatformSupportModulesInManaged (6ms)
				SetLoadedEditorAssemblies (0ms)
				RefreshPlugins (71ms)
				BeforeProcessingInitializeOnLoad (97ms)
				ProcessInitializeOnLoadAttributes (224ms)
				ProcessInitializeOnLoadMethodAttributes (15ms)
				AfterProcessingInitializeOnLoad (11ms)
				EditorAssembliesLoaded (0ms)
			ExecutionOrderSort2 (0ms)
			AwakeInstancesAfterBackupRestoration (11ms)
Platform modules already initialized, skipping
========================================================================
Worker process is ready to serve import requests
Launched and connected shader compiler UnityShaderCompiler.exe after 0.06 seconds
Refreshing native plugins compatible for Editor in 0.67 ms, found 4 plugins.
Preloading 0 native plugins for Editor in 0.00 ms.
Unloading 3747 Unused Serialized files (Serialized files now loaded: 0)
Unloading 62 unused Assets / (21.0 MB). Loaded Objects now: 4171.
Memory consumption went from 180.1 MB to 159.1 MB.
Total: 4.858600 ms (FindLiveObjects: 0.265600 ms CreateObjectMapping: 0.125900 ms MarkObjects: 2.192900 ms  DeleteObjects: 2.273300 ms)

AssetImportParameters requested are different than current active one (requested -> active):
  custom:video-decoder-ogg-theora: a1e56fd34408186e4bbccfd4996cb3dc -> 
  custom:container-muxer-webm: aa71ff27fc2769a1b78a27578f13a17b -> 
  custom:container-demuxer-webm: 4f35f7cbe854078d1ac9338744f61a02 -> 
  custom:video-encoder-webm-vp8: eb34c28f22e8b96e1ab97ce403110664 -> 
  custom:audio-encoder-webm-vorbis: bf7c407c2cedff20999df2af8eb42d56 -> 
  custom:framework-win-MediaFoundation: 216162199b28c13a410421893ffa2e32 -> 
  custom:container-demuxer-ogg: 62fdf1f143b41e24485cea50d1cbac27 -> 
  custom:video-decoder-webm-vp8: 9c59270c3fd7afecdb556c50c9e8de78 -> 
  custom:audio-decoder-ogg-vorbis: bf7c407c2cedff20999df2af8eb42d56 -> 
========================================================================
Received Import Request.
  Time since last request: 572951.258062 seconds.
  path: Assets/HTS/HTS_PreFab/Building/Skyscraper1_3.prefab
  artifactKey: Guid(ec00455e0f20c2547956adf254f8d750) Importer(815301076,1909f56bfc062723c751e8b465ee728b)
Start importing Assets/HTS/HTS_PreFab/Building/Skyscraper1_3.prefab using Guid(ec00455e0f20c2547956adf254f8d750) Importer(815301076,1909f56bfc062723c751e8b465ee728b)  -> (artifact id: '7b0e8b634fd39db4eb6f67c1b086a28f') in 0.196336 seconds 
========================================================================
Received Import Request.
  Time since last request: 0.779881 seconds.
  path: Assets/HTS/HTS_PreFab/Building/Factory5_1.prefab
  artifactKey: Guid(554a6088f926847438cd1d511678a6fd) Importer(815301076,1909f56bfc062723c751e8b465ee728b)
Start importing Assets/HTS/HTS_PreFab/Building/Factory5_1.prefab using Guid(554a6088f926847438cd1d511678a6fd) Importer(815301076,1909f56bfc062723c751e8b465ee728b)  -> (artifact id: 'e085bcd13d9b0211ac1737ba419bbc83') in 0.030941 seconds 
========================================================================
Received Import Request.
  Time since last request: 0.000038 seconds.
  path: Assets/HTS/HTS_PreFab/Building/Factory3_1.prefab
  artifactKey: Guid(0b675798bb332c94a89c5a5ad52073f4) Importer(815301076,1909f56bfc062723c751e8b465ee728b)
Start importing Assets/HTS/HTS_PreFab/Building/Factory3_1.prefab using Guid(0b675798bb332c94a89c5a5ad52073f4) Importer(815301076,1909f56bfc062723c751e8b465ee728b)  -> (artifact id: '7ae774d8df4fc0e33e46a9c0b4d83175') in 0.029282 seconds 
========================================================================
Received Import Request.
  Time since last request: 0.000038 seconds.
  path: Assets/HTS/HTS_PreFab/Building/Factory2_4.prefab
  artifactKey: Guid(8e9f3795f38db3a4fb14bd6294887d90) Importer(815301076,1909f56bfc062723c751e8b465ee728b)
Start importing Assets/HTS/HTS_PreFab/Building/Factory2_4.prefab using Guid(8e9f3795f38db3a4fb14bd6294887d90) Importer(815301076,1909f56bfc062723c751e8b465ee728b)  -> (artifact id: '7593b8a1884d310948900ddec346b7f9') in 0.026169 seconds 
========================================================================
Received Import Request.
  Time since last request: 0.033746 seconds.
  path: Assets/HTS/HTS_PreFab/Building/Factory2_1.prefab
  artifactKey: Guid(b387cb942ee864d4f8fb787fb1e01c05) Importer(815301076,1909f56bfc062723c751e8b465ee728b)
Start importing Assets/HTS/HTS_PreFab/Building/Factory2_1.prefab using Guid(b387cb942ee864d4f8fb787fb1e01c05) Importer(815301076,1909f56bfc062723c751e8b465ee728b)  -> (artifact id: 'ab2b1136b1a880959869f68e9312d880') in 0.031816 seconds 
========================================================================
Received Import Request.
  Time since last request: 0.137769 seconds.
  path: Assets/HTS/HTS_PreFab/Building/City_Hall_1.prefab
  artifactKey: Guid(39c60761f8cb8a94db89c90e72d396ee) Importer(815301076,1909f56bfc062723c751e8b465ee728b)
Start importing Assets/HTS/HTS_PreFab/Building/City_Hall_1.prefab using Guid(39c60761f8cb8a94db89c90e72d396ee) Importer(815301076,1909f56bfc062723c751e8b465ee728b)  -> (artifact id: '255fba38da07589aafc5ef1cd2d449b2') in 0.017001 seconds 
========================================================================
Received Import Request.
  Time since last request: 0.000034 seconds.
  path: Assets/HTS/HTS_PreFab/Building/Building11_1.prefab
  artifactKey: Guid(6c21e1fcf1302a74e81aaf95e765a6af) Importer(815301076,1909f56bfc062723c751e8b465ee728b)
Start importing Assets/HTS/HTS_PreFab/Building/Building11_1.prefab using Guid(6c21e1fcf1302a74e81aaf95e765a6af) Importer(815301076,1909f56bfc062723c751e8b465ee728b)  -> (artifact id: 'a64c344c22c542775970d1887defc7f1') in 0.028518 seconds 
========================================================================
Received Import Request.
  Time since last request: 0.000040 seconds.
  path: Assets/HTS/HTS_PreFab/Building/Building12_1.prefab
  artifactKey: Guid(b63b6014edb611e48a3ac1d418fd6b4f) Importer(815301076,1909f56bfc062723c751e8b465ee728b)
Start importing Assets/HTS/HTS_PreFab/Building/Building12_1.prefab using Guid(b63b6014edb611e48a3ac1d418fd6b4f) Importer(815301076,1909f56bfc062723c751e8b465ee728b)  -> (artifact id: '589e64dc43e2b1ef2e6d9f5f316bef57') in 0.026576 seconds 
========================================================================
Received Import Request.
  Time since last request: 0.010854 seconds.
  path: Assets/HTS/HTS_PreFab/Building/Building10_1.prefab
  artifactKey: Guid(00e26283894204d468d7cbeaaa47596c) Importer(815301076,1909f56bfc062723c751e8b465ee728b)
Start importing Assets/HTS/HTS_PreFab/Building/Building10_1.prefab using Guid(00e26283894204d468d7cbeaaa47596c) Importer(815301076,1909f56bfc062723c751e8b465ee728b)  -> (artifact id: 'cf5241c82234676ef521c02c0687aff1') in 0.023497 seconds 
========================================================================
Received Import Request.
  Time since last request: 0.000032 seconds.
  path: Assets/HTS/HTS_PreFab/Building/Building10_3.prefab
  artifactKey: Guid(3cd5861169ff35647886276f18e9d497) Importer(815301076,1909f56bfc062723c751e8b465ee728b)
Start importing Assets/HTS/HTS_PreFab/Building/Building10_3.prefab using Guid(3cd5861169ff35647886276f18e9d497) Importer(815301076,1909f56bfc062723c751e8b465ee728b)  -> (artifact id: '3d445ea93e38c10d974b3fffd1b2153f') in 0.026004 seconds 
========================================================================
Received Import Request.
  Time since last request: 0.011650 seconds.
  path: Assets/HTS/HTS_PreFab/Building/Building8_3.prefab
  artifactKey: Guid(1c869c0c93f193f4a8999c0033dc32a5) Importer(815301076,1909f56bfc062723c751e8b465ee728b)
Start importing Assets/HTS/HTS_PreFab/Building/Building8_3.prefab using Guid(1c869c0c93f193f4a8999c0033dc32a5) Importer(815301076,1909f56bfc062723c751e8b465ee728b)  -> (artifact id: '4efa7372ec20ed4571e655931f3a9487') in 0.030844 seconds 
========================================================================
Received Import Request.
  Time since last request: 0.124472 seconds.
  path: Assets/HTS/HTS_PreFab/Building/Building7_1.prefab
  artifactKey: Guid(5607a6c38732f5e4a83e3fa8daa33f49) Importer(815301076,1909f56bfc062723c751e8b465ee728b)
Start importing Assets/HTS/HTS_PreFab/Building/Building7_1.prefab using Guid(5607a6c38732f5e4a83e3fa8daa33f49) Importer(815301076,1909f56bfc062723c751e8b465ee728b)  -> (artifact id: '14d6a116466cc63359f6e8bc47362bea') in 0.027854 seconds 
========================================================================
Received Import Request.
  Time since last request: 0.000031 seconds.
  path: Assets/HTS/HTS_PreFab/Building/Building5_1.prefab
  artifactKey: Guid(45ac9dcc798f2ed41b0fa1410e164d1b) Importer(815301076,1909f56bfc062723c751e8b465ee728b)
Start importing Assets/HTS/HTS_PreFab/Building/Building5_1.prefab using Guid(45ac9dcc798f2ed41b0fa1410e164d1b) Importer(815301076,1909f56bfc062723c751e8b465ee728b)  -> (artifact id: '1f35fb6a36de3fe26b8a4b4d9ff3f0f9') in 0.026604 seconds 
========================================================================
Received Import Request.
  Time since last request: 0.000038 seconds.
  path: Assets/HTS/HTS_PreFab/Building/Building7_3.prefab
  artifactKey: Guid(f085e05600cbaa041aa85168edc1c672) Importer(815301076,1909f56bfc062723c751e8b465ee728b)
Start importing Assets/HTS/HTS_PreFab/Building/Building7_3.prefab using Guid(f085e05600cbaa041aa85168edc1c672) Importer(815301076,1909f56bfc062723c751e8b465ee728b)  -> (artifact id: 'bb566c5aaa993f5aa0e91d3f1eeb4fae') in 0.028677 seconds 
========================================================================
Received Import Request.
  Time since last request: 0.038367 seconds.
  path: Assets/HTS/HTS_PreFab/Building/Building2_4 1.prefab
  artifactKey: Guid(d3c4a2537cb2657469b2c558ee1c9743) Importer(815301076,1909f56bfc062723c751e8b465ee728b)
Start importing Assets/HTS/HTS_PreFab/Building/Building2_4 1.prefab using Guid(d3c4a2537cb2657469b2c558ee1c9743) Importer(815301076,1909f56bfc062723c751e8b465ee728b)  -> (artifact id: '3e9a05d0fb5ab871a8606402a6059200') in 0.029688 seconds 
========================================================================
Received Import Request.
  Time since last request: 0.000043 seconds.
  path: Assets/HTS/HTS_PreFab/Building/Building3_4.prefab
  artifactKey: Guid(43bd9cc79f4c8ca4f9b71f27f58265ff) Importer(815301076,1909f56bfc062723c751e8b465ee728b)
Start importing Assets/HTS/HTS_PreFab/Building/Building3_4.prefab using Guid(43bd9cc79f4c8ca4f9b71f27f58265ff) Importer(815301076,1909f56bfc062723c751e8b465ee728b)  -> (artifact id: '42f32a35d18a4e7541d046aeb47402cf') in 0.024937 seconds 
========================================================================
Received Import Request.
  Time since last request: 0.000036 seconds.
  path: Assets/HTS/HTS_PreFab/Building/Building4_3.prefab
  artifactKey: Guid(a2c51d9117af9844fa999477e15865f4) Importer(815301076,1909f56bfc062723c751e8b465ee728b)
Start importing Assets/HTS/HTS_PreFab/Building/Building4_3.prefab using Guid(a2c51d9117af9844fa999477e15865f4) Importer(815301076,1909f56bfc062723c751e8b465ee728b)  -> (artifact id: 'e81a9a060bb681441ad240634c25679c') in 0.028245 seconds 
========================================================================
Received Import Request.
  Time since last request: 56.881208 seconds.
  path: Assets/HTS/HTS_PreFab/Building/Building2_1.prefab
  artifactKey: Guid(cac2a5bbf7438164186e9769b60bbb76) Importer(815301076,1909f56bfc062723c751e8b465ee728b)
Start importing Assets/HTS/HTS_PreFab/Building/Building2_1.prefab using Guid(cac2a5bbf7438164186e9769b60bbb76) Importer(815301076,1909f56bfc062723c751e8b465ee728b)  -> (artifact id: '7fb37daf64957b5324df5b4a4f422eca') in 0.033471 seconds 
========================================================================
Received Prepare
Registering precompiled user dll's ...
Registered in 0.021927 seconds.
Begin MonoManager ReloadAssembly
Symbol file LoadedFromMemory doesn't match image C:\github\car_ml-agent\car_ml\Library\PackageCache\com.unity.visualscripting@1.8.0\Editor\VisualScripting.Core\Dependencies\YamlDotNet\Unity.VisualScripting.YamlDotNet.dll
Symbol file LoadedFromMemory doesn't match image C:\github\car_ml-agent\car_ml\Library\PackageCache\com.unity.visualscripting@1.8.0\Editor\VisualScripting.Core\Dependencies\DotNetZip\Unity.VisualScripting.IonicZip.dll
Native extension for WindowsStandalone target not found
Refreshing native plugins compatible for Editor in 0.71 ms, found 4 plugins.
Preloading 0 native plugins for Editor in 0.00 ms.
Mono: successfully reloaded assembly
- Completed reload, in  1.157 seconds
Domain Reload Profiling:
	ReloadAssembly (1158ms)
		BeginReloadAssembly (175ms)
			ExecutionOrderSort (0ms)
			DisableScriptedObjects (5ms)
			BackupInstance (0ms)
			ReleaseScriptingObjects (0ms)
			CreateAndSetChildDomain (39ms)
		EndReloadAssembly (858ms)
			LoadAssemblies (141ms)
			RebuildTransferFunctionScriptingTraits (0ms)
			SetupTypeCache (313ms)
			ReleaseScriptCaches (1ms)
			RebuildScriptCaches (47ms)
			SetupLoadedEditorAssemblies (315ms)
				LogAssemblyErrors (0ms)
				InitializePlatformSupportModulesInManaged (6ms)
				SetLoadedEditorAssemblies (0ms)
				RefreshPlugins (1ms)
				BeforeProcessingInitializeOnLoad (87ms)
				ProcessInitializeOnLoadAttributes (187ms)
				ProcessInitializeOnLoadMethodAttributes (17ms)
				AfterProcessingInitializeOnLoad (15ms)
				EditorAssembliesLoaded (0ms)
			ExecutionOrderSort2 (0ms)
			AwakeInstancesAfterBackupRestoration (16ms)
Platform modules already initialized, skipping
Refreshing native plugins compatible for Editor in 4.39 ms, found 4 plugins.
Preloading 0 native plugins for Editor in 0.00 ms.
Unloading 3740 Unused Serialized files (Serialized files now loaded: 0)
Unloading 54 unused Assets / (21.0 MB). Loaded Objects now: 4183.
Memory consumption went from 183.9 MB to 163.0 MB.
Total: 6.195200 ms (FindLiveObjects: 0.334600 ms CreateObjectMapping: 0.380600 ms MarkObjects: 3.027500 ms  DeleteObjects: 2.451100 ms)

AssetImportParameters requested are different than current active one (requested -> active):
  custom:video-decoder-ogg-theora: a1e56fd34408186e4bbccfd4996cb3dc -> 
  custom:container-muxer-webm: aa71ff27fc2769a1b78a27578f13a17b -> 
  custom:container-demuxer-webm: 4f35f7cbe854078d1ac9338744f61a02 -> 
  custom:video-encoder-webm-vp8: eb34c28f22e8b96e1ab97ce403110664 -> 
  custom:audio-encoder-webm-vorbis: bf7c407c2cedff20999df2af8eb42d56 -> 
  custom:framework-win-MediaFoundation: 216162199b28c13a410421893ffa2e32 -> 
  custom:container-demuxer-ogg: 62fdf1f143b41e24485cea50d1cbac27 -> 
  custom:video-decoder-webm-vp8: 9c59270c3fd7afecdb556c50c9e8de78 -> 
  custom:audio-decoder-ogg-vorbis: bf7c407c2cedff20999df2af8eb42d56 -> 
========================================================================
Received Import Request.
  Time since last request: 41.723171 seconds.
  path: Assets/HTS/HTS_PreFab/Building/Building3_2.prefab
  artifactKey: Guid(948947b35561b3e42bf1c284ba479d02) Importer(815301076,1909f56bfc062723c751e8b465ee728b)
Start importing Assets/HTS/HTS_PreFab/Building/Building3_2.prefab using Guid(948947b35561b3e42bf1c284ba479d02) Importer(815301076,1909f56bfc062723c751e8b465ee728b)  -> (artifact id: '80aae6ff71eca24b98d0f68fb59f4d9e') in 0.133805 seconds 
========================================================================
Received Import Request.
  Time since last request: 10.263011 seconds.
  path: Assets/HTS/HTS_PreFab/Building/Building4_3.prefab
  artifactKey: Guid(a2c51d9117af9844fa999477e15865f4) Importer(815301076,1909f56bfc062723c751e8b465ee728b)
Start importing Assets/HTS/HTS_PreFab/Building/Building4_3.prefab using Guid(a2c51d9117af9844fa999477e15865f4) Importer(815301076,1909f56bfc062723c751e8b465ee728b)  -> (artifact id: '0be0035fa203957c999b6d128a97caac') in 0.042173 seconds 
========================================================================
Received Import Request.
  Time since last request: 8.359018 seconds.
  path: Assets/HTS/HTS_PreFab/Building/Building6_3.prefab
  artifactKey: Guid(67327d66cdf295f43bd9ed89f63906d6) Importer(815301076,1909f56bfc062723c751e8b465ee728b)
Start importing Assets/HTS/HTS_PreFab/Building/Building6_3.prefab using Guid(67327d66cdf295f43bd9ed89f63906d6) Importer(815301076,1909f56bfc062723c751e8b465ee728b)  -> (artifact id: 'ec99dd2996c7ed80d5c22718bd11fa96') in 0.031694 seconds 
========================================================================
Received Import Request.
  Time since last request: 5.968135 seconds.
  path: Assets/HTS/HTS_PreFab/Building/Building8_1.prefab
  artifactKey: Guid(2be8a99334f360144954468b0d0033eb) Importer(815301076,1909f56bfc062723c751e8b465ee728b)
Start importing Assets/HTS/HTS_PreFab/Building/Building8_1.prefab using Guid(2be8a99334f360144954468b0d0033eb) Importer(815301076,1909f56bfc062723c751e8b465ee728b)  -> (artifact id: 'c985c495e3e0b0b44306abbc0f864df3') in 0.029065 seconds 
========================================================================
Received Import Request.
  Time since last request: 25.133432 seconds.
  path: Assets/HTS/HTS_PreFab/Building/Building9_3.prefab
  artifactKey: Guid(135e1f900b13cd641990e6828663a59e) Importer(815301076,1909f56bfc062723c751e8b465ee728b)
Start importing Assets/HTS/HTS_PreFab/Building/Building9_3.prefab using Guid(135e1f900b13cd641990e6828663a59e) Importer(815301076,1909f56bfc062723c751e8b465ee728b)  -> (artifact id: '27d390eac61e9e14efbd8e71578f9710') in 0.029648 seconds 
========================================================================
Received Import Request.
  Time since last request: 0.000034 seconds.
  path: Assets/HTS/HTS_PreFab/Building/Building11_2.prefab
  artifactKey: Guid(8a6e6baefaba45f4699162567718885f) Importer(815301076,1909f56bfc062723c751e8b465ee728b)
Start importing Assets/HTS/HTS_PreFab/Building/Building11_2.prefab using Guid(8a6e6baefaba45f4699162567718885f) Importer(815301076,1909f56bfc062723c751e8b465ee728b)  -> (artifact id: '25f4bf6fca760e658c4b059950573b0d') in 0.026372 seconds 
========================================================================
Received Import Request.
  Time since last request: 0.000041 seconds.
  path: Assets/HTS/HTS_PreFab/Building/Building9_4.prefab
  artifactKey: Guid(308da8ed708144742b77b43d911a0982) Importer(815301076,1909f56bfc062723c751e8b465ee728b)
Start importing Assets/HTS/HTS_PreFab/Building/Building9_4.prefab using Guid(308da8ed708144742b77b43d911a0982) Importer(815301076,1909f56bfc062723c751e8b465ee728b)  -> (artifact id: '8c8f073ba5702176d447219013c7d332') in 0.036485 seconds 
========================================================================
Received Import Request.
  Time since last request: 24.491651 seconds.
  path: Assets/HTS/HTS_PreFab/Building/Factory2_4.prefab
  artifactKey: Guid(8e9f3795f38db3a4fb14bd6294887d90) Importer(815301076,1909f56bfc062723c751e8b465ee728b)
Start importing Assets/HTS/HTS_PreFab/Building/Factory2_4.prefab using Guid(8e9f3795f38db3a4fb14bd6294887d90) Importer(815301076,1909f56bfc062723c751e8b465ee728b)  -> (artifact id: '5c13030f29bb5136940d07c83f272551') in 0.053471 seconds 
========================================================================
Received Import Request.
  Time since last request: 0.000036 seconds.
  path: Assets/HTS/HTS_PreFab/Building/Factory3_1.prefab
  artifactKey: Guid(0b675798bb332c94a89c5a5ad52073f4) Importer(815301076,1909f56bfc062723c751e8b465ee728b)
Start importing Assets/HTS/HTS_PreFab/Building/Factory3_1.prefab using Guid(0b675798bb332c94a89c5a5ad52073f4) Importer(815301076,1909f56bfc062723c751e8b465ee728b)  -> (artifact id: '7a8979c448a41b910cbe37736db2e0bc') in 0.018386 seconds 
========================================================================
Received Import Request.
  Time since last request: 0.000019 seconds.
  path: Assets/HTS/HTS_PreFab/Building/Factory4_2.prefab
  artifactKey: Guid(93073c804a674ce47a469325164b0652) Importer(815301076,1909f56bfc062723c751e8b465ee728b)
Start importing Assets/HTS/HTS_PreFab/Building/Factory4_2.prefab using Guid(93073c804a674ce47a469325164b0652) Importer(815301076,1909f56bfc062723c751e8b465ee728b)  -> (artifact id: 'cfcf35bf8d1c46b5425f51027b0387d9') in 0.018374 seconds 
========================================================================
Received Import Request.
  Time since last request: 12.707012 seconds.
  path: Assets/HTS/HTS_PreFab/Building/Skyscraper2_1.prefab
  artifactKey: Guid(df185bf4f82591145af0c527ebf4fe8b) Importer(815301076,1909f56bfc062723c751e8b465ee728b)
Start importing Assets/HTS/HTS_PreFab/Building/Skyscraper2_1.prefab using Guid(df185bf4f82591145af0c527ebf4fe8b) Importer(815301076,1909f56bfc062723c751e8b465ee728b)  -> (artifact id: '8521ebb0253f869522ae1dfe73707a8c') in 0.042967 seconds 
========================================================================
Received Import Request.
  Time since last request: 0.000035 seconds.
  path: Assets/HTS/HTS_PreFab/Building/Skyscraper2_2.prefab
  artifactKey: Guid(f1f8b9cf223bd554e9b26aa54830fd04) Importer(815301076,1909f56bfc062723c751e8b465ee728b)
Start importing Assets/HTS/HTS_PreFab/Building/Skyscraper2_2.prefab using Guid(f1f8b9cf223bd554e9b26aa54830fd04) Importer(815301076,1909f56bfc062723c751e8b465ee728b)  -> (artifact id: '5839fff654a1114645e141012d2470a7') in 0.025432 seconds 
========================================================================
Received Import Request.
  Time since last request: 14.730332 seconds.
  path: Assets/HTS/HTS_PreFab/Building/Factory1_3.prefab
  artifactKey: Guid(4b13e2b72db3c94468871c399d11402a) Importer(815301076,1909f56bfc062723c751e8b465ee728b)
Start importing Assets/HTS/HTS_PreFab/Building/Factory1_3.prefab using Guid(4b13e2b72db3c94468871c399d11402a) Importer(815301076,1909f56bfc062723c751e8b465ee728b)  -> (artifact id: '4b86a4fed3c69712ff8e2357036f6903') in 0.023228 seconds 
========================================================================
Received Import Request.
  Time since last request: 0.000027 seconds.
  path: Assets/HTS/HTS_PreFab/Building/Factory1_4.prefab
  artifactKey: Guid(55d95856b87578c45859353537534672) Importer(815301076,1909f56bfc062723c751e8b465ee728b)
Start importing Assets/HTS/HTS_PreFab/Building/Factory1_4.prefab using Guid(55d95856b87578c45859353537534672) Importer(815301076,1909f56bfc062723c751e8b465ee728b)  -> (artifact id: '85fea32fb6ffd29658cc776fca26c06b') in 0.030450 seconds 
Editor requested this worker to shutdown with reason: Scaling down because of idle timeout
AssetImportWorker is now disconnected from the server
Process exiting
Exiting without the bug reporter. Application will terminate with return code 0