Using pre-set license
Built from '2021.3/release' branch; Version is '2021.3.27f1 (ca3ffb99bcc6) revision 13254651'; Using compiler version '192829333'; Build Type 'Release'
OS: 'Windows 10  (10.0.19045) 64bit Professional' Language: 'ko' Physical Memory: 32605 MB
BatchMode: 1, IsHumanControllingUs: 0, StartBugReporterOnCrash: 0, Is64bit: 1, IsPro: 1

COMMAND LINE ARGUMENTS:
C:\Program Files\Unity\Hub\Editor\2021.3.27f1-x86_64\Editor\Unity.exe
-adb2
-batchMode
-noUpm
-name
AssetImportWorker1
-projectPath
C:/Users/hts_unit/Desktop/git_F/car_ml-agent/car_ml_hts
-logFile
Logs/AssetImportWorker1.log
-srvPort
56301
Successfully changed project path to: C:/Users/hts_unit/Desktop/git_F/car_ml-agent/car_ml_hts
C:/Users/hts_unit/Desktop/git_F/car_ml-agent/car_ml_hts
[UnityMemory] Configuration Parameters - Can be set up in boot.config
    "memorysetup-bucket-allocator-granularity=16"
    "memorysetup-bucket-allocator-bucket-count=8"
    "memorysetup-bucket-allocator-block-size=33554432"
    "memorysetup-bucket-allocator-block-count=8"
    "memorysetup-main-allocator-block-size=16777216"
    "memorysetup-thread-allocator-block-size=16777216"
    "memorysetup-gfx-main-allocator-block-size=16777216"
    "memorysetup-gfx-thread-allocator-block-size=16777216"
    "memorysetup-cache-allocator-block-size=4194304"
    "memorysetup-typetree-allocator-block-size=2097152"
    "memorysetup-profiler-bucket-allocator-granularity=16"
    "memorysetup-profiler-bucket-allocator-bucket-count=8"
    "memorysetup-profiler-bucket-allocator-block-size=33554432"
    "memorysetup-profiler-bucket-allocator-block-count=8"
    "memorysetup-profiler-allocator-block-size=16777216"
    "memorysetup-profiler-editor-allocator-block-size=1048576"
    "memorysetup-temp-allocator-size-main=16777216"
    "memorysetup-job-temp-allocator-block-size=2097152"
    "memorysetup-job-temp-allocator-block-size-background=1048576"
    "memorysetup-job-temp-allocator-reduction-small-platforms=262144"
    "memorysetup-temp-allocator-size-background-worker=32768"
    "memorysetup-temp-allocator-size-job-worker=262144"
    "memorysetup-temp-allocator-size-preload-manager=33554432"
    "memorysetup-temp-allocator-size-nav-mesh-worker=65536"
    "memorysetup-temp-allocator-size-audio-worker=65536"
    "memorysetup-temp-allocator-size-cloud-worker=32768"
    "memorysetup-temp-allocator-size-gi-baking-worker=262144"
    "memorysetup-temp-allocator-size-gfx=262144"
Player connection [27580] Host "[IP] 203.241.246.55 [Port] 0 [Flags] 2 [Guid] 3744113160 [EditorId] 3744113160 [Version] 1048832 [Id] WindowsEditor(7,hts) [Debug] 1 [PackageName] WindowsEditor [ProjectName] Editor" joined multi-casting on [225.0.0.222:54997]...

Player connection [27580] Host "[IP] 203.241.246.55 [Port] 0 [Flags] 2 [Guid] 3744113160 [EditorId] 3744113160 [Version] 1048832 [Id] WindowsEditor(7,hts) [Debug] 1 [PackageName] WindowsEditor [ProjectName] Editor" joined alternative multi-casting on [225.0.0.222:34997]...

Refreshing native plugins compatible for Editor in 58.05 ms, found 4 plugins.
Preloading 0 native plugins for Editor in 0.00 ms.
Initialize engine version: 2021.3.27f1 (ca3ffb99bcc6)
[Subsystems] Discovering subsystems at path C:/Program Files/Unity/Hub/Editor/2021.3.27f1-x86_64/Editor/Data/Resources/UnitySubsystems
[Subsystems] Discovering subsystems at path C:/Users/hts_unit/Desktop/git_F/car_ml-agent/car_ml_hts/Assets
GfxDevice: creating device client; threaded=0; jobified=0
Direct3D:
    Version:  Direct3D 11.0 [level 11.1]
    Renderer: NVIDIA GeForce RTX 3060 (ID=0x2487)
    Vendor:   NVIDIA
    VRAM:     12124 MB
    Driver:   31.0.15.3598
Initialize mono
Mono path[0] = 'C:/Program Files/Unity/Hub/Editor/2021.3.27f1-x86_64/Editor/Data/Managed'
Mono path[1] = 'C:/Program Files/Unity/Hub/Editor/2021.3.27f1-x86_64/Editor/Data/MonoBleedingEdge/lib/mono/unityjit-win32'
Mono config path = 'C:/Program Files/Unity/Hub/Editor/2021.3.27f1-x86_64/Editor/Data/MonoBleedingEdge/etc'
Using monoOptions --debugger-agent=transport=dt_socket,embedding=1,server=y,suspend=n,address=127.0.0.1:56708
Begin MonoManager ReloadAssembly
Registering precompiled unity dll's ...
Register platform support module: C:/Program Files/Unity/Hub/Editor/2021.3.27f1-x86_64/Editor/Data/PlaybackEngines/WindowsStandaloneSupport/UnityEditor.WindowsStandalone.Extensions.dll
Registered in 0.003790 seconds.
Native extension for WindowsStandalone target not found
Refreshing native plugins compatible for Editor in 57.75 ms, found 4 plugins.
Preloading 0 native plugins for Editor in 0.00 ms.
Mono: successfully reloaded assembly
- Completed reload, in  0.415 seconds
Domain Reload Profiling:
	ReloadAssembly (416ms)
		BeginReloadAssembly (54ms)
			ExecutionOrderSort (0ms)
			DisableScriptedObjects (0ms)
			BackupInstance (0ms)
			ReleaseScriptingObjects (0ms)
			CreateAndSetChildDomain (0ms)
		EndReloadAssembly (295ms)
			LoadAssemblies (53ms)
			RebuildTransferFunctionScriptingTraits (0ms)
			SetupTypeCache (66ms)
			ReleaseScriptCaches (0ms)
			RebuildScriptCaches (20ms)
			SetupLoadedEditorAssemblies (176ms)
				LogAssemblyErrors (0ms)
				InitializePlatformSupportModulesInManaged (5ms)
				SetLoadedEditorAssemblies (0ms)
				RefreshPlugins (58ms)
				BeforeProcessingInitializeOnLoad (1ms)
				ProcessInitializeOnLoadAttributes (79ms)
				ProcessInitializeOnLoadMethodAttributes (32ms)
				AfterProcessingInitializeOnLoad (0ms)
				EditorAssembliesLoaded (0ms)
			ExecutionOrderSort2 (0ms)
			AwakeInstancesAfterBackupRestoration (0ms)
Platform modules already initialized, skipping
Registering precompiled user dll's ...
Registered in 0.005473 seconds.
Begin MonoManager ReloadAssembly
Symbol file LoadedFromMemory doesn't match image C:\Users\hts_unit\Desktop\git_F\car_ml-agent\car_ml_hts\Library\PackageCache\com.unity.visualscripting@1.8.0\Editor\VisualScripting.Core\Dependencies\YamlDotNet\Unity.VisualScripting.YamlDotNet.dll
Symbol file LoadedFromMemory doesn't match image C:\Users\hts_unit\Desktop\git_F\car_ml-agent\car_ml_hts\Library\PackageCache\com.unity.visualscripting@1.8.0\Editor\VisualScripting.Core\Dependencies\DotNetZip\Unity.VisualScripting.IonicZip.dll
Native extension for WindowsStandalone target not found
Refreshing native plugins compatible for Editor in 56.10 ms, found 4 plugins.
Preloading 0 native plugins for Editor in 0.00 ms.
Mono: successfully reloaded assembly
- Completed reload, in  0.730 seconds
Domain Reload Profiling:
	ReloadAssembly (730ms)
		BeginReloadAssembly (78ms)
			ExecutionOrderSort (0ms)
			DisableScriptedObjects (4ms)
			BackupInstance (0ms)
			ReleaseScriptingObjects (0ms)
			CreateAndSetChildDomain (12ms)
		EndReloadAssembly (579ms)
			LoadAssemblies (59ms)
			RebuildTransferFunctionScriptingTraits (0ms)
			SetupTypeCache (186ms)
			ReleaseScriptCaches (0ms)
			RebuildScriptCaches (32ms)
			SetupLoadedEditorAssemblies (279ms)
				LogAssemblyErrors (0ms)
				InitializePlatformSupportModulesInManaged (3ms)
				SetLoadedEditorAssemblies (0ms)
				RefreshPlugins (56ms)
				BeforeProcessingInitializeOnLoad (63ms)
				ProcessInitializeOnLoadAttributes (141ms)
				ProcessInitializeOnLoadMethodAttributes (11ms)
				AfterProcessingInitializeOnLoad (4ms)
				EditorAssembliesLoaded (0ms)
			ExecutionOrderSort2 (0ms)
			AwakeInstancesAfterBackupRestoration (4ms)
Platform modules already initialized, skipping
========================================================================
Worker process is ready to serve import requests
Launched and connected shader compiler UnityShaderCompiler.exe after 0.03 seconds
Refreshing native plugins compatible for Editor in 0.47 ms, found 4 plugins.
Preloading 0 native plugins for Editor in 0.00 ms.
Unloading 3752 Unused Serialized files (Serialized files now loaded: 0)
Unloading 62 unused Assets / (21.0 MB). Loaded Objects now: 4176.
Memory consumption went from 184.5 MB to 163.5 MB.
Total: 3.491200 ms (FindLiveObjects: 0.187000 ms CreateObjectMapping: 0.086700 ms MarkObjects: 1.806600 ms  DeleteObjects: 1.409600 ms)

AssetImportParameters requested are different than current active one (requested -> active):
  custom:video-decoder-ogg-theora: a1e56fd34408186e4bbccfd4996cb3dc -> 
  custom:container-muxer-webm: aa71ff27fc2769a1b78a27578f13a17b -> 
  custom:container-demuxer-webm: 4f35f7cbe854078d1ac9338744f61a02 -> 
  custom:video-encoder-webm-vp8: eb34c28f22e8b96e1ab97ce403110664 -> 
  custom:audio-encoder-webm-vorbis: bf7c407c2cedff20999df2af8eb42d56 -> 
  custom:framework-win-MediaFoundation: 216162199b28c13a410421893ffa2e32 -> 
  custom:container-demuxer-ogg: 62fdf1f143b41e24485cea50d1cbac27 -> 
  custom:video-decoder-webm-vp8: 9c59270c3fd7afecdb556c50c9e8de78 -> 
  custom:audio-decoder-ogg-vorbis: bf7c407c2cedff20999df2af8eb42d56 -> 
========================================================================
Received Import Request.
  Time since last request: 1043594.313065 seconds.
  path: Assets/Low Poly City Asset/Material/City_color_map_copy (1).mat
  artifactKey: Guid(2337424b10872204f9fea9c02ca9fa3d) Importer(815301076,1909f56bfc062723c751e8b465ee728b)
Start importing Assets/Low Poly City Asset/Material/City_color_map_copy (1).mat using Guid(2337424b10872204f9fea9c02ca9fa3d) Importer(815301076,1909f56bfc062723c751e8b465ee728b)  -> (artifact id: 'beee74c7cfcf6c33ebc976d8071ff041') in 0.219509 seconds 
========================================================================
Received Import Request.
  Time since last request: 0.000020 seconds.
  path: Assets/Low Poly City Asset/Material/Map.mat
  artifactKey: Guid(fe30dc63660ba5143929f5e42e63432c) Importer(815301076,1909f56bfc062723c751e8b465ee728b)
Start importing Assets/Low Poly City Asset/Material/Map.mat using Guid(fe30dc63660ba5143929f5e42e63432c) Importer(815301076,1909f56bfc062723c751e8b465ee728b)  -> (artifact id: '9ce74355378359acad04c2bfd830293c') in 0.023550 seconds 
========================================================================
Received Import Request.
  Time since last request: 2.262023 seconds.
  path: Assets/Low Poly City Asset/Models/Map Structure Parts/Floor1_corner.fbx
  artifactKey: Guid(e13aebc93a47d4b408c964dcb7025702) Importer(815301076,1909f56bfc062723c751e8b465ee728b)
Start importing Assets/Low Poly City Asset/Models/Map Structure Parts/Floor1_corner.fbx using Guid(e13aebc93a47d4b408c964dcb7025702) Importer(815301076,1909f56bfc062723c751e8b465ee728b)  -> (artifact id: '9bda22562594cce8700d707f3c71ccbe') in 0.130055 seconds 
========================================================================
Received Import Request.
  Time since last request: 0.000021 seconds.
  path: Assets/Low Poly City Asset/Models/Map Structure Parts/Grass2_corner.fbx
  artifactKey: Guid(afe0d9658cc2f3f4bb5839c2ae0d8b2e) Importer(815301076,1909f56bfc062723c751e8b465ee728b)
Start importing Assets/Low Poly City Asset/Models/Map Structure Parts/Grass2_corner.fbx using Guid(afe0d9658cc2f3f4bb5839c2ae0d8b2e) Importer(815301076,1909f56bfc062723c751e8b465ee728b)  -> (artifact id: '36ed7495e28117e88d955cdf933c00ce') in 0.027129 seconds 
========================================================================
Received Import Request.
  Time since last request: 0.000023 seconds.
  path: Assets/Low Poly City Asset/Models/Map Structure Parts/Street_Big_Crossing.fbx
  artifactKey: Guid(0b49e014602794c4891c2da26c564c71) Importer(815301076,1909f56bfc062723c751e8b465ee728b)
Start importing Assets/Low Poly City Asset/Models/Map Structure Parts/Street_Big_Crossing.fbx using Guid(0b49e014602794c4891c2da26c564c71) Importer(815301076,1909f56bfc062723c751e8b465ee728b)  -> (artifact id: '8f6026faf08400f0652a6dcc02c49c95') in 0.033756 seconds 
========================================================================
Received Import Request.
  Time since last request: 0.000016 seconds.
  path: Assets/Low Poly City Asset/Models/Map Structure Parts/Street_Big_Straight.fbx
  artifactKey: Guid(c7c82814902f6f546b8df613c6395a80) Importer(815301076,1909f56bfc062723c751e8b465ee728b)
Start importing Assets/Low Poly City Asset/Models/Map Structure Parts/Street_Big_Straight.fbx using Guid(c7c82814902f6f546b8df613c6395a80) Importer(815301076,1909f56bfc062723c751e8b465ee728b)  -> (artifact id: 'a7255d367e67d9f5d1d7a8783bcf4e22') in 0.022299 seconds 
========================================================================
Received Import Request.
  Time since last request: 0.000014 seconds.
  path: Assets/Low Poly City Asset/Models/Map Structure Parts/Grass1.fbx
  artifactKey: Guid(734b95fa661913c45827e0b3d5aff910) Importer(815301076,1909f56bfc062723c751e8b465ee728b)
Start importing Assets/Low Poly City Asset/Models/Map Structure Parts/Grass1.fbx using Guid(734b95fa661913c45827e0b3d5aff910) Importer(815301076,1909f56bfc062723c751e8b465ee728b)  -> (artifact id: '8ac2c63c22a84e47a281704d7fed3ac1') in 0.029766 seconds 
========================================================================
Received Import Request.
  Time since last request: 0.000031 seconds.
  path: Assets/Low Poly City Asset/Models/Map Structure Parts/Floor3.fbx
  artifactKey: Guid(6d9781615e993ff41a8c7b267de12dfd) Importer(815301076,1909f56bfc062723c751e8b465ee728b)
Start importing Assets/Low Poly City Asset/Models/Map Structure Parts/Floor3.fbx using Guid(6d9781615e993ff41a8c7b267de12dfd) Importer(815301076,1909f56bfc062723c751e8b465ee728b)  -> (artifact id: 'd4b7211d6e9ed8912addec71f2c10829') in 0.031090 seconds 
========================================================================
Received Import Request.
  Time since last request: 0.000015 seconds.
  path: Assets/Low Poly City Asset/Models/Map Structure Parts/Street_Triple_Crossing.fbx
  artifactKey: Guid(b5045c7b794fb434f975615e308b335d) Importer(815301076,1909f56bfc062723c751e8b465ee728b)
Start importing Assets/Low Poly City Asset/Models/Map Structure Parts/Street_Triple_Crossing.fbx using Guid(b5045c7b794fb434f975615e308b335d) Importer(815301076,1909f56bfc062723c751e8b465ee728b)  -> (artifact id: 'fbba998a28ce8377c872ee74873d67db') in 0.025894 seconds 
========================================================================
Received Import Request.
  Time since last request: 0.000013 seconds.
  path: Assets/Low Poly City Asset/Models/Map Structure Parts/Street_Turn.fbx
  artifactKey: Guid(d88cf40537425c042aaf35e1f38df168) Importer(815301076,1909f56bfc062723c751e8b465ee728b)
Start importing Assets/Low Poly City Asset/Models/Map Structure Parts/Street_Turn.fbx using Guid(d88cf40537425c042aaf35e1f38df168) Importer(815301076,1909f56bfc062723c751e8b465ee728b)  -> (artifact id: '76fcf709e60bb00bffd2ec250d5a4a24') in 0.015528 seconds 
========================================================================
Received Import Request.
  Time since last request: 0.000013 seconds.
  path: Assets/Low Poly City Asset/Models/Map Structure Parts/Street_Big_TripleS_Crossing.fbx
  artifactKey: Guid(b9630b873de5ef142b27a5912ac0b423) Importer(815301076,1909f56bfc062723c751e8b465ee728b)
Start importing Assets/Low Poly City Asset/Models/Map Structure Parts/Street_Big_TripleS_Crossing.fbx using Guid(b9630b873de5ef142b27a5912ac0b423) Importer(815301076,1909f56bfc062723c751e8b465ee728b)  -> (artifact id: '21691aeacca708057eebc7e9a99f8925') in 0.014877 seconds 
========================================================================
Received Import Request.
  Time since last request: 0.000013 seconds.
  path: Assets/Low Poly City Asset/Models/Map Structure Parts/Street_Big_SingleS_Crossing.fbx
  artifactKey: Guid(390155ca9ff97f84d983534b67cea536) Importer(815301076,1909f56bfc062723c751e8b465ee728b)
Start importing Assets/Low Poly City Asset/Models/Map Structure Parts/Street_Big_SingleS_Crossing.fbx using Guid(390155ca9ff97f84d983534b67cea536) Importer(815301076,1909f56bfc062723c751e8b465ee728b)  -> (artifact id: '51d2e0d4c29facef8b0986c379d1f81a') in 0.013715 seconds 
========================================================================
Received Import Request.
  Time since last request: 0.000016 seconds.
  path: Assets/Low Poly City Asset/Models/Map Structure Parts/Floor3_corner.fbx
  artifactKey: Guid(50bf6281dbe10cf4fb87af43c99f8488) Importer(815301076,1909f56bfc062723c751e8b465ee728b)
Start importing Assets/Low Poly City Asset/Models/Map Structure Parts/Floor3_corner.fbx using Guid(50bf6281dbe10cf4fb87af43c99f8488) Importer(815301076,1909f56bfc062723c751e8b465ee728b)  -> (artifact id: '5b0968fd9b72f1e146c99e90601211e2') in 0.014922 seconds 
========================================================================
Received Import Request.
  Time since last request: 0.000019 seconds.
  path: Assets/Low Poly City Asset/Models/Map Structure Parts/Grass2.fbx
  artifactKey: Guid(3969eca5d75dac146a78ba4820999a09) Importer(815301076,1909f56bfc062723c751e8b465ee728b)
Start importing Assets/Low Poly City Asset/Models/Map Structure Parts/Grass2.fbx using Guid(3969eca5d75dac146a78ba4820999a09) Importer(815301076,1909f56bfc062723c751e8b465ee728b)  -> (artifact id: '131845d924c98b3ce01108de09d2d3b8') in 0.013875 seconds 
========================================================================
Received Import Request.
  Time since last request: 0.000017 seconds.
  path: Assets/Low Poly City Asset/Models/Map Structure Parts/Zebra_Crossing.fbx
  artifactKey: Guid(1a7e7cfd6a0529e48880ecdf0114b0c6) Importer(815301076,1909f56bfc062723c751e8b465ee728b)
Start importing Assets/Low Poly City Asset/Models/Map Structure Parts/Zebra_Crossing.fbx using Guid(1a7e7cfd6a0529e48880ecdf0114b0c6) Importer(815301076,1909f56bfc062723c751e8b465ee728b)  -> (artifact id: '4887474e591572a3e61d5696714179df') in 0.014400 seconds 
========================================================================
Received Prepare
Registering precompiled user dll's ...
Registered in 0.005019 seconds.
Begin MonoManager ReloadAssembly
Symbol file LoadedFromMemory doesn't match image C:\Users\hts_unit\Desktop\git_F\car_ml-agent\car_ml_hts\Library\PackageCache\com.unity.visualscripting@1.8.0\Editor\VisualScripting.Core\Dependencies\YamlDotNet\Unity.VisualScripting.YamlDotNet.dll
Symbol file LoadedFromMemory doesn't match image C:\Users\hts_unit\Desktop\git_F\car_ml-agent\car_ml_hts\Library\PackageCache\com.unity.visualscripting@1.8.0\Editor\VisualScripting.Core\Dependencies\DotNetZip\Unity.VisualScripting.IonicZip.dll
Native extension for WindowsStandalone target not found
Refreshing native plugins compatible for Editor in 0.51 ms, found 4 plugins.
Preloading 0 native plugins for Editor in 0.00 ms.
Mono: successfully reloaded assembly
- Completed reload, in  0.749 seconds
Domain Reload Profiling:
	ReloadAssembly (749ms)
		BeginReloadAssembly (107ms)
			ExecutionOrderSort (0ms)
			DisableScriptedObjects (3ms)
			BackupInstance (0ms)
			ReleaseScriptingObjects (0ms)
			CreateAndSetChildDomain (26ms)
		EndReloadAssembly (569ms)
			LoadAssemblies (73ms)
			RebuildTransferFunctionScriptingTraits (0ms)
			SetupTypeCache (211ms)
			ReleaseScriptCaches (1ms)
			RebuildScriptCaches (29ms)
			SetupLoadedEditorAssemblies (230ms)
				LogAssemblyErrors (0ms)
				InitializePlatformSupportModulesInManaged (4ms)
				SetLoadedEditorAssemblies (0ms)
				RefreshPlugins (1ms)
				BeforeProcessingInitializeOnLoad (49ms)
				ProcessInitializeOnLoadAttributes (156ms)
				ProcessInitializeOnLoadMethodAttributes (15ms)
				AfterProcessingInitializeOnLoad (5ms)
				EditorAssembliesLoaded (0ms)
			ExecutionOrderSort2 (0ms)
			AwakeInstancesAfterBackupRestoration (5ms)
Platform modules already initialized, skipping
Refreshing native plugins compatible for Editor in 2.13 ms, found 4 plugins.
Preloading 0 native plugins for Editor in 0.00 ms.
Unloading 3745 Unused Serialized files (Serialized files now loaded: 0)
Unloading 54 unused Assets / (21.0 MB). Loaded Objects now: 4225.
Memory consumption went from 188.7 MB to 167.8 MB.
Total: 3.875600 ms (FindLiveObjects: 0.234100 ms CreateObjectMapping: 0.135300 ms MarkObjects: 1.799300 ms  DeleteObjects: 1.705900 ms)

AssetImportParameters requested are different than current active one (requested -> active):
  custom:video-decoder-ogg-theora: a1e56fd34408186e4bbccfd4996cb3dc -> 
  custom:container-muxer-webm: aa71ff27fc2769a1b78a27578f13a17b -> 
  custom:container-demuxer-webm: 4f35f7cbe854078d1ac9338744f61a02 -> 
  custom:video-encoder-webm-vp8: eb34c28f22e8b96e1ab97ce403110664 -> 
  custom:audio-encoder-webm-vorbis: bf7c407c2cedff20999df2af8eb42d56 -> 
  custom:framework-win-MediaFoundation: 216162199b28c13a410421893ffa2e32 -> 
  custom:container-demuxer-ogg: 62fdf1f143b41e24485cea50d1cbac27 -> 
  custom:video-decoder-webm-vp8: 9c59270c3fd7afecdb556c50c9e8de78 -> 
  custom:audio-decoder-ogg-vorbis: bf7c407c2cedff20999df2af8eb42d56 -> 
Editor requested this worker to shutdown with reason: Scaling down because of idle timeout
AssetImportWorker is now disconnected from the server
Process exiting
Exiting without the bug reporter. Application will terminate with return code 0