Using pre-set license
Built from '2021.3/release' branch; Version is '2021.3.27f1 (ca3ffb99bcc6) revision 13254651'; Using compiler version '192829333'; Build Type 'Release'
OS: 'Windows 10  (10.0.19045) 64bit Professional' Language: 'ko' Physical Memory: 32605 MB
BatchMode: 1, IsHumanControllingUs: 0, StartBugReporterOnCrash: 0, Is64bit: 1, IsPro: 1

COMMAND LINE ARGUMENTS:
C:\Program Files\Unity\Hub\Editor\2021.3.27f1-x86_64\Editor\Unity.exe
-adb2
-batchMode
-noUpm
-name
AssetImportWorker4
-projectPath
C:/Users/hts_unit/Desktop/unity_F/car_ml
-logFile
Logs/AssetImportWorker4.log
-srvPort
51479
Successfully changed project path to: C:/Users/hts_unit/Desktop/unity_F/car_ml
C:/Users/hts_unit/Desktop/unity_F/car_ml
[UnityMemory] Configuration Parameters - Can be set up in boot.config
    "memorysetup-bucket-allocator-granularity=16"
    "memorysetup-bucket-allocator-bucket-count=8"
    "memorysetup-bucket-allocator-block-size=33554432"
    "memorysetup-bucket-allocator-block-count=8"
    "memorysetup-main-allocator-block-size=16777216"
    "memorysetup-thread-allocator-block-size=16777216"
    "memorysetup-gfx-main-allocator-block-size=16777216"
    "memorysetup-gfx-thread-allocator-block-size=16777216"
    "memorysetup-cache-allocator-block-size=4194304"
    "memorysetup-typetree-allocator-block-size=2097152"
    "memorysetup-profiler-bucket-allocator-granularity=16"
    "memorysetup-profiler-bucket-allocator-bucket-count=8"
    "memorysetup-profiler-bucket-allocator-block-size=33554432"
    "memorysetup-profiler-bucket-allocator-block-count=8"
    "memorysetup-profiler-allocator-block-size=16777216"
    "memorysetup-profiler-editor-allocator-block-size=1048576"
    "memorysetup-temp-allocator-size-main=16777216"
    "memorysetup-job-temp-allocator-block-size=2097152"
    "memorysetup-job-temp-allocator-block-size-background=1048576"
    "memorysetup-job-temp-allocator-reduction-small-platforms=262144"
    "memorysetup-temp-allocator-size-background-worker=32768"
    "memorysetup-temp-allocator-size-job-worker=262144"
    "memorysetup-temp-allocator-size-preload-manager=33554432"
    "memorysetup-temp-allocator-size-nav-mesh-worker=65536"
    "memorysetup-temp-allocator-size-audio-worker=65536"
    "memorysetup-temp-allocator-size-cloud-worker=32768"
    "memorysetup-temp-allocator-size-gi-baking-worker=262144"
    "memorysetup-temp-allocator-size-gfx=262144"
Player connection [10204] Host "[IP] 203.241.246.55 [Port] 0 [Flags] 2 [Guid] 1101968684 [EditorId] 1101968684 [Version] 1048832 [Id] WindowsEditor(7,hts) [Debug] 1 [PackageName] WindowsEditor [ProjectName] Editor" joined multi-casting on [225.0.0.222:54997]...

Player connection [10204] Host "[IP] 203.241.246.55 [Port] 0 [Flags] 2 [Guid] 1101968684 [EditorId] 1101968684 [Version] 1048832 [Id] WindowsEditor(7,hts) [Debug] 1 [PackageName] WindowsEditor [ProjectName] Editor" joined alternative multi-casting on [225.0.0.222:34997]...

Refreshing native plugins compatible for Editor in 70.61 ms, found 4 plugins.
Preloading 0 native plugins for Editor in 0.00 ms.
Initialize engine version: 2021.3.27f1 (ca3ffb99bcc6)
[Subsystems] Discovering subsystems at path C:/Program Files/Unity/Hub/Editor/2021.3.27f1-x86_64/Editor/Data/Resources/UnitySubsystems
[Subsystems] Discovering subsystems at path C:/Users/hts_unit/Desktop/unity_F/car_ml/Assets
GfxDevice: creating device client; threaded=0; jobified=0
Direct3D:
    Version:  Direct3D 11.0 [level 11.1]
    Renderer: NVIDIA GeForce RTX 3060 (ID=0x2487)
    Vendor:   NVIDIA
    VRAM:     12124 MB
    Driver:   31.0.15.3598
Initialize mono
Mono path[0] = 'C:/Program Files/Unity/Hub/Editor/2021.3.27f1-x86_64/Editor/Data/Managed'
Mono path[1] = 'C:/Program Files/Unity/Hub/Editor/2021.3.27f1-x86_64/Editor/Data/MonoBleedingEdge/lib/mono/unityjit-win32'
Mono config path = 'C:/Program Files/Unity/Hub/Editor/2021.3.27f1-x86_64/Editor/Data/MonoBleedingEdge/etc'
Using monoOptions --debugger-agent=transport=dt_socket,embedding=1,server=y,suspend=n,address=127.0.0.1:56592
Begin MonoManager ReloadAssembly
Registering precompiled unity dll's ...
Register platform support module: C:/Program Files/Unity/Hub/Editor/2021.3.27f1-x86_64/Editor/Data/PlaybackEngines/WindowsStandaloneSupport/UnityEditor.WindowsStandalone.Extensions.dll
Registered in 0.003685 seconds.
Native extension for WindowsStandalone target not found
Refreshing native plugins compatible for Editor in 57.82 ms, found 4 plugins.
Preloading 0 native plugins for Editor in 0.00 ms.
Mono: successfully reloaded assembly
- Completed reload, in  0.419 seconds
Domain Reload Profiling:
	ReloadAssembly (419ms)
		BeginReloadAssembly (56ms)
			ExecutionOrderSort (0ms)
			DisableScriptedObjects (0ms)
			BackupInstance (0ms)
			ReleaseScriptingObjects (0ms)
			CreateAndSetChildDomain (0ms)
		EndReloadAssembly (297ms)
			LoadAssemblies (55ms)
			RebuildTransferFunctionScriptingTraits (0ms)
			SetupTypeCache (67ms)
			ReleaseScriptCaches (0ms)
			RebuildScriptCaches (20ms)
			SetupLoadedEditorAssemblies (177ms)
				LogAssemblyErrors (0ms)
				InitializePlatformSupportModulesInManaged (5ms)
				SetLoadedEditorAssemblies (0ms)
				RefreshPlugins (58ms)
				BeforeProcessingInitializeOnLoad (1ms)
				ProcessInitializeOnLoadAttributes (81ms)
				ProcessInitializeOnLoadMethodAttributes (31ms)
				AfterProcessingInitializeOnLoad (0ms)
				EditorAssembliesLoaded (0ms)
			ExecutionOrderSort2 (0ms)
			AwakeInstancesAfterBackupRestoration (0ms)
Platform modules already initialized, skipping
Registering precompiled user dll's ...
Registered in 0.005365 seconds.
Begin MonoManager ReloadAssembly
Symbol file LoadedFromMemory doesn't match image C:\Users\hts_unit\Desktop\unity_F\car_ml\Library\PackageCache\com.unity.visualscripting@1.8.0\Editor\VisualScripting.Core\Dependencies\YamlDotNet\Unity.VisualScripting.YamlDotNet.dll
Symbol file LoadedFromMemory doesn't match image C:\Users\hts_unit\Desktop\unity_F\car_ml\Library\PackageCache\com.unity.visualscripting@1.8.0\Editor\VisualScripting.Core\Dependencies\DotNetZip\Unity.VisualScripting.IonicZip.dll
Native extension for WindowsStandalone target not found
Refreshing native plugins compatible for Editor in 59.25 ms, found 4 plugins.
Preloading 0 native plugins for Editor in 0.00 ms.
Mono: successfully reloaded assembly
- Completed reload, in  0.829 seconds
Domain Reload Profiling:
	ReloadAssembly (830ms)
		BeginReloadAssembly (79ms)
			ExecutionOrderSort (0ms)
			DisableScriptedObjects (4ms)
			BackupInstance (0ms)
			ReleaseScriptingObjects (0ms)
			CreateAndSetChildDomain (12ms)
		EndReloadAssembly (677ms)
			LoadAssemblies (64ms)
			RebuildTransferFunctionScriptingTraits (0ms)
			SetupTypeCache (257ms)
			ReleaseScriptCaches (0ms)
			RebuildScriptCaches (34ms)
			SetupLoadedEditorAssemblies (290ms)
				LogAssemblyErrors (0ms)
				InitializePlatformSupportModulesInManaged (3ms)
				SetLoadedEditorAssemblies (0ms)
				RefreshPlugins (59ms)
				BeforeProcessingInitializeOnLoad (61ms)
				ProcessInitializeOnLoadAttributes (151ms)
				ProcessInitializeOnLoadMethodAttributes (12ms)
				AfterProcessingInitializeOnLoad (4ms)
				EditorAssembliesLoaded (0ms)
			ExecutionOrderSort2 (0ms)
			AwakeInstancesAfterBackupRestoration (4ms)
Platform modules already initialized, skipping
========================================================================
Worker process is ready to serve import requests
Launched and connected shader compiler UnityShaderCompiler.exe after 0.02 seconds
Refreshing native plugins compatible for Editor in 0.48 ms, found 4 plugins.
Preloading 0 native plugins for Editor in 0.00 ms.
Unloading 3748 Unused Serialized files (Serialized files now loaded: 0)
Unloading 62 unused Assets / (21.0 MB). Loaded Objects now: 4172.
Memory consumption went from 184.5 MB to 163.5 MB.
Total: 3.519200 ms (FindLiveObjects: 0.187300 ms CreateObjectMapping: 0.097000 ms MarkObjects: 1.758200 ms  DeleteObjects: 1.476100 ms)

AssetImportParameters requested are different than current active one (requested -> active):
  custom:video-decoder-ogg-theora: a1e56fd34408186e4bbccfd4996cb3dc -> 
  custom:container-muxer-webm: aa71ff27fc2769a1b78a27578f13a17b -> 
  custom:container-demuxer-webm: 4f35f7cbe854078d1ac9338744f61a02 -> 
  custom:video-encoder-webm-vp8: eb34c28f22e8b96e1ab97ce403110664 -> 
  custom:audio-encoder-webm-vorbis: bf7c407c2cedff20999df2af8eb42d56 -> 
  custom:framework-win-MediaFoundation: 216162199b28c13a410421893ffa2e32 -> 
  custom:container-demuxer-ogg: 62fdf1f143b41e24485cea50d1cbac27 -> 
  custom:video-decoder-webm-vp8: 9c59270c3fd7afecdb556c50c9e8de78 -> 
  custom:audio-decoder-ogg-vorbis: bf7c407c2cedff20999df2af8eb42d56 -> 
========================================================================
Received Import Request.
  Time since last request: 875295.951229 seconds.
  path: Assets/Low Poly City Asset/Models/Map Structure Parts/Grass1.fbx
  artifactKey: Guid(734b95fa661913c45827e0b3d5aff910) Importer(815301076,1909f56bfc062723c751e8b465ee728b)
Start importing Assets/Low Poly City Asset/Models/Map Structure Parts/Grass1.fbx using Guid(734b95fa661913c45827e0b3d5aff910) Importer(815301076,1909f56bfc062723c751e8b465ee728b)  -> (artifact id: '8ac2c63c22a84e47a281704d7fed3ac1') in 0.121402 seconds 
========================================================================
Received Import Request.
  Time since last request: 0.000029 seconds.
  path: Assets/Low Poly City Asset/Models/Map Structure Parts/Parking_3.fbx
  artifactKey: Guid(d57750ec43791f649a08eea23bb77dd6) Importer(815301076,1909f56bfc062723c751e8b465ee728b)
Start importing Assets/Low Poly City Asset/Models/Map Structure Parts/Parking_3.fbx using Guid(d57750ec43791f649a08eea23bb77dd6) Importer(815301076,1909f56bfc062723c751e8b465ee728b)  -> (artifact id: 'f71102e98b867a29f28f7600b187150d') in 0.020262 seconds 
========================================================================
Received Import Request.
  Time since last request: 0.000027 seconds.
  path: Assets/Low Poly City Asset/Models/Map Structure Parts/Street_Big_Crossing.fbx
  artifactKey: Guid(0b49e014602794c4891c2da26c564c71) Importer(815301076,1909f56bfc062723c751e8b465ee728b)
Start importing Assets/Low Poly City Asset/Models/Map Structure Parts/Street_Big_Crossing.fbx using Guid(0b49e014602794c4891c2da26c564c71) Importer(815301076,1909f56bfc062723c751e8b465ee728b)  -> (artifact id: '8f6026faf08400f0652a6dcc02c49c95') in 0.024946 seconds 
========================================================================
Received Import Request.
  Time since last request: 0.000016 seconds.
  path: Assets/Low Poly City Asset/Models/Map Structure Parts/Street_Big_Triple_Crossing.fbx
  artifactKey: Guid(e0d67bf4653d8dc4cb560482b6aa99ad) Importer(815301076,1909f56bfc062723c751e8b465ee728b)
Start importing Assets/Low Poly City Asset/Models/Map Structure Parts/Street_Big_Triple_Crossing.fbx using Guid(e0d67bf4653d8dc4cb560482b6aa99ad) Importer(815301076,1909f56bfc062723c751e8b465ee728b)  -> (artifact id: '1cba7efeb2001303dba07875474b4c9a') in 0.047309 seconds 
========================================================================
Received Import Request.
  Time since last request: 0.000013 seconds.
  path: Assets/Low Poly City Asset/Models/Map Structure Parts/Zebra_Crossing_big.fbx
  artifactKey: Guid(ea545d4bc974aaf4588feb1cc5f009b9) Importer(815301076,1909f56bfc062723c751e8b465ee728b)
Start importing Assets/Low Poly City Asset/Models/Map Structure Parts/Zebra_Crossing_big.fbx using Guid(ea545d4bc974aaf4588feb1cc5f009b9) Importer(815301076,1909f56bfc062723c751e8b465ee728b)  -> (artifact id: 'b7bc6a267797f076310604bb5af44fef') in 0.053455 seconds 
========================================================================
Received Import Request.
  Time since last request: 0.000019 seconds.
  path: Assets/Low Poly City Asset/Models/Map Structure Parts/Parking_1.fbx
  artifactKey: Guid(853a0574093ce3c4aa847cbf23538555) Importer(815301076,1909f56bfc062723c751e8b465ee728b)
Start importing Assets/Low Poly City Asset/Models/Map Structure Parts/Parking_1.fbx using Guid(853a0574093ce3c4aa847cbf23538555) Importer(815301076,1909f56bfc062723c751e8b465ee728b)  -> (artifact id: '1608a74fdda2287faead5b1c4810fc15') in 0.054584 seconds 
========================================================================
Received Import Request.
  Time since last request: 0.000013 seconds.
  path: Assets/Low Poly City Asset/Models/Map Structure Parts/Street_Crossing.fbx
  artifactKey: Guid(ba9c48c5134865d43a7224c0321ab369) Importer(815301076,1909f56bfc062723c751e8b465ee728b)
Start importing Assets/Low Poly City Asset/Models/Map Structure Parts/Street_Crossing.fbx using Guid(ba9c48c5134865d43a7224c0321ab369) Importer(815301076,1909f56bfc062723c751e8b465ee728b)  -> (artifact id: '45cdfe0219893a9fa7c67ed3406b5f67') in 0.013575 seconds 
========================================================================
Received Import Request.
  Time since last request: 0.000021 seconds.
  path: Assets/Low Poly City Asset/Models/Map Structure Parts/Street_Big_TripleS_Crossing.fbx
  artifactKey: Guid(b9630b873de5ef142b27a5912ac0b423) Importer(815301076,1909f56bfc062723c751e8b465ee728b)
Start importing Assets/Low Poly City Asset/Models/Map Structure Parts/Street_Big_TripleS_Crossing.fbx using Guid(b9630b873de5ef142b27a5912ac0b423) Importer(815301076,1909f56bfc062723c751e8b465ee728b)  -> (artifact id: '21691aeacca708057eebc7e9a99f8925') in 0.015200 seconds 
========================================================================
Received Import Request.
  Time since last request: 0.000018 seconds.
  path: Assets/Low Poly City Asset/Models/Map Structure Parts/Street_Straight.fbx
  artifactKey: Guid(6b1e1de6630b43f47a9e9d33ffd6c5a4) Importer(815301076,1909f56bfc062723c751e8b465ee728b)
Start importing Assets/Low Poly City Asset/Models/Map Structure Parts/Street_Straight.fbx using Guid(6b1e1de6630b43f47a9e9d33ffd6c5a4) Importer(815301076,1909f56bfc062723c751e8b465ee728b)  -> (artifact id: '194ee92b86e4cfe1ac949ee9d5443b4a') in 0.014170 seconds 
========================================================================
Received Import Request.
  Time since last request: 0.000026 seconds.
  path: Assets/Low Poly City Asset/Models/Map Structure Parts/Grass2.fbx
  artifactKey: Guid(3969eca5d75dac146a78ba4820999a09) Importer(815301076,1909f56bfc062723c751e8b465ee728b)
Start importing Assets/Low Poly City Asset/Models/Map Structure Parts/Grass2.fbx using Guid(3969eca5d75dac146a78ba4820999a09) Importer(815301076,1909f56bfc062723c751e8b465ee728b)  -> (artifact id: '131845d924c98b3ce01108de09d2d3b8') in 0.008205 seconds 
Editor requested this worker to shutdown with reason: Scaling down because of idle timeout
AssetImportWorker is now disconnected from the server
Process exiting
Exiting without the bug reporter. Application will terminate with return code 0