Using pre-set license
Built from '2021.3/release' branch; Version is '2021.3.27f1 (ca3ffb99bcc6) revision 13254651'; Using compiler version '192829333'; Build Type 'Release'
OS: 'Windows 10  (10.0.19044) 64bit Professional' Language: 'ko' Physical Memory: 15775 MB
BatchMode: 1, IsHumanControllingUs: 0, StartBugReporterOnCrash: 0, Is64bit: 1, IsPro: 1

COMMAND LINE ARGUMENTS:
C:\Program Files\Unity\Hub\Editor\2021.3.27f1\Editor\Unity.exe
-adb2
-batchMode
-noUpm
-name
AssetImportWorker4
-projectPath
C:/Users/HTS/Desktop/git_F/car_ml-agent/car_ml_hts
-logFile
Logs/AssetImportWorker4.log
-srvPort
57082
Successfully changed project path to: C:/Users/HTS/Desktop/git_F/car_ml-agent/car_ml_hts
C:/Users/HTS/Desktop/git_F/car_ml-agent/car_ml_hts
[UnityMemory] Configuration Parameters - Can be set up in boot.config
    "memorysetup-bucket-allocator-granularity=16"
    "memorysetup-bucket-allocator-bucket-count=8"
    "memorysetup-bucket-allocator-block-size=33554432"
    "memorysetup-bucket-allocator-block-count=8"
    "memorysetup-main-allocator-block-size=16777216"
    "memorysetup-thread-allocator-block-size=16777216"
    "memorysetup-gfx-main-allocator-block-size=16777216"
    "memorysetup-gfx-thread-allocator-block-size=16777216"
    "memorysetup-cache-allocator-block-size=4194304"
    "memorysetup-typetree-allocator-block-size=2097152"
    "memorysetup-profiler-bucket-allocator-granularity=16"
    "memorysetup-profiler-bucket-allocator-bucket-count=8"
    "memorysetup-profiler-bucket-allocator-block-size=33554432"
    "memorysetup-profiler-bucket-allocator-block-count=8"
    "memorysetup-profiler-allocator-block-size=16777216"
    "memorysetup-profiler-editor-allocator-block-size=1048576"
    "memorysetup-temp-allocator-size-main=16777216"
    "memorysetup-job-temp-allocator-block-size=2097152"
    "memorysetup-job-temp-allocator-block-size-background=1048576"
    "memorysetup-job-temp-allocator-reduction-small-platforms=262144"
    "memorysetup-temp-allocator-size-background-worker=32768"
    "memorysetup-temp-allocator-size-job-worker=262144"
    "memorysetup-temp-allocator-size-preload-manager=33554432"
    "memorysetup-temp-allocator-size-nav-mesh-worker=65536"
    "memorysetup-temp-allocator-size-audio-worker=65536"
    "memorysetup-temp-allocator-size-cloud-worker=32768"
    "memorysetup-temp-allocator-size-gi-baking-worker=262144"
    "memorysetup-temp-allocator-size-gfx=262144"
Player connection [32744] Host "[IP] 192.168.0.6 [Port] 0 [Flags] 2 [Guid] 3759881363 [EditorId] 3759881363 [Version] 1048832 [Id] WindowsEditor(7,DESKTOP-FJQ876E) [Debug] 1 [PackageName] WindowsEditor [ProjectName] Editor" joined multi-casting on [225.0.0.222:54997]...

Player connection [32744] Host "[IP] 192.168.0.6 [Port] 0 [Flags] 2 [Guid] 3759881363 [EditorId] 3759881363 [Version] 1048832 [Id] WindowsEditor(7,DESKTOP-FJQ876E) [Debug] 1 [PackageName] WindowsEditor [ProjectName] Editor" joined alternative multi-casting on [225.0.0.222:34997]...

Refreshing native plugins compatible for Editor in 99.29 ms, found 4 plugins.
Preloading 0 native plugins for Editor in 0.00 ms.
Initialize engine version: 2021.3.27f1 (ca3ffb99bcc6)
[Subsystems] Discovering subsystems at path C:/Program Files/Unity/Hub/Editor/2021.3.27f1/Editor/Data/Resources/UnitySubsystems
[Subsystems] Discovering subsystems at path C:/Users/HTS/Desktop/git_F/car_ml-agent/car_ml_hts/Assets
GfxDevice: creating device client; threaded=0; jobified=0
Direct3D:
    Version:  Direct3D 11.0 [level 11.1]
    Renderer: AMD Radeon(TM) Graphics (ID=0x1638)
    Vendor:   ATI
    VRAM:     7887 MB
    Driver:   30.0.13044.8001
Initialize mono
Mono path[0] = 'C:/Program Files/Unity/Hub/Editor/2021.3.27f1/Editor/Data/Managed'
Mono path[1] = 'C:/Program Files/Unity/Hub/Editor/2021.3.27f1/Editor/Data/MonoBleedingEdge/lib/mono/unityjit-win32'
Mono config path = 'C:/Program Files/Unity/Hub/Editor/2021.3.27f1/Editor/Data/MonoBleedingEdge/etc'
Using monoOptions --debugger-agent=transport=dt_socket,embedding=1,server=y,suspend=n,address=127.0.0.1:56216
Begin MonoManager ReloadAssembly
Registering precompiled unity dll's ...
Register platform support module: C:/Program Files/Unity/Hub/Editor/2021.3.27f1/Editor/Data/PlaybackEngines/WindowsStandaloneSupport/UnityEditor.WindowsStandalone.Extensions.dll
Registered in 0.006139 seconds.
Native extension for WindowsStandalone target not found
Refreshing native plugins compatible for Editor in 75.34 ms, found 4 plugins.
Preloading 0 native plugins for Editor in 0.00 ms.
Mono: successfully reloaded assembly
- Completed reload, in  0.617 seconds
Domain Reload Profiling:
	ReloadAssembly (617ms)
		BeginReloadAssembly (119ms)
			ExecutionOrderSort (0ms)
			DisableScriptedObjects (0ms)
			BackupInstance (0ms)
			ReleaseScriptingObjects (0ms)
			CreateAndSetChildDomain (1ms)
		EndReloadAssembly (412ms)
			LoadAssemblies (118ms)
			RebuildTransferFunctionScriptingTraits (0ms)
			SetupTypeCache (104ms)
			ReleaseScriptCaches (0ms)
			RebuildScriptCaches (25ms)
			SetupLoadedEditorAssemblies (237ms)
				LogAssemblyErrors (0ms)
				InitializePlatformSupportModulesInManaged (7ms)
				SetLoadedEditorAssemblies (0ms)
				RefreshPlugins (75ms)
				BeforeProcessingInitializeOnLoad (1ms)
				ProcessInitializeOnLoadAttributes (102ms)
				ProcessInitializeOnLoadMethodAttributes (50ms)
				AfterProcessingInitializeOnLoad (0ms)
				EditorAssembliesLoaded (0ms)
			ExecutionOrderSort2 (0ms)
			AwakeInstancesAfterBackupRestoration (0ms)
Platform modules already initialized, skipping
Registering precompiled user dll's ...
Registered in 0.013962 seconds.
Begin MonoManager ReloadAssembly
Symbol file LoadedFromMemory doesn't match image C:\Users\HTS\Desktop\git_F\car_ml-agent\car_ml_hts\Library\PackageCache\com.unity.visualscripting@1.8.0\Editor\VisualScripting.Core\Dependencies\YamlDotNet\Unity.VisualScripting.YamlDotNet.dll
Symbol file LoadedFromMemory doesn't match image C:\Users\HTS\Desktop\git_F\car_ml-agent\car_ml_hts\Library\PackageCache\com.unity.visualscripting@1.8.0\Editor\VisualScripting.Core\Dependencies\DotNetZip\Unity.VisualScripting.IonicZip.dll
Native extension for WindowsStandalone target not found
Refreshing native plugins compatible for Editor in 75.83 ms, found 4 plugins.
Preloading 0 native plugins for Editor in 0.00 ms.
Mono: successfully reloaded assembly
- Completed reload, in  1.035 seconds
Domain Reload Profiling:
	ReloadAssembly (1035ms)
		BeginReloadAssembly (142ms)
			ExecutionOrderSort (0ms)
			DisableScriptedObjects (5ms)
			BackupInstance (0ms)
			ReleaseScriptingObjects (0ms)
			CreateAndSetChildDomain (20ms)
		EndReloadAssembly (797ms)
			LoadAssemblies (139ms)
			RebuildTransferFunctionScriptingTraits (0ms)
			SetupTypeCache (234ms)
			ReleaseScriptCaches (1ms)
			RebuildScriptCaches (40ms)
			SetupLoadedEditorAssemblies (384ms)
				LogAssemblyErrors (0ms)
				InitializePlatformSupportModulesInManaged (4ms)
				SetLoadedEditorAssemblies (0ms)
				RefreshPlugins (76ms)
				BeforeProcessingInitializeOnLoad (85ms)
				ProcessInitializeOnLoadAttributes (198ms)
				ProcessInitializeOnLoadMethodAttributes (15ms)
				AfterProcessingInitializeOnLoad (5ms)
				EditorAssembliesLoaded (0ms)
			ExecutionOrderSort2 (0ms)
			AwakeInstancesAfterBackupRestoration (14ms)
Platform modules already initialized, skipping
========================================================================
Worker process is ready to serve import requests
Launched and connected shader compiler UnityShaderCompiler.exe after 0.06 seconds
Refreshing native plugins compatible for Editor in 0.75 ms, found 4 plugins.
Preloading 0 native plugins for Editor in 0.00 ms.
Unloading 3752 Unused Serialized files (Serialized files now loaded: 0)
Unloading 62 unused Assets / (21.0 MB). Loaded Objects now: 4177.
Memory consumption went from 180.3 MB to 159.3 MB.
Total: 6.867600 ms (FindLiveObjects: 0.295700 ms CreateObjectMapping: 0.244700 ms MarkObjects: 2.872000 ms  DeleteObjects: 3.454400 ms)

AssetImportParameters requested are different than current active one (requested -> active):
  custom:video-decoder-ogg-theora: a1e56fd34408186e4bbccfd4996cb3dc -> 
  custom:container-muxer-webm: aa71ff27fc2769a1b78a27578f13a17b -> 
  custom:container-demuxer-webm: 4f35f7cbe854078d1ac9338744f61a02 -> 
  custom:video-encoder-webm-vp8: eb34c28f22e8b96e1ab97ce403110664 -> 
  custom:audio-encoder-webm-vorbis: bf7c407c2cedff20999df2af8eb42d56 -> 
  custom:framework-win-MediaFoundation: 216162199b28c13a410421893ffa2e32 -> 
  custom:container-demuxer-ogg: 62fdf1f143b41e24485cea50d1cbac27 -> 
  custom:video-decoder-webm-vp8: 9c59270c3fd7afecdb556c50c9e8de78 -> 
  custom:audio-decoder-ogg-vorbis: bf7c407c2cedff20999df2af8eb42d56 -> 
========================================================================
Received Import Request.
  Time since last request: 5065.854730 seconds.
  path: Assets/test_space
  artifactKey: Guid(a6f7eb8155ce99a4ba0e1c7e24e9b197) Importer(815301076,1909f56bfc062723c751e8b465ee728b)
Start importing Assets/test_space using Guid(a6f7eb8155ce99a4ba0e1c7e24e9b197) Importer(815301076,1909f56bfc062723c751e8b465ee728b)  -> (artifact id: '8b8ab4fa53b5078be2fcc457adef5336') in 0.012375 seconds 
========================================================================
Received Import Request.
  Time since last request: 0.745404 seconds.
  path: Assets/ML-Agents
  artifactKey: Guid(e63ecca837221574286fa4821bd3b415) Importer(815301076,1909f56bfc062723c751e8b465ee728b)
Start importing Assets/ML-Agents using Guid(e63ecca837221574286fa4821bd3b415) Importer(815301076,1909f56bfc062723c751e8b465ee728b)  -> (artifact id: 'c18c15b82b62f62ad7fc548d0263691b') in 0.003771 seconds 
========================================================================
Received Import Request.
  Time since last request: 0.409271 seconds.
  path: Assets/Low Poly City Asset
  artifactKey: Guid(e107cf7245db95a4c800f94c74c3fbcf) Importer(815301076,1909f56bfc062723c751e8b465ee728b)
Start importing Assets/Low Poly City Asset using Guid(e107cf7245db95a4c800f94c74c3fbcf) Importer(815301076,1909f56bfc062723c751e8b465ee728b)  -> (artifact id: 'cb1658c168d0ae1fac229aeacbbb3d15') in 0.003436 seconds 
========================================================================
Received Import Request.
  Time since last request: 3.972644 seconds.
  path: Assets/Low Poly City Asset/Material
  artifactKey: Guid(42c7709093d0a06428ad3d51f1bcb6ad) Importer(815301076,1909f56bfc062723c751e8b465ee728b)
Start importing Assets/Low Poly City Asset/Material using Guid(42c7709093d0a06428ad3d51f1bcb6ad) Importer(815301076,1909f56bfc062723c751e8b465ee728b)  -> (artifact id: '9a81266b8d0ffd06f8d4672147999cb0') in 0.003440 seconds 
========================================================================
Received Prepare
Registering precompiled user dll's ...
Registered in 0.014087 seconds.
Begin MonoManager ReloadAssembly
Symbol file LoadedFromMemory doesn't match image C:\Users\HTS\Desktop\git_F\car_ml-agent\car_ml_hts\Library\PackageCache\com.unity.visualscripting@1.8.0\Editor\VisualScripting.Core\Dependencies\YamlDotNet\Unity.VisualScripting.YamlDotNet.dll
Symbol file LoadedFromMemory doesn't match image C:\Users\HTS\Desktop\git_F\car_ml-agent\car_ml_hts\Library\PackageCache\com.unity.visualscripting@1.8.0\Editor\VisualScripting.Core\Dependencies\DotNetZip\Unity.VisualScripting.IonicZip.dll
Native extension for WindowsStandalone target not found
Refreshing native plugins compatible for Editor in 0.84 ms, found 4 plugins.
Preloading 0 native plugins for Editor in 0.00 ms.
Mono: successfully reloaded assembly
- Completed reload, in  1.044 seconds
Domain Reload Profiling:
	ReloadAssembly (1045ms)
		BeginReloadAssembly (202ms)
			ExecutionOrderSort (0ms)
			DisableScriptedObjects (5ms)
			BackupInstance (0ms)
			ReleaseScriptingObjects (0ms)
			CreateAndSetChildDomain (50ms)
		EndReloadAssembly (746ms)
			LoadAssemblies (155ms)
			RebuildTransferFunctionScriptingTraits (0ms)
			SetupTypeCache (298ms)
			ReleaseScriptCaches (1ms)
			RebuildScriptCaches (36ms)
			SetupLoadedEditorAssemblies (265ms)
				LogAssemblyErrors (0ms)
				InitializePlatformSupportModulesInManaged (5ms)
				SetLoadedEditorAssemblies (0ms)
				RefreshPlugins (1ms)
				BeforeProcessingInitializeOnLoad (66ms)
				ProcessInitializeOnLoadAttributes (167ms)
				ProcessInitializeOnLoadMethodAttributes (19ms)
				AfterProcessingInitializeOnLoad (6ms)
				EditorAssembliesLoaded (0ms)
			ExecutionOrderSort2 (0ms)
			AwakeInstancesAfterBackupRestoration (15ms)
Platform modules already initialized, skipping
Refreshing native plugins compatible for Editor in 3.23 ms, found 4 plugins.
Preloading 0 native plugins for Editor in 0.00 ms.
Unloading 3745 Unused Serialized files (Serialized files now loaded: 0)
Unloading 54 unused Assets / (21.0 MB). Loaded Objects now: 4181.
Memory consumption went from 179.7 MB to 158.7 MB.
Total: 6.197900 ms (FindLiveObjects: 0.298000 ms CreateObjectMapping: 0.229400 ms MarkObjects: 2.545700 ms  DeleteObjects: 3.124000 ms)

AssetImportParameters requested are different than current active one (requested -> active):
  custom:video-decoder-ogg-theora: a1e56fd34408186e4bbccfd4996cb3dc -> 
  custom:container-muxer-webm: aa71ff27fc2769a1b78a27578f13a17b -> 
  custom:container-demuxer-webm: 4f35f7cbe854078d1ac9338744f61a02 -> 
  custom:video-encoder-webm-vp8: eb34c28f22e8b96e1ab97ce403110664 -> 
  custom:audio-encoder-webm-vorbis: bf7c407c2cedff20999df2af8eb42d56 -> 
  custom:framework-win-MediaFoundation: 216162199b28c13a410421893ffa2e32 -> 
  custom:container-demuxer-ogg: 62fdf1f143b41e24485cea50d1cbac27 -> 
  custom:video-decoder-webm-vp8: 9c59270c3fd7afecdb556c50c9e8de78 -> 
  custom:audio-decoder-ogg-vorbis: bf7c407c2cedff20999df2af8eb42d56 -> 
========================================================================
Received Prepare
Registering precompiled user dll's ...
Registered in 0.012940 seconds.
Begin MonoManager ReloadAssembly
Symbol file LoadedFromMemory doesn't match image C:\Users\HTS\Desktop\git_F\car_ml-agent\car_ml_hts\Library\PackageCache\com.unity.visualscripting@1.8.0\Editor\VisualScripting.Core\Dependencies\YamlDotNet\Unity.VisualScripting.YamlDotNet.dll
Symbol file LoadedFromMemory doesn't match image C:\Users\HTS\Desktop\git_F\car_ml-agent\car_ml_hts\Library\PackageCache\com.unity.visualscripting@1.8.0\Editor\VisualScripting.Core\Dependencies\DotNetZip\Unity.VisualScripting.IonicZip.dll
Native extension for WindowsStandalone target not found
Refreshing native plugins compatible for Editor in 0.83 ms, found 4 plugins.
Preloading 0 native plugins for Editor in 0.00 ms.
Mono: successfully reloaded assembly
- Completed reload, in  0.935 seconds
Domain Reload Profiling:
	ReloadAssembly (936ms)
		BeginReloadAssembly (174ms)
			ExecutionOrderSort (0ms)
			DisableScriptedObjects (5ms)
			BackupInstance (0ms)
			ReleaseScriptingObjects (0ms)
			CreateAndSetChildDomain (39ms)
		EndReloadAssembly (680ms)
			LoadAssemblies (144ms)
			RebuildTransferFunctionScriptingTraits (0ms)
			SetupTypeCache (236ms)
			ReleaseScriptCaches (1ms)
			RebuildScriptCaches (38ms)
			SetupLoadedEditorAssemblies (264ms)
				LogAssemblyErrors (0ms)
				InitializePlatformSupportModulesInManaged (5ms)
				SetLoadedEditorAssemblies (0ms)
				RefreshPlugins (1ms)
				BeforeProcessingInitializeOnLoad (58ms)
				ProcessInitializeOnLoadAttributes (173ms)
				ProcessInitializeOnLoadMethodAttributes (21ms)
				AfterProcessingInitializeOnLoad (6ms)
				EditorAssembliesLoaded (0ms)
			ExecutionOrderSort2 (0ms)
			AwakeInstancesAfterBackupRestoration (13ms)
Platform modules already initialized, skipping
Refreshing native plugins compatible for Editor in 3.25 ms, found 4 plugins.
Preloading 0 native plugins for Editor in 0.00 ms.
Unloading 3745 Unused Serialized files (Serialized files now loaded: 0)
Unloading 54 unused Assets / (21.0 MB). Loaded Objects now: 4185.
Memory consumption went from 179.7 MB to 158.7 MB.
Total: 6.276300 ms (FindLiveObjects: 0.297700 ms CreateObjectMapping: 0.232700 ms MarkObjects: 2.559500 ms  DeleteObjects: 3.185700 ms)

AssetImportParameters requested are different than current active one (requested -> active):
  custom:video-decoder-ogg-theora: a1e56fd34408186e4bbccfd4996cb3dc -> 
  custom:container-muxer-webm: aa71ff27fc2769a1b78a27578f13a17b -> 
  custom:container-demuxer-webm: 4f35f7cbe854078d1ac9338744f61a02 -> 
  custom:video-encoder-webm-vp8: eb34c28f22e8b96e1ab97ce403110664 -> 
  custom:audio-encoder-webm-vorbis: bf7c407c2cedff20999df2af8eb42d56 -> 
  custom:framework-win-MediaFoundation: 216162199b28c13a410421893ffa2e32 -> 
  custom:container-demuxer-ogg: 62fdf1f143b41e24485cea50d1cbac27 -> 
  custom:video-decoder-webm-vp8: 9c59270c3fd7afecdb556c50c9e8de78 -> 
  custom:audio-decoder-ogg-vorbis: bf7c407c2cedff20999df2af8eb42d56 -> 
========================================================================
Received Prepare
Registering precompiled user dll's ...
Registered in 0.012497 seconds.
Begin MonoManager ReloadAssembly
Symbol file LoadedFromMemory doesn't match image C:\Users\HTS\Desktop\git_F\car_ml-agent\car_ml_hts\Library\PackageCache\com.unity.visualscripting@1.8.0\Editor\VisualScripting.Core\Dependencies\YamlDotNet\Unity.VisualScripting.YamlDotNet.dll
Symbol file LoadedFromMemory doesn't match image C:\Users\HTS\Desktop\git_F\car_ml-agent\car_ml_hts\Library\PackageCache\com.unity.visualscripting@1.8.0\Editor\VisualScripting.Core\Dependencies\DotNetZip\Unity.VisualScripting.IonicZip.dll
Native extension for WindowsStandalone target not found
Refreshing native plugins compatible for Editor in 0.80 ms, found 4 plugins.
Preloading 0 native plugins for Editor in 0.00 ms.
Mono: successfully reloaded assembly
- Completed reload, in  0.957 seconds
Domain Reload Profiling:
	ReloadAssembly (958ms)
		BeginReloadAssembly (184ms)
			ExecutionOrderSort (0ms)
			DisableScriptedObjects (6ms)
			BackupInstance (0ms)
			ReleaseScriptingObjects (0ms)
			CreateAndSetChildDomain (45ms)
		EndReloadAssembly (686ms)
			LoadAssemblies (144ms)
			RebuildTransferFunctionScriptingTraits (0ms)
			SetupTypeCache (263ms)
			ReleaseScriptCaches (1ms)
			RebuildScriptCaches (34ms)
			SetupLoadedEditorAssemblies (251ms)
				LogAssemblyErrors (0ms)
				InitializePlatformSupportModulesInManaged (5ms)
				SetLoadedEditorAssemblies (0ms)
				RefreshPlugins (1ms)
				BeforeProcessingInitializeOnLoad (62ms)
				ProcessInitializeOnLoadAttributes (161ms)
				ProcessInitializeOnLoadMethodAttributes (17ms)
				AfterProcessingInitializeOnLoad (5ms)
				EditorAssembliesLoaded (0ms)
			ExecutionOrderSort2 (0ms)
			AwakeInstancesAfterBackupRestoration (14ms)
Platform modules already initialized, skipping
Refreshing native plugins compatible for Editor in 3.01 ms, found 4 plugins.
Preloading 0 native plugins for Editor in 0.00 ms.
Unloading 3745 Unused Serialized files (Serialized files now loaded: 0)
Unloading 54 unused Assets / (21.0 MB). Loaded Objects now: 4189.
Memory consumption went from 179.7 MB to 158.8 MB.
Total: 6.896600 ms (FindLiveObjects: 0.315100 ms CreateObjectMapping: 0.258500 ms MarkObjects: 2.831900 ms  DeleteObjects: 3.490200 ms)

AssetImportParameters requested are different than current active one (requested -> active):
  custom:video-decoder-ogg-theora: a1e56fd34408186e4bbccfd4996cb3dc -> 
  custom:container-muxer-webm: aa71ff27fc2769a1b78a27578f13a17b -> 
  custom:container-demuxer-webm: 4f35f7cbe854078d1ac9338744f61a02 -> 
  custom:video-encoder-webm-vp8: eb34c28f22e8b96e1ab97ce403110664 -> 
  custom:audio-encoder-webm-vorbis: bf7c407c2cedff20999df2af8eb42d56 -> 
  custom:framework-win-MediaFoundation: 216162199b28c13a410421893ffa2e32 -> 
  custom:container-demuxer-ogg: 62fdf1f143b41e24485cea50d1cbac27 -> 
  custom:video-decoder-webm-vp8: 9c59270c3fd7afecdb556c50c9e8de78 -> 
  custom:audio-decoder-ogg-vorbis: bf7c407c2cedff20999df2af8eb42d56 -> 
========================================================================
Received Prepare
Registering precompiled user dll's ...
Registered in 0.013376 seconds.
Begin MonoManager ReloadAssembly
Symbol file LoadedFromMemory doesn't match image C:\Users\HTS\Desktop\git_F\car_ml-agent\car_ml_hts\Library\PackageCache\com.unity.visualscripting@1.8.0\Editor\VisualScripting.Core\Dependencies\YamlDotNet\Unity.VisualScripting.YamlDotNet.dll
Symbol file LoadedFromMemory doesn't match image C:\Users\HTS\Desktop\git_F\car_ml-agent\car_ml_hts\Library\PackageCache\com.unity.visualscripting@1.8.0\Editor\VisualScripting.Core\Dependencies\DotNetZip\Unity.VisualScripting.IonicZip.dll
Native extension for WindowsStandalone target not found
Refreshing native plugins compatible for Editor in 0.81 ms, found 4 plugins.
Preloading 0 native plugins for Editor in 0.00 ms.
Mono: successfully reloaded assembly
- Completed reload, in  0.885 seconds
Domain Reload Profiling:
	ReloadAssembly (885ms)
		BeginReloadAssembly (165ms)
			ExecutionOrderSort (0ms)
			DisableScriptedObjects (5ms)
			BackupInstance (0ms)
			ReleaseScriptingObjects (0ms)
			CreateAndSetChildDomain (35ms)
		EndReloadAssembly (640ms)
			LoadAssemblies (137ms)
			RebuildTransferFunctionScriptingTraits (0ms)
			SetupTypeCache (222ms)
			ReleaseScriptCaches (1ms)
			RebuildScriptCaches (33ms)
			SetupLoadedEditorAssemblies (247ms)
				LogAssemblyErrors (0ms)
				InitializePlatformSupportModulesInManaged (5ms)
				SetLoadedEditorAssemblies (0ms)
				RefreshPlugins (1ms)
				BeforeProcessingInitializeOnLoad (59ms)
				ProcessInitializeOnLoadAttributes (160ms)
				ProcessInitializeOnLoadMethodAttributes (16ms)
				AfterProcessingInitializeOnLoad (6ms)
				EditorAssembliesLoaded (0ms)
			ExecutionOrderSort2 (0ms)
			AwakeInstancesAfterBackupRestoration (14ms)
Platform modules already initialized, skipping
Refreshing native plugins compatible for Editor in 3.02 ms, found 4 plugins.
Preloading 0 native plugins for Editor in 0.00 ms.
Unloading 3745 Unused Serialized files (Serialized files now loaded: 0)
Unloading 54 unused Assets / (21.0 MB). Loaded Objects now: 4193.
Memory consumption went from 179.7 MB to 158.8 MB.
Total: 6.459400 ms (FindLiveObjects: 0.292300 ms CreateObjectMapping: 0.227600 ms MarkObjects: 2.508700 ms  DeleteObjects: 3.429800 ms)

AssetImportParameters requested are different than current active one (requested -> active):
  custom:video-decoder-ogg-theora: a1e56fd34408186e4bbccfd4996cb3dc -> 
  custom:container-muxer-webm: aa71ff27fc2769a1b78a27578f13a17b -> 
  custom:container-demuxer-webm: 4f35f7cbe854078d1ac9338744f61a02 -> 
  custom:video-encoder-webm-vp8: eb34c28f22e8b96e1ab97ce403110664 -> 
  custom:audio-encoder-webm-vorbis: bf7c407c2cedff20999df2af8eb42d56 -> 
  custom:framework-win-MediaFoundation: 216162199b28c13a410421893ffa2e32 -> 
  custom:container-demuxer-ogg: 62fdf1f143b41e24485cea50d1cbac27 -> 
  custom:video-decoder-webm-vp8: 9c59270c3fd7afecdb556c50c9e8de78 -> 
  custom:audio-decoder-ogg-vorbis: bf7c407c2cedff20999df2af8eb42d56 -> 
========================================================================
Received Import Request.
  Time since last request: 85.547912 seconds.
  path: Assets/Low Poly City Asset/Prefabs/Buildings/Building7_2.prefab
  artifactKey: Guid(e4c99135711c2854ea22928760ba3a4d) Importer(815301076,1909f56bfc062723c751e8b465ee728b)
Start importing Assets/Low Poly City Asset/Prefabs/Buildings/Building7_2.prefab using Guid(e4c99135711c2854ea22928760ba3a4d) Importer(815301076,1909f56bfc062723c751e8b465ee728b)  -> (artifact id: 'c67a375ad312968720af80ebde647adb') in 0.155574 seconds 
========================================================================
Received Import Request.
  Time since last request: 0.000025 seconds.
  path: Assets/Low Poly City Asset/Prefabs/Buildings/Building8_3.prefab
  artifactKey: Guid(90824424531d21840b0245fa99c26d9c) Importer(815301076,1909f56bfc062723c751e8b465ee728b)
Start importing Assets/Low Poly City Asset/Prefabs/Buildings/Building8_3.prefab using Guid(90824424531d21840b0245fa99c26d9c) Importer(815301076,1909f56bfc062723c751e8b465ee728b)  -> (artifact id: '3689094f2d0100f112055ddf645b840f') in 0.014812 seconds 
========================================================================
Received Import Request.
  Time since last request: 0.000039 seconds.
  path: Assets/Low Poly City Asset/Prefabs/Buildings/Building8_2.prefab
  artifactKey: Guid(b3c1ea141cbbbe04d9c1cedb6b11dd77) Importer(815301076,1909f56bfc062723c751e8b465ee728b)
Start importing Assets/Low Poly City Asset/Prefabs/Buildings/Building8_2.prefab using Guid(b3c1ea141cbbbe04d9c1cedb6b11dd77) Importer(815301076,1909f56bfc062723c751e8b465ee728b)  -> (artifact id: '5bb10e3b41a81e6dab621902928f1cc3') in 0.014042 seconds 
========================================================================
Received Import Request.
  Time since last request: 0.016456 seconds.
  path: Assets/Low Poly City Asset/Prefabs/Buildings/Building8_4.prefab
  artifactKey: Guid(65c00bbcd81f55a418ebc97c3638cc42) Importer(815301076,1909f56bfc062723c751e8b465ee728b)
Start importing Assets/Low Poly City Asset/Prefabs/Buildings/Building8_4.prefab using Guid(65c00bbcd81f55a418ebc97c3638cc42) Importer(815301076,1909f56bfc062723c751e8b465ee728b)  -> (artifact id: '49e945a140ca4528ce82b2d57002d924') in 0.011991 seconds 
========================================================================
Received Import Request.
  Time since last request: 0.000034 seconds.
  path: Assets/Low Poly City Asset/Prefabs/Buildings/Building9_2.prefab
  artifactKey: Guid(e76ee6643c2510f4da1641aebbb9cee8) Importer(815301076,1909f56bfc062723c751e8b465ee728b)
Start importing Assets/Low Poly City Asset/Prefabs/Buildings/Building9_2.prefab using Guid(e76ee6643c2510f4da1641aebbb9cee8) Importer(815301076,1909f56bfc062723c751e8b465ee728b)  -> (artifact id: 'a12c3a27840c2d3de40264d2b5cf87fd') in 0.012985 seconds 
========================================================================
Received Import Request.
  Time since last request: 0.000020 seconds.
  path: Assets/Low Poly City Asset/Prefabs/Buildings/Building9_3.prefab
  artifactKey: Guid(d89b9c76df187f147bae7b19e770c0cb) Importer(815301076,1909f56bfc062723c751e8b465ee728b)
Start importing Assets/Low Poly City Asset/Prefabs/Buildings/Building9_3.prefab using Guid(d89b9c76df187f147bae7b19e770c0cb) Importer(815301076,1909f56bfc062723c751e8b465ee728b)  -> (artifact id: '55b9f877da0779eb15786887d2713607') in 0.013361 seconds 
========================================================================
Received Import Request.
  Time since last request: 0.023708 seconds.
  path: Assets/Low Poly City Asset/Prefabs/Buildings/Building10_2.prefab
  artifactKey: Guid(3f8f9e83ed248a046aa976772c6a86bb) Importer(815301076,1909f56bfc062723c751e8b465ee728b)
Start importing Assets/Low Poly City Asset/Prefabs/Buildings/Building10_2.prefab using Guid(3f8f9e83ed248a046aa976772c6a86bb) Importer(815301076,1909f56bfc062723c751e8b465ee728b)  -> (artifact id: 'eaf7d6af76448999b59228a4d66dbbb7') in 0.012882 seconds 
========================================================================
Received Import Request.
  Time since last request: 0.000043 seconds.
  path: Assets/Low Poly City Asset/Prefabs/Buildings/Building10_4.prefab
  artifactKey: Guid(c06c77b94de245e4ca96827f678f70f2) Importer(815301076,1909f56bfc062723c751e8b465ee728b)
Start importing Assets/Low Poly City Asset/Prefabs/Buildings/Building10_4.prefab using Guid(c06c77b94de245e4ca96827f678f70f2) Importer(815301076,1909f56bfc062723c751e8b465ee728b)  -> (artifact id: '5d8887e7583e60fbbaffc99cd17ac366') in 0.013987 seconds 
========================================================================
Received Import Request.
  Time since last request: 0.015852 seconds.
  path: Assets/Low Poly City Asset/Prefabs/Buildings/Building12_1.prefab
  artifactKey: Guid(dd92f72c2ab704e41952bb625704553b) Importer(815301076,1909f56bfc062723c751e8b465ee728b)
Start importing Assets/Low Poly City Asset/Prefabs/Buildings/Building12_1.prefab using Guid(dd92f72c2ab704e41952bb625704553b) Importer(815301076,1909f56bfc062723c751e8b465ee728b)  -> (artifact id: '63b02f643b8c9d4fabffa57e9dfabd8f') in 0.011955 seconds 
========================================================================
Received Import Request.
  Time since last request: 0.000029 seconds.
  path: Assets/Low Poly City Asset/Prefabs/Buildings/City_Hall_1.prefab
  artifactKey: Guid(221e54ded32735d4d817901fa7e91bcd) Importer(815301076,1909f56bfc062723c751e8b465ee728b)
Start importing Assets/Low Poly City Asset/Prefabs/Buildings/City_Hall_1.prefab using Guid(221e54ded32735d4d817901fa7e91bcd) Importer(815301076,1909f56bfc062723c751e8b465ee728b)  -> (artifact id: '1db449ba7731a1d58b73dbd86a092739') in 0.014781 seconds 
========================================================================
Received Import Request.
  Time since last request: 0.000023 seconds.
  path: Assets/Low Poly City Asset/Prefabs/Buildings/Building11_1.prefab
  artifactKey: Guid(56938552f5c31d84682415a57505df76) Importer(815301076,1909f56bfc062723c751e8b465ee728b)
Start importing Assets/Low Poly City Asset/Prefabs/Buildings/Building11_1.prefab using Guid(56938552f5c31d84682415a57505df76) Importer(815301076,1909f56bfc062723c751e8b465ee728b)  -> (artifact id: '5916daba31b3b15d0888a1fa89c3217e') in 0.022763 seconds 
========================================================================
Received Import Request.
  Time since last request: 0.000026 seconds.
  path: Assets/Low Poly City Asset/Prefabs/Buildings/Factory2_1.prefab
  artifactKey: Guid(db84318c923905c4ea4792de21477c94) Importer(815301076,1909f56bfc062723c751e8b465ee728b)
Start importing Assets/Low Poly City Asset/Prefabs/Buildings/Factory2_1.prefab using Guid(db84318c923905c4ea4792de21477c94) Importer(815301076,1909f56bfc062723c751e8b465ee728b)  -> (artifact id: '76ddfa1a6552b961e1fcadd9781396cf') in 0.014608 seconds 
========================================================================
Received Import Request.
  Time since last request: 0.000097 seconds.
  path: Assets/Low Poly City Asset/Prefabs/Buildings/Factory1_2.prefab
  artifactKey: Guid(518ef993c81a65a4c84012d711c07382) Importer(815301076,1909f56bfc062723c751e8b465ee728b)
Start importing Assets/Low Poly City Asset/Prefabs/Buildings/Factory1_2.prefab using Guid(518ef993c81a65a4c84012d711c07382) Importer(815301076,1909f56bfc062723c751e8b465ee728b)  -> (artifact id: '22d5eb0b4626369b39f6e68a7b42aad3') in 0.011882 seconds 
========================================================================
Received Import Request.
  Time since last request: 0.000026 seconds.
  path: Assets/Low Poly City Asset/Prefabs/Buildings/Factory2_2.prefab
  artifactKey: Guid(21304a5dab008fa45ba020d0d0cb374e) Importer(815301076,1909f56bfc062723c751e8b465ee728b)
Start importing Assets/Low Poly City Asset/Prefabs/Buildings/Factory2_2.prefab using Guid(21304a5dab008fa45ba020d0d0cb374e) Importer(815301076,1909f56bfc062723c751e8b465ee728b)  -> (artifact id: '12c8bfb90997a463ff79df6f7e82679f') in 0.020306 seconds 
========================================================================
Received Import Request.
  Time since last request: 0.000022 seconds.
  path: Assets/Low Poly City Asset/Prefabs/Buildings/Factory1_4.prefab
  artifactKey: Guid(12c37e7e443174f468f19fb939d3eb29) Importer(815301076,1909f56bfc062723c751e8b465ee728b)
Start importing Assets/Low Poly City Asset/Prefabs/Buildings/Factory1_4.prefab using Guid(12c37e7e443174f468f19fb939d3eb29) Importer(815301076,1909f56bfc062723c751e8b465ee728b)  -> (artifact id: '0e4a2b143730563a58afe92e0ace60dd') in 0.014911 seconds 
========================================================================
Received Import Request.
  Time since last request: 0.000025 seconds.
  path: Assets/Low Poly City Asset/Prefabs/Buildings/Factory2_4.prefab
  artifactKey: Guid(5a86416864c5305439a351605c006032) Importer(815301076,1909f56bfc062723c751e8b465ee728b)
Start importing Assets/Low Poly City Asset/Prefabs/Buildings/Factory2_4.prefab using Guid(5a86416864c5305439a351605c006032) Importer(815301076,1909f56bfc062723c751e8b465ee728b)  -> (artifact id: '2036a81c927c0780ab18d4a504bb24d0') in 0.012467 seconds 
========================================================================
Received Import Request.
  Time since last request: 0.000045 seconds.
  path: Assets/Low Poly City Asset/Prefabs/Buildings/Factory3_2.prefab
  artifactKey: Guid(57571c07fcb5efd4c89aafa1150c5e78) Importer(815301076,1909f56bfc062723c751e8b465ee728b)
Start importing Assets/Low Poly City Asset/Prefabs/Buildings/Factory3_2.prefab using Guid(57571c07fcb5efd4c89aafa1150c5e78) Importer(815301076,1909f56bfc062723c751e8b465ee728b)  -> (artifact id: 'afae097dfbd6f580390a24bf4cb3f9a2') in 0.013986 seconds 
========================================================================
Received Import Request.
  Time since last request: 0.000022 seconds.
  path: Assets/Low Poly City Asset/Prefabs/Buildings/Building12_3.prefab
  artifactKey: Guid(d8473cb61d96c1643a54eb32f7084fe2) Importer(815301076,1909f56bfc062723c751e8b465ee728b)
Start importing Assets/Low Poly City Asset/Prefabs/Buildings/Building12_3.prefab using Guid(d8473cb61d96c1643a54eb32f7084fe2) Importer(815301076,1909f56bfc062723c751e8b465ee728b)  -> (artifact id: '92e3d1f2fc7e177e9dd8bd29315b2f75') in 0.016911 seconds 
========================================================================
Received Import Request.
  Time since last request: 0.043814 seconds.
  path: Assets/Low Poly City Asset/Prefabs/Buildings/Factory3_4.prefab
  artifactKey: Guid(2c36fa4f5bf9738429b028b32e79d5db) Importer(815301076,1909f56bfc062723c751e8b465ee728b)
Start importing Assets/Low Poly City Asset/Prefabs/Buildings/Factory3_4.prefab using Guid(2c36fa4f5bf9738429b028b32e79d5db) Importer(815301076,1909f56bfc062723c751e8b465ee728b)  -> (artifact id: '165666d4f56c7fba1eaf21ef7f5090b8') in 0.012060 seconds 
========================================================================
Received Import Request.
  Time since last request: 0.000020 seconds.
  path: Assets/Low Poly City Asset/Prefabs/Buildings/Factory5_1.prefab
  artifactKey: Guid(e8a4bbf6d8561094abde8e28c3e91cc4) Importer(815301076,1909f56bfc062723c751e8b465ee728b)
Start importing Assets/Low Poly City Asset/Prefabs/Buildings/Factory5_1.prefab using Guid(e8a4bbf6d8561094abde8e28c3e91cc4) Importer(815301076,1909f56bfc062723c751e8b465ee728b)  -> (artifact id: 'e50cf2d3879c2eb86b4bae942ed9cc3a') in 0.011479 seconds 
========================================================================
Received Import Request.
  Time since last request: 0.000029 seconds.
  path: Assets/Low Poly City Asset/Prefabs/Buildings/Factory4_4.prefab
  artifactKey: Guid(5ea7572b75e712c4abd539ab5a1a28a4) Importer(815301076,1909f56bfc062723c751e8b465ee728b)
Start importing Assets/Low Poly City Asset/Prefabs/Buildings/Factory4_4.prefab using Guid(5ea7572b75e712c4abd539ab5a1a28a4) Importer(815301076,1909f56bfc062723c751e8b465ee728b)  -> (artifact id: 'aebf5002ec1c3cfa20630f12f3c7e43b') in 0.012235 seconds 
========================================================================
Received Import Request.
  Time since last request: 0.016335 seconds.
  path: Assets/Low Poly City Asset/Prefabs/Buildings/Factory5_2.prefab
  artifactKey: Guid(53e0905da4f2dd041bca3ec2094f4c17) Importer(815301076,1909f56bfc062723c751e8b465ee728b)
Start importing Assets/Low Poly City Asset/Prefabs/Buildings/Factory5_2.prefab using Guid(53e0905da4f2dd041bca3ec2094f4c17) Importer(815301076,1909f56bfc062723c751e8b465ee728b)  -> (artifact id: 'a26f3622bf2d069b3ec1ecff561da87a') in 0.012042 seconds 
========================================================================
Received Import Request.
  Time since last request: 0.000024 seconds.
  path: Assets/Low Poly City Asset/Prefabs/Buildings/Skyscraper1_1.prefab
  artifactKey: Guid(f732fda027cda2a47ab832d94c394cd9) Importer(815301076,1909f56bfc062723c751e8b465ee728b)
Start importing Assets/Low Poly City Asset/Prefabs/Buildings/Skyscraper1_1.prefab using Guid(f732fda027cda2a47ab832d94c394cd9) Importer(815301076,1909f56bfc062723c751e8b465ee728b)  -> (artifact id: '17d573e06592c6fbfea91ae92a5378c6') in 0.014300 seconds 
========================================================================
Received Import Request.
  Time since last request: 0.000021 seconds.
  path: Assets/Low Poly City Asset/Prefabs/Buildings/Skyscraper3_3.prefab
  artifactKey: Guid(c707c19eb21282047913be387e956c9b) Importer(815301076,1909f56bfc062723c751e8b465ee728b)
Start importing Assets/Low Poly City Asset/Prefabs/Buildings/Skyscraper3_3.prefab using Guid(c707c19eb21282047913be387e956c9b) Importer(815301076,1909f56bfc062723c751e8b465ee728b)  -> (artifact id: 'b05ee3d5df7f881d433464a4d6d105ce') in 0.012610 seconds 
========================================================================
Received Import Request.
  Time since last request: 0.000029 seconds.
  path: Assets/Low Poly City Asset/Prefabs/Buildings/Skyscraper4_1.prefab
  artifactKey: Guid(1fd044b5d1a726e42a64693cac18d795) Importer(815301076,1909f56bfc062723c751e8b465ee728b)
Start importing Assets/Low Poly City Asset/Prefabs/Buildings/Skyscraper4_1.prefab using Guid(1fd044b5d1a726e42a64693cac18d795) Importer(815301076,1909f56bfc062723c751e8b465ee728b)  -> (artifact id: '56b913d832ee9826f2562221e6bcc62c') in 0.013021 seconds 
========================================================================
Received Import Request.
  Time since last request: 0.000025 seconds.
  path: Assets/Low Poly City Asset/Prefabs/Buildings/Skyscraper5_2.prefab
  artifactKey: Guid(b5469b0116bfd4b438e367b2717acdde) Importer(815301076,1909f56bfc062723c751e8b465ee728b)
Start importing Assets/Low Poly City Asset/Prefabs/Buildings/Skyscraper5_2.prefab using Guid(b5469b0116bfd4b438e367b2717acdde) Importer(815301076,1909f56bfc062723c751e8b465ee728b)  -> (artifact id: 'aacf3271453404ac3266f3af03a93acb') in 0.019992 seconds 
========================================================================
Received Import Request.
  Time since last request: 0.000017 seconds.
  path: Assets/Low Poly City Asset/Prefabs/Buildings/Skyscraper5_1.prefab
  artifactKey: Guid(5e0a463f8e283854cb0c338ec7b3af7b) Importer(815301076,1909f56bfc062723c751e8b465ee728b)
Start importing Assets/Low Poly City Asset/Prefabs/Buildings/Skyscraper5_1.prefab using Guid(5e0a463f8e283854cb0c338ec7b3af7b) Importer(815301076,1909f56bfc062723c751e8b465ee728b)  -> (artifact id: '321e80e12941702ab32f34e99ce05a7d') in 0.013597 seconds 
========================================================================
Received Import Request.
  Time since last request: 0.000024 seconds.
  path: Assets/Low Poly City Asset/Prefabs/Buildings/Skyscraper4_2.prefab
  artifactKey: Guid(ba5ae975d72f0044c9183132ed90b3e6) Importer(815301076,1909f56bfc062723c751e8b465ee728b)
Start importing Assets/Low Poly City Asset/Prefabs/Buildings/Skyscraper4_2.prefab using Guid(ba5ae975d72f0044c9183132ed90b3e6) Importer(815301076,1909f56bfc062723c751e8b465ee728b)  -> (artifact id: 'c21ffc8b42a998f0e7d8fd7ef38b51e4') in 0.019368 seconds 
========================================================================
Received Import Request.
  Time since last request: 0.000029 seconds.
  path: Assets/Low Poly City Asset/Prefabs/Buildings/Skyscraper2_2.prefab
  artifactKey: Guid(306a85011bd56dc419ea7f095d02196e) Importer(815301076,1909f56bfc062723c751e8b465ee728b)
Start importing Assets/Low Poly City Asset/Prefabs/Buildings/Skyscraper2_2.prefab using Guid(306a85011bd56dc419ea7f095d02196e) Importer(815301076,1909f56bfc062723c751e8b465ee728b)  -> (artifact id: '6aa5d3d10ea62c9b2ed18516215b6454') in 0.011781 seconds 
========================================================================
Received Prepare
Registering precompiled user dll's ...
Registered in 0.013493 seconds.
Begin MonoManager ReloadAssembly
Symbol file LoadedFromMemory doesn't match image C:\Users\HTS\Desktop\git_F\car_ml-agent\car_ml_hts\Library\PackageCache\com.unity.visualscripting@1.8.0\Editor\VisualScripting.Core\Dependencies\YamlDotNet\Unity.VisualScripting.YamlDotNet.dll
Symbol file LoadedFromMemory doesn't match image C:\Users\HTS\Desktop\git_F\car_ml-agent\car_ml_hts\Library\PackageCache\com.unity.visualscripting@1.8.0\Editor\VisualScripting.Core\Dependencies\DotNetZip\Unity.VisualScripting.IonicZip.dll
Native extension for WindowsStandalone target not found
Refreshing native plugins compatible for Editor in 0.83 ms, found 4 plugins.
Preloading 0 native plugins for Editor in 0.00 ms.
Mono: successfully reloaded assembly
- Completed reload, in  0.946 seconds
Domain Reload Profiling:
	ReloadAssembly (946ms)
		BeginReloadAssembly (181ms)
			ExecutionOrderSort (0ms)
			DisableScriptedObjects (4ms)
			BackupInstance (0ms)
			ReleaseScriptingObjects (0ms)
			CreateAndSetChildDomain (46ms)
		EndReloadAssembly (681ms)
			LoadAssemblies (151ms)
			RebuildTransferFunctionScriptingTraits (0ms)
			SetupTypeCache (233ms)
			ReleaseScriptCaches (1ms)
			RebuildScriptCaches (33ms)
			SetupLoadedEditorAssemblies (263ms)
				LogAssemblyErrors (0ms)
				InitializePlatformSupportModulesInManaged (5ms)
				SetLoadedEditorAssemblies (0ms)
				RefreshPlugins (1ms)
				BeforeProcessingInitializeOnLoad (65ms)
				ProcessInitializeOnLoadAttributes (169ms)
				ProcessInitializeOnLoadMethodAttributes (18ms)
				AfterProcessingInitializeOnLoad (6ms)
				EditorAssembliesLoaded (0ms)
			ExecutionOrderSort2 (0ms)
			AwakeInstancesAfterBackupRestoration (14ms)
Platform modules already initialized, skipping
Refreshing native plugins compatible for Editor in 3.23 ms, found 4 plugins.
Preloading 0 native plugins for Editor in 0.00 ms.
Unloading 3745 Unused Serialized files (Serialized files now loaded: 0)
Unloading 54 unused Assets / (21.0 MB). Loaded Objects now: 4205.
Memory consumption went from 184.2 MB to 163.2 MB.
Total: 6.487800 ms (FindLiveObjects: 0.271600 ms CreateObjectMapping: 0.257600 ms MarkObjects: 2.663200 ms  DeleteObjects: 3.294800 ms)

AssetImportParameters requested are different than current active one (requested -> active):
  custom:video-decoder-ogg-theora: a1e56fd34408186e4bbccfd4996cb3dc -> 
  custom:container-muxer-webm: aa71ff27fc2769a1b78a27578f13a17b -> 
  custom:container-demuxer-webm: 4f35f7cbe854078d1ac9338744f61a02 -> 
  custom:video-encoder-webm-vp8: eb34c28f22e8b96e1ab97ce403110664 -> 
  custom:audio-encoder-webm-vorbis: bf7c407c2cedff20999df2af8eb42d56 -> 
  custom:framework-win-MediaFoundation: 216162199b28c13a410421893ffa2e32 -> 
  custom:container-demuxer-ogg: 62fdf1f143b41e24485cea50d1cbac27 -> 
  custom:video-decoder-webm-vp8: 9c59270c3fd7afecdb556c50c9e8de78 -> 
  custom:audio-decoder-ogg-vorbis: bf7c407c2cedff20999df2af8eb42d56 -> 
Editor requested this worker to shutdown with reason: Scaling down because of idle timeout
AssetImportWorker is now disconnected from the server
Process exiting
Exiting without the bug reporter. Application will terminate with return code 0