Using pre-set license
Built from '2021.3/release' branch; Version is '2021.3.27f1 (ca3ffb99bcc6) revision 13254651'; Using compiler version '192829333'; Build Type 'Release'
OS: 'Windows 10  (10.0.19045) 64bit Professional' Language: 'ko' Physical Memory: 32605 MB
BatchMode: 1, IsHumanControllingUs: 0, StartBugReporterOnCrash: 0, Is64bit: 1, IsPro: 1

COMMAND LINE ARGUMENTS:
C:\Program Files\Unity\Hub\Editor\2021.3.27f1-x86_64\Editor\Unity.exe
-adb2
-batchMode
-noUpm
-name
AssetImportWorker3
-projectPath
C:/Users/hts_unit/Desktop/git_F/car_ml-agent/car_ml_hts
-logFile
Logs/AssetImportWorker3.log
-srvPort
56301
Successfully changed project path to: C:/Users/hts_unit/Desktop/git_F/car_ml-agent/car_ml_hts
C:/Users/hts_unit/Desktop/git_F/car_ml-agent/car_ml_hts
[UnityMemory] Configuration Parameters - Can be set up in boot.config
    "memorysetup-bucket-allocator-granularity=16"
    "memorysetup-bucket-allocator-bucket-count=8"
    "memorysetup-bucket-allocator-block-size=33554432"
    "memorysetup-bucket-allocator-block-count=8"
    "memorysetup-main-allocator-block-size=16777216"
    "memorysetup-thread-allocator-block-size=16777216"
    "memorysetup-gfx-main-allocator-block-size=16777216"
    "memorysetup-gfx-thread-allocator-block-size=16777216"
    "memorysetup-cache-allocator-block-size=4194304"
    "memorysetup-typetree-allocator-block-size=2097152"
    "memorysetup-profiler-bucket-allocator-granularity=16"
    "memorysetup-profiler-bucket-allocator-bucket-count=8"
    "memorysetup-profiler-bucket-allocator-block-size=33554432"
    "memorysetup-profiler-bucket-allocator-block-count=8"
    "memorysetup-profiler-allocator-block-size=16777216"
    "memorysetup-profiler-editor-allocator-block-size=1048576"
    "memorysetup-temp-allocator-size-main=16777216"
    "memorysetup-job-temp-allocator-block-size=2097152"
    "memorysetup-job-temp-allocator-block-size-background=1048576"
    "memorysetup-job-temp-allocator-reduction-small-platforms=262144"
    "memorysetup-temp-allocator-size-background-worker=32768"
    "memorysetup-temp-allocator-size-job-worker=262144"
    "memorysetup-temp-allocator-size-preload-manager=33554432"
    "memorysetup-temp-allocator-size-nav-mesh-worker=65536"
    "memorysetup-temp-allocator-size-audio-worker=65536"
    "memorysetup-temp-allocator-size-cloud-worker=32768"
    "memorysetup-temp-allocator-size-gi-baking-worker=262144"
    "memorysetup-temp-allocator-size-gfx=262144"
Player connection [10796] Host "[IP] 203.241.246.55 [Port] 0 [Flags] 2 [Guid] 3602939197 [EditorId] 3602939197 [Version] 1048832 [Id] WindowsEditor(7,hts) [Debug] 1 [PackageName] WindowsEditor [ProjectName] Editor" joined multi-casting on [225.0.0.222:54997]...

Player connection [10796] Host "[IP] 203.241.246.55 [Port] 0 [Flags] 2 [Guid] 3602939197 [EditorId] 3602939197 [Version] 1048832 [Id] WindowsEditor(7,hts) [Debug] 1 [PackageName] WindowsEditor [ProjectName] Editor" joined alternative multi-casting on [225.0.0.222:34997]...

Refreshing native plugins compatible for Editor in 70.95 ms, found 4 plugins.
Preloading 0 native plugins for Editor in 0.00 ms.
Initialize engine version: 2021.3.27f1 (ca3ffb99bcc6)
[Subsystems] Discovering subsystems at path C:/Program Files/Unity/Hub/Editor/2021.3.27f1-x86_64/Editor/Data/Resources/UnitySubsystems
[Subsystems] Discovering subsystems at path C:/Users/hts_unit/Desktop/git_F/car_ml-agent/car_ml_hts/Assets
GfxDevice: creating device client; threaded=0; jobified=0
Direct3D:
    Version:  Direct3D 11.0 [level 11.1]
    Renderer: NVIDIA GeForce RTX 3060 (ID=0x2487)
    Vendor:   NVIDIA
    VRAM:     12124 MB
    Driver:   31.0.15.3598
Initialize mono
Mono path[0] = 'C:/Program Files/Unity/Hub/Editor/2021.3.27f1-x86_64/Editor/Data/Managed'
Mono path[1] = 'C:/Program Files/Unity/Hub/Editor/2021.3.27f1-x86_64/Editor/Data/MonoBleedingEdge/lib/mono/unityjit-win32'
Mono config path = 'C:/Program Files/Unity/Hub/Editor/2021.3.27f1-x86_64/Editor/Data/MonoBleedingEdge/etc'
Using monoOptions --debugger-agent=transport=dt_socket,embedding=1,server=y,suspend=n,address=127.0.0.1:56288
Begin MonoManager ReloadAssembly
Registering precompiled unity dll's ...
Register platform support module: C:/Program Files/Unity/Hub/Editor/2021.3.27f1-x86_64/Editor/Data/PlaybackEngines/WindowsStandaloneSupport/UnityEditor.WindowsStandalone.Extensions.dll
Registered in 0.003764 seconds.
Native extension for WindowsStandalone target not found
Refreshing native plugins compatible for Editor in 58.08 ms, found 4 plugins.
Preloading 0 native plugins for Editor in 0.00 ms.
Mono: successfully reloaded assembly
- Completed reload, in  0.427 seconds
Domain Reload Profiling:
	ReloadAssembly (427ms)
		BeginReloadAssembly (56ms)
			ExecutionOrderSort (0ms)
			DisableScriptedObjects (0ms)
			BackupInstance (0ms)
			ReleaseScriptingObjects (0ms)
			CreateAndSetChildDomain (0ms)
		EndReloadAssembly (305ms)
			LoadAssemblies (54ms)
			RebuildTransferFunctionScriptingTraits (0ms)
			SetupTypeCache (66ms)
			ReleaseScriptCaches (0ms)
			RebuildScriptCaches (20ms)
			SetupLoadedEditorAssemblies (184ms)
				LogAssemblyErrors (0ms)
				InitializePlatformSupportModulesInManaged (6ms)
				SetLoadedEditorAssemblies (0ms)
				RefreshPlugins (58ms)
				BeforeProcessingInitializeOnLoad (1ms)
				ProcessInitializeOnLoadAttributes (88ms)
				ProcessInitializeOnLoadMethodAttributes (32ms)
				AfterProcessingInitializeOnLoad (0ms)
				EditorAssembliesLoaded (0ms)
			ExecutionOrderSort2 (0ms)
			AwakeInstancesAfterBackupRestoration (0ms)
Platform modules already initialized, skipping
Registering precompiled user dll's ...
Registered in 0.005538 seconds.
Begin MonoManager ReloadAssembly
Symbol file LoadedFromMemory doesn't match image C:\Users\hts_unit\Desktop\git_F\car_ml-agent\car_ml_hts\Library\PackageCache\com.unity.visualscripting@1.8.0\Editor\VisualScripting.Core\Dependencies\YamlDotNet\Unity.VisualScripting.YamlDotNet.dll
Symbol file LoadedFromMemory doesn't match image C:\Users\hts_unit\Desktop\git_F\car_ml-agent\car_ml_hts\Library\PackageCache\com.unity.visualscripting@1.8.0\Editor\VisualScripting.Core\Dependencies\DotNetZip\Unity.VisualScripting.IonicZip.dll
Native extension for WindowsStandalone target not found
Refreshing native plugins compatible for Editor in 57.79 ms, found 4 plugins.
Preloading 0 native plugins for Editor in 0.00 ms.
Mono: successfully reloaded assembly
- Completed reload, in  0.746 seconds
Domain Reload Profiling:
	ReloadAssembly (746ms)
		BeginReloadAssembly (79ms)
			ExecutionOrderSort (0ms)
			DisableScriptedObjects (4ms)
			BackupInstance (0ms)
			ReleaseScriptingObjects (0ms)
			CreateAndSetChildDomain (12ms)
		EndReloadAssembly (595ms)
			LoadAssemblies (61ms)
			RebuildTransferFunctionScriptingTraits (0ms)
			SetupTypeCache (189ms)
			ReleaseScriptCaches (0ms)
			RebuildScriptCaches (32ms)
			SetupLoadedEditorAssemblies (289ms)
				LogAssemblyErrors (0ms)
				InitializePlatformSupportModulesInManaged (3ms)
				SetLoadedEditorAssemblies (0ms)
				RefreshPlugins (58ms)
				BeforeProcessingInitializeOnLoad (62ms)
				ProcessInitializeOnLoadAttributes (149ms)
				ProcessInitializeOnLoadMethodAttributes (12ms)
				AfterProcessingInitializeOnLoad (4ms)
				EditorAssembliesLoaded (0ms)
			ExecutionOrderSort2 (0ms)
			AwakeInstancesAfterBackupRestoration (4ms)
Platform modules already initialized, skipping
========================================================================
Worker process is ready to serve import requests
Launched and connected shader compiler UnityShaderCompiler.exe after 0.02 seconds
Refreshing native plugins compatible for Editor in 0.46 ms, found 4 plugins.
Preloading 0 native plugins for Editor in 0.00 ms.
Unloading 3752 Unused Serialized files (Serialized files now loaded: 0)
Unloading 62 unused Assets / (21.0 MB). Loaded Objects now: 4176.
Memory consumption went from 184.5 MB to 163.5 MB.
Total: 3.511800 ms (FindLiveObjects: 0.182700 ms CreateObjectMapping: 0.083500 ms MarkObjects: 1.860000 ms  DeleteObjects: 1.384700 ms)

AssetImportParameters requested are different than current active one (requested -> active):
  custom:video-decoder-ogg-theora: a1e56fd34408186e4bbccfd4996cb3dc -> 
  custom:container-muxer-webm: aa71ff27fc2769a1b78a27578f13a17b -> 
  custom:container-demuxer-webm: 4f35f7cbe854078d1ac9338744f61a02 -> 
  custom:video-encoder-webm-vp8: eb34c28f22e8b96e1ab97ce403110664 -> 
  custom:audio-encoder-webm-vorbis: bf7c407c2cedff20999df2af8eb42d56 -> 
  custom:framework-win-MediaFoundation: 216162199b28c13a410421893ffa2e32 -> 
  custom:container-demuxer-ogg: 62fdf1f143b41e24485cea50d1cbac27 -> 
  custom:video-decoder-webm-vp8: 9c59270c3fd7afecdb556c50c9e8de78 -> 
  custom:audio-decoder-ogg-vorbis: bf7c407c2cedff20999df2af8eb42d56 -> 
========================================================================
Received Prepare
Registering precompiled user dll's ...
Registered in 0.006273 seconds.
Begin MonoManager ReloadAssembly
Symbol file LoadedFromMemory doesn't match image C:\Users\hts_unit\Desktop\git_F\car_ml-agent\car_ml_hts\Library\PackageCache\com.unity.visualscripting@1.8.0\Editor\VisualScripting.Core\Dependencies\YamlDotNet\Unity.VisualScripting.YamlDotNet.dll
Symbol file LoadedFromMemory doesn't match image C:\Users\hts_unit\Desktop\git_F\car_ml-agent\car_ml_hts\Library\PackageCache\com.unity.visualscripting@1.8.0\Editor\VisualScripting.Core\Dependencies\DotNetZip\Unity.VisualScripting.IonicZip.dll
Native extension for WindowsStandalone target not found
Refreshing native plugins compatible for Editor in 0.47 ms, found 4 plugins.
Preloading 0 native plugins for Editor in 0.00 ms.
Mono: successfully reloaded assembly
- Completed reload, in  0.756 seconds
Domain Reload Profiling:
	ReloadAssembly (757ms)
		BeginReloadAssembly (107ms)
			ExecutionOrderSort (0ms)
			DisableScriptedObjects (4ms)
			BackupInstance (0ms)
			ReleaseScriptingObjects (0ms)
			CreateAndSetChildDomain (25ms)
		EndReloadAssembly (579ms)
			LoadAssemblies (70ms)
			RebuildTransferFunctionScriptingTraits (0ms)
			SetupTypeCache (223ms)
			ReleaseScriptCaches (1ms)
			RebuildScriptCaches (27ms)
			SetupLoadedEditorAssemblies (231ms)
				LogAssemblyErrors (0ms)
				InitializePlatformSupportModulesInManaged (4ms)
				SetLoadedEditorAssemblies (0ms)
				RefreshPlugins (1ms)
				BeforeProcessingInitializeOnLoad (49ms)
				ProcessInitializeOnLoadAttributes (154ms)
				ProcessInitializeOnLoadMethodAttributes (17ms)
				AfterProcessingInitializeOnLoad (7ms)
				EditorAssembliesLoaded (0ms)
			ExecutionOrderSort2 (0ms)
			AwakeInstancesAfterBackupRestoration (4ms)
Platform modules already initialized, skipping
Refreshing native plugins compatible for Editor in 2.06 ms, found 4 plugins.
Preloading 0 native plugins for Editor in 0.00 ms.
Unloading 3745 Unused Serialized files (Serialized files now loaded: 0)
Unloading 54 unused Assets / (21.0 MB). Loaded Objects now: 4180.
Memory consumption went from 183.9 MB to 162.9 MB.
Total: 3.467900 ms (FindLiveObjects: 0.178300 ms CreateObjectMapping: 0.108800 ms MarkObjects: 1.724400 ms  DeleteObjects: 1.455600 ms)

AssetImportParameters requested are different than current active one (requested -> active):
  custom:video-decoder-ogg-theora: a1e56fd34408186e4bbccfd4996cb3dc -> 
  custom:container-muxer-webm: aa71ff27fc2769a1b78a27578f13a17b -> 
  custom:container-demuxer-webm: 4f35f7cbe854078d1ac9338744f61a02 -> 
  custom:video-encoder-webm-vp8: eb34c28f22e8b96e1ab97ce403110664 -> 
  custom:audio-encoder-webm-vorbis: bf7c407c2cedff20999df2af8eb42d56 -> 
  custom:framework-win-MediaFoundation: 216162199b28c13a410421893ffa2e32 -> 
  custom:container-demuxer-ogg: 62fdf1f143b41e24485cea50d1cbac27 -> 
  custom:video-decoder-webm-vp8: 9c59270c3fd7afecdb556c50c9e8de78 -> 
  custom:audio-decoder-ogg-vorbis: bf7c407c2cedff20999df2af8eb42d56 -> 
========================================================================
Received Prepare
Registering precompiled user dll's ...
Registered in 0.005399 seconds.
Begin MonoManager ReloadAssembly
Symbol file LoadedFromMemory doesn't match image C:\Users\hts_unit\Desktop\git_F\car_ml-agent\car_ml_hts\Library\PackageCache\com.unity.visualscripting@1.8.0\Editor\VisualScripting.Core\Dependencies\YamlDotNet\Unity.VisualScripting.YamlDotNet.dll
Symbol file LoadedFromMemory doesn't match image C:\Users\hts_unit\Desktop\git_F\car_ml-agent\car_ml_hts\Library\PackageCache\com.unity.visualscripting@1.8.0\Editor\VisualScripting.Core\Dependencies\DotNetZip\Unity.VisualScripting.IonicZip.dll
Native extension for WindowsStandalone target not found
Refreshing native plugins compatible for Editor in 0.51 ms, found 4 plugins.
Preloading 0 native plugins for Editor in 0.00 ms.
Mono: successfully reloaded assembly
- Completed reload, in  0.700 seconds
Domain Reload Profiling:
	ReloadAssembly (700ms)
		BeginReloadAssembly (108ms)
			ExecutionOrderSort (0ms)
			DisableScriptedObjects (4ms)
			BackupInstance (0ms)
			ReleaseScriptingObjects (0ms)
			CreateAndSetChildDomain (29ms)
		EndReloadAssembly (524ms)
			LoadAssemblies (65ms)
			RebuildTransferFunctionScriptingTraits (0ms)
			SetupTypeCache (186ms)
			ReleaseScriptCaches (1ms)
			RebuildScriptCaches (25ms)
			SetupLoadedEditorAssemblies (223ms)
				LogAssemblyErrors (0ms)
				InitializePlatformSupportModulesInManaged (4ms)
				SetLoadedEditorAssemblies (0ms)
				RefreshPlugins (1ms)
				BeforeProcessingInitializeOnLoad (52ms)
				ProcessInitializeOnLoadAttributes (148ms)
				ProcessInitializeOnLoadMethodAttributes (14ms)
				AfterProcessingInitializeOnLoad (5ms)
				EditorAssembliesLoaded (0ms)
			ExecutionOrderSort2 (0ms)
			AwakeInstancesAfterBackupRestoration (4ms)
Platform modules already initialized, skipping
Refreshing native plugins compatible for Editor in 2.10 ms, found 4 plugins.
Preloading 0 native plugins for Editor in 0.00 ms.
Unloading 3745 Unused Serialized files (Serialized files now loaded: 0)
Unloading 54 unused Assets / (21.0 MB). Loaded Objects now: 4184.
Memory consumption went from 183.9 MB to 163.0 MB.
Total: 3.701900 ms (FindLiveObjects: 0.266700 ms CreateObjectMapping: 0.249300 ms MarkObjects: 1.683200 ms  DeleteObjects: 1.502100 ms)

AssetImportParameters requested are different than current active one (requested -> active):
  custom:video-decoder-ogg-theora: a1e56fd34408186e4bbccfd4996cb3dc -> 
  custom:container-muxer-webm: aa71ff27fc2769a1b78a27578f13a17b -> 
  custom:container-demuxer-webm: 4f35f7cbe854078d1ac9338744f61a02 -> 
  custom:video-encoder-webm-vp8: eb34c28f22e8b96e1ab97ce403110664 -> 
  custom:audio-encoder-webm-vorbis: bf7c407c2cedff20999df2af8eb42d56 -> 
  custom:framework-win-MediaFoundation: 216162199b28c13a410421893ffa2e32 -> 
  custom:container-demuxer-ogg: 62fdf1f143b41e24485cea50d1cbac27 -> 
  custom:video-decoder-webm-vp8: 9c59270c3fd7afecdb556c50c9e8de78 -> 
  custom:audio-decoder-ogg-vorbis: bf7c407c2cedff20999df2af8eb42d56 -> 
========================================================================
Received Import Request.
  Time since last request: 1044813.675794 seconds.
  path: Assets/Resources/Prefabs/Environment/Bench2.prefab
  artifactKey: Guid(ce529b2c42852174eaa742803cb07cb7) Importer(815301076,1909f56bfc062723c751e8b465ee728b)
Start importing Assets/Resources/Prefabs/Environment/Bench2.prefab using Guid(ce529b2c42852174eaa742803cb07cb7) Importer(815301076,1909f56bfc062723c751e8b465ee728b)  -> (artifact id: '39cfc3c188ad245430c03ecfd5f59471') in 0.117864 seconds 
========================================================================
Received Import Request.
  Time since last request: 0.000026 seconds.
  path: Assets/Resources/Prefabs/Environment/Bench4.prefab
  artifactKey: Guid(74d60c8284f53f043b06ef05b527dcec) Importer(815301076,1909f56bfc062723c751e8b465ee728b)
Start importing Assets/Resources/Prefabs/Environment/Bench4.prefab using Guid(74d60c8284f53f043b06ef05b527dcec) Importer(815301076,1909f56bfc062723c751e8b465ee728b)  -> (artifact id: 'c0752c3c6a5c44d88259fceb7d6ae2a3') in 0.017291 seconds 
========================================================================
Received Import Request.
  Time since last request: 0.000023 seconds.
  path: Assets/Resources/Prefabs/Environment/Bench3.prefab
  artifactKey: Guid(5bca63fe60890174da67e41453dd8c80) Importer(815301076,1909f56bfc062723c751e8b465ee728b)
Start importing Assets/Resources/Prefabs/Environment/Bench3.prefab using Guid(5bca63fe60890174da67e41453dd8c80) Importer(815301076,1909f56bfc062723c751e8b465ee728b)  -> (artifact id: 'dba4afe675114de547bfe8db807d27cd') in 0.016126 seconds 
========================================================================
Received Import Request.
  Time since last request: 0.000016 seconds.
  path: Assets/Resources/Prefabs/Environment/Chair.prefab
  artifactKey: Guid(a6fbd11aec883e2488a78461f6b72a95) Importer(815301076,1909f56bfc062723c751e8b465ee728b)
Start importing Assets/Resources/Prefabs/Environment/Chair.prefab using Guid(a6fbd11aec883e2488a78461f6b72a95) Importer(815301076,1909f56bfc062723c751e8b465ee728b)  -> (artifact id: 'bc488474fb16ce88b7f005713bb31575') in 0.018233 seconds 
========================================================================
Received Import Request.
  Time since last request: 0.000017 seconds.
  path: Assets/Resources/Prefabs/Environment/fountain1.prefab
  artifactKey: Guid(1ed841df15c0eda4fbdde5858a742c04) Importer(815301076,1909f56bfc062723c751e8b465ee728b)
Start importing Assets/Resources/Prefabs/Environment/fountain1.prefab using Guid(1ed841df15c0eda4fbdde5858a742c04) Importer(815301076,1909f56bfc062723c751e8b465ee728b)  -> (artifact id: 'cefd564c4acab96ddd6a32a74e1241af') in 0.020709 seconds 
========================================================================
Received Import Request.
  Time since last request: 0.000015 seconds.
  path: Assets/Resources/Prefabs/Environment/Bush1.prefab
  artifactKey: Guid(aec142271a9483f438e138c88e0916e8) Importer(815301076,1909f56bfc062723c751e8b465ee728b)
Start importing Assets/Resources/Prefabs/Environment/Bush1.prefab using Guid(aec142271a9483f438e138c88e0916e8) Importer(815301076,1909f56bfc062723c751e8b465ee728b)  -> (artifact id: '3a04a5cfafa8ef915ea571ddd12d9eec') in 0.016858 seconds 
========================================================================
Received Import Request.
  Time since last request: 0.000037 seconds.
  path: Assets/Resources/Prefabs/Environment/Bush3.prefab
  artifactKey: Guid(111bd0e4f2ba6aa4f988e28157aed71c) Importer(815301076,1909f56bfc062723c751e8b465ee728b)
Start importing Assets/Resources/Prefabs/Environment/Bush3.prefab using Guid(111bd0e4f2ba6aa4f988e28157aed71c) Importer(815301076,1909f56bfc062723c751e8b465ee728b)  -> (artifact id: '1f99f3b53e4cf0b3afe61fc44802c678') in 0.016575 seconds 
========================================================================
Received Import Request.
  Time since last request: 0.000025 seconds.
  path: Assets/Resources/Prefabs/Environment/Bush8.prefab
  artifactKey: Guid(9437675aa1b34224ab3d489b38cdaed5) Importer(815301076,1909f56bfc062723c751e8b465ee728b)
Start importing Assets/Resources/Prefabs/Environment/Bush8.prefab using Guid(9437675aa1b34224ab3d489b38cdaed5) Importer(815301076,1909f56bfc062723c751e8b465ee728b)  -> (artifact id: 'f48f954b1a9bad4930ce731ca7bd9e7a') in 0.018078 seconds 
========================================================================
Received Import Request.
  Time since last request: 0.000026 seconds.
  path: Assets/Resources/Prefabs/Environment/Flower5.prefab
  artifactKey: Guid(8fef20186f79243499b953cc3d57b733) Importer(815301076,1909f56bfc062723c751e8b465ee728b)
Start importing Assets/Resources/Prefabs/Environment/Flower5.prefab using Guid(8fef20186f79243499b953cc3d57b733) Importer(815301076,1909f56bfc062723c751e8b465ee728b)  -> (artifact id: 'd8144077432c313689deef079681b016') in 0.021389 seconds 
========================================================================
Received Import Request.
  Time since last request: 0.000020 seconds.
  path: Assets/Resources/Prefabs/Environment/Bus_station2.prefab
  artifactKey: Guid(3602c9bc494a8bd4a96f9c91bcbf9da1) Importer(815301076,1909f56bfc062723c751e8b465ee728b)
Start importing Assets/Resources/Prefabs/Environment/Bus_station2.prefab using Guid(3602c9bc494a8bd4a96f9c91bcbf9da1) Importer(815301076,1909f56bfc062723c751e8b465ee728b)  -> (artifact id: 'e88b5ba6574aaab51e6c035291ecd846') in 0.020428 seconds 
========================================================================
Received Import Request.
  Time since last request: 0.000023 seconds.
  path: Assets/Resources/Prefabs/Environment/Bush2.prefab
  artifactKey: Guid(197180343c03a4b48a2456e811cf338e) Importer(815301076,1909f56bfc062723c751e8b465ee728b)
Start importing Assets/Resources/Prefabs/Environment/Bush2.prefab using Guid(197180343c03a4b48a2456e811cf338e) Importer(815301076,1909f56bfc062723c751e8b465ee728b)  -> (artifact id: '5a3b00649b7b679b3f66497a27811862') in 0.014220 seconds 
========================================================================
Received Import Request.
  Time since last request: 0.000017 seconds.
  path: Assets/Resources/Prefabs/Environment/fountain2.prefab
  artifactKey: Guid(b6057648f771d134b97c671df6f4cb21) Importer(815301076,1909f56bfc062723c751e8b465ee728b)
Start importing Assets/Resources/Prefabs/Environment/fountain2.prefab using Guid(b6057648f771d134b97c671df6f4cb21) Importer(815301076,1909f56bfc062723c751e8b465ee728b)  -> (artifact id: 'd6d75136086913f5cac1309d31626e45') in 0.018212 seconds 
========================================================================
Received Import Request.
  Time since last request: 0.909020 seconds.
  path: Assets/Resources/Prefabs/Environment/fountain5.prefab
  artifactKey: Guid(400d79d6f7413c1479fd592de74c8318) Importer(815301076,1909f56bfc062723c751e8b465ee728b)
Start importing Assets/Resources/Prefabs/Environment/fountain5.prefab using Guid(400d79d6f7413c1479fd592de74c8318) Importer(815301076,1909f56bfc062723c751e8b465ee728b)  -> (artifact id: '0ca87a720b562a04adc1affb85b01e6f') in 0.017194 seconds 
========================================================================
Received Import Request.
  Time since last request: 0.000015 seconds.
  path: Assets/Resources/Prefabs/Environment/Gate.prefab
  artifactKey: Guid(92741fd8ff5a16949a56a6a78d92cebc) Importer(815301076,1909f56bfc062723c751e8b465ee728b)
Start importing Assets/Resources/Prefabs/Environment/Gate.prefab using Guid(92741fd8ff5a16949a56a6a78d92cebc) Importer(815301076,1909f56bfc062723c751e8b465ee728b)  -> (artifact id: '6fe1cc0d821ea7b9f2413aed50be86c1') in 0.020258 seconds 
========================================================================
Received Import Request.
  Time since last request: 0.000021 seconds.
  path: Assets/Resources/Prefabs/Environment/fountain7.prefab
  artifactKey: Guid(1c72c1573bdc6c84687117bdfb77391a) Importer(815301076,1909f56bfc062723c751e8b465ee728b)
Start importing Assets/Resources/Prefabs/Environment/fountain7.prefab using Guid(1c72c1573bdc6c84687117bdfb77391a) Importer(815301076,1909f56bfc062723c751e8b465ee728b)  -> (artifact id: '6ce8c87a23975983d953530ac8ac3319') in 0.015501 seconds 
========================================================================
Received Import Request.
  Time since last request: 0.078864 seconds.
  path: Assets/Resources/Prefabs/Environment/Lantern1.prefab
  artifactKey: Guid(e30628ee08c11c14fb925bdcb1eda53a) Importer(815301076,1909f56bfc062723c751e8b465ee728b)
Start importing Assets/Resources/Prefabs/Environment/Lantern1.prefab using Guid(e30628ee08c11c14fb925bdcb1eda53a) Importer(815301076,1909f56bfc062723c751e8b465ee728b)  -> (artifact id: 'bc64bfae06e0b979cf848517d1c03324') in 0.013837 seconds 
========================================================================
Received Import Request.
  Time since last request: 0.000015 seconds.
  path: Assets/Resources/Prefabs/Environment/Park1.prefab
  artifactKey: Guid(5fdf4c50e42264241aed1e9b7743a437) Importer(815301076,1909f56bfc062723c751e8b465ee728b)
Start importing Assets/Resources/Prefabs/Environment/Park1.prefab using Guid(5fdf4c50e42264241aed1e9b7743a437) Importer(815301076,1909f56bfc062723c751e8b465ee728b)  -> (artifact id: '61827852dd63ee7733d22738c2c7a896') in 0.015918 seconds 
========================================================================
Received Import Request.
  Time since last request: 0.000015 seconds.
  path: Assets/Resources/Prefabs/Environment/Parking_Gate_3.prefab
  artifactKey: Guid(110cf5d5ccf9d98439c63d4274a233ad) Importer(815301076,1909f56bfc062723c751e8b465ee728b)
Start importing Assets/Resources/Prefabs/Environment/Parking_Gate_3.prefab using Guid(110cf5d5ccf9d98439c63d4274a233ad) Importer(815301076,1909f56bfc062723c751e8b465ee728b)  -> (artifact id: '1af5c588badbef69f5be0ef974490f00') in 0.013312 seconds 
========================================================================
Received Import Request.
  Time since last request: 0.000016 seconds.
  path: Assets/Resources/Prefabs/Environment/Lantern3.prefab
  artifactKey: Guid(bb361a3949d251e4997370adb9834b64) Importer(815301076,1909f56bfc062723c751e8b465ee728b)
Start importing Assets/Resources/Prefabs/Environment/Lantern3.prefab using Guid(bb361a3949d251e4997370adb9834b64) Importer(815301076,1909f56bfc062723c751e8b465ee728b)  -> (artifact id: '641499b12bcc0e926d4ad78134b0f02a') in 0.013848 seconds 
========================================================================
Received Import Request.
  Time since last request: 0.000022 seconds.
  path: Assets/Resources/Prefabs/Environment/Parking_Gate_1.prefab
  artifactKey: Guid(00b2f417468113242839d6632d080007) Importer(815301076,1909f56bfc062723c751e8b465ee728b)
Start importing Assets/Resources/Prefabs/Environment/Parking_Gate_1.prefab using Guid(00b2f417468113242839d6632d080007) Importer(815301076,1909f56bfc062723c751e8b465ee728b)  -> (artifact id: 'b00a67b59a690b093305d52a11ace345') in 0.015708 seconds 
========================================================================
Received Import Request.
  Time since last request: 0.000017 seconds.
  path: Assets/Resources/Prefabs/Environment/Park3.prefab
  artifactKey: Guid(e9114ea5c7c7894499b900b4bf743db9) Importer(815301076,1909f56bfc062723c751e8b465ee728b)
Start importing Assets/Resources/Prefabs/Environment/Park3.prefab using Guid(e9114ea5c7c7894499b900b4bf743db9) Importer(815301076,1909f56bfc062723c751e8b465ee728b)  -> (artifact id: '05d37379389dfdbc3d4c6b6765d65b65') in 0.014029 seconds 
========================================================================
Received Import Request.
  Time since last request: 3.005899 seconds.
  path: Assets/Resources/Prefabs/Environment/Rock3.prefab
  artifactKey: Guid(c0dc9f804653c3046a0b5a2423256204) Importer(815301076,1909f56bfc062723c751e8b465ee728b)
Start importing Assets/Resources/Prefabs/Environment/Rock3.prefab using Guid(c0dc9f804653c3046a0b5a2423256204) Importer(815301076,1909f56bfc062723c751e8b465ee728b)  -> (artifact id: 'f3b3d71a7c0894fc50ac655ddfd34fe2') in 0.016338 seconds 
========================================================================
Received Import Request.
  Time since last request: 0.000017 seconds.
  path: Assets/Resources/Prefabs/Environment/Rock6.prefab
  artifactKey: Guid(4fec3c64050ef144d9302f5e2a512260) Importer(815301076,1909f56bfc062723c751e8b465ee728b)
Start importing Assets/Resources/Prefabs/Environment/Rock6.prefab using Guid(4fec3c64050ef144d9302f5e2a512260) Importer(815301076,1909f56bfc062723c751e8b465ee728b)  -> (artifact id: '3c542b4012d8cd831fa452d8f7e986ed') in 0.019765 seconds 
========================================================================
Received Import Request.
  Time since last request: 0.007745 seconds.
  path: Assets/Resources/Prefabs/Environment/Rock8.prefab
  artifactKey: Guid(435ecbff3ed5d9b4b907ca3313d2911b) Importer(815301076,1909f56bfc062723c751e8b465ee728b)
Start importing Assets/Resources/Prefabs/Environment/Rock8.prefab using Guid(435ecbff3ed5d9b4b907ca3313d2911b) Importer(815301076,1909f56bfc062723c751e8b465ee728b)  -> (artifact id: '16eee3d2ae68b43e4bb1616c6dfe819c') in 0.017407 seconds 
========================================================================
Received Import Request.
  Time since last request: 0.000017 seconds.
  path: Assets/Resources/Prefabs/Environment/Statue1.prefab
  artifactKey: Guid(3e53f395a2632874c873e6a321d5f1ea) Importer(815301076,1909f56bfc062723c751e8b465ee728b)
Start importing Assets/Resources/Prefabs/Environment/Statue1.prefab using Guid(3e53f395a2632874c873e6a321d5f1ea) Importer(815301076,1909f56bfc062723c751e8b465ee728b)  -> (artifact id: '89fa59465995584f76441b86f1df14e3') in 0.014437 seconds 
========================================================================
Received Import Request.
  Time since last request: 0.000031 seconds.
  path: Assets/Resources/Prefabs/Environment/Rock10.prefab
  artifactKey: Guid(d66999381e5cbe148bc699376cbf7a60) Importer(815301076,1909f56bfc062723c751e8b465ee728b)
Start importing Assets/Resources/Prefabs/Environment/Rock10.prefab using Guid(d66999381e5cbe148bc699376cbf7a60) Importer(815301076,1909f56bfc062723c751e8b465ee728b)  -> (artifact id: '37acd1a4b0a85e2e6cb1191ca4d6ba9b') in 0.021389 seconds 
========================================================================
Received Import Request.
  Time since last request: 3.074264 seconds.
  path: Assets/Resources/Prefabs/Environment/Trash_bin1.prefab
  artifactKey: Guid(cba6682942c45f443bf073541dd188ee) Importer(815301076,1909f56bfc062723c751e8b465ee728b)
Start importing Assets/Resources/Prefabs/Environment/Trash_bin1.prefab using Guid(cba6682942c45f443bf073541dd188ee) Importer(815301076,1909f56bfc062723c751e8b465ee728b)  -> (artifact id: 'b840777ac6fdff0e8e5a1b1368f133d8') in 0.019184 seconds 
========================================================================
Received Import Request.
  Time since last request: 0.000016 seconds.
  path: Assets/Resources/Prefabs/Environment/Trash_bin3_3.prefab
  artifactKey: Guid(063b52a625f94f846a372a3720e0177d) Importer(815301076,1909f56bfc062723c751e8b465ee728b)
Start importing Assets/Resources/Prefabs/Environment/Trash_bin3_3.prefab using Guid(063b52a625f94f846a372a3720e0177d) Importer(815301076,1909f56bfc062723c751e8b465ee728b)  -> (artifact id: '3fdeece68f84a3ab25d1a4c55bbe9530') in 0.036358 seconds 
========================================================================
Received Import Request.
  Time since last request: 10.563519 seconds.
  path: Assets/Resources/Prefabs/Environment/Tree4.prefab
  artifactKey: Guid(fa1ab8e9fa99ea547a1998b084892b0b) Importer(815301076,1909f56bfc062723c751e8b465ee728b)
Start importing Assets/Resources/Prefabs/Environment/Tree4.prefab using Guid(fa1ab8e9fa99ea547a1998b084892b0b) Importer(815301076,1909f56bfc062723c751e8b465ee728b)  -> (artifact id: '45ac83eb41ed7b321ae889f51777de4a') in 0.020004 seconds 
========================================================================
Received Import Request.
  Time since last request: 0.000021 seconds.
  path: Assets/Resources/Prefabs/Environment/Tree6.prefab
  artifactKey: Guid(286bcbb3df9aa694e9ec1076b49c9f9c) Importer(815301076,1909f56bfc062723c751e8b465ee728b)
Start importing Assets/Resources/Prefabs/Environment/Tree6.prefab using Guid(286bcbb3df9aa694e9ec1076b49c9f9c) Importer(815301076,1909f56bfc062723c751e8b465ee728b)  -> (artifact id: 'c0a39fe1fadf4142598c5966d4563ec3') in 0.015513 seconds 
Editor requested this worker to shutdown with reason: Scaling down because of idle timeout
AssetImportWorker is now disconnected from the server
Process exiting
Exiting without the bug reporter. Application will terminate with return code 0